[ 2016-05-22T01:52:26+08:00 ] 127.0.0.1 /favicon.ico
INFO: [ app_init ] --START--
INFO: Run Behavior\BuildLiteBehavior [ RunTime:0.000047s ]
INFO: [ app_init ] --END-- [ RunTime:0.000861s ]

[ 2016-05-22T14:14:01+08:00 ] 127.0.0.1 /favicon.ico
INFO: [ app_init ] --START--
INFO: Run Behavior\BuildLiteBehavior [ RunTime:0.000032s ]
INFO: [ app_init ] --END-- [ RunTime:0.000658s ]

[ 2016-05-22T15:18:37+08:00 ] 127.0.0.1 /
INFO: [ app_init ] --START--
INFO: Run Behavior\BuildLiteBehavior [ RunTime:0.000038s ]
INFO: [ app_init ] --END-- [ RunTime:0.000749s ]
INFO: [ app_begin ] --START--
INFO: Run Behavior\ReadHtmlCacheBehavior [ RunTime:0.000933s ]
INFO: [ app_begin ] --END-- [ RunTime:0.001041s ]
INFO: [ view_parse ] --START--
INFO: [ template_filter ] --START--
INFO: Run Behavior\ContentReplaceBehavior [ RunTime:0.000066s ]
INFO: [ template_filter ] --END-- [ RunTime:0.000167s ]
INFO: Run Behavior\ParseTemplateBehavior [ RunTime:0.004165s ]
INFO: [ view_parse ] --END-- [ RunTime:0.004302s ]
INFO: [ view_filter ] --START--
INFO: Run Behavior\WriteHtmlCacheBehavior [ RunTime:0.000389s ]
INFO: [ view_filter ] --END-- [ RunTime:0.000472s ]
INFO: [ app_end ] --START--
INFO: Run Behavior\ShowPageTraceBehavior [ RunTime:0.000768s ]
INFO: [ app_end ] --END-- [ RunTime:0.000894s ]

[ 2016-05-22T15:18:50+08:00 ] 127.0.0.1 /home
INFO: [ app_init ] --START--
INFO: Run Behavior\BuildLiteBehavior [ RunTime:0.000027s ]
INFO: [ app_init ] --END-- [ RunTime:0.000665s ]
INFO: [ app_begin ] --START--
INFO: Run Behavior\ReadHtmlCacheBehavior [ RunTime:0.001344s ]
INFO: [ app_begin ] --END-- [ RunTime:0.001456s ]
INFO: [ view_parse ] --START--
INFO: [ template_filter ] --START--
INFO: Run Behavior\ContentReplaceBehavior [ RunTime:0.000064s ]
INFO: [ template_filter ] --END-- [ RunTime:0.000157s ]
INFO: Run Behavior\ParseTemplateBehavior [ RunTime:0.003189s ]
INFO: [ view_parse ] --END-- [ RunTime:0.003317s ]
INFO: [ view_filter ] --START--
INFO: Run Behavior\WriteHtmlCacheBehavior [ RunTime:0.000491s ]
INFO: [ view_filter ] --END-- [ RunTime:0.000644s ]
INFO: [ app_end ] --START--
INFO: Run Behavior\ShowPageTraceBehavior [ RunTime:0.000694s ]
INFO: [ app_end ] --END-- [ RunTime:0.000779s ]

[ 2016-05-22T15:22:00+08:00 ] 127.0.0.1 /Application/Blog/Public/css/img/codecolorer_bg.gif
INFO: [ app_init ] --START--
INFO: Run Behavior\BuildLiteBehavior [ RunTime:0.000026s ]
INFO: [ app_init ] --END-- [ RunTime:0.000475s ]

[ 2016-05-22T15:58:15+08:00 ] 127.0.0.1 /__Blog__/Detail/index/id/167Node.js%20%E7%9A%84%E6%9C%AC%E8%B4%A8%3C/a%3E%3C/td%3E%20%20%20%20%20%20%20%20%20%20%20%20%20%20%20%20%20%20%20%20%20%20%20%20%3Ctd%3E%20%20%20%20%20%20%20%20%20%20%20%20%20%20%20%20%20%20%20%20%20%20%20%20%20%20%20%20%3Ca%20href=
INFO: [ app_init ] --START--
INFO: Run Behavior\BuildLiteBehavior [ RunTime:0.000026s ]
INFO: [ app_init ] --END-- [ RunTime:0.000393s ]
INFO: [ app_begin ] --START--
INFO: Run Behavior\ReadHtmlCacheBehavior [ RunTime:0.000620s ]
INFO: [ app_begin ] --END-- [ RunTime:0.000706s ]
ERR: 无法加载控制器:__Blog__

[ 2016-05-22T15:59:31+08:00 ] 127.0.0.1 /Application/Blog/Public/css/img/codecolorer_bg.gif
INFO: [ app_init ] --START--
INFO: Run Behavior\BuildLiteBehavior [ RunTime:0.000027s ]
INFO: [ app_init ] --END-- [ RunTime:0.000462s ]

[ 2016-05-22T16:33:35+08:00 ] 127.0.0.1 /Application/Blog/Public/css/img/codecolorer_bg.gif
INFO: [ app_init ] --START--
INFO: Run Behavior\BuildLiteBehavior [ RunTime:0.000047s ]
INFO: [ app_init ] --END-- [ RunTime:0.000873s ]

[ 2016-05-22T16:56:53+08:00 ] 127.0.0.1 /Uploads/2016-05-22/57417453b2581.jpg
INFO: [ app_init ] --START--
INFO: Run Behavior\BuildLiteBehavior [ RunTime:0.000038s ]
INFO: [ app_init ] --END-- [ RunTime:0.000576s ]

[ 2016-05-22T17:00:06+08:00 ] 127.0.0.1 /Uploads/2016-05-22/57417453b2581.jpg
INFO: [ app_init ] --START--
INFO: Run Behavior\BuildLiteBehavior [ RunTime:0.000039s ]
INFO: [ app_init ] --END-- [ RunTime:0.000747s ]

[ 2016-05-22T17:01:12+08:00 ] 127.0.0.1 /Uploads/2016-05-22/57417453b2581.jpg
INFO: [ app_init ] --START--
INFO: Run Behavior\BuildLiteBehavior [ RunTime:0.000036s ]
INFO: [ app_init ] --END-- [ RunTime:0.000710s ]

[ 2016-05-22T17:01:34+08:00 ] 127.0.0.1 /Uploads/2016-05-22/57417453b2581.jpg
INFO: [ app_init ] --START--
INFO: Run Behavior\BuildLiteBehavior [ RunTime:0.000025s ]
INFO: [ app_init ] --END-- [ RunTime:0.000493s ]

[ 2016-05-22T17:02:10+08:00 ] 127.0.0.1 /Uploads/2016-05-22/57417453b2581.jpg
INFO: [ app_init ] --START--
INFO: Run Behavior\BuildLiteBehavior [ RunTime:0.000040s ]
INFO: [ app_init ] --END-- [ RunTime:0.000737s ]

[ 2016-05-22T17:03:13+08:00 ] 127.0.0.1 /Uploads/2016-05-22/574175d09e2a3.png
INFO: [ app_init ] --START--
INFO: Run Behavior\BuildLiteBehavior [ RunTime:0.000064s ]
INFO: [ app_init ] --END-- [ RunTime:0.001216s ]

[ 2016-05-22T17:04:09+08:00 ] 127.0.0.1 /Uploads/2016-05-22/574175d09e2a3.png
INFO: [ app_init ] --START--
INFO: Run Behavior\BuildLiteBehavior [ RunTime:0.000032s ]
INFO: [ app_init ] --END-- [ RunTime:0.000618s ]

[ 2016-05-22T17:08:03+08:00 ] 127.0.0.1 /Uploads/image/2016-05-22/57415d386c418.JPG
INFO: [ app_init ] --START--
INFO: Run Behavior\BuildLiteBehavior [ RunTime:0.000041s ]
INFO: [ app_init ] --END-- [ RunTime:0.000642s ]

[ 2016-05-22T17:08:03+08:00 ] 127.0.0.1 /Uploads/image/default.jpg
INFO: [ app_init ] --START--
INFO: Run Behavior\BuildLiteBehavior [ RunTime:0.000033s ]
INFO: [ app_init ] --END-- [ RunTime:0.000591s ]

[ 2016-05-22T17:08:03+08:00 ] 127.0.0.1 /Uploads/image/2016-05-22/574175d09e2a3.png
INFO: [ app_init ] --START--
INFO: Run Behavior\BuildLiteBehavior [ RunTime:0.000034s ]
INFO: [ app_init ] --END-- [ RunTime:0.000636s ]

[ 2016-05-22T17:08:03+08:00 ] 127.0.0.1 /Uploads/image/2016-05-18/573b48cf12247.png
INFO: [ app_init ] --START--
INFO: Run Behavior\BuildLiteBehavior [ RunTime:0.000034s ]
INFO: [ app_init ] --END-- [ RunTime:0.000643s ]

[ 2016-05-22T17:08:03+08:00 ] 127.0.0.1 /Uploads/image/2016-05-21/573f56dbbc56a.jpg
INFO: [ app_init ] --START--
INFO: Run Behavior\BuildLiteBehavior [ RunTime:0.000040s ]
INFO: [ app_init ] --END-- [ RunTime:0.000709s ]

[ 2016-05-22T17:08:03+08:00 ] 127.0.0.1 /Uploads/image/2016-05-18/573b618dbfa0d.png
INFO: [ app_init ] --START--
INFO: Run Behavior\BuildLiteBehavior [ RunTime:0.000044s ]
INFO: [ app_init ] --END-- [ RunTime:0.001325s ]

[ 2016-05-22T17:08:39+08:00 ] 127.0.0.1 /Uploads/image/2016-05-22/57417715a68db.jpg
INFO: [ app_init ] --START--
INFO: Run Behavior\BuildLiteBehavior [ RunTime:0.000040s ]
INFO: [ app_init ] --END-- [ RunTime:0.000725s ]

[ 2016-05-22T17:08:39+08:00 ] 127.0.0.1 /Uploads/image/2016-05-22/57415d386c418.JPG
INFO: [ app_init ] --START--
INFO: Run Behavior\BuildLiteBehavior [ RunTime:0.000033s ]
INFO: [ app_init ] --END-- [ RunTime:0.000553s ]

[ 2016-05-22T17:08:39+08:00 ] 127.0.0.1 /Uploads/image/2016-05-21/573f56dbbc56a.jpg
INFO: [ app_init ] --START--
INFO: Run Behavior\BuildLiteBehavior [ RunTime:0.000044s ]
INFO: [ app_init ] --END-- [ RunTime:0.000834s ]

[ 2016-05-22T17:08:39+08:00 ] 127.0.0.1 /Uploads/image/2016-05-18/573b618dbfa0d.png
INFO: [ app_init ] --START--
INFO: Run Behavior\BuildLiteBehavior [ RunTime:0.000036s ]
INFO: [ app_init ] --END-- [ RunTime:0.000621s ]

[ 2016-05-22T17:08:39+08:00 ] 127.0.0.1 /Uploads/image/2016-05-18/573b48cf12247.png
INFO: [ app_init ] --START--
INFO: Run Behavior\BuildLiteBehavior [ RunTime:0.000045s ]
INFO: [ app_init ] --END-- [ RunTime:0.000813s ]

[ 2016-05-22T17:08:39+08:00 ] 127.0.0.1 /Uploads/image/default.jpg
INFO: [ app_init ] --START--
INFO: Run Behavior\BuildLiteBehavior [ RunTime:0.000044s ]
INFO: [ app_init ] --END-- [ RunTime:0.000784s ]

[ 2016-05-22T17:08:39+08:00 ] 127.0.0.1 /Uploads/image/2016-05-22/574175d09e2a3.png
INFO: [ app_init ] --START--
INFO: Run Behavior\BuildLiteBehavior [ RunTime:0.000053s ]
INFO: [ app_init ] --END-- [ RunTime:0.000973s ]

[ 2016-05-22T17:09:00+08:00 ] 127.0.0.1 /Uploads/image/2016-05-22/57417715a68db.jpg
INFO: [ app_init ] --START--
INFO: Run Behavior\BuildLiteBehavior [ RunTime:0.000043s ]
INFO: [ app_init ] --END-- [ RunTime:0.000755s ]

[ 2016-05-22T17:09:01+08:00 ] 127.0.0.1 /Uploads/image/2016-05-22/574175d09e2a3.png
INFO: [ app_init ] --START--
INFO: Run Behavior\BuildLiteBehavior [ RunTime:0.000045s ]
INFO: [ app_init ] --END-- [ RunTime:0.000759s ]

[ 2016-05-22T17:09:01+08:00 ] 127.0.0.1 /Uploads/image/2016-05-18/573b618dbfa0d.png
INFO: [ app_init ] --START--
INFO: Run Behavior\BuildLiteBehavior [ RunTime:0.000043s ]
INFO: [ app_init ] --END-- [ RunTime:0.000730s ]

[ 2016-05-22T17:09:01+08:00 ] 127.0.0.1 /Uploads/image/2016-05-18/573b48cf12247.png
INFO: [ app_init ] --START--
INFO: Run Behavior\BuildLiteBehavior [ RunTime:0.000037s ]
INFO: [ app_init ] --END-- [ RunTime:0.000647s ]

[ 2016-05-22T17:09:01+08:00 ] 127.0.0.1 /Uploads/image/2016-05-21/573f56dbbc56a.jpg
INFO: [ app_init ] --START--
INFO: Run Behavior\BuildLiteBehavior [ RunTime:0.000040s ]
INFO: [ app_init ] --END-- [ RunTime:0.000828s ]

[ 2016-05-22T17:09:01+08:00 ] 127.0.0.1 /Uploads/image/2016-05-22/57415d386c418.JPG
INFO: [ app_init ] --START--
INFO: Run Behavior\BuildLiteBehavior [ RunTime:0.000040s ]
INFO: [ app_init ] --END-- [ RunTime:0.000786s ]

[ 2016-05-22T17:09:01+08:00 ] 127.0.0.1 /Uploads/image/default.jpg
INFO: [ app_init ] --START--
INFO: Run Behavior\BuildLiteBehavior [ RunTime:0.000032s ]
INFO: [ app_init ] --END-- [ RunTime:0.000689s ]

[ 2016-05-22T17:09:04+08:00 ] 127.0.0.1 /Uploads/image/2016-05-17/573b119e29e0e.jpg
INFO: [ app_init ] --START--
INFO: Run Behavior\BuildLiteBehavior [ RunTime:0.000030s ]
INFO: [ app_init ] --END-- [ RunTime:0.000570s ]

[ 2016-05-22T17:09:04+08:00 ] 127.0.0.1 /Uploads/image/default.jpg
INFO: [ app_init ] --START--
INFO: Run Behavior\BuildLiteBehavior [ RunTime:0.000041s ]
INFO: [ app_init ] --END-- [ RunTime:0.000723s ]

[ 2016-05-22T17:09:04+08:00 ] 127.0.0.1 /Uploads/image/2016-05-19/573c994e82f0f.jpg
INFO: [ app_init ] --START--
INFO: Run Behavior\BuildLiteBehavior [ RunTime:0.000041s ]
INFO: [ app_init ] --END-- [ RunTime:0.000807s ]

[ 2016-05-22T17:09:06+08:00 ] 127.0.0.1 /Uploads/image/2016-05-18/573b48cf12247.png
INFO: [ app_init ] --START--
INFO: Run Behavior\BuildLiteBehavior [ RunTime:0.000037s ]
INFO: [ app_init ] --END-- [ RunTime:0.000558s ]

[ 2016-05-22T17:09:06+08:00 ] 127.0.0.1 /Uploads/image/2016-05-22/574175d09e2a3.png
INFO: [ app_init ] --START--
INFO: Run Behavior\BuildLiteBehavior [ RunTime:0.000038s ]
INFO: [ app_init ] --END-- [ RunTime:0.000560s ]

[ 2016-05-22T17:09:06+08:00 ] 127.0.0.1 /Uploads/image/2016-05-18/573b618dbfa0d.png
INFO: [ app_init ] --START--
INFO: Run Behavior\BuildLiteBehavior [ RunTime:0.000036s ]
INFO: [ app_init ] --END-- [ RunTime:0.000611s ]

[ 2016-05-22T17:09:06+08:00 ] 127.0.0.1 /Uploads/image/2016-05-22/57417715a68db.jpg
INFO: [ app_init ] --START--
INFO: Run Behavior\BuildLiteBehavior [ RunTime:0.000042s ]
INFO: [ app_init ] --END-- [ RunTime:0.000691s ]

[ 2016-05-22T17:09:06+08:00 ] 127.0.0.1 /Uploads/image/default.jpg
INFO: [ app_init ] --START--
INFO: Run Behavior\BuildLiteBehavior [ RunTime:0.000036s ]
INFO: [ app_init ] --END-- [ RunTime:0.000624s ]

[ 2016-05-22T17:09:06+08:00 ] 127.0.0.1 /Uploads/image/2016-05-21/573f56dbbc56a.jpg
INFO: [ app_init ] --START--
INFO: Run Behavior\BuildLiteBehavior [ RunTime:0.000038s ]
INFO: [ app_init ] --END-- [ RunTime:0.000751s ]

[ 2016-05-22T17:09:06+08:00 ] 127.0.0.1 /Uploads/image/2016-05-22/57415d386c418.JPG
INFO: [ app_init ] --START--
INFO: Run Behavior\BuildLiteBehavior [ RunTime:0.000036s ]
INFO: [ app_init ] --END-- [ RunTime:0.000809s ]

[ 2016-05-22T17:10:52+08:00 ] 127.0.0.1 /Uploads/image/2016-05-22/57417715a68db.jpg
INFO: [ app_init ] --START--
INFO: Run Behavior\BuildLiteBehavior [ RunTime:0.000039s ]
INFO: [ app_init ] --END-- [ RunTime:0.000877s ]

[ 2016-05-22T17:10:52+08:00 ] 127.0.0.1 /Uploads/image/2016-05-22/574175d09e2a3.png
INFO: [ app_init ] --START--
INFO: Run Behavior\BuildLiteBehavior [ RunTime:0.000038s ]
INFO: [ app_init ] --END-- [ RunTime:0.000722s ]

[ 2016-05-22T17:10:53+08:00 ] 127.0.0.1 /Uploads/image/2016-05-18/573b618dbfa0d.png
INFO: [ app_init ] --START--
INFO: Run Behavior\BuildLiteBehavior [ RunTime:0.000042s ]
INFO: [ app_init ] --END-- [ RunTime:0.000735s ]

[ 2016-05-22T17:10:53+08:00 ] 127.0.0.1 /Uploads/image/2016-05-22/57415d386c418.JPG
INFO: [ app_init ] --START--
INFO: Run Behavior\BuildLiteBehavior [ RunTime:0.000038s ]
INFO: [ app_init ] --END-- [ RunTime:0.000738s ]

[ 2016-05-22T17:10:53+08:00 ] 127.0.0.1 /Uploads/image/default.jpg
INFO: [ app_init ] --START--
INFO: Run Behavior\BuildLiteBehavior [ RunTime:0.000040s ]
INFO: [ app_init ] --END-- [ RunTime:0.001250s ]

[ 2016-05-22T17:10:53+08:00 ] 127.0.0.1 /Uploads/image/2016-05-21/573f56dbbc56a.jpg
INFO: [ app_init ] --START--
INFO: Run Behavior\BuildLiteBehavior [ RunTime:0.000035s ]
INFO: [ app_init ] --END-- [ RunTime:0.000636s ]

[ 2016-05-22T17:10:53+08:00 ] 127.0.0.1 /Uploads/image/2016-05-18/573b48cf12247.png
INFO: [ app_init ] --START--
INFO: Run Behavior\BuildLiteBehavior [ RunTime:0.000039s ]
INFO: [ app_init ] --END-- [ RunTime:0.000870s ]

[ 2016-05-22T17:11:10+08:00 ] 127.0.0.1 /Uploads/image/2016-05-22/574175d09e2a3.png
INFO: [ app_init ] --START--
INFO: Run Behavior\BuildLiteBehavior [ RunTime:0.000037s ]
INFO: [ app_init ] --END-- [ RunTime:0.000647s ]

[ 2016-05-22T17:11:10+08:00 ] 127.0.0.1 /Uploads/image/default.jpg
INFO: [ app_init ] --START--
INFO: Run Behavior\BuildLiteBehavior [ RunTime:0.000034s ]
INFO: [ app_init ] --END-- [ RunTime:0.000635s ]

[ 2016-05-22T17:11:10+08:00 ] 127.0.0.1 /Uploads/image/2016-05-22/57417715a68db.jpg
INFO: [ app_init ] --START--
INFO: Run Behavior\BuildLiteBehavior [ RunTime:0.000039s ]
INFO: [ app_init ] --END-- [ RunTime:0.000685s ]

[ 2016-05-22T17:11:10+08:00 ] 127.0.0.1 /Uploads/image/2016-05-21/573f56dbbc56a.jpg
INFO: [ app_init ] --START--
INFO: Run Behavior\BuildLiteBehavior [ RunTime:0.000040s ]
INFO: [ app_init ] --END-- [ RunTime:0.000618s ]

[ 2016-05-22T17:11:10+08:00 ] 127.0.0.1 /Uploads/image/2016-05-18/573b48cf12247.png
INFO: [ app_init ] --START--
INFO: Run Behavior\BuildLiteBehavior [ RunTime:0.000043s ]
INFO: [ app_init ] --END-- [ RunTime:0.000682s ]

[ 2016-05-22T17:11:10+08:00 ] 127.0.0.1 /Uploads/image/2016-05-22/57415d386c418.JPG
INFO: [ app_init ] --START--
INFO: Run Behavior\BuildLiteBehavior [ RunTime:0.000040s ]
INFO: [ app_init ] --END-- [ RunTime:0.000767s ]

[ 2016-05-22T17:11:10+08:00 ] 127.0.0.1 /Uploads/image/2016-05-18/573b618dbfa0d.png
INFO: [ app_init ] --START--
INFO: Run Behavior\BuildLiteBehavior [ RunTime:0.000042s ]
INFO: [ app_init ] --END-- [ RunTime:0.000980s ]

[ 2016-05-22T17:11:20+08:00 ] 127.0.0.1 /Uploads/image/2016-05-22/574177b706f44.jpg
INFO: [ app_init ] --START--
INFO: Run Behavior\BuildLiteBehavior [ RunTime:0.000036s ]
INFO: [ app_init ] --END-- [ RunTime:0.000794s ]

[ 2016-05-22T17:11:20+08:00 ] 127.0.0.1 /Uploads/image/2016-05-21/573f56dbbc56a.jpg
INFO: [ app_init ] --START--
INFO: Run Behavior\BuildLiteBehavior [ RunTime:0.000041s ]
INFO: [ app_init ] --END-- [ RunTime:0.000757s ]

[ 2016-05-22T17:11:20+08:00 ] 127.0.0.1 /Uploads/image/2016-05-18/573b48cf12247.png
INFO: [ app_init ] --START--
INFO: Run Behavior\BuildLiteBehavior [ RunTime:0.000033s ]
INFO: [ app_init ] --END-- [ RunTime:0.000537s ]

[ 2016-05-22T17:11:20+08:00 ] 127.0.0.1 /Uploads/image/default.jpg
INFO: [ app_init ] --START--
INFO: Run Behavior\BuildLiteBehavior [ RunTime:0.000037s ]
INFO: [ app_init ] --END-- [ RunTime:0.000553s ]

[ 2016-05-22T17:11:20+08:00 ] 127.0.0.1 /Uploads/image/2016-05-18/573b618dbfa0d.png
INFO: [ app_init ] --START--
INFO: Run Behavior\BuildLiteBehavior [ RunTime:0.000035s ]
INFO: [ app_init ] --END-- [ RunTime:0.000611s ]

[ 2016-05-22T17:11:20+08:00 ] 127.0.0.1 /Uploads/image/2016-05-22/574175d09e2a3.png
INFO: [ app_init ] --START--
INFO: Run Behavior\BuildLiteBehavior [ RunTime:0.000039s ]
INFO: [ app_init ] --END-- [ RunTime:0.000700s ]

[ 2016-05-22T17:11:20+08:00 ] 127.0.0.1 /Uploads/image/2016-05-22/57415d386c418.JPG
INFO: [ app_init ] --START--
INFO: Run Behavior\BuildLiteBehavior [ RunTime:0.000059s ]
INFO: [ app_init ] --END-- [ RunTime:0.001173s ]

[ 2016-05-22T17:13:58+08:00 ] 127.0.0.1 /Uploads/image/coverpic/2016-05-22/57415d386c418.JPG
INFO: [ app_init ] --START--
INFO: Run Behavior\BuildLiteBehavior [ RunTime:0.000044s ]
INFO: [ app_init ] --END-- [ RunTime:0.000678s ]

[ 2016-05-22T17:13:58+08:00 ] 127.0.0.1 /Uploads/image/coverpic/2016-05-18/573b48cf12247.png
INFO: [ app_init ] --START--
INFO: Run Behavior\BuildLiteBehavior [ RunTime:0.000059s ]
INFO: [ app_init ] --END-- [ RunTime:0.001198s ]

[ 2016-05-22T17:13:58+08:00 ] 127.0.0.1 /Uploads/image/coverpic/default.jpg
INFO: [ app_init ] --START--
INFO: Run Behavior\BuildLiteBehavior [ RunTime:0.000039s ]
INFO: [ app_init ] --END-- [ RunTime:0.000864s ]

[ 2016-05-22T17:13:58+08:00 ] 127.0.0.1 /Uploads/image/coverpic/2016-05-21/573f56dbbc56a.jpg
INFO: [ app_init ] --START--
INFO: Run Behavior\BuildLiteBehavior [ RunTime:0.000041s ]
INFO: [ app_init ] --END-- [ RunTime:0.021567s ]

[ 2016-05-22T17:13:58+08:00 ] 127.0.0.1 /Uploads/image/coverpic/2016-05-18/573b618dbfa0d.png
INFO: [ app_init ] --START--
INFO: Run Behavior\BuildLiteBehavior [ RunTime:0.000044s ]
INFO: [ app_init ] --END-- [ RunTime:0.000776s ]

[ 2016-05-22T17:14:08+08:00 ] 127.0.0.1 /Uploads/image/20160522/1463907208241666.png
INFO: [ app_init ] --START--
INFO: Run Behavior\BuildLiteBehavior [ RunTime:0.000024s ]
INFO: [ app_init ] --END-- [ RunTime:0.000440s ]

[ 2016-05-22T17:14:15+08:00 ] 127.0.0.1 /Uploads/image/coverpic/default.jpg
INFO: [ app_init ] --START--
INFO: Run Behavior\BuildLiteBehavior [ RunTime:0.000058s ]
INFO: [ app_init ] --END-- [ RunTime:0.000853s ]

[ 2016-05-22T17:14:15+08:00 ] 127.0.0.1 /Uploads/image/coverpic/2016-05-22/57415d386c418.JPG
INFO: [ app_init ] --START--
INFO: Run Behavior\BuildLiteBehavior [ RunTime:0.000035s ]
INFO: [ app_init ] --END-- [ RunTime:0.000604s ]

[ 2016-05-22T17:14:15+08:00 ] 127.0.0.1 /Uploads/image/coverpic/2016-05-18/573b48cf12247.png
INFO: [ app_init ] --START--
INFO: Run Behavior\BuildLiteBehavior [ RunTime:0.000034s ]
INFO: [ app_init ] --END-- [ RunTime:0.000565s ]

[ 2016-05-22T17:14:15+08:00 ] 127.0.0.1 /Uploads/image/coverpic/2016-05-18/573b618dbfa0d.png
INFO: [ app_init ] --START--
INFO: Run Behavior\BuildLiteBehavior [ RunTime:0.000083s ]
INFO: [ app_init ] --END-- [ RunTime:0.001386s ]

[ 2016-05-22T17:14:15+08:00 ] 127.0.0.1 /Uploads/image/coverpic/2016-05-21/573f56dbbc56a.jpg
INFO: [ app_init ] --START--
INFO: Run Behavior\BuildLiteBehavior [ RunTime:0.000043s ]
INFO: [ app_init ] --END-- [ RunTime:0.001187s ]

[ 2016-05-22T17:16:06+08:00 ] 127.0.0.1 /Uploads/image/coverpic/image/coverpic/default.jpg
INFO: [ app_init ] --START--
INFO: Run Behavior\BuildLiteBehavior [ RunTime:0.000034s ]
INFO: [ app_init ] --END-- [ RunTime:0.000540s ]

[ 2016-05-22T17:16:06+08:00 ] 127.0.0.1 /Uploads/image/coverpic/2016-05-18/573b618dbfa0d.png
INFO: [ app_init ] --START--
INFO: Run Behavior\BuildLiteBehavior [ RunTime:0.000038s ]
INFO: [ app_init ] --END-- [ RunTime:0.000636s ]

[ 2016-05-22T17:16:06+08:00 ] 127.0.0.1 /Uploads/image/coverpic/2016-05-18/573b48cf12247.png
INFO: [ app_init ] --START--
INFO: Run Behavior\BuildLiteBehavior [ RunTime:0.000037s ]
INFO: [ app_init ] --END-- [ RunTime:0.000682s ]

[ 2016-05-22T17:16:06+08:00 ] 127.0.0.1 /Uploads/image/coverpic/2016-05-21/573f56dbbc56a.jpg
INFO: [ app_init ] --START--
INFO: Run Behavior\BuildLiteBehavior [ RunTime:0.000041s ]
INFO: [ app_init ] --END-- [ RunTime:0.000809s ]

[ 2016-05-22T17:16:06+08:00 ] 127.0.0.1 /Uploads/image/coverpic/2016-05-22/57415d386c418.JPG
INFO: [ app_init ] --START--
INFO: Run Behavior\BuildLiteBehavior [ RunTime:0.000044s ]
INFO: [ app_init ] --END-- [ RunTime:0.000792s ]

[ 2016-05-22T17:16:30+08:00 ] 127.0.0.1 /Uploads/image/coverpic/image/coverpic/default.jpg
INFO: [ app_init ] --START--
INFO: Run Behavior\BuildLiteBehavior [ RunTime:0.000037s ]
INFO: [ app_init ] --END-- [ RunTime:0.000665s ]

[ 2016-05-22T17:16:30+08:00 ] 127.0.0.1 /Uploads/image/coverpic/2016-05-18/573b48cf12247.png
INFO: [ app_init ] --START--
INFO: Run Behavior\BuildLiteBehavior [ RunTime:0.000039s ]
INFO: [ app_init ] --END-- [ RunTime:0.000629s ]

[ 2016-05-22T17:16:30+08:00 ] 127.0.0.1 /Uploads/image/coverpic/2016-05-21/573f56dbbc56a.jpg
INFO: [ app_init ] --START--
INFO: Run Behavior\BuildLiteBehavior [ RunTime:0.000032s ]
INFO: [ app_init ] --END-- [ RunTime:0.000501s ]

[ 2016-05-22T17:16:30+08:00 ] 127.0.0.1 /Uploads/image/coverpic/2016-05-18/573b618dbfa0d.png
INFO: [ app_init ] --START--
INFO: Run Behavior\BuildLiteBehavior [ RunTime:0.000036s ]
INFO: [ app_init ] --END-- [ RunTime:0.000622s ]

[ 2016-05-22T17:16:30+08:00 ] 127.0.0.1 /Uploads/image/coverpic/2016-05-22/57415d386c418.JPG
INFO: [ app_init ] --START--
INFO: Run Behavior\BuildLiteBehavior [ RunTime:0.000038s ]
INFO: [ app_init ] --END-- [ RunTime:0.000680s ]

[ 2016-05-22T17:17:09+08:00 ] 127.0.0.1 /Uploads/image/coverpic/2016-05-22/57415d386c418.JPG
INFO: [ app_init ] --START--
INFO: Run Behavior\BuildLiteBehavior [ RunTime:0.000038s ]
INFO: [ app_init ] --END-- [ RunTime:0.000698s ]

[ 2016-05-22T17:17:09+08:00 ] 127.0.0.1 /Uploads/image/coverpic/2016-05-21/573f56dbbc56a.jpg
INFO: [ app_init ] --START--
INFO: Run Behavior\BuildLiteBehavior [ RunTime:0.000037s ]
INFO: [ app_init ] --END-- [ RunTime:0.000638s ]

[ 2016-05-22T17:17:09+08:00 ] 127.0.0.1 /Uploads/image/coverpic/2016-05-18/573b618dbfa0d.png
INFO: [ app_init ] --START--
INFO: Run Behavior\BuildLiteBehavior [ RunTime:0.000038s ]
INFO: [ app_init ] --END-- [ RunTime:0.000691s ]

[ 2016-05-22T17:17:09+08:00 ] 127.0.0.1 /Uploads/image/coverpic/2016-05-18/573b48cf12247.png
INFO: [ app_init ] --START--
INFO: Run Behavior\BuildLiteBehavior [ RunTime:0.000044s ]
INFO: [ app_init ] --END-- [ RunTime:0.001051s ]

[ 2016-05-22T17:17:22+08:00 ] 127.0.0.1 /Uploads/image/coverpic/2016-05-22/57415d386c418.JPG
INFO: [ app_init ] --START--
INFO: Run Behavior\BuildLiteBehavior [ RunTime:0.000043s ]
INFO: [ app_init ] --END-- [ RunTime:0.000749s ]

[ 2016-05-22T17:17:23+08:00 ] 127.0.0.1 /Uploads/image/coverpic/2016-05-18/573b48cf12247.png
INFO: [ app_init ] --START--
INFO: Run Behavior\BuildLiteBehavior [ RunTime:0.000053s ]
INFO: [ app_init ] --END-- [ RunTime:0.000786s ]

[ 2016-05-22T17:17:23+08:00 ] 127.0.0.1 /Uploads/image/coverpic/2016-05-21/573f56dbbc56a.jpg
INFO: [ app_init ] --START--
INFO: Run Behavior\BuildLiteBehavior [ RunTime:0.000064s ]
INFO: [ app_init ] --END-- [ RunTime:0.000848s ]

[ 2016-05-22T17:17:23+08:00 ] 127.0.0.1 /Uploads/image/coverpic/2016-05-18/573b618dbfa0d.png
INFO: [ app_init ] --START--
INFO: Run Behavior\BuildLiteBehavior [ RunTime:0.000044s ]
INFO: [ app_init ] --END-- [ RunTime:0.000967s ]

[ 2016-05-22T17:17:46+08:00 ] 127.0.0.1 /Uploads/image/coverpic/2016-05-22/57415d386c418.JPG
INFO: [ app_init ] --START--
INFO: Run Behavior\BuildLiteBehavior [ RunTime:0.000043s ]
INFO: [ app_init ] --END-- [ RunTime:0.000769s ]

[ 2016-05-22T17:17:46+08:00 ] 127.0.0.1 /Uploads/image/coverpic/2016-05-18/573b618dbfa0d.png
INFO: [ app_init ] --START--
INFO: Run Behavior\BuildLiteBehavior [ RunTime:0.000036s ]
INFO: [ app_init ] --END-- [ RunTime:0.000664s ]

[ 2016-05-22T17:17:46+08:00 ] 127.0.0.1 /Uploads/image/coverpic/2016-05-21/573f56dbbc56a.jpg
INFO: [ app_init ] --START--
INFO: Run Behavior\BuildLiteBehavior [ RunTime:0.000041s ]
INFO: [ app_init ] --END-- [ RunTime:0.000764s ]

[ 2016-05-22T17:17:47+08:00 ] 127.0.0.1 /Uploads/image/coverpic/2016-05-18/573b48cf12247.png
INFO: [ app_init ] --START--
INFO: Run Behavior\BuildLiteBehavior [ RunTime:0.000035s ]
INFO: [ app_init ] --END-- [ RunTime:0.000629s ]

[ 2016-05-22T17:18:07+08:00 ] 127.0.0.1 /Uploads/image/coverpic/2016-05-22/57415d386c418.JPG
INFO: [ app_init ] --START--
INFO: Run Behavior\BuildLiteBehavior [ RunTime:0.000041s ]
INFO: [ app_init ] --END-- [ RunTime:0.000694s ]

[ 2016-05-22T17:18:07+08:00 ] 127.0.0.1 /Uploads/image/coverpic/2016-05-18/573b618dbfa0d.png
INFO: [ app_init ] --START--
INFO: Run Behavior\BuildLiteBehavior [ RunTime:0.000042s ]
INFO: [ app_init ] --END-- [ RunTime:0.000623s ]

[ 2016-05-22T17:18:07+08:00 ] 127.0.0.1 /Uploads/image/coverpic/2016-05-18/573b48cf12247.png
INFO: [ app_init ] --START--
INFO: Run Behavior\BuildLiteBehavior [ RunTime:0.000051s ]
INFO: [ app_init ] --END-- [ RunTime:0.000835s ]

[ 2016-05-22T17:18:07+08:00 ] 127.0.0.1 /Uploads/image/coverpic/2016-05-21/573f56dbbc56a.jpg
INFO: [ app_init ] --START--
INFO: Run Behavior\BuildLiteBehavior [ RunTime:0.000112s ]
INFO: [ app_init ] --END-- [ RunTime:0.000801s ]

[ 2016-05-22T17:18:25+08:00 ] 127.0.0.1 /Uploads/image/coverpic/2016-05-18/573b48cf12247.png
INFO: [ app_init ] --START--
INFO: Run Behavior\BuildLiteBehavior [ RunTime:0.000041s ]
INFO: [ app_init ] --END-- [ RunTime:0.000702s ]

[ 2016-05-22T17:18:25+08:00 ] 127.0.0.1 /Uploads/image/coverpic/2016-05-18/573b618dbfa0d.png
INFO: [ app_init ] --START--
INFO: Run Behavior\BuildLiteBehavior [ RunTime:0.000035s ]
INFO: [ app_init ] --END-- [ RunTime:0.000615s ]

[ 2016-05-22T17:18:25+08:00 ] 127.0.0.1 /Uploads/image/coverpic/2016-05-22/57415d386c418.JPG
INFO: [ app_init ] --START--
INFO: Run Behavior\BuildLiteBehavior [ RunTime:0.000043s ]
INFO: [ app_init ] --END-- [ RunTime:0.000678s ]

[ 2016-05-22T17:18:25+08:00 ] 127.0.0.1 /Uploads/image/coverpic/2016-05-21/573f56dbbc56a.jpg
INFO: [ app_init ] --START--
INFO: Run Behavior\BuildLiteBehavior [ RunTime:0.000035s ]
INFO: [ app_init ] --END-- [ RunTime:0.000936s ]

[ 2016-05-22T17:18:29+08:00 ] 127.0.0.1 /Uploads/image/coverpic/2016-05-19/573c994e82f0f.jpg
INFO: [ app_init ] --START--
INFO: Run Behavior\BuildLiteBehavior [ RunTime:0.000035s ]
INFO: [ app_init ] --END-- [ RunTime:0.000595s ]

[ 2016-05-22T17:18:29+08:00 ] 127.0.0.1 /Uploads/image/coverpic/2016-05-17/573b119e29e0e.jpg
INFO: [ app_init ] --START--
INFO: Run Behavior\BuildLiteBehavior [ RunTime:0.000039s ]
INFO: [ app_init ] --END-- [ RunTime:0.000719s ]

[ 2016-05-22T17:18:31+08:00 ] 127.0.0.1 /Uploads/image/coverpic/2016-05-21/573f56dbbc56a.jpg
INFO: [ app_init ] --START--
INFO: Run Behavior\BuildLiteBehavior [ RunTime:0.000033s ]
INFO: [ app_init ] --END-- [ RunTime:0.000565s ]

[ 2016-05-22T17:18:31+08:00 ] 127.0.0.1 /Uploads/image/coverpic/2016-05-22/57415d386c418.JPG
INFO: [ app_init ] --START--
INFO: Run Behavior\BuildLiteBehavior [ RunTime:0.000036s ]
INFO: [ app_init ] --END-- [ RunTime:0.000686s ]

[ 2016-05-22T17:18:31+08:00 ] 127.0.0.1 /Uploads/image/coverpic/2016-05-18/573b48cf12247.png
INFO: [ app_init ] --START--
INFO: Run Behavior\BuildLiteBehavior [ RunTime:0.000042s ]
INFO: [ app_init ] --END-- [ RunTime:0.000641s ]

[ 2016-05-22T17:18:31+08:00 ] 127.0.0.1 /Uploads/image/coverpic/2016-05-18/573b618dbfa0d.png
INFO: [ app_init ] --START--
INFO: Run Behavior\BuildLiteBehavior [ RunTime:0.000041s ]
INFO: [ app_init ] --END-- [ RunTime:0.000723s ]

[ 2016-05-22T17:19:40+08:00 ] 127.0.0.1 /Uploads/image/2016-05-22/57415d386c418.JPG
INFO: [ app_init ] --START--
INFO: Run Behavior\BuildLiteBehavior [ RunTime:0.000039s ]
INFO: [ app_init ] --END-- [ RunTime:0.005142s ]

[ 2016-05-22T17:19:40+08:00 ] 127.0.0.1 /Uploads/image/2016-05-22/574175d09e2a3.png
INFO: [ app_init ] --START--
INFO: Run Behavior\BuildLiteBehavior [ RunTime:0.000058s ]
INFO: [ app_init ] --END-- [ RunTime:0.000815s ]

[ 2016-05-22T17:19:40+08:00 ] 127.0.0.1 /Uploads/image/default.jpg
INFO: [ app_init ] --START--
INFO: Run Behavior\BuildLiteBehavior [ RunTime:0.000034s ]
INFO: [ app_init ] --END-- [ RunTime:0.000550s ]

[ 2016-05-22T17:19:40+08:00 ] 127.0.0.1 /Uploads/image/2016-05-22/574177b706f44.jpg
INFO: [ app_init ] --START--
INFO: Run Behavior\BuildLiteBehavior [ RunTime:0.000042s ]
INFO: [ app_init ] --END-- [ RunTime:0.000607s ]

[ 2016-05-22T17:19:40+08:00 ] 127.0.0.1 /Uploads/image/2016-05-18/573b48cf12247.png
INFO: [ app_init ] --START--
INFO: Run Behavior\BuildLiteBehavior [ RunTime:0.000039s ]
INFO: [ app_init ] --END-- [ RunTime:0.000641s ]

[ 2016-05-22T17:19:40+08:00 ] 127.0.0.1 /Uploads/image/2016-05-18/573b618dbfa0d.png
INFO: [ app_init ] --START--
INFO: Run Behavior\BuildLiteBehavior [ RunTime:0.000036s ]
INFO: [ app_init ] --END-- [ RunTime:0.000706s ]

[ 2016-05-22T17:19:40+08:00 ] 127.0.0.1 /Uploads/image/2016-05-21/573f56dbbc56a.jpg
INFO: [ app_init ] --START--
INFO: Run Behavior\BuildLiteBehavior [ RunTime:0.000039s ]
INFO: [ app_init ] --END-- [ RunTime:0.000777s ]

[ 2016-05-22T17:19:42+08:00 ] 127.0.0.1 /Uploads/image/2016-05-17/573b119e29e0e.jpg
INFO: [ app_init ] --START--
INFO: Run Behavior\BuildLiteBehavior [ RunTime:0.000039s ]
INFO: [ app_init ] --END-- [ RunTime:0.000620s ]

[ 2016-05-22T17:19:42+08:00 ] 127.0.0.1 /Uploads/image/default.jpg
INFO: [ app_init ] --START--
INFO: Run Behavior\BuildLiteBehavior [ RunTime:0.000036s ]
INFO: [ app_init ] --END-- [ RunTime:0.000653s ]

[ 2016-05-22T17:19:42+08:00 ] 127.0.0.1 /Uploads/image/2016-05-19/573c994e82f0f.jpg
INFO: [ app_init ] --START--
INFO: Run Behavior\BuildLiteBehavior [ RunTime:0.000034s ]
INFO: [ app_init ] --END-- [ RunTime:0.000601s ]

[ 2016-05-22T17:19:44+08:00 ] 127.0.0.1 /Uploads/image/default.jpg
INFO: [ app_init ] --START--
INFO: Run Behavior\BuildLiteBehavior [ RunTime:0.000034s ]
INFO: [ app_init ] --END-- [ RunTime:0.000592s ]

[ 2016-05-22T17:19:44+08:00 ] 127.0.0.1 /Uploads/image/2016-05-18/573b618dbfa0d.png
INFO: [ app_init ] --START--
INFO: Run Behavior\BuildLiteBehavior [ RunTime:0.000039s ]
INFO: [ app_init ] --END-- [ RunTime:0.000674s ]

[ 2016-05-22T17:19:44+08:00 ] 127.0.0.1 /Uploads/image/2016-05-18/573b48cf12247.png
INFO: [ app_init ] --START--
INFO: Run Behavior\BuildLiteBehavior [ RunTime:0.000038s ]
INFO: [ app_init ] --END-- [ RunTime:0.000584s ]

[ 2016-05-22T17:19:44+08:00 ] 127.0.0.1 /Uploads/image/2016-05-22/57415d386c418.JPG
INFO: [ app_init ] --START--
INFO: Run Behavior\BuildLiteBehavior [ RunTime:0.000036s ]
INFO: [ app_init ] --END-- [ RunTime:0.000630s ]

[ 2016-05-22T17:19:44+08:00 ] 127.0.0.1 /Uploads/image/2016-05-22/574175d09e2a3.png
INFO: [ app_init ] --START--
INFO: Run Behavior\BuildLiteBehavior [ RunTime:0.000041s ]
INFO: [ app_init ] --END-- [ RunTime:0.000626s ]

[ 2016-05-22T17:19:44+08:00 ] 127.0.0.1 /Uploads/image/2016-05-22/574177b706f44.jpg
INFO: [ app_init ] --START--
INFO: Run Behavior\BuildLiteBehavior [ RunTime:0.000034s ]
INFO: [ app_init ] --END-- [ RunTime:0.000610s ]

[ 2016-05-22T17:19:44+08:00 ] 127.0.0.1 /Uploads/image/2016-05-21/573f56dbbc56a.jpg
INFO: [ app_init ] --START--
INFO: Run Behavior\BuildLiteBehavior [ RunTime:0.000048s ]
INFO: [ app_init ] --END-- [ RunTime:0.000697s ]

[ 2016-05-22T17:20:15+08:00 ] 127.0.0.1 /Uploads/image/2016-05-22/57415d386c418.JPG
INFO: [ app_init ] --START--
INFO: Run Behavior\BuildLiteBehavior [ RunTime:0.000037s ]
INFO: [ app_init ] --END-- [ RunTime:0.000788s ]

[ 2016-05-22T17:20:15+08:00 ] 127.0.0.1 /Uploads/image/2016-05-18/573b48cf12247.png
INFO: [ app_init ] --START--
INFO: Run Behavior\BuildLiteBehavior [ RunTime:0.000038s ]
INFO: [ app_init ] --END-- [ RunTime:0.000563s ]

[ 2016-05-22T17:20:15+08:00 ] 127.0.0.1 /Uploads/image/2016-05-21/573f56dbbc56a.jpg
INFO: [ app_init ] --START--
INFO: Run Behavior\BuildLiteBehavior [ RunTime:0.000037s ]
INFO: [ app_init ] --END-- [ RunTime:0.000778s ]

[ 2016-05-22T17:20:15+08:00 ] 127.0.0.1 /Uploads/image/2016-05-22/574177b706f44.jpg
INFO: [ app_init ] --START--
INFO: Run Behavior\BuildLiteBehavior [ RunTime:0.000043s ]
INFO: [ app_init ] --END-- [ RunTime:0.000767s ]

[ 2016-05-22T17:20:15+08:00 ] 127.0.0.1 /Uploads/image/2016-05-22/574175d09e2a3.png
INFO: [ app_init ] --START--
INFO: Run Behavior\BuildLiteBehavior [ RunTime:0.000075s ]
INFO: [ app_init ] --END-- [ RunTime:0.002779s ]

[ 2016-05-22T17:20:15+08:00 ] 127.0.0.1 /Uploads/image/2016-05-18/573b618dbfa0d.png
INFO: [ app_init ] --START--
INFO: Run Behavior\BuildLiteBehavior [ RunTime:0.000042s ]
INFO: [ app_init ] --END-- [ RunTime:0.000934s ]

[ 2016-05-22T17:20:51+08:00 ] 127.0.0.1 /Uploads/image/2016-05-22/574177b706f44.jpg
INFO: [ app_init ] --START--
INFO: Run Behavior\BuildLiteBehavior [ RunTime:0.000040s ]
INFO: [ app_init ] --END-- [ RunTime:0.000661s ]

[ 2016-05-22T17:20:51+08:00 ] 127.0.0.1 /Uploads/image/2016-05-22/574175d09e2a3.png
INFO: [ app_init ] --START--
INFO: Run Behavior\BuildLiteBehavior [ RunTime:0.000045s ]
INFO: [ app_init ] --END-- [ RunTime:0.000729s ]

[ 2016-05-22T17:20:51+08:00 ] 127.0.0.1 /Uploads/image/2016-05-22/57415d386c418.JPG
INFO: [ app_init ] --START--
INFO: Run Behavior\BuildLiteBehavior [ RunTime:0.000040s ]
INFO: [ app_init ] --END-- [ RunTime:0.000576s ]

[ 2016-05-22T17:20:51+08:00 ] 127.0.0.1 /Uploads/image/2016-05-21/573f56dbbc56a.jpg
INFO: [ app_init ] --START--
INFO: Run Behavior\BuildLiteBehavior [ RunTime:0.000039s ]
INFO: [ app_init ] --END-- [ RunTime:0.000633s ]

[ 2016-05-22T17:20:51+08:00 ] 127.0.0.1 /Uploads/image/2016-05-18/573b48cf12247.png
INFO: [ app_init ] --START--
INFO: Run Behavior\BuildLiteBehavior [ RunTime:0.000037s ]
INFO: [ app_init ] --END-- [ RunTime:0.000621s ]

[ 2016-05-22T17:20:51+08:00 ] 127.0.0.1 /Uploads/image/2016-05-18/573b618dbfa0d.png
INFO: [ app_init ] --START--
INFO: Run Behavior\BuildLiteBehavior [ RunTime:0.000038s ]
INFO: [ app_init ] --END-- [ RunTime:0.000702s ]

[ 2016-05-22T17:22:54+08:00 ] 127.0.0.1 /Uploads/image/2016-05-22/574175d09e2a3.png
INFO: [ app_init ] --START--
INFO: Run Behavior\BuildLiteBehavior [ RunTime:0.000038s ]
INFO: [ app_init ] --END-- [ RunTime:0.000671s ]

[ 2016-05-22T17:22:54+08:00 ] 127.0.0.1 /Uploads/image/2016-05-18/573b48cf12247.png
INFO: [ app_init ] --START--
INFO: Run Behavior\BuildLiteBehavior [ RunTime:0.000038s ]
INFO: [ app_init ] --END-- [ RunTime:0.000896s ]

[ 2016-05-22T17:22:54+08:00 ] 127.0.0.1 /Uploads/image/2016-05-22/574177b706f44.jpg
INFO: [ app_init ] --START--
INFO: Run Behavior\BuildLiteBehavior [ RunTime:0.000040s ]
INFO: [ app_init ] --END-- [ RunTime:0.000608s ]

[ 2016-05-22T17:22:54+08:00 ] 127.0.0.1 /Uploads/image/2016-05-18/573b618dbfa0d.png
INFO: [ app_init ] --START--
INFO: Run Behavior\BuildLiteBehavior [ RunTime:0.000035s ]
INFO: [ app_init ] --END-- [ RunTime:0.000665s ]

[ 2016-05-22T17:22:54+08:00 ] 127.0.0.1 /Uploads/image/2016-05-21/573f56dbbc56a.jpg
INFO: [ app_init ] --START--
INFO: Run Behavior\BuildLiteBehavior [ RunTime:0.000038s ]
INFO: [ app_init ] --END-- [ RunTime:0.000638s ]

[ 2016-05-22T17:23:06+08:00 ] 127.0.0.1 /Uploads/image/2016-05-22/574177b706f44.jpg
INFO: [ app_init ] --START--
INFO: Run Behavior\BuildLiteBehavior [ RunTime:0.000039s ]
INFO: [ app_init ] --END-- [ RunTime:0.000745s ]

[ 2016-05-22T17:23:06+08:00 ] 127.0.0.1 /Uploads/image/2016-05-18/573b618dbfa0d.png
INFO: [ app_init ] --START--
INFO: Run Behavior\BuildLiteBehavior [ RunTime:0.000037s ]
INFO: [ app_init ] --END-- [ RunTime:0.000675s ]

[ 2016-05-22T17:23:06+08:00 ] 127.0.0.1 /Uploads/image/2016-05-22/574175d09e2a3.png
INFO: [ app_init ] --START--
INFO: Run Behavior\BuildLiteBehavior [ RunTime:0.000037s ]
INFO: [ app_init ] --END-- [ RunTime:0.000688s ]

[ 2016-05-22T17:23:06+08:00 ] 127.0.0.1 /Uploads/image/2016-05-18/573b48cf12247.png
INFO: [ app_init ] --START--
INFO: Run Behavior\BuildLiteBehavior [ RunTime:0.000042s ]
INFO: [ app_init ] --END-- [ RunTime:0.000690s ]

[ 2016-05-22T17:23:06+08:00 ] 127.0.0.1 /Uploads/image/2016-05-21/573f56dbbc56a.jpg
INFO: [ app_init ] --START--
INFO: Run Behavior\BuildLiteBehavior [ RunTime:0.000079s ]
INFO: [ app_init ] --END-- [ RunTime:0.000977s ]

[ 2016-05-22T17:23:26+08:00 ] 127.0.0.1 /Uploads/image/2016-05-18/573b48cf12247.png
INFO: [ app_init ] --START--
INFO: Run Behavior\BuildLiteBehavior [ RunTime:0.000038s ]
INFO: [ app_init ] --END-- [ RunTime:0.000668s ]

[ 2016-05-22T17:23:26+08:00 ] 127.0.0.1 /Uploads/image/2016-05-22/574175d09e2a3.png
INFO: [ app_init ] --START--
INFO: Run Behavior\BuildLiteBehavior [ RunTime:0.000044s ]
INFO: [ app_init ] --END-- [ RunTime:0.000778s ]

[ 2016-05-22T17:23:27+08:00 ] 127.0.0.1 /Uploads/image/2016-05-18/573b618dbfa0d.png
INFO: [ app_init ] --START--
INFO: Run Behavior\BuildLiteBehavior [ RunTime:0.000039s ]
INFO: [ app_init ] --END-- [ RunTime:0.000674s ]

[ 2016-05-22T17:23:27+08:00 ] 127.0.0.1 /Uploads/image/2016-05-21/573f56dbbc56a.jpg
INFO: [ app_init ] --START--
INFO: Run Behavior\BuildLiteBehavior [ RunTime:0.000041s ]
INFO: [ app_init ] --END-- [ RunTime:0.000732s ]

[ 2016-05-22T17:23:50+08:00 ] 127.0.0.1 /Uploads/image/2016-05-18/573b48cf12247.png
INFO: [ app_init ] --START--
INFO: Run Behavior\BuildLiteBehavior [ RunTime:0.000040s ]
INFO: [ app_init ] --END-- [ RunTime:0.000860s ]

[ 2016-05-22T17:23:50+08:00 ] 127.0.0.1 /Uploads/image/2016-05-18/573b618dbfa0d.png
INFO: [ app_init ] --START--
INFO: Run Behavior\BuildLiteBehavior [ RunTime:0.000043s ]
INFO: [ app_init ] --END-- [ RunTime:0.000586s ]

[ 2016-05-22T17:23:50+08:00 ] 127.0.0.1 /Uploads/image/2016-05-21/573f56dbbc56a.jpg
INFO: [ app_init ] --START--
INFO: Run Behavior\BuildLiteBehavior [ RunTime:0.000041s ]
INFO: [ app_init ] --END-- [ RunTime:0.000727s ]

[ 2016-05-22T17:24:03+08:00 ] 127.0.0.1 /Uploads/image/2016-05-18/573b618dbfa0d.png
INFO: [ app_init ] --START--
INFO: Run Behavior\BuildLiteBehavior [ RunTime:0.000040s ]
INFO: [ app_init ] --END-- [ RunTime:0.000621s ]

[ 2016-05-22T17:24:03+08:00 ] 127.0.0.1 /Uploads/image/2016-05-21/573f56dbbc56a.jpg
INFO: [ app_init ] --START--
INFO: Run Behavior\BuildLiteBehavior [ RunTime:0.000037s ]
INFO: [ app_init ] --END-- [ RunTime:0.000606s ]

[ 2016-05-22T17:24:12+08:00 ] 127.0.0.1 /Uploads/image/2016-05-21/573f56dbbc56a.jpg
INFO: [ app_init ] --START--
INFO: Run Behavior\BuildLiteBehavior [ RunTime:0.000039s ]
INFO: [ app_init ] --END-- [ RunTime:0.000717s ]

[ 2016-05-22T17:24:33+08:00 ] 127.0.0.1 /Uploads/image/2016-05-19/573c994e82f0f.jpg
INFO: [ app_init ] --START--
INFO: Run Behavior\BuildLiteBehavior [ RunTime:0.000045s ]
INFO: [ app_init ] --END-- [ RunTime:0.000757s ]

[ 2016-05-22T17:24:33+08:00 ] 127.0.0.1 /Uploads/image/2016-05-17/573b119e29e0e.jpg
INFO: [ app_init ] --START--
INFO: Run Behavior\BuildLiteBehavior [ RunTime:0.000029s ]
INFO: [ app_init ] --END-- [ RunTime:0.000528s ]

[ 2016-05-22T17:24:45+08:00 ] 127.0.0.1 /Uploads/image/2016-05-17/573b119e29e0e.jpg
INFO: [ app_init ] --START--
INFO: Run Behavior\BuildLiteBehavior [ RunTime:0.000044s ]
INFO: [ app_init ] --END-- [ RunTime:0.000792s ]

[ 2016-05-22T17:25:12+08:00 ] 127.0.0.1 /Uploads/image/2016-05-17/573b119e29e0e.jpg
INFO: [ app_init ] --START--
INFO: Run Behavior\BuildLiteBehavior [ RunTime:0.000041s ]
INFO: [ app_init ] --END-- [ RunTime:0.000699s ]

[ 2016-05-22T17:25:39+08:00 ] 127.0.0.1 /Uploads/image/2016-05-17/573b119e29e0e.jpg
INFO: [ app_init ] --START--
INFO: Run Behavior\BuildLiteBehavior [ RunTime:0.000044s ]
INFO: [ app_init ] --END-- [ RunTime:0.000817s ]

[ 2016-05-22T17:25:47+08:00 ] 127.0.0.1 /Uploads/image/2016-05-17/573b119e29e0e.jpg
INFO: [ app_init ] --START--
INFO: Run Behavior\BuildLiteBehavior [ RunTime:0.000065s ]
INFO: [ app_init ] --END-- [ RunTime:0.001896s ]

[ 2016-05-22T17:27:38+08:00 ] 127.0.0.1 /Uploads/image/2016-05-19/573c994e82f0f.jpg
INFO: [ app_init ] --START--
INFO: Run Behavior\BuildLiteBehavior [ RunTime:0.000040s ]
INFO: [ app_init ] --END-- [ RunTime:0.000737s ]

[ 2016-05-22T20:15:15+08:00 ] 127.0.0.1 /Application/Blog/Public/css/img/codecolorer_bg.gif
INFO: [ app_init ] --START--
INFO: Run Behavior\BuildLiteBehavior [ RunTime:0.000044s ]
INFO: [ app_init ] --END-- [ RunTime:0.000657s ]

[ 2016-05-22T21:15:01+08:00 ] 127.0.0.1 /Uploads/image/20160522/1463907208774141.jpg
INFO: [ app_init ] --START--
INFO: Run Behavior\BuildLiteBehavior [ RunTime:0.000045s ]
INFO: [ app_init ] --END-- [ RunTime:0.000835s ]

[ 2016-05-22T21:15:17+08:00 ] 127.0.0.1 /Uploads/image/20160522/1463907208774141.jpg
INFO: [ app_init ] --START--
INFO: Run Behavior\BuildLiteBehavior [ RunTime:0.000047s ]
INFO: [ app_init ] --END-- [ RunTime:0.000785s ]

[ 2016-05-22T21:15:39+08:00 ] 127.0.0.1 /Uploads/image/20160522/1463907208774141.jpg
INFO: [ app_init ] --START--
INFO: Run Behavior\BuildLiteBehavior [ RunTime:0.000043s ]
INFO: [ app_init ] --END-- [ RunTime:0.000838s ]

[ 2016-05-22T21:15:39+08:00 ] 127.0.0.1 /Uploads/image/20160522/1463907208241666.png
INFO: [ app_init ] --START--
INFO: Run Behavior\BuildLiteBehavior [ RunTime:0.000048s ]
INFO: [ app_init ] --END-- [ RunTime:0.000801s ]

[ 2016-05-22T21:15:42+08:00 ] 127.0.0.1 /Uploads/image/20160522/1463907208241666.png
INFO: [ app_init ] --START--
INFO: Run Behavior\BuildLiteBehavior [ RunTime:0.000040s ]
INFO: [ app_init ] --END-- [ RunTime:0.000798s ]

[ 2016-05-22T21:15:42+08:00 ] 127.0.0.1 /Uploads/image/20160522/1463907208774141.jpg
INFO: [ app_init ] --START--
INFO: Run Behavior\BuildLiteBehavior [ RunTime:0.000052s ]
INFO: [ app_init ] --END-- [ RunTime:0.001317s ]

[ 2016-05-22T21:28:17+08:00 ] 127.0.0.1 /Uploads/image/20160522/1463907208774141.jpg
INFO: [ app_init ] --START--
INFO: Run Behavior\BuildLiteBehavior [ RunTime:0.000036s ]
INFO: [ app_init ] --END-- [ RunTime:0.000740s ]

[ 2016-05-22T21:28:17+08:00 ] 127.0.0.1 /Uploads/image/20160522/1463907208241666.png
INFO: [ app_init ] --START--
INFO: Run Behavior\BuildLiteBehavior [ RunTime:0.000053s ]
INFO: [ app_init ] --END-- [ RunTime:0.000822s ]

[ 2016-05-22T21:28:24+08:00 ] 127.0.0.1 /Uploads/image/20160522/1463907208774141.jpg
INFO: [ app_init ] --START--
INFO: Run Behavior\BuildLiteBehavior [ RunTime:0.000048s ]
INFO: [ app_init ] --END-- [ RunTime:0.000759s ]

[ 2016-05-22T21:28:24+08:00 ] 127.0.0.1 /Uploads/image/20160522/1463907208241666.png
INFO: [ app_init ] --START--
INFO: Run Behavior\BuildLiteBehavior [ RunTime:0.000049s ]
INFO: [ app_init ] --END-- [ RunTime:0.000954s ]

[ 2016-05-22T21:28:31+08:00 ] 127.0.0.1 /Uploads/image/20160522/1463907208774141.jpg
INFO: [ app_init ] --START--
INFO: Run Behavior\BuildLiteBehavior [ RunTime:0.000043s ]
INFO: [ app_init ] --END-- [ RunTime:0.000982s ]

[ 2016-05-22T21:28:48+08:00 ] 127.0.0.1 /Uploads/image/20160522/1463907208241666.png
INFO: [ app_init ] --START--
INFO: Run Behavior\BuildLiteBehavior [ RunTime:0.000028s ]
INFO: [ app_init ] --END-- [ RunTime:0.000564s ]

[ 2016-05-22T22:12:34+08:00 ] 127.0.0.1 /Uploads/image/image/coverpic/default.jpg
INFO: [ app_init ] --START--
INFO: Run Behavior\BuildLiteBehavior [ RunTime:0.000045s ]
INFO: [ app_init ] --END-- [ RunTime:0.000825s ]

[ 2016-05-22T22:12:56+08:00 ] 127.0.0.1 /Uploads/image/image/coverpic/default.jpg
INFO: [ app_init ] --START--
INFO: Run Behavior\BuildLiteBehavior [ RunTime:0.000049s ]
INFO: [ app_init ] --END-- [ RunTime:0.000879s ]

[ 2016-05-22T22:13:53+08:00 ] 127.0.0.1 /Uploads/image/image/coverpic/default.jpg
INFO: [ app_init ] --START--
INFO: Run Behavior\BuildLiteBehavior [ RunTime:0.000030s ]
INFO: [ app_init ] --END-- [ RunTime:0.000565s ]

[ 2016-05-22T22:14:27+08:00 ] 127.0.0.1 /Uploads/image/image/coverpic/default.jpg
INFO: [ app_init ] --START--
INFO: Run Behavior\BuildLiteBehavior [ RunTime:0.000039s ]
INFO: [ app_init ] --END-- [ RunTime:0.000717s ]

[ 2016-05-22T22:15:12+08:00 ] 127.0.0.1 /Uploads/image/image/default.jpg
INFO: [ app_init ] --START--
INFO: Run Behavior\BuildLiteBehavior [ RunTime:0.000038s ]
INFO: [ app_init ] --END-- [ RunTime:0.000762s ]

[ 2016-05-22T22:38:23+08:00 ] 127.0.0.1 /38073.html
INFO: [ app_init ] --START--
INFO: Run Behavior\BuildLiteBehavior [ RunTime:0.000045s ]
INFO: [ app_init ] --END-- [ RunTime:0.000788s ]
INFO: [ app_begin ] --START--
INFO: Run Behavior\ReadHtmlCacheBehavior [ RunTime:0.000890s ]
INFO: [ app_begin ] --END-- [ RunTime:0.001054s ]
ERR: 无法加载控制器:38073

[ 2016-05-22T23:46:37+08:00 ] 127.0.0.1 /Uploads/image/image/default.jpg
INFO: [ app_init ] --START--
INFO: Run Behavior\BuildLiteBehavior [ RunTime:0.000048s ]
INFO: [ app_init ] --END-- [ RunTime:0.000714s ]

[ 2016-05-22T23:46:42+08:00 ] 127.0.0.1 /Uploads/image/image/default.jpg
INFO: [ app_init ] --START--
INFO: Run Behavior\BuildLiteBehavior [ RunTime:0.000049s ]
INFO: [ app_init ] --END-- [ RunTime:0.000760s ]

[ 2016-05-22T23:46:49+08:00 ] 127.0.0.1 /Uploads/image/image/default.jpg
INFO: [ app_init ] --START--
INFO: Run Behavior\BuildLiteBehavior [ RunTime:0.000041s ]
INFO: [ app_init ] --END-- [ RunTime:0.000619s ]

[ 2016-05-22T23:54:37+08:00 ] 127.0.0.1 /38073.html
INFO: [ app_init ] --START--
INFO: Run Behavior\BuildLiteBehavior [ RunTime:0.000030s ]
INFO: [ app_init ] --END-- [ RunTime:0.000506s ]
INFO: [ app_begin ] --START--
INFO: Run Behavior\ReadHtmlCacheBehavior [ RunTime:0.001239s ]
INFO: [ app_begin ] --END-- [ RunTime:0.001442s ]
ERR: 无法加载控制器:38073

