[ 2016-05-23T01:50:39+08:00 ] 127.0.0.1 /
INFO: [ app_init ] --START--
INFO: Run Behavior\BuildLiteBehavior [ RunTime:0.000027s ]
INFO: [ app_init ] --END-- [ RunTime:0.000535s ]
INFO: [ app_begin ] --START--
INFO: Run Behavior\ReadHtmlCacheBehavior [ RunTime:0.000760s ]
INFO: [ app_begin ] --END-- [ RunTime:0.000882s ]
INFO: [ view_parse ] --START--
INFO: [ template_filter ] --START--
INFO: Run Behavior\ContentReplaceBehavior [ RunTime:0.000086s ]
INFO: [ template_filter ] --END-- [ RunTime:0.000200s ]
INFO: Run Behavior\ParseTemplateBehavior [ RunTime:0.005353s ]
INFO: [ view_parse ] --END-- [ RunTime:0.005552s ]
INFO: [ view_filter ] --START--
INFO: Run Behavior\WriteHtmlCacheBehavior [ RunTime:0.000529s ]
INFO: [ view_filter ] --END-- [ RunTime:0.000669s ]
INFO: [ app_end ] --START--
INFO: Run Behavior\ShowPageTraceBehavior [ RunTime:0.000887s ]
INFO: [ app_end ] --END-- [ RunTime:0.001014s ]

[ 2016-05-23T02:38:05+08:00 ] 127.0.0.1 /Uploads/image/20160523/1463941545656837.png
INFO: [ app_init ] --START--
INFO: Run Behavior\BuildLiteBehavior [ RunTime:0.000036s ]
INFO: [ app_init ] --END-- [ RunTime:0.000682s ]

[ 2016-05-23T02:38:05+08:00 ] 127.0.0.1 /Uploads/image/20160523/1463941546827501.png
INFO: [ app_init ] --START--
INFO: Run Behavior\BuildLiteBehavior [ RunTime:0.000035s ]
INFO: [ app_init ] --END-- [ RunTime:0.000592s ]

[ 2016-05-23T02:38:05+08:00 ] 127.0.0.1 /Uploads/image/20160523/1463941546125360.png
INFO: [ app_init ] --START--
INFO: Run Behavior\BuildLiteBehavior [ RunTime:0.000035s ]
INFO: [ app_init ] --END-- [ RunTime:0.000580s ]

[ 2016-05-23T02:38:05+08:00 ] 127.0.0.1 /Uploads/image/20160523/1463941547104343.png
INFO: [ app_init ] --START--
INFO: Run Behavior\BuildLiteBehavior [ RunTime:0.000035s ]
INFO: [ app_init ] --END-- [ RunTime:0.000565s ]

[ 2016-05-23T02:38:05+08:00 ] 127.0.0.1 /Uploads/image/20160523/1463941547352086.png
INFO: [ app_init ] --START--
INFO: Run Behavior\BuildLiteBehavior [ RunTime:0.000035s ]
INFO: [ app_init ] --END-- [ RunTime:0.000568s ]

[ 2016-05-23T02:38:05+08:00 ] 127.0.0.1 /Uploads/image/20160523/1463941547511045.png
INFO: [ app_init ] --START--
INFO: Run Behavior\BuildLiteBehavior [ RunTime:0.000036s ]
INFO: [ app_init ] --END-- [ RunTime:0.000615s ]

[ 2016-05-23T02:38:05+08:00 ] 127.0.0.1 /Uploads/image/20160523/1463941548765707.png
INFO: [ app_init ] --START--
INFO: Run Behavior\BuildLiteBehavior [ RunTime:0.000034s ]
INFO: [ app_init ] --END-- [ RunTime:0.000564s ]

[ 2016-05-23T02:38:06+08:00 ] 127.0.0.1 /Uploads/image/20160523/1463941548846176.png
INFO: [ app_init ] --START--
INFO: Run Behavior\BuildLiteBehavior [ RunTime:0.000035s ]
INFO: [ app_init ] --END-- [ RunTime:0.000579s ]

[ 2016-05-23T02:38:06+08:00 ] 127.0.0.1 /Uploads/image/20160523/1463941548614752.png
INFO: [ app_init ] --START--
INFO: Run Behavior\BuildLiteBehavior [ RunTime:0.000035s ]
INFO: [ app_init ] --END-- [ RunTime:0.000567s ]

[ 2016-05-23T02:38:06+08:00 ] 127.0.0.1 /Uploads/image/20160523/1463941548112347.png
INFO: [ app_init ] --START--
INFO: Run Behavior\BuildLiteBehavior [ RunTime:0.000034s ]
INFO: [ app_init ] --END-- [ RunTime:0.000573s ]

[ 2016-05-23T02:38:06+08:00 ] 127.0.0.1 /Uploads/image/20160523/1463941549314132.png
INFO: [ app_init ] --START--
INFO: Run Behavior\BuildLiteBehavior [ RunTime:0.000036s ]
INFO: [ app_init ] --END-- [ RunTime:0.000566s ]

[ 2016-05-23T02:38:06+08:00 ] 127.0.0.1 /Uploads/image/20160523/1463941549112261.png
INFO: [ app_init ] --START--
INFO: Run Behavior\BuildLiteBehavior [ RunTime:0.000037s ]
INFO: [ app_init ] --END-- [ RunTime:0.001069s ]

[ 2016-05-23T02:38:06+08:00 ] 127.0.0.1 /Uploads/image/20160523/1463941546135679.png
INFO: [ app_init ] --START--
INFO: Run Behavior\BuildLiteBehavior [ RunTime:0.000036s ]
INFO: [ app_init ] --END-- [ RunTime:0.000666s ]

[ 2016-05-23T02:38:06+08:00 ] 127.0.0.1 /Uploads/image/20160523/1463941550126298.png
INFO: [ app_init ] --START--
INFO: Run Behavior\BuildLiteBehavior [ RunTime:0.000041s ]
INFO: [ app_init ] --END-- [ RunTime:0.000716s ]

[ 2016-05-23T02:38:06+08:00 ] 127.0.0.1 /Uploads/image/20160523/1463941550110161.jpg
INFO: [ app_init ] --START--
INFO: Run Behavior\BuildLiteBehavior [ RunTime:0.000042s ]
INFO: [ app_init ] --END-- [ RunTime:0.000751s ]

[ 2016-05-23T02:38:06+08:00 ] 127.0.0.1 /Uploads/image/20160523/1463941550211458.png
INFO: [ app_init ] --START--
INFO: Run Behavior\BuildLiteBehavior [ RunTime:0.000039s ]
INFO: [ app_init ] --END-- [ RunTime:0.000666s ]

[ 2016-05-23T02:38:06+08:00 ] 127.0.0.1 /Uploads/image/20160523/1463941551534196.jpg
INFO: [ app_init ] --START--
INFO: Run Behavior\BuildLiteBehavior [ RunTime:0.000039s ]
INFO: [ app_init ] --END-- [ RunTime:0.000753s ]

[ 2016-05-23T02:38:06+08:00 ] 127.0.0.1 /Uploads/image/20160523/1463941550132830.png
INFO: [ app_init ] --START--
INFO: Run Behavior\BuildLiteBehavior [ RunTime:0.000047s ]
INFO: [ app_init ] --END-- [ RunTime:0.000899s ]

[ 2016-05-23T02:38:21+08:00 ] 127.0.0.1 /Uploads/image/20160523/1463941545656837.png
INFO: [ app_init ] --START--
INFO: Run Behavior\BuildLiteBehavior [ RunTime:0.000046s ]
INFO: [ app_init ] --END-- [ RunTime:0.000767s ]

[ 2016-05-23T02:38:21+08:00 ] 127.0.0.1 /Uploads/image/20160523/1463941546135679.png
INFO: [ app_init ] --START--
INFO: Run Behavior\BuildLiteBehavior [ RunTime:0.000070s ]
INFO: [ app_init ] --END-- [ RunTime:0.000677s ]

[ 2016-05-23T02:38:21+08:00 ] 127.0.0.1 /Uploads/image/20160523/1463941547104343.png
INFO: [ app_init ] --START--
INFO: Run Behavior\BuildLiteBehavior [ RunTime:0.000037s ]
INFO: [ app_init ] --END-- [ RunTime:0.000756s ]

[ 2016-05-23T02:38:21+08:00 ] 127.0.0.1 /Uploads/image/20160523/1463941547511045.png
INFO: [ app_init ] --START--
INFO: Run Behavior\BuildLiteBehavior [ RunTime:0.000039s ]
INFO: [ app_init ] --END-- [ RunTime:0.000661s ]

[ 2016-05-23T02:38:21+08:00 ] 127.0.0.1 /Uploads/image/20160523/1463941548765707.png
INFO: [ app_init ] --START--
INFO: Run Behavior\BuildLiteBehavior [ RunTime:0.000042s ]
INFO: [ app_init ] --END-- [ RunTime:0.000654s ]

[ 2016-05-23T02:38:21+08:00 ] 127.0.0.1 /Uploads/image/20160523/1463941547352086.png
INFO: [ app_init ] --START--
INFO: Run Behavior\BuildLiteBehavior [ RunTime:0.000043s ]
INFO: [ app_init ] --END-- [ RunTime:0.000704s ]

[ 2016-05-23T02:38:21+08:00 ] 127.0.0.1 /Uploads/image/20160523/1463941548846176.png
INFO: [ app_init ] --START--
INFO: Run Behavior\BuildLiteBehavior [ RunTime:0.000035s ]
INFO: [ app_init ] --END-- [ RunTime:0.000658s ]

[ 2016-05-23T02:38:21+08:00 ] 127.0.0.1 /Uploads/image/20160523/1463941549314132.png
INFO: [ app_init ] --START--
INFO: Run Behavior\BuildLiteBehavior [ RunTime:0.000044s ]
INFO: [ app_init ] --END-- [ RunTime:0.000654s ]

[ 2016-05-23T02:38:21+08:00 ] 127.0.0.1 /Uploads/image/20160523/1463941548614752.png
INFO: [ app_init ] --START--
INFO: Run Behavior\BuildLiteBehavior [ RunTime:0.000038s ]
INFO: [ app_init ] --END-- [ RunTime:0.000723s ]

[ 2016-05-23T02:38:21+08:00 ] 127.0.0.1 /Uploads/image/20160523/1463941548112347.png
INFO: [ app_init ] --START--
INFO: Run Behavior\BuildLiteBehavior [ RunTime:0.000037s ]
INFO: [ app_init ] --END-- [ RunTime:0.000691s ]

[ 2016-05-23T02:38:21+08:00 ] 127.0.0.1 /Uploads/image/20160523/1463941549112261.png
INFO: [ app_init ] --START--
INFO: Run Behavior\BuildLiteBehavior [ RunTime:0.000045s ]
INFO: [ app_init ] --END-- [ RunTime:0.000783s ]

[ 2016-05-23T02:38:21+08:00 ] 127.0.0.1 /Uploads/image/20160523/1463941550211458.png
INFO: [ app_init ] --START--
INFO: Run Behavior\BuildLiteBehavior [ RunTime:0.000039s ]
INFO: [ app_init ] --END-- [ RunTime:0.000701s ]

[ 2016-05-23T02:38:21+08:00 ] 127.0.0.1 /Uploads/image/20160523/1463941550132830.png
INFO: [ app_init ] --START--
INFO: Run Behavior\BuildLiteBehavior [ RunTime:0.000042s ]
INFO: [ app_init ] --END-- [ RunTime:0.000822s ]

[ 2016-05-23T02:38:21+08:00 ] 127.0.0.1 /Uploads/image/20160523/1463941550126298.png
INFO: [ app_init ] --START--
INFO: Run Behavior\BuildLiteBehavior [ RunTime:0.000468s ]
INFO: [ app_init ] --END-- [ RunTime:0.001334s ]

[ 2016-05-23T02:38:21+08:00 ] 127.0.0.1 /Uploads/image/20160523/1463941550110161.jpg
INFO: [ app_init ] --START--
INFO: Run Behavior\BuildLiteBehavior [ RunTime:0.000038s ]
INFO: [ app_init ] --END-- [ RunTime:0.000619s ]

[ 2016-05-23T02:38:21+08:00 ] 127.0.0.1 /Uploads/image/20160523/1463941546125360.png
INFO: [ app_init ] --START--
INFO: Run Behavior\BuildLiteBehavior [ RunTime:0.000047s ]
INFO: [ app_init ] --END-- [ RunTime:0.000809s ]

[ 2016-05-23T02:38:21+08:00 ] 127.0.0.1 /Uploads/image/20160523/1463941551534196.jpg
INFO: [ app_init ] --START--
INFO: Run Behavior\BuildLiteBehavior [ RunTime:0.000046s ]
INFO: [ app_init ] --END-- [ RunTime:0.001283s ]

[ 2016-05-23T02:38:21+08:00 ] 127.0.0.1 /Uploads/image/20160523/1463941546827501.png
INFO: [ app_init ] --START--
INFO: Run Behavior\BuildLiteBehavior [ RunTime:0.000036s ]
INFO: [ app_init ] --END-- [ RunTime:0.000647s ]

[ 2016-05-23T04:00:39+08:00 ] 127.0.0.1 /Uploads/image/20160522/1463919173515176.png
INFO: [ app_init ] --START--
INFO: Run Behavior\BuildLiteBehavior [ RunTime:0.000045s ]
INFO: [ app_init ] --END-- [ RunTime:0.000705s ]

[ 2016-05-23T16:16:35+08:00 ] 127.0.0.1 /favicon.ico
INFO: [ app_init ] --START--
INFO: Run Behavior\BuildLiteBehavior [ RunTime:0.000023s ]
INFO: [ app_init ] --END-- [ RunTime:0.000693s ]

[ 2016-05-23T17:32:03+08:00 ] 127.0.0.1 /favicon.ico
INFO: [ app_init ] --START--
INFO: Run Behavior\BuildLiteBehavior [ RunTime:0.000024s ]
INFO: [ app_init ] --END-- [ RunTime:0.000679s ]

[ 2016-05-23T18:03:54+08:00 ] 192.168.23.2 /chenjt_website/Detail/index%27,array(%27id%27=%3E$articleres[%27id%27])
INFO: [ app_init ] --START--
INFO: Run Behavior\BuildLiteBehavior [ RunTime:0.000022s ]
INFO: [ app_init ] --END-- [ RunTime:0.000454s ]
INFO: [ app_begin ] --START--
INFO: Run Behavior\ReadHtmlCacheBehavior [ RunTime:0.000870s ]
INFO: [ app_begin ] --END-- [ RunTime:0.001045s ]
ERR: 无法加载控制器:Detail

[ 2016-05-23T18:04:03+08:00 ] 192.168.23.2 /chenjt_website/Detail/index%27,array(%27id%27=%3E$articleres[%27id%27])
INFO: [ app_init ] --START--
INFO: Run Behavior\BuildLiteBehavior [ RunTime:0.000029s ]
INFO: [ app_init ] --END-- [ RunTime:0.000520s ]
INFO: [ app_begin ] --START--
INFO: Run Behavior\ReadHtmlCacheBehavior [ RunTime:0.001064s ]
INFO: [ app_begin ] --END-- [ RunTime:0.001193s ]
ERR: 无法加载控制器:Detail

[ 2016-05-23T18:12:37+08:00 ] 127.0.0.1 /ueditor/php/upload/image/20160522/1463903652588244.png
INFO: [ app_init ] --START--
INFO: Run Behavior\BuildLiteBehavior [ RunTime:0.000040s ]
INFO: [ app_init ] --END-- [ RunTime:0.000712s ]

[ 2016-05-23T18:12:37+08:00 ] 127.0.0.1 /Application/Blog/Public/css/img/codecolorer_bg.gif
INFO: [ app_init ] --START--
INFO: Run Behavior\BuildLiteBehavior [ RunTime:0.000038s ]
INFO: [ app_init ] --END-- [ RunTime:0.000820s ]

[ 2016-05-23T18:13:26+08:00 ] 127.0.0.1 /ueditor/php/upload/image/20160522/1463903652588244.png
INFO: [ app_init ] --START--
INFO: Run Behavior\BuildLiteBehavior [ RunTime:0.000025s ]
INFO: [ app_init ] --END-- [ RunTime:0.000422s ]

[ 2016-05-23T18:17:11+08:00 ] 127.0.0.1 /ueditor/php/upload/image/20160522/1463903652588244.png
INFO: [ app_init ] --START--
INFO: Run Behavior\BuildLiteBehavior [ RunTime:0.000024s ]
INFO: [ app_init ] --END-- [ RunTime:0.000451s ]

[ 2016-05-23T18:17:50+08:00 ] 127.0.0.1 /ueditor/php/upload/image/20160522/1463903652588244.png
INFO: [ app_init ] --START--
INFO: Run Behavior\BuildLiteBehavior [ RunTime:0.000039s ]
INFO: [ app_init ] --END-- [ RunTime:0.000653s ]

[ 2016-05-23T18:17:50+08:00 ] 127.0.0.1 /Application/Blog/Public/css/img/codecolorer_bg.gif
INFO: [ app_init ] --START--
INFO: Run Behavior\BuildLiteBehavior [ RunTime:0.000039s ]
INFO: [ app_init ] --END-- [ RunTime:0.000482s ]

[ 2016-05-23T18:17:55+08:00 ] 127.0.0.1 /ueditor/php/upload/image/20160522/1463903652588244.png
INFO: [ app_init ] --START--
INFO: Run Behavior\BuildLiteBehavior [ RunTime:0.000050s ]
INFO: [ app_init ] --END-- [ RunTime:0.000794s ]

[ 2016-05-23T18:18:06+08:00 ] 127.0.0.1 /ueditor/php/upload/image/20160522/1463903652588244.png
INFO: [ app_init ] --START--
INFO: Run Behavior\BuildLiteBehavior [ RunTime:0.000022s ]
INFO: [ app_init ] --END-- [ RunTime:0.000412s ]

[ 2016-05-23T18:18:36+08:00 ] 127.0.0.1 /Application/Blog/Public/css/img/codecolorer_bg.gif
INFO: [ app_init ] --START--
INFO: Run Behavior\BuildLiteBehavior [ RunTime:0.000037s ]
INFO: [ app_init ] --END-- [ RunTime:0.000770s ]

[ 2016-05-23T18:21:38+08:00 ] 127.0.0.1 /Application/Blog/Public/css/img/codecolorer_bg.gif
INFO: [ app_init ] --START--
INFO: Run Behavior\BuildLiteBehavior [ RunTime:0.000038s ]
INFO: [ app_init ] --END-- [ RunTime:0.000703s ]

[ 2016-05-23T18:40:37+08:00 ] 127.0.0.1 /Application/Blog/Public/css/img/codecolorer_bg.gif
INFO: [ app_init ] --START--
INFO: Run Behavior\BuildLiteBehavior [ RunTime:0.000034s ]
INFO: [ app_init ] --END-- [ RunTime:0.000589s ]

[ 2016-05-23T18:41:24+08:00 ] 127.0.0.1 /Application/Blog/Public/css/img/codecolorer_bg.gif
INFO: [ app_init ] --START--
INFO: Run Behavior\BuildLiteBehavior [ RunTime:0.000035s ]
INFO: [ app_init ] --END-- [ RunTime:0.000610s ]

[ 2016-05-23T18:41:37+08:00 ] 127.0.0.1 /Application/Blog/Public/css/img/codecolorer_bg.gif
INFO: [ app_init ] --START--
INFO: Run Behavior\BuildLiteBehavior [ RunTime:0.000027s ]
INFO: [ app_init ] --END-- [ RunTime:0.000409s ]

[ 2016-05-23T18:42:33+08:00 ] 127.0.0.1 /Application/Blog/Public/css/img/codecolorer_bg.gif
INFO: [ app_init ] --START--
INFO: Run Behavior\BuildLiteBehavior [ RunTime:0.000039s ]
INFO: [ app_init ] --END-- [ RunTime:0.000730s ]

