[ 2016-05-09T00:17:49+08:00 ] 127.0.0.1 /head.html
ERR: 无法加载模块:Head

[ 2016-05-09T00:17:49+08:00 ] 127.0.0.1 /right.html
ERR: 无法加载模块:Right

[ 2016-05-09T00:17:49+08:00 ] 127.0.0.1 /left.html
ERR: 无法加载模块:Left

[ 2016-05-09T00:18:29+08:00 ] 127.0.0.1 /head.html
ERR: 无法加载模块:Head

[ 2016-05-09T00:18:29+08:00 ] 127.0.0.1 /left.html
ERR: 无法加载模块:Left

[ 2016-05-09T00:18:29+08:00 ] 127.0.0.1 /right.html
ERR: 无法加载模块:Right

[ 2016-05-09T00:21:48+08:00 ] 127.0.0.1 /head.html
INFO: [ app_init ] --START--
INFO: Run Behavior\BuildLiteBehavior [ RunTime:0.000028s ]
INFO: [ app_init ] --END-- [ RunTime:0.000423s ]
ERR: 无法加载模块:Head

[ 2016-05-09T00:21:48+08:00 ] 127.0.0.1 /left.html
INFO: [ app_init ] --START--
INFO: Run Behavior\BuildLiteBehavior [ RunTime:0.000037s ]
INFO: [ app_init ] --END-- [ RunTime:0.001311s ]
ERR: 无法加载模块:Left

[ 2016-05-09T00:21:48+08:00 ] 127.0.0.1 /right.html
INFO: [ app_init ] --START--
INFO: Run Behavior\BuildLiteBehavior [ RunTime:0.000040s ]
INFO: [ app_init ] --END-- [ RunTime:0.001682s ]
ERR: 无法加载模块:Right

[ 2016-05-09T00:23:00+08:00 ] 127.0.0.1 /head.html
INFO: [ app_init ] --START--
INFO: Run Behavior\BuildLiteBehavior [ RunTime:0.000022s ]
INFO: [ app_init ] --END-- [ RunTime:0.000366s ]
ERR: 无法加载模块:Head

[ 2016-05-09T00:23:00+08:00 ] 127.0.0.1 /left.html
INFO: [ app_init ] --START--
INFO: Run Behavior\BuildLiteBehavior [ RunTime:0.000027s ]
INFO: [ app_init ] --END-- [ RunTime:0.000430s ]
ERR: 无法加载模块:Left

[ 2016-05-09T00:23:00+08:00 ] 127.0.0.1 /right.html
INFO: [ app_init ] --START--
INFO: Run Behavior\BuildLiteBehavior [ RunTime:0.000028s ]
INFO: [ app_init ] --END-- [ RunTime:0.000575s ]
ERR: 无法加载模块:Right

[ 2016-05-09T00:40:42+08:00 ] 127.0.0.1 /left.html
INFO: [ app_init ] --START--
INFO: Run Behavior\BuildLiteBehavior [ RunTime:0.000039s ]
INFO: [ app_init ] --END-- [ RunTime:0.000714s ]
ERR: 无法加载模块:Left

[ 2016-05-09T00:40:42+08:00 ] 127.0.0.1 /head.html
INFO: [ app_init ] --START--
INFO: Run Behavior\BuildLiteBehavior [ RunTime:0.000037s ]
INFO: [ app_init ] --END-- [ RunTime:0.000636s ]
ERR: 无法加载模块:Head

[ 2016-05-09T00:40:42+08:00 ] 127.0.0.1 /right.html
INFO: [ app_init ] --START--
INFO: Run Behavior\BuildLiteBehavior [ RunTime:0.000043s ]
INFO: [ app_init ] --END-- [ RunTime:0.000870s ]
ERR: 无法加载模块:Right

[ 2016-05-09T00:40:43+08:00 ] 127.0.0.1 /head.html
INFO: [ app_init ] --START--
INFO: Run Behavior\BuildLiteBehavior [ RunTime:0.000038s ]
INFO: [ app_init ] --END-- [ RunTime:0.000563s ]
ERR: 无法加载模块:Head

[ 2016-05-09T00:40:43+08:00 ] 127.0.0.1 /left.html
INFO: [ app_init ] --START--
INFO: Run Behavior\BuildLiteBehavior [ RunTime:0.000037s ]
INFO: [ app_init ] --END-- [ RunTime:0.000548s ]
ERR: 无法加载模块:Left

[ 2016-05-09T00:40:43+08:00 ] 127.0.0.1 /right.html
INFO: [ app_init ] --START--
INFO: Run Behavior\BuildLiteBehavior [ RunTime:0.000039s ]
INFO: [ app_init ] --END-- [ RunTime:0.000608s ]
ERR: 无法加载模块:Right

[ 2016-05-09T00:40:43+08:00 ] 127.0.0.1 /left.html
INFO: [ app_init ] --START--
INFO: Run Behavior\BuildLiteBehavior [ RunTime:0.000036s ]
INFO: [ app_init ] --END-- [ RunTime:0.000544s ]
ERR: 无法加载模块:Left

[ 2016-05-09T00:40:43+08:00 ] 127.0.0.1 /head.html
INFO: [ app_init ] --START--
INFO: Run Behavior\BuildLiteBehavior [ RunTime:0.000035s ]
INFO: [ app_init ] --END-- [ RunTime:0.000581s ]
ERR: 无法加载模块:Head

[ 2016-05-09T00:40:43+08:00 ] 127.0.0.1 /right.html
INFO: [ app_init ] --START--
INFO: Run Behavior\BuildLiteBehavior [ RunTime:0.000043s ]
INFO: [ app_init ] --END-- [ RunTime:0.000572s ]
ERR: 无法加载模块:Right

[ 2016-05-09T00:40:43+08:00 ] 127.0.0.1 /head.html
INFO: [ app_init ] --START--
INFO: Run Behavior\BuildLiteBehavior [ RunTime:0.000039s ]
INFO: [ app_init ] --END-- [ RunTime:0.000596s ]
ERR: 无法加载模块:Head

[ 2016-05-09T00:40:43+08:00 ] 127.0.0.1 /left.html
INFO: [ app_init ] --START--
INFO: Run Behavior\BuildLiteBehavior [ RunTime:0.000038s ]
INFO: [ app_init ] --END-- [ RunTime:0.000546s ]
ERR: 无法加载模块:Left

[ 2016-05-09T00:40:43+08:00 ] 127.0.0.1 /right.html
INFO: [ app_init ] --START--
INFO: Run Behavior\BuildLiteBehavior [ RunTime:0.000044s ]
INFO: [ app_init ] --END-- [ RunTime:0.000794s ]
ERR: 无法加载模块:Right

[ 2016-05-09T00:41:08+08:00 ] 127.0.0.1 /head.html
INFO: [ app_init ] --START--
INFO: Run Behavior\BuildLiteBehavior [ RunTime:0.000039s ]
INFO: [ app_init ] --END-- [ RunTime:0.000569s ]
ERR: 无法加载模块:Head

[ 2016-05-09T00:41:08+08:00 ] 127.0.0.1 /left.html
INFO: [ app_init ] --START--
INFO: Run Behavior\BuildLiteBehavior [ RunTime:0.000024s ]
INFO: [ app_init ] --END-- [ RunTime:0.000418s ]
ERR: 无法加载模块:Left

[ 2016-05-09T00:41:08+08:00 ] 127.0.0.1 /right.html
INFO: [ app_init ] --START--
INFO: Run Behavior\BuildLiteBehavior [ RunTime:0.000035s ]
INFO: [ app_init ] --END-- [ RunTime:0.000637s ]
ERR: 无法加载模块:Right

[ 2016-05-09T00:41:09+08:00 ] 127.0.0.1 /head.html
INFO: [ app_init ] --START--
INFO: Run Behavior\BuildLiteBehavior [ RunTime:0.000040s ]
INFO: [ app_init ] --END-- [ RunTime:0.000608s ]
ERR: 无法加载模块:Head

[ 2016-05-09T00:41:09+08:00 ] 127.0.0.1 /right.html
INFO: [ app_init ] --START--
INFO: Run Behavior\BuildLiteBehavior [ RunTime:0.000040s ]
INFO: [ app_init ] --END-- [ RunTime:0.000585s ]
ERR: 无法加载模块:Right

[ 2016-05-09T00:41:09+08:00 ] 127.0.0.1 /left.html
INFO: [ app_init ] --START--
INFO: Run Behavior\BuildLiteBehavior [ RunTime:0.000039s ]
INFO: [ app_init ] --END-- [ RunTime:0.000624s ]
ERR: 无法加载模块:Left

[ 2016-05-09T00:41:09+08:00 ] 127.0.0.1 /head.html
INFO: [ app_init ] --START--
INFO: Run Behavior\BuildLiteBehavior [ RunTime:0.000040s ]
INFO: [ app_init ] --END-- [ RunTime:0.000611s ]
ERR: 无法加载模块:Head

[ 2016-05-09T00:41:09+08:00 ] 127.0.0.1 /left.html
INFO: [ app_init ] --START--
INFO: Run Behavior\BuildLiteBehavior [ RunTime:0.000038s ]
INFO: [ app_init ] --END-- [ RunTime:0.000520s ]
ERR: 无法加载模块:Left

[ 2016-05-09T00:41:09+08:00 ] 127.0.0.1 /right.html
INFO: [ app_init ] --START--
INFO: Run Behavior\BuildLiteBehavior [ RunTime:0.000042s ]
INFO: [ app_init ] --END-- [ RunTime:0.000583s ]
ERR: 无法加载模块:Right

[ 2016-05-09T00:42:08+08:00 ] 127.0.0.1 /right.html
INFO: [ app_init ] --START--
INFO: Run Behavior\BuildLiteBehavior [ RunTime:0.000024s ]
INFO: [ app_init ] --END-- [ RunTime:0.000375s ]
ERR: 无法加载模块:Right

[ 2016-05-09T00:42:08+08:00 ] 127.0.0.1 /head.html
INFO: [ app_init ] --START--
INFO: Run Behavior\BuildLiteBehavior [ RunTime:0.000051s ]
INFO: [ app_init ] --END-- [ RunTime:0.000564s ]
ERR: 无法加载模块:Head

[ 2016-05-09T00:42:08+08:00 ] 127.0.0.1 /left.html
INFO: [ app_init ] --START--
INFO: Run Behavior\BuildLiteBehavior [ RunTime:0.000044s ]
INFO: [ app_init ] --END-- [ RunTime:0.000825s ]
ERR: 无法加载模块:Left

[ 2016-05-09T00:42:09+08:00 ] 127.0.0.1 /head.html
INFO: [ app_init ] --START--
INFO: Run Behavior\BuildLiteBehavior [ RunTime:0.000024s ]
INFO: [ app_init ] --END-- [ RunTime:0.000380s ]
ERR: 无法加载模块:Head

[ 2016-05-09T00:42:09+08:00 ] 127.0.0.1 /right.html
INFO: [ app_init ] --START--
INFO: Run Behavior\BuildLiteBehavior [ RunTime:0.000027s ]
INFO: [ app_init ] --END-- [ RunTime:0.000383s ]
ERR: 无法加载模块:Right

[ 2016-05-09T00:42:09+08:00 ] 127.0.0.1 /left.html
INFO: [ app_init ] --START--
INFO: Run Behavior\BuildLiteBehavior [ RunTime:0.000042s ]
INFO: [ app_init ] --END-- [ RunTime:0.000743s ]
ERR: 无法加载模块:Left

[ 2016-05-09T00:42:09+08:00 ] 127.0.0.1 /head.html
INFO: [ app_init ] --START--
INFO: Run Behavior\BuildLiteBehavior [ RunTime:0.000025s ]
INFO: [ app_init ] --END-- [ RunTime:0.000385s ]
ERR: 无法加载模块:Head

[ 2016-05-09T00:42:09+08:00 ] 127.0.0.1 /left.html
INFO: [ app_init ] --START--
INFO: Run Behavior\BuildLiteBehavior [ RunTime:0.000046s ]
INFO: [ app_init ] --END-- [ RunTime:0.000621s ]
ERR: 无法加载模块:Left

[ 2016-05-09T00:42:09+08:00 ] 127.0.0.1 /right.html
INFO: [ app_init ] --START--
INFO: Run Behavior\BuildLiteBehavior [ RunTime:0.000026s ]
INFO: [ app_init ] --END-- [ RunTime:0.000375s ]
ERR: 无法加载模块:Right

[ 2016-05-09T00:42:09+08:00 ] 127.0.0.1 /left.html
INFO: [ app_init ] --START--
INFO: Run Behavior\BuildLiteBehavior [ RunTime:0.000046s ]
INFO: [ app_init ] --END-- [ RunTime:0.000577s ]
ERR: 无法加载模块:Left

[ 2016-05-09T00:42:09+08:00 ] 127.0.0.1 /head.html
INFO: [ app_init ] --START--
INFO: Run Behavior\BuildLiteBehavior [ RunTime:0.000044s ]
INFO: [ app_init ] --END-- [ RunTime:0.000784s ]
ERR: 无法加载模块:Head

[ 2016-05-09T00:42:09+08:00 ] 127.0.0.1 /right.html
INFO: [ app_init ] --START--
INFO: Run Behavior\BuildLiteBehavior [ RunTime:0.000043s ]
INFO: [ app_init ] --END-- [ RunTime:0.000625s ]
ERR: 无法加载模块:Right

[ 2016-05-09T00:42:10+08:00 ] 127.0.0.1 /left.html
INFO: [ app_init ] --START--
INFO: Run Behavior\BuildLiteBehavior [ RunTime:0.000041s ]
INFO: [ app_init ] --END-- [ RunTime:0.000673s ]
ERR: 无法加载模块:Left

[ 2016-05-09T00:42:10+08:00 ] 127.0.0.1 /right.html
INFO: [ app_init ] --START--
INFO: Run Behavior\BuildLiteBehavior [ RunTime:0.000041s ]
INFO: [ app_init ] --END-- [ RunTime:0.000644s ]
ERR: 无法加载模块:Right

[ 2016-05-09T00:42:10+08:00 ] 127.0.0.1 /head.html
INFO: [ app_init ] --START--
INFO: Run Behavior\BuildLiteBehavior [ RunTime:0.000040s ]
INFO: [ app_init ] --END-- [ RunTime:0.000641s ]
ERR: 无法加载模块:Head

[ 2016-05-09T00:44:14+08:00 ] 127.0.0.1 /index.php/head.html
INFO: [ app_init ] --START--
INFO: Run Behavior\BuildLiteBehavior [ RunTime:0.000041s ]
INFO: [ app_init ] --END-- [ RunTime:0.000644s ]
ERR: 无法加载模块:Head

[ 2016-05-09T00:44:14+08:00 ] 127.0.0.1 /index.php/left.html
INFO: [ app_init ] --START--
INFO: Run Behavior\BuildLiteBehavior [ RunTime:0.000047s ]
INFO: [ app_init ] --END-- [ RunTime:0.000796s ]
ERR: 无法加载模块:Left

[ 2016-05-09T00:44:14+08:00 ] 127.0.0.1 /index.php/right.html
INFO: [ app_init ] --START--
INFO: Run Behavior\BuildLiteBehavior [ RunTime:0.000040s ]
INFO: [ app_init ] --END-- [ RunTime:0.001174s ]
ERR: 无法加载模块:Right

[ 2016-05-09T00:44:18+08:00 ] 127.0.0.1 /left.html
INFO: [ app_init ] --START--
INFO: Run Behavior\BuildLiteBehavior [ RunTime:0.000023s ]
INFO: [ app_init ] --END-- [ RunTime:0.000352s ]
ERR: 无法加载模块:Left

[ 2016-05-09T00:44:18+08:00 ] 127.0.0.1 /head.html
INFO: [ app_init ] --START--
INFO: Run Behavior\BuildLiteBehavior [ RunTime:0.000030s ]
INFO: [ app_init ] --END-- [ RunTime:0.000450s ]
ERR: 无法加载模块:Head

[ 2016-05-09T00:44:18+08:00 ] 127.0.0.1 /right.html
INFO: [ app_init ] --START--
INFO: Run Behavior\BuildLiteBehavior [ RunTime:0.000025s ]
INFO: [ app_init ] --END-- [ RunTime:0.000369s ]
ERR: 无法加载模块:Right

[ 2016-05-09T00:49:41+08:00 ] 127.0.0.1 /head.html
INFO: [ app_init ] --START--
INFO: Run Behavior\BuildLiteBehavior [ RunTime:0.000028s ]
INFO: [ app_init ] --END-- [ RunTime:0.000520s ]
ERR: 无法加载模块:Head

[ 2016-05-09T00:49:41+08:00 ] 127.0.0.1 /left.html
INFO: [ app_init ] --START--
INFO: Run Behavior\BuildLiteBehavior [ RunTime:0.000030s ]
INFO: [ app_init ] --END-- [ RunTime:0.000516s ]
ERR: 无法加载模块:Left

[ 2016-05-09T00:49:41+08:00 ] 127.0.0.1 /right.html
INFO: [ app_init ] --START--
INFO: Run Behavior\BuildLiteBehavior [ RunTime:0.000024s ]
INFO: [ app_init ] --END-- [ RunTime:0.000429s ]
ERR: 无法加载模块:Right

[ 2016-05-09T01:00:31+08:00 ] 127.0.0.1 /head.html
ERR: 无法加载模块:Head

[ 2016-05-09T01:00:31+08:00 ] 127.0.0.1 /left.html
ERR: 无法加载模块:Left

[ 2016-05-09T01:00:31+08:00 ] 127.0.0.1 /right.html
ERR: 无法加载模块:Right

[ 2016-05-09T01:11:07+08:00 ] 127.0.0.1 /head.html
ERR: 无法加载模块:Head

[ 2016-05-09T01:11:07+08:00 ] 127.0.0.1 /U('left')
ERR: 无法加载模块:U('left')

[ 2016-05-09T01:11:07+08:00 ] 127.0.0.1 /U('right')
ERR: 无法加载模块:U('right')

[ 2016-05-09T01:11:08+08:00 ] 127.0.0.1 /head.html
ERR: 无法加载模块:Head

[ 2016-05-09T01:11:08+08:00 ] 127.0.0.1 /U('left')
ERR: 无法加载模块:U('left')

[ 2016-05-09T01:11:08+08:00 ] 127.0.0.1 /U('right')
ERR: 无法加载模块:U('right')

[ 2016-05-09T01:11:23+08:00 ] 127.0.0.1 /U('head')
ERR: 无法加载模块:U('head')

[ 2016-05-09T01:11:23+08:00 ] 127.0.0.1 /U('left')
ERR: 无法加载模块:U('left')

[ 2016-05-09T01:11:23+08:00 ] 127.0.0.1 /U('right')
ERR: 无法加载模块:U('right')

[ 2016-05-09T01:11:24+08:00 ] 127.0.0.1 /U('left')
ERR: 无法加载模块:U('left')

[ 2016-05-09T01:11:24+08:00 ] 127.0.0.1 /U('head')
ERR: 无法加载模块:U('head')

[ 2016-05-09T01:11:24+08:00 ] 127.0.0.1 /U('right')
ERR: 无法加载模块:U('right')

[ 2016-05-09T01:11:24+08:00 ] 127.0.0.1 /U('head')
ERR: 无法加载模块:U('head')

[ 2016-05-09T01:11:24+08:00 ] 127.0.0.1 /U('right')
ERR: 无法加载模块:U('right')

[ 2016-05-09T01:11:24+08:00 ] 127.0.0.1 /U('left')
ERR: 无法加载模块:U('left')

[ 2016-05-09T01:14:28+08:00 ] 127.0.0.1 /U('Index/head')
ERR: 无法加载模块:U('Index

[ 2016-05-09T01:14:28+08:00 ] 127.0.0.1 /U('Index/left')
ERR: 无法加载模块:U('Index

[ 2016-05-09T01:14:28+08:00 ] 127.0.0.1 /U('Index/right')
ERR: 无法加载模块:U('Index

[ 2016-05-09T01:14:29+08:00 ] 127.0.0.1 /U('Index/head')
ERR: 无法加载模块:U('Index

[ 2016-05-09T01:14:29+08:00 ] 127.0.0.1 /U('Index/right')
ERR: 无法加载模块:U('Index

[ 2016-05-09T01:14:29+08:00 ] 127.0.0.1 /U('Index/left')
ERR: 无法加载模块:U('Index

[ 2016-05-09T01:14:29+08:00 ] 127.0.0.1 /U('Index/right')
ERR: 无法加载模块:U('Index

[ 2016-05-09T01:14:29+08:00 ] 127.0.0.1 /U('Index/left')
ERR: 无法加载模块:U('Index

[ 2016-05-09T01:14:29+08:00 ] 127.0.0.1 /U('Index/head')
ERR: 无法加载模块:U('Index

[ 2016-05-09T01:35:47+08:00 ] 127.0.0.1 /Index/head.html
INFO: [ app_init ] --START--
INFO: Run Behavior\BuildLiteBehavior [ RunTime:0.000036s ]
INFO: [ app_init ] --END-- [ RunTime:0.000557s ]
ERR: 无法加载模块:Index

[ 2016-05-09T01:35:47+08:00 ] 127.0.0.1 /Index/left.html
INFO: [ app_init ] --START--
INFO: Run Behavior\BuildLiteBehavior [ RunTime:0.000039s ]
INFO: [ app_init ] --END-- [ RunTime:0.000617s ]
ERR: 无法加载模块:Index

[ 2016-05-09T01:35:47+08:00 ] 127.0.0.1 /Index/right.html
INFO: [ app_init ] --START--
INFO: Run Behavior\BuildLiteBehavior [ RunTime:0.000047s ]
INFO: [ app_init ] --END-- [ RunTime:0.000829s ]
ERR: 无法加载模块:Index

[ 2016-05-09T01:35:48+08:00 ] 127.0.0.1 /Index/left.html
INFO: [ app_init ] --START--
INFO: Run Behavior\BuildLiteBehavior [ RunTime:0.000027s ]
INFO: [ app_init ] --END-- [ RunTime:0.000388s ]
ERR: 无法加载模块:Index

[ 2016-05-09T01:35:48+08:00 ] 127.0.0.1 /Index/head.html
INFO: [ app_init ] --START--
INFO: Run Behavior\BuildLiteBehavior [ RunTime:0.000026s ]
INFO: [ app_init ] --END-- [ RunTime:0.000415s ]
ERR: 无法加载模块:Index

[ 2016-05-09T01:35:48+08:00 ] 127.0.0.1 /Index/right.html
INFO: [ app_init ] --START--
INFO: Run Behavior\BuildLiteBehavior [ RunTime:0.000040s ]
INFO: [ app_init ] --END-- [ RunTime:0.000657s ]
ERR: 无法加载模块:Index

[ 2016-05-09T01:36:03+08:00 ] 127.0.0.1 /Index/head.html
INFO: [ app_init ] --START--
INFO: Run Behavior\BuildLiteBehavior [ RunTime:0.000041s ]
INFO: [ app_init ] --END-- [ RunTime:0.000586s ]
ERR: 无法加载模块:Index

[ 2016-05-09T01:36:03+08:00 ] 127.0.0.1 /Index/left.html
INFO: [ app_init ] --START--
INFO: Run Behavior\BuildLiteBehavior [ RunTime:0.000037s ]
INFO: [ app_init ] --END-- [ RunTime:0.000590s ]
ERR: 无法加载模块:Index

[ 2016-05-09T01:36:03+08:00 ] 127.0.0.1 /Index/right.html
INFO: [ app_init ] --START--
INFO: Run Behavior\BuildLiteBehavior [ RunTime:0.000045s ]
INFO: [ app_init ] --END-- [ RunTime:0.000854s ]
ERR: 无法加载模块:Index

[ 2016-05-09T01:36:04+08:00 ] 127.0.0.1 /Index/right.html
INFO: [ app_init ] --START--
INFO: Run Behavior\BuildLiteBehavior [ RunTime:0.000026s ]
INFO: [ app_init ] --END-- [ RunTime:0.000398s ]
ERR: 无法加载模块:Index

[ 2016-05-09T01:36:04+08:00 ] 127.0.0.1 /Index/left.html
INFO: [ app_init ] --START--
INFO: Run Behavior\BuildLiteBehavior [ RunTime:0.000027s ]
INFO: [ app_init ] --END-- [ RunTime:0.000437s ]
ERR: 无法加载模块:Index

[ 2016-05-09T01:36:04+08:00 ] 127.0.0.1 /Index/head.html
INFO: [ app_init ] --START--
INFO: Run Behavior\BuildLiteBehavior [ RunTime:0.000162s ]
INFO: [ app_init ] --END-- [ RunTime:0.000829s ]
ERR: 无法加载模块:Index

[ 2016-05-09T01:36:04+08:00 ] 127.0.0.1 /Index/left.html
INFO: [ app_init ] --START--
INFO: Run Behavior\BuildLiteBehavior [ RunTime:0.000035s ]
INFO: [ app_init ] --END-- [ RunTime:0.000557s ]
ERR: 无法加载模块:Index

[ 2016-05-09T01:36:04+08:00 ] 127.0.0.1 /Index/head.html
INFO: [ app_init ] --START--
INFO: Run Behavior\BuildLiteBehavior [ RunTime:0.000035s ]
INFO: [ app_init ] --END-- [ RunTime:0.000592s ]
ERR: 无法加载模块:Index

[ 2016-05-09T01:36:04+08:00 ] 127.0.0.1 /Index/right.html
INFO: [ app_init ] --START--
INFO: Run Behavior\BuildLiteBehavior [ RunTime:0.000044s ]
INFO: [ app_init ] --END-- [ RunTime:0.000763s ]
ERR: 无法加载模块:Index

[ 2016-05-09T01:36:52+08:00 ] 127.0.0.1 /Index/head
INFO: [ app_init ] --START--
INFO: Run Behavior\BuildLiteBehavior [ RunTime:0.000042s ]
INFO: [ app_init ] --END-- [ RunTime:0.000605s ]
ERR: 无法加载模块:Index

[ 2016-05-09T01:36:52+08:00 ] 127.0.0.1 /Index/left
INFO: [ app_init ] --START--
INFO: Run Behavior\BuildLiteBehavior [ RunTime:0.000028s ]
INFO: [ app_init ] --END-- [ RunTime:0.000624s ]
ERR: 无法加载模块:Index

[ 2016-05-09T01:36:52+08:00 ] 127.0.0.1 /Index/right
INFO: [ app_init ] --START--
INFO: Run Behavior\BuildLiteBehavior [ RunTime:0.000038s ]
INFO: [ app_init ] --END-- [ RunTime:0.000600s ]
ERR: 无法加载模块:Index

[ 2016-05-09T01:37:06+08:00 ] 127.0.0.1 /Index/head
INFO: [ app_init ] --START--
INFO: Run Behavior\BuildLiteBehavior [ RunTime:0.000048s ]
INFO: [ app_init ] --END-- [ RunTime:0.000783s ]
ERR: 无法加载模块:Index

[ 2016-05-09T01:37:06+08:00 ] 127.0.0.1 /Index/left
INFO: [ app_init ] --START--
INFO: Run Behavior\BuildLiteBehavior [ RunTime:0.000044s ]
INFO: [ app_init ] --END-- [ RunTime:0.000714s ]
ERR: 无法加载模块:Index

[ 2016-05-09T01:37:06+08:00 ] 127.0.0.1 /Index/right
INFO: [ app_init ] --START--
INFO: Run Behavior\BuildLiteBehavior [ RunTime:0.000044s ]
INFO: [ app_init ] --END-- [ RunTime:0.000661s ]
ERR: 无法加载模块:Index

[ 2016-05-09T01:37:08+08:00 ] 127.0.0.1 /Index/head
INFO: [ app_init ] --START--
INFO: Run Behavior\BuildLiteBehavior [ RunTime:0.000042s ]
INFO: [ app_init ] --END-- [ RunTime:0.000596s ]
ERR: 无法加载模块:Index

[ 2016-05-09T01:37:08+08:00 ] 127.0.0.1 /Index/left
INFO: [ app_init ] --START--
INFO: Run Behavior\BuildLiteBehavior [ RunTime:0.000043s ]
INFO: [ app_init ] --END-- [ RunTime:0.000645s ]
ERR: 无法加载模块:Index

[ 2016-05-09T01:37:08+08:00 ] 127.0.0.1 /Index/right
INFO: [ app_init ] --START--
INFO: Run Behavior\BuildLiteBehavior [ RunTime:0.000045s ]
INFO: [ app_init ] --END-- [ RunTime:0.000724s ]
ERR: 无法加载模块:Index

[ 2016-05-09T21:11:18+08:00 ] 127.0.0.1 /favicon.ico
INFO: [ app_init ] --START--
INFO: Run Behavior\BuildLiteBehavior [ RunTime:0.000048s ]
INFO: [ app_init ] --END-- [ RunTime:0.000806s ]
ERR: 无法加载模块:Favicon

[ 2016-05-09T23:41:58+08:00 ] 127.0.0.1 /Application/Admin/Public/css/ADMIN_CSS_URL/admin.css
INFO: [ app_init ] --START--
INFO: Run Behavior\BuildLiteBehavior [ RunTime:0.000039s ]
INFO: [ app_init ] --END-- [ RunTime:0.000734s ]
ERR: 无法加载模块:Application

[ 2016-05-09T23:42:00+08:00 ] 127.0.0.1 /Application/Admin/Public/css/ADMIN_CSS_URL/admin.css
INFO: [ app_init ] --START--
INFO: Run Behavior\BuildLiteBehavior [ RunTime:0.000042s ]
INFO: [ app_init ] --END-- [ RunTime:0.000781s ]
ERR: 无法加载模块:Application

[ 2016-05-09T23:42:00+08:00 ] 127.0.0.1 /Application/Admin/Public/css/ADMIN_CSS_URL/admin.css
INFO: [ app_init ] --START--
INFO: Run Behavior\BuildLiteBehavior [ RunTime:0.000039s ]
INFO: [ app_init ] --END-- [ RunTime:0.000544s ]
ERR: 无法加载模块:Application

