[ 2016-06-04T23:50:24+08:00 ] 127.0.0.1 /Admin/Comment/showlist
INFO: [ app_init ] --START--
INFO: Run Behavior\BuildLiteBehavior [ RunTime:0.000047s ]
INFO: [ app_init ] --END-- [ RunTime:0.000933s ]
INFO: [ app_begin ] --START--
INFO: Run Behavior\ReadHtmlCacheBehavior [ RunTime:0.001174s ]
INFO: [ app_begin ] --END-- [ RunTime:0.001367s ]
SQL: SHOW COLUMNS FROM `cjt_comment` [ RunTime:0.0043s ]
SQL: SELECT COUNT(*) AS tp_count FROM `cjt_comment` LIMIT 1   [ RunTime:0.0005s ]
SQL: SELECT COUNT(*) AS tp_count FROM `cjt_comment` WHERE `status` = 0 LIMIT 1   [ RunTime:0.0003s ]
SQL: SELECT COUNT(*) AS tp_count FROM `cjt_comment` LIMIT 1   [ RunTime:0.0003s ]
SQL: SELECT * FROM `cjt_comment` ORDER BY commenttime DESC LIMIT 0,30   [ RunTime:0.0006s ]
SQL: SHOW COLUMNS FROM `cjt_article` [ RunTime:0.0062s ]
SQL: SELECT * FROM `cjt_article` WHERE ( 1=1 AND id='47' ) LIMIT 1   [ RunTime:0.0007s ]
SQL: SELECT * FROM `cjt_article` WHERE ( 1=1 AND id='47' ) LIMIT 1   [ RunTime:0.0005s ]
SQL: SELECT * FROM `cjt_article` WHERE ( 1=1 AND id='47' ) LIMIT 1   [ RunTime:0.0005s ]
SQL: SELECT * FROM `cjt_article` WHERE ( 1=1 AND id='47' ) LIMIT 1   [ RunTime:0.0009s ]
SQL: SELECT * FROM `cjt_article` WHERE ( 1=1 AND id='178' ) LIMIT 1   [ RunTime:0.0008s ]
SQL: SELECT * FROM `cjt_article` WHERE ( 1=1 AND id='178' ) LIMIT 1   [ RunTime:0.0006s ]
SQL: SELECT * FROM `cjt_article` WHERE ( 1=1 AND id='178' ) LIMIT 1   [ RunTime:0.0007s ]
INFO: [ view_parse ] --START--
INFO: [ template_filter ] --START--
INFO: Run Behavior\ContentReplaceBehavior [ RunTime:0.000223s ]
INFO: [ template_filter ] --END-- [ RunTime:0.000463s ]
INFO: Run Behavior\ParseTemplateBehavior [ RunTime:0.032558s ]
INFO: [ view_parse ] --END-- [ RunTime:0.032761s ]
INFO: [ view_filter ] --START--
INFO: Run Behavior\WriteHtmlCacheBehavior [ RunTime:0.000810s ]
INFO: [ view_filter ] --END-- [ RunTime:0.000986s ]
INFO: [ app_end ] --START--
INFO: Run Behavior\ShowPageTraceBehavior [ RunTime:0.002464s ]
INFO: [ app_end ] --END-- [ RunTime:0.002659s ]

[ 2016-06-04T23:50:39+08:00 ] 127.0.0.1 /Admin/Comment/reviewcomment/commentid/87
INFO: [ app_init ] --START--
INFO: Run Behavior\BuildLiteBehavior [ RunTime:0.000044s ]
INFO: [ app_init ] --END-- [ RunTime:0.000806s ]
INFO: [ app_begin ] --START--
INFO: Run Behavior\ReadHtmlCacheBehavior [ RunTime:0.000836s ]
INFO: [ app_begin ] --END-- [ RunTime:0.000953s ]
SQL: SHOW COLUMNS FROM `cjt_comment` [ RunTime:0.0036s ]
SQL: SELECT COUNT(*) AS tp_count FROM `cjt_comment` LIMIT 1   [ RunTime:0.0005s ]
SQL: SELECT COUNT(*) AS tp_count FROM `cjt_comment` WHERE `status` = 0 LIMIT 1   [ RunTime:0.0004s ]
NOTIC: [8] Undefined index: validate E:\wamp\www\chenjt_website\ThinkPHP\Library\Think\Model.class.php 第 1185 行.
NOTIC: [8] Undefined index: auto E:\wamp\www\chenjt_website\ThinkPHP\Library\Think\Model.class.php 第 1128 行.
SQL: UPDATE `cjt_comment` SET `status`='1' WHERE `commentid` = '87' [ RunTime:0.0013s ]
INFO: [ view_parse ] --START--
INFO: [ template_filter ] --START--
INFO: Run Behavior\ContentReplaceBehavior [ RunTime:0.000096s ]
INFO: [ template_filter ] --END-- [ RunTime:0.000229s ]
INFO: Run Behavior\ParseTemplateBehavior [ RunTime:0.009775s ]
INFO: [ view_parse ] --END-- [ RunTime:0.009908s ]
INFO: [ view_filter ] --START--
INFO: Run Behavior\WriteHtmlCacheBehavior [ RunTime:0.000461s ]
INFO: [ view_filter ] --END-- [ RunTime:0.000578s ]
INFO: [ app_end ] --START--
INFO: Run Behavior\ShowPageTraceBehavior [ RunTime:0.000740s ]
INFO: [ app_end ] --END-- [ RunTime:0.000860s ]

[ 2016-06-04T23:50:40+08:00 ] 127.0.0.1 /Admin/Comment/showlist
INFO: [ app_init ] --START--
INFO: Run Behavior\BuildLiteBehavior [ RunTime:0.000034s ]
INFO: [ app_init ] --END-- [ RunTime:0.001691s ]
INFO: [ app_begin ] --START--
INFO: Run Behavior\ReadHtmlCacheBehavior [ RunTime:0.000910s ]
INFO: [ app_begin ] --END-- [ RunTime:0.001058s ]
SQL: SHOW COLUMNS FROM `cjt_comment` [ RunTime:0.0028s ]
SQL: SELECT COUNT(*) AS tp_count FROM `cjt_comment` LIMIT 1   [ RunTime:0.0003s ]
SQL: SELECT COUNT(*) AS tp_count FROM `cjt_comment` WHERE `status` = 0 LIMIT 1   [ RunTime:0.0003s ]
SQL: SELECT COUNT(*) AS tp_count FROM `cjt_comment` LIMIT 1   [ RunTime:0.0004s ]
SQL: SELECT * FROM `cjt_comment` ORDER BY commenttime DESC LIMIT 0,30   [ RunTime:0.0005s ]
SQL: SHOW COLUMNS FROM `cjt_article` [ RunTime:0.0032s ]
SQL: SELECT * FROM `cjt_article` WHERE ( 1=1 AND id='47' ) LIMIT 1   [ RunTime:0.0005s ]
SQL: SELECT * FROM `cjt_article` WHERE ( 1=1 AND id='47' ) LIMIT 1   [ RunTime:0.0004s ]
SQL: SELECT * FROM `cjt_article` WHERE ( 1=1 AND id='47' ) LIMIT 1   [ RunTime:0.0003s ]
SQL: SELECT * FROM `cjt_article` WHERE ( 1=1 AND id='47' ) LIMIT 1   [ RunTime:0.0005s ]
SQL: SELECT * FROM `cjt_article` WHERE ( 1=1 AND id='178' ) LIMIT 1   [ RunTime:0.0004s ]
SQL: SELECT * FROM `cjt_article` WHERE ( 1=1 AND id='178' ) LIMIT 1   [ RunTime:0.0003s ]
SQL: SELECT * FROM `cjt_article` WHERE ( 1=1 AND id='178' ) LIMIT 1   [ RunTime:0.0003s ]
INFO: [ view_parse ] --START--
INFO: [ template_filter ] --START--
INFO: Run Behavior\ContentReplaceBehavior [ RunTime:0.000191s ]
INFO: [ template_filter ] --END-- [ RunTime:0.000328s ]
INFO: Run Behavior\ParseTemplateBehavior [ RunTime:0.020204s ]
INFO: [ view_parse ] --END-- [ RunTime:0.020342s ]
INFO: [ view_filter ] --START--
INFO: Run Behavior\WriteHtmlCacheBehavior [ RunTime:0.000536s ]
INFO: [ view_filter ] --END-- [ RunTime:0.000623s ]
INFO: [ app_end ] --START--
INFO: Run Behavior\ShowPageTraceBehavior [ RunTime:0.000743s ]
INFO: [ app_end ] --END-- [ RunTime:0.000834s ]

[ 2016-06-04T23:50:53+08:00 ] 127.0.0.1 /Admin/Comment/showlist
INFO: [ app_init ] --START--
INFO: Run Behavior\BuildLiteBehavior [ RunTime:0.000041s ]
INFO: [ app_init ] --END-- [ RunTime:0.000865s ]
INFO: [ app_begin ] --START--
INFO: Run Behavior\ReadHtmlCacheBehavior [ RunTime:0.001181s ]
INFO: [ app_begin ] --END-- [ RunTime:0.001387s ]
SQL: SHOW COLUMNS FROM `cjt_comment` [ RunTime:0.0050s ]
SQL: SELECT COUNT(*) AS tp_count FROM `cjt_comment` LIMIT 1   [ RunTime:0.0009s ]
SQL: SELECT COUNT(*) AS tp_count FROM `cjt_comment` WHERE `status` = 0 LIMIT 1   [ RunTime:0.0005s ]
SQL: SELECT COUNT(*) AS tp_count FROM `cjt_comment` LIMIT 1   [ RunTime:0.0005s ]
SQL: SELECT * FROM `cjt_comment` ORDER BY commenttime DESC LIMIT 0,30   [ RunTime:0.0011s ]
SQL: SHOW COLUMNS FROM `cjt_article` [ RunTime:0.0053s ]
SQL: SELECT * FROM `cjt_article` WHERE ( 1=1 AND id='47' ) LIMIT 1   [ RunTime:0.0008s ]
SQL: SELECT * FROM `cjt_article` WHERE ( 1=1 AND id='47' ) LIMIT 1   [ RunTime:0.0010s ]
SQL: SELECT * FROM `cjt_article` WHERE ( 1=1 AND id='47' ) LIMIT 1   [ RunTime:0.0007s ]
SQL: SELECT * FROM `cjt_article` WHERE ( 1=1 AND id='47' ) LIMIT 1   [ RunTime:0.0008s ]
SQL: SELECT * FROM `cjt_article` WHERE ( 1=1 AND id='47' ) LIMIT 1   [ RunTime:0.0006s ]
SQL: SELECT * FROM `cjt_article` WHERE ( 1=1 AND id='178' ) LIMIT 1   [ RunTime:0.0011s ]
SQL: SELECT * FROM `cjt_article` WHERE ( 1=1 AND id='178' ) LIMIT 1   [ RunTime:0.0008s ]
SQL: SELECT * FROM `cjt_article` WHERE ( 1=1 AND id='178' ) LIMIT 1   [ RunTime:0.0010s ]
INFO: [ view_parse ] --START--
INFO: [ template_filter ] --START--
INFO: Run Behavior\ContentReplaceBehavior [ RunTime:0.000201s ]
INFO: [ template_filter ] --END-- [ RunTime:0.000474s ]
INFO: Run Behavior\ParseTemplateBehavior [ RunTime:0.035101s ]
INFO: [ view_parse ] --END-- [ RunTime:0.035314s ]
INFO: [ view_filter ] --START--
INFO: Run Behavior\WriteHtmlCacheBehavior [ RunTime:0.000888s ]
INFO: [ view_filter ] --END-- [ RunTime:0.001100s ]
INFO: [ app_end ] --START--
INFO: Run Behavior\ShowPageTraceBehavior [ RunTime:0.001330s ]
INFO: [ app_end ] --END-- [ RunTime:0.001553s ]

[ 2016-06-04T23:51:09+08:00 ] 127.0.0.1 /Admin/Article/showlist
INFO: [ app_init ] --START--
INFO: Run Behavior\BuildLiteBehavior [ RunTime:0.000032s ]
INFO: [ app_init ] --END-- [ RunTime:0.000656s ]
INFO: [ app_begin ] --START--
INFO: Run Behavior\ReadHtmlCacheBehavior [ RunTime:0.001296s ]
INFO: [ app_begin ] --END-- [ RunTime:0.001528s ]
SQL: SHOW COLUMNS FROM `cjt_comment` [ RunTime:0.0038s ]
SQL: SELECT COUNT(*) AS tp_count FROM `cjt_comment` LIMIT 1   [ RunTime:0.0005s ]
SQL: SELECT COUNT(*) AS tp_count FROM `cjt_comment` WHERE `status` = 0 LIMIT 1   [ RunTime:0.0004s ]
SQL: SHOW COLUMNS FROM `cjt_article` [ RunTime:0.0039s ]
SQL: SELECT COUNT(*) AS tp_count FROM `cjt_article` LIMIT 1   [ RunTime:0.0004s ]
SQL: SELECT COUNT(*) AS tp_count FROM `cjt_article` LIMIT 1   [ RunTime:0.0005s ]
SQL: SELECT * FROM `cjt_article` ORDER BY lastmodifytime DESC LIMIT 0,10   [ RunTime:0.0013s ]
SQL: SHOW COLUMNS FROM `cjt_sort` [ RunTime:0.0045s ]
SQL: SELECT * FROM `cjt_sort` WHERE ( 1=1 AND sortid='1' ) LIMIT 1   [ RunTime:0.0004s ]
SQL: SHOW COLUMNS FROM `cjt_tag` [ RunTime:0.0046s ]
NOTIC: [8] Undefined index: mapping_order E:\wamp\www\chenjt_website\ThinkPHP\Library\Think\Model\RelationModel.class.php 第 186 行.
NOTIC: [8] Undefined index: mapping_limit E:\wamp\www\chenjt_website\ThinkPHP\Library\Think\Model\RelationModel.class.php 第 187 行.
SQL: SELECT b.* FROM cjt_articletag AS a, cjt_tag AS b WHERE a.tagid = b.tagid AND a. articleid='178' [ RunTime:0.0006s ]
SQL: SELECT * FROM `cjt_comment` WHERE ( 1=1 AND articleid='178' )  [ RunTime:0.0005s ]
SQL: SELECT * FROM `cjt_sort` WHERE ( 1=1 AND sortid='10' ) LIMIT 1   [ RunTime:0.0005s ]
NOTIC: [8] Undefined index: mapping_order E:\wamp\www\chenjt_website\ThinkPHP\Library\Think\Model\RelationModel.class.php 第 186 行.
NOTIC: [8] Undefined index: mapping_limit E:\wamp\www\chenjt_website\ThinkPHP\Library\Think\Model\RelationModel.class.php 第 187 行.
SQL: SELECT b.* FROM cjt_articletag AS a, cjt_tag AS b WHERE a.tagid = b.tagid AND a. articleid='171' [ RunTime:0.0006s ]
SQL: SELECT * FROM `cjt_comment` WHERE ( 1=1 AND articleid='171' )  [ RunTime:0.0005s ]
SQL: SELECT * FROM `cjt_sort` WHERE ( 1=1 AND sortid='1' ) LIMIT 1   [ RunTime:0.0005s ]
NOTIC: [8] Undefined index: mapping_order E:\wamp\www\chenjt_website\ThinkPHP\Library\Think\Model\RelationModel.class.php 第 186 行.
NOTIC: [8] Undefined index: mapping_limit E:\wamp\www\chenjt_website\ThinkPHP\Library\Think\Model\RelationModel.class.php 第 187 行.
SQL: SELECT b.* FROM cjt_articletag AS a, cjt_tag AS b WHERE a.tagid = b.tagid AND a. articleid='170' [ RunTime:0.0005s ]
SQL: SELECT * FROM `cjt_comment` WHERE ( 1=1 AND articleid='170' )  [ RunTime:0.0005s ]
SQL: SELECT * FROM `cjt_sort` WHERE ( 1=1 AND sortid='1' ) LIMIT 1   [ RunTime:0.0012s ]
NOTIC: [8] Undefined index: mapping_order E:\wamp\www\chenjt_website\ThinkPHP\Library\Think\Model\RelationModel.class.php 第 186 行.
NOTIC: [8] Undefined index: mapping_limit E:\wamp\www\chenjt_website\ThinkPHP\Library\Think\Model\RelationModel.class.php 第 187 行.
SQL: SELECT b.* FROM cjt_articletag AS a, cjt_tag AS b WHERE a.tagid = b.tagid AND a. articleid='168' [ RunTime:0.0006s ]
SQL: SELECT * FROM `cjt_comment` WHERE ( 1=1 AND articleid='168' )  [ RunTime:0.0006s ]
SQL: SELECT * FROM `cjt_sort` WHERE ( 1=1 AND sortid='12' ) LIMIT 1   [ RunTime:0.0004s ]
NOTIC: [8] Undefined index: mapping_order E:\wamp\www\chenjt_website\ThinkPHP\Library\Think\Model\RelationModel.class.php 第 186 行.
NOTIC: [8] Undefined index: mapping_limit E:\wamp\www\chenjt_website\ThinkPHP\Library\Think\Model\RelationModel.class.php 第 187 行.
SQL: SELECT b.* FROM cjt_articletag AS a, cjt_tag AS b WHERE a.tagid = b.tagid AND a. articleid='56' [ RunTime:0.0007s ]
SQL: SELECT * FROM `cjt_comment` WHERE ( 1=1 AND articleid='56' )  [ RunTime:0.0006s ]
SQL: SELECT * FROM `cjt_sort` WHERE ( 1=1 AND sortid='14' ) LIMIT 1   [ RunTime:0.0005s ]
NOTIC: [8] Undefined index: mapping_order E:\wamp\www\chenjt_website\ThinkPHP\Library\Think\Model\RelationModel.class.php 第 186 行.
NOTIC: [8] Undefined index: mapping_limit E:\wamp\www\chenjt_website\ThinkPHP\Library\Think\Model\RelationModel.class.php 第 187 行.
SQL: SELECT b.* FROM cjt_articletag AS a, cjt_tag AS b WHERE a.tagid = b.tagid AND a. articleid='43' [ RunTime:0.0008s ]
SQL: SELECT * FROM `cjt_comment` WHERE ( 1=1 AND articleid='43' )  [ RunTime:0.0005s ]
SQL: SELECT * FROM `cjt_sort` WHERE ( 1=1 AND sortid='11' ) LIMIT 1   [ RunTime:0.0005s ]
NOTIC: [8] Undefined index: mapping_order E:\wamp\www\chenjt_website\ThinkPHP\Library\Think\Model\RelationModel.class.php 第 186 行.
NOTIC: [8] Undefined index: mapping_limit E:\wamp\www\chenjt_website\ThinkPHP\Library\Think\Model\RelationModel.class.php 第 187 行.
SQL: SELECT b.* FROM cjt_articletag AS a, cjt_tag AS b WHERE a.tagid = b.tagid AND a. articleid='47' [ RunTime:0.0007s ]
SQL: SELECT * FROM `cjt_comment` WHERE ( 1=1 AND articleid='47' )  [ RunTime:0.0005s ]
SQL: SELECT * FROM `cjt_sort` WHERE ( 1=1 AND sortid='1' ) LIMIT 1   [ RunTime:0.0005s ]
NOTIC: [8] Undefined index: mapping_order E:\wamp\www\chenjt_website\ThinkPHP\Library\Think\Model\RelationModel.class.php 第 186 行.
NOTIC: [8] Undefined index: mapping_limit E:\wamp\www\chenjt_website\ThinkPHP\Library\Think\Model\RelationModel.class.php 第 187 行.
SQL: SELECT b.* FROM cjt_articletag AS a, cjt_tag AS b WHERE a.tagid = b.tagid AND a. articleid='52' [ RunTime:0.0006s ]
SQL: SELECT * FROM `cjt_comment` WHERE ( 1=1 AND articleid='52' )  [ RunTime:0.0004s ]
SQL: SELECT * FROM `cjt_sort` WHERE ( 1=1 AND sortid='10' ) LIMIT 1   [ RunTime:0.0003s ]
NOTIC: [8] Undefined index: mapping_order E:\wamp\www\chenjt_website\ThinkPHP\Library\Think\Model\RelationModel.class.php 第 186 行.
NOTIC: [8] Undefined index: mapping_limit E:\wamp\www\chenjt_website\ThinkPHP\Library\Think\Model\RelationModel.class.php 第 187 行.
SQL: SELECT b.* FROM cjt_articletag AS a, cjt_tag AS b WHERE a.tagid = b.tagid AND a. articleid='169' [ RunTime:0.0004s ]
SQL: SELECT * FROM `cjt_comment` WHERE ( 1=1 AND articleid='169' )  [ RunTime:0.0004s ]
SQL: SELECT * FROM `cjt_sort` WHERE ( 1=1 AND sortid='10' ) LIMIT 1   [ RunTime:0.0003s ]
NOTIC: [8] Undefined index: mapping_order E:\wamp\www\chenjt_website\ThinkPHP\Library\Think\Model\RelationModel.class.php 第 186 行.
NOTIC: [8] Undefined index: mapping_limit E:\wamp\www\chenjt_website\ThinkPHP\Library\Think\Model\RelationModel.class.php 第 187 行.
SQL: SELECT b.* FROM cjt_articletag AS a, cjt_tag AS b WHERE a.tagid = b.tagid AND a. articleid='166' [ RunTime:0.0004s ]
SQL: SELECT * FROM `cjt_comment` WHERE ( 1=1 AND articleid='166' )  [ RunTime:0.0004s ]
SQL: SELECT COUNT(*) AS tp_count FROM `cjt_comment` WHERE `articleid` = 178 LIMIT 1   [ RunTime:0.0004s ]
SQL: SELECT COUNT(*) AS tp_count FROM `cjt_comment` WHERE `articleid` = 178 AND `status` = 0 LIMIT 1   [ RunTime:0.0006s ]
SQL: SELECT COUNT(*) AS tp_count FROM `cjt_comment` WHERE `articleid` = 171 LIMIT 1   [ RunTime:0.0004s ]
SQL: SELECT COUNT(*) AS tp_count FROM `cjt_comment` WHERE `articleid` = 171 AND `status` = 0 LIMIT 1   [ RunTime:0.0004s ]
SQL: SELECT COUNT(*) AS tp_count FROM `cjt_comment` WHERE `articleid` = 170 LIMIT 1   [ RunTime:0.0007s ]
SQL: SELECT COUNT(*) AS tp_count FROM `cjt_comment` WHERE `articleid` = 170 AND `status` = 0 LIMIT 1   [ RunTime:0.0003s ]
SQL: SELECT COUNT(*) AS tp_count FROM `cjt_comment` WHERE `articleid` = 168 LIMIT 1   [ RunTime:0.0004s ]
SQL: SELECT COUNT(*) AS tp_count FROM `cjt_comment` WHERE `articleid` = 168 AND `status` = 0 LIMIT 1   [ RunTime:0.0005s ]
SQL: SELECT COUNT(*) AS tp_count FROM `cjt_comment` WHERE `articleid` = 56 LIMIT 1   [ RunTime:0.0005s ]
SQL: SELECT COUNT(*) AS tp_count FROM `cjt_comment` WHERE `articleid` = 56 AND `status` = 0 LIMIT 1   [ RunTime:0.0005s ]
SQL: SELECT COUNT(*) AS tp_count FROM `cjt_comment` WHERE `articleid` = 43 LIMIT 1   [ RunTime:0.0004s ]
SQL: SELECT COUNT(*) AS tp_count FROM `cjt_comment` WHERE `articleid` = 43 AND `status` = 0 LIMIT 1   [ RunTime:0.0003s ]
SQL: SELECT COUNT(*) AS tp_count FROM `cjt_comment` WHERE `articleid` = 47 LIMIT 1   [ RunTime:0.0002s ]
SQL: SELECT COUNT(*) AS tp_count FROM `cjt_comment` WHERE `articleid` = 47 AND `status` = 0 LIMIT 1   [ RunTime:0.0003s ]
SQL: SELECT COUNT(*) AS tp_count FROM `cjt_comment` WHERE `articleid` = 52 LIMIT 1   [ RunTime:0.0003s ]
SQL: SELECT COUNT(*) AS tp_count FROM `cjt_comment` WHERE `articleid` = 52 AND `status` = 0 LIMIT 1   [ RunTime:0.0003s ]
SQL: SELECT COUNT(*) AS tp_count FROM `cjt_comment` WHERE `articleid` = 169 LIMIT 1   [ RunTime:0.0003s ]
SQL: SELECT COUNT(*) AS tp_count FROM `cjt_comment` WHERE `articleid` = 169 AND `status` = 0 LIMIT 1   [ RunTime:0.0002s ]
SQL: SELECT COUNT(*) AS tp_count FROM `cjt_comment` WHERE `articleid` = 166 LIMIT 1   [ RunTime:0.0002s ]
SQL: SELECT COUNT(*) AS tp_count FROM `cjt_comment` WHERE `articleid` = 166 AND `status` = 0 LIMIT 1   [ RunTime:0.0007s ]
INFO: [ view_parse ] --START--
INFO: [ template_filter ] --START--
INFO: Run Behavior\ContentReplaceBehavior [ RunTime:0.000188s ]
INFO: [ template_filter ] --END-- [ RunTime:0.000317s ]
INFO: Run Behavior\ParseTemplateBehavior [ RunTime:0.043088s ]
INFO: [ view_parse ] --END-- [ RunTime:0.043302s ]
INFO: [ view_filter ] --START--
INFO: Run Behavior\WriteHtmlCacheBehavior [ RunTime:0.000666s ]
INFO: [ view_filter ] --END-- [ RunTime:0.000771s ]
INFO: [ app_end ] --START--
INFO: Run Behavior\ShowPageTraceBehavior [ RunTime:0.000769s ]
INFO: [ app_end ] --END-- [ RunTime:0.000873s ]

[ 2016-06-04T23:51:34+08:00 ] 127.0.0.1 /Admin/Comment/showlistarticle/articleid/47
INFO: [ app_init ] --START--
INFO: Run Behavior\BuildLiteBehavior [ RunTime:0.000030s ]
INFO: [ app_init ] --END-- [ RunTime:0.000524s ]
INFO: [ app_begin ] --START--
INFO: Run Behavior\ReadHtmlCacheBehavior [ RunTime:0.002928s ]
INFO: [ app_begin ] --END-- [ RunTime:0.003095s ]
SQL: SHOW COLUMNS FROM `cjt_comment` [ RunTime:0.0050s ]
SQL: SELECT COUNT(*) AS tp_count FROM `cjt_comment` LIMIT 1   [ RunTime:0.0007s ]
SQL: SELECT COUNT(*) AS tp_count FROM `cjt_comment` WHERE `status` = 0 LIMIT 1   [ RunTime:0.0003s ]
SQL: SHOW COLUMNS FROM `cjt_article` [ RunTime:0.0038s ]
SQL: SELECT COUNT(*) AS tp_count FROM `cjt_comment` LIMIT 1   [ RunTime:0.0003s ]
SQL: SELECT * FROM `cjt_comment` WHERE `articleid` = 47 ORDER BY commenttime DESC LIMIT 0,30   [ RunTime:0.0004s ]
SQL: SELECT * FROM `cjt_article` WHERE ( 1=1 AND id='47' ) LIMIT 1   [ RunTime:0.0003s ]
SQL: SELECT * FROM `cjt_article` WHERE ( 1=1 AND id='47' ) LIMIT 1   [ RunTime:0.0005s ]
SQL: SELECT * FROM `cjt_article` WHERE ( 1=1 AND id='47' ) LIMIT 1   [ RunTime:0.0004s ]
SQL: SELECT * FROM `cjt_article` WHERE ( 1=1 AND id='47' ) LIMIT 1   [ RunTime:0.0003s ]
SQL: SELECT * FROM `cjt_article` WHERE ( 1=1 AND id='47' ) LIMIT 1   [ RunTime:0.0004s ]
SQL: SELECT `id`,`title` FROM `cjt_article` WHERE `id` = 47  [ RunTime:0.0005s ]
INFO: [ view_parse ] --START--
INFO: [ template_filter ] --START--
INFO: Run Behavior\ContentReplaceBehavior [ RunTime:0.000152s ]
INFO: [ template_filter ] --END-- [ RunTime:0.000274s ]
INFO: Run Behavior\ParseTemplateBehavior [ RunTime:0.042154s ]
INFO: [ view_parse ] --END-- [ RunTime:0.042287s ]
INFO: [ view_filter ] --START--
INFO: Run Behavior\WriteHtmlCacheBehavior [ RunTime:0.000577s ]
INFO: [ view_filter ] --END-- [ RunTime:0.000672s ]
INFO: [ app_end ] --START--
INFO: Run Behavior\ShowPageTraceBehavior [ RunTime:0.000715s ]
INFO: [ app_end ] --END-- [ RunTime:0.000815s ]

[ 2016-06-04T23:51:46+08:00 ] 127.0.0.1 /Admin/Article/showlist
INFO: [ app_init ] --START--
INFO: Run Behavior\BuildLiteBehavior [ RunTime:0.000031s ]
INFO: [ app_init ] --END-- [ RunTime:0.000669s ]
INFO: [ app_begin ] --START--
INFO: Run Behavior\ReadHtmlCacheBehavior [ RunTime:0.000936s ]
INFO: [ app_begin ] --END-- [ RunTime:0.001104s ]
SQL: SHOW COLUMNS FROM `cjt_comment` [ RunTime:0.0029s ]
SQL: SELECT COUNT(*) AS tp_count FROM `cjt_comment` LIMIT 1   [ RunTime:0.0003s ]
SQL: SELECT COUNT(*) AS tp_count FROM `cjt_comment` WHERE `status` = 0 LIMIT 1   [ RunTime:0.0002s ]
SQL: SHOW COLUMNS FROM `cjt_article` [ RunTime:0.0032s ]
SQL: SELECT COUNT(*) AS tp_count FROM `cjt_article` LIMIT 1   [ RunTime:0.0003s ]
SQL: SELECT COUNT(*) AS tp_count FROM `cjt_article` LIMIT 1   [ RunTime:0.0005s ]
SQL: SELECT * FROM `cjt_article` ORDER BY lastmodifytime DESC LIMIT 0,10   [ RunTime:0.0011s ]
SQL: SHOW COLUMNS FROM `cjt_sort` [ RunTime:0.0028s ]
SQL: SELECT * FROM `cjt_sort` WHERE ( 1=1 AND sortid='1' ) LIMIT 1   [ RunTime:0.0003s ]
SQL: SHOW COLUMNS FROM `cjt_tag` [ RunTime:0.0026s ]
NOTIC: [8] Undefined index: mapping_order E:\wamp\www\chenjt_website\ThinkPHP\Library\Think\Model\RelationModel.class.php 第 186 行.
NOTIC: [8] Undefined index: mapping_limit E:\wamp\www\chenjt_website\ThinkPHP\Library\Think\Model\RelationModel.class.php 第 187 行.
SQL: SELECT b.* FROM cjt_articletag AS a, cjt_tag AS b WHERE a.tagid = b.tagid AND a. articleid='178' [ RunTime:0.0003s ]
SQL: SELECT * FROM `cjt_comment` WHERE ( 1=1 AND articleid='178' )  [ RunTime:0.0004s ]
SQL: SELECT * FROM `cjt_sort` WHERE ( 1=1 AND sortid='10' ) LIMIT 1   [ RunTime:0.0003s ]
NOTIC: [8] Undefined index: mapping_order E:\wamp\www\chenjt_website\ThinkPHP\Library\Think\Model\RelationModel.class.php 第 186 行.
NOTIC: [8] Undefined index: mapping_limit E:\wamp\www\chenjt_website\ThinkPHP\Library\Think\Model\RelationModel.class.php 第 187 行.
SQL: SELECT b.* FROM cjt_articletag AS a, cjt_tag AS b WHERE a.tagid = b.tagid AND a. articleid='171' [ RunTime:0.0004s ]
SQL: SELECT * FROM `cjt_comment` WHERE ( 1=1 AND articleid='171' )  [ RunTime:0.0002s ]
SQL: SELECT * FROM `cjt_sort` WHERE ( 1=1 AND sortid='1' ) LIMIT 1   [ RunTime:0.0002s ]
NOTIC: [8] Undefined index: mapping_order E:\wamp\www\chenjt_website\ThinkPHP\Library\Think\Model\RelationModel.class.php 第 186 行.
NOTIC: [8] Undefined index: mapping_limit E:\wamp\www\chenjt_website\ThinkPHP\Library\Think\Model\RelationModel.class.php 第 187 行.
SQL: SELECT b.* FROM cjt_articletag AS a, cjt_tag AS b WHERE a.tagid = b.tagid AND a. articleid='170' [ RunTime:0.0004s ]
SQL: SELECT * FROM `cjt_comment` WHERE ( 1=1 AND articleid='170' )  [ RunTime:0.0003s ]
SQL: SELECT * FROM `cjt_sort` WHERE ( 1=1 AND sortid='1' ) LIMIT 1   [ RunTime:0.0003s ]
NOTIC: [8] Undefined index: mapping_order E:\wamp\www\chenjt_website\ThinkPHP\Library\Think\Model\RelationModel.class.php 第 186 行.
NOTIC: [8] Undefined index: mapping_limit E:\wamp\www\chenjt_website\ThinkPHP\Library\Think\Model\RelationModel.class.php 第 187 行.
SQL: SELECT b.* FROM cjt_articletag AS a, cjt_tag AS b WHERE a.tagid = b.tagid AND a. articleid='168' [ RunTime:0.0004s ]
SQL: SELECT * FROM `cjt_comment` WHERE ( 1=1 AND articleid='168' )  [ RunTime:0.0003s ]
SQL: SELECT * FROM `cjt_sort` WHERE ( 1=1 AND sortid='12' ) LIMIT 1   [ RunTime:0.0003s ]
NOTIC: [8] Undefined index: mapping_order E:\wamp\www\chenjt_website\ThinkPHP\Library\Think\Model\RelationModel.class.php 第 186 行.
NOTIC: [8] Undefined index: mapping_limit E:\wamp\www\chenjt_website\ThinkPHP\Library\Think\Model\RelationModel.class.php 第 187 行.
SQL: SELECT b.* FROM cjt_articletag AS a, cjt_tag AS b WHERE a.tagid = b.tagid AND a. articleid='56' [ RunTime:0.0004s ]
SQL: SELECT * FROM `cjt_comment` WHERE ( 1=1 AND articleid='56' )  [ RunTime:0.0003s ]
SQL: SELECT * FROM `cjt_sort` WHERE ( 1=1 AND sortid='14' ) LIMIT 1   [ RunTime:0.0002s ]
NOTIC: [8] Undefined index: mapping_order E:\wamp\www\chenjt_website\ThinkPHP\Library\Think\Model\RelationModel.class.php 第 186 行.
NOTIC: [8] Undefined index: mapping_limit E:\wamp\www\chenjt_website\ThinkPHP\Library\Think\Model\RelationModel.class.php 第 187 行.
SQL: SELECT b.* FROM cjt_articletag AS a, cjt_tag AS b WHERE a.tagid = b.tagid AND a. articleid='43' [ RunTime:0.0003s ]
SQL: SELECT * FROM `cjt_comment` WHERE ( 1=1 AND articleid='43' )  [ RunTime:0.0003s ]
SQL: SELECT * FROM `cjt_sort` WHERE ( 1=1 AND sortid='11' ) LIMIT 1   [ RunTime:0.0002s ]
NOTIC: [8] Undefined index: mapping_order E:\wamp\www\chenjt_website\ThinkPHP\Library\Think\Model\RelationModel.class.php 第 186 行.
NOTIC: [8] Undefined index: mapping_limit E:\wamp\www\chenjt_website\ThinkPHP\Library\Think\Model\RelationModel.class.php 第 187 行.
SQL: SELECT b.* FROM cjt_articletag AS a, cjt_tag AS b WHERE a.tagid = b.tagid AND a. articleid='47' [ RunTime:0.0003s ]
SQL: SELECT * FROM `cjt_comment` WHERE ( 1=1 AND articleid='47' )  [ RunTime:0.0004s ]
SQL: SELECT * FROM `cjt_sort` WHERE ( 1=1 AND sortid='1' ) LIMIT 1   [ RunTime:0.0003s ]
NOTIC: [8] Undefined index: mapping_order E:\wamp\www\chenjt_website\ThinkPHP\Library\Think\Model\RelationModel.class.php 第 186 行.
NOTIC: [8] Undefined index: mapping_limit E:\wamp\www\chenjt_website\ThinkPHP\Library\Think\Model\RelationModel.class.php 第 187 行.
SQL: SELECT b.* FROM cjt_articletag AS a, cjt_tag AS b WHERE a.tagid = b.tagid AND a. articleid='52' [ RunTime:0.0003s ]
SQL: SELECT * FROM `cjt_comment` WHERE ( 1=1 AND articleid='52' )  [ RunTime:0.0002s ]
SQL: SELECT * FROM `cjt_sort` WHERE ( 1=1 AND sortid='10' ) LIMIT 1   [ RunTime:0.0002s ]
NOTIC: [8] Undefined index: mapping_order E:\wamp\www\chenjt_website\ThinkPHP\Library\Think\Model\RelationModel.class.php 第 186 行.
NOTIC: [8] Undefined index: mapping_limit E:\wamp\www\chenjt_website\ThinkPHP\Library\Think\Model\RelationModel.class.php 第 187 行.
SQL: SELECT b.* FROM cjt_articletag AS a, cjt_tag AS b WHERE a.tagid = b.tagid AND a. articleid='169' [ RunTime:0.0002s ]
SQL: SELECT * FROM `cjt_comment` WHERE ( 1=1 AND articleid='169' )  [ RunTime:0.0002s ]
SQL: SELECT * FROM `cjt_sort` WHERE ( 1=1 AND sortid='10' ) LIMIT 1   [ RunTime:0.0002s ]
NOTIC: [8] Undefined index: mapping_order E:\wamp\www\chenjt_website\ThinkPHP\Library\Think\Model\RelationModel.class.php 第 186 行.
NOTIC: [8] Undefined index: mapping_limit E:\wamp\www\chenjt_website\ThinkPHP\Library\Think\Model\RelationModel.class.php 第 187 行.
SQL: SELECT b.* FROM cjt_articletag AS a, cjt_tag AS b WHERE a.tagid = b.tagid AND a. articleid='166' [ RunTime:0.0005s ]
SQL: SELECT * FROM `cjt_comment` WHERE ( 1=1 AND articleid='166' )  [ RunTime:0.0004s ]
SQL: SELECT COUNT(*) AS tp_count FROM `cjt_comment` WHERE `articleid` = 178 LIMIT 1   [ RunTime:0.0003s ]
SQL: SELECT COUNT(*) AS tp_count FROM `cjt_comment` WHERE `articleid` = 178 AND `status` = 0 LIMIT 1   [ RunTime:0.0003s ]
SQL: SELECT COUNT(*) AS tp_count FROM `cjt_comment` WHERE `articleid` = 171 LIMIT 1   [ RunTime:0.0003s ]
SQL: SELECT COUNT(*) AS tp_count FROM `cjt_comment` WHERE `articleid` = 171 AND `status` = 0 LIMIT 1   [ RunTime:0.0003s ]
SQL: SELECT COUNT(*) AS tp_count FROM `cjt_comment` WHERE `articleid` = 170 LIMIT 1   [ RunTime:0.0002s ]
SQL: SELECT COUNT(*) AS tp_count FROM `cjt_comment` WHERE `articleid` = 170 AND `status` = 0 LIMIT 1   [ RunTime:0.0002s ]
SQL: SELECT COUNT(*) AS tp_count FROM `cjt_comment` WHERE `articleid` = 168 LIMIT 1   [ RunTime:0.0002s ]
SQL: SELECT COUNT(*) AS tp_count FROM `cjt_comment` WHERE `articleid` = 168 AND `status` = 0 LIMIT 1   [ RunTime:0.0002s ]
SQL: SELECT COUNT(*) AS tp_count FROM `cjt_comment` WHERE `articleid` = 56 LIMIT 1   [ RunTime:0.0002s ]
SQL: SELECT COUNT(*) AS tp_count FROM `cjt_comment` WHERE `articleid` = 56 AND `status` = 0 LIMIT 1   [ RunTime:0.0002s ]
SQL: SELECT COUNT(*) AS tp_count FROM `cjt_comment` WHERE `articleid` = 43 LIMIT 1   [ RunTime:0.0002s ]
SQL: SELECT COUNT(*) AS tp_count FROM `cjt_comment` WHERE `articleid` = 43 AND `status` = 0 LIMIT 1   [ RunTime:0.0002s ]
SQL: SELECT COUNT(*) AS tp_count FROM `cjt_comment` WHERE `articleid` = 47 LIMIT 1   [ RunTime:0.0002s ]
SQL: SELECT COUNT(*) AS tp_count FROM `cjt_comment` WHERE `articleid` = 47 AND `status` = 0 LIMIT 1   [ RunTime:0.0003s ]
SQL: SELECT COUNT(*) AS tp_count FROM `cjt_comment` WHERE `articleid` = 52 LIMIT 1   [ RunTime:0.0003s ]
SQL: SELECT COUNT(*) AS tp_count FROM `cjt_comment` WHERE `articleid` = 52 AND `status` = 0 LIMIT 1   [ RunTime:0.0002s ]
SQL: SELECT COUNT(*) AS tp_count FROM `cjt_comment` WHERE `articleid` = 169 LIMIT 1   [ RunTime:0.0002s ]
SQL: SELECT COUNT(*) AS tp_count FROM `cjt_comment` WHERE `articleid` = 169 AND `status` = 0 LIMIT 1   [ RunTime:0.0002s ]
SQL: SELECT COUNT(*) AS tp_count FROM `cjt_comment` WHERE `articleid` = 166 LIMIT 1   [ RunTime:0.0002s ]
SQL: SELECT COUNT(*) AS tp_count FROM `cjt_comment` WHERE `articleid` = 166 AND `status` = 0 LIMIT 1   [ RunTime:0.0002s ]
INFO: [ view_parse ] --START--
INFO: [ template_filter ] --START--
INFO: Run Behavior\ContentReplaceBehavior [ RunTime:0.000244s ]
INFO: [ template_filter ] --END-- [ RunTime:0.000464s ]
INFO: Run Behavior\ParseTemplateBehavior [ RunTime:0.045501s ]
INFO: [ view_parse ] --END-- [ RunTime:0.045659s ]
INFO: [ view_filter ] --START--
INFO: Run Behavior\WriteHtmlCacheBehavior [ RunTime:0.000720s ]
INFO: [ view_filter ] --END-- [ RunTime:0.000859s ]
INFO: [ app_end ] --START--
INFO: Run Behavior\ShowPageTraceBehavior [ RunTime:0.000829s ]
INFO: [ app_end ] --END-- [ RunTime:0.000956s ]

[ 2016-06-04T23:52:08+08:00 ] 127.0.0.1 /Admin/Article/showlist
INFO: [ app_init ] --START--
INFO: Run Behavior\BuildLiteBehavior [ RunTime:0.000031s ]
INFO: [ app_init ] --END-- [ RunTime:0.000553s ]
INFO: [ app_begin ] --START--
INFO: Run Behavior\ReadHtmlCacheBehavior [ RunTime:0.000835s ]
INFO: [ app_begin ] --END-- [ RunTime:0.000968s ]
SQL: SHOW COLUMNS FROM `cjt_comment` [ RunTime:0.0040s ]
SQL: SELECT COUNT(*) AS tp_count FROM `cjt_comment` LIMIT 1   [ RunTime:0.0004s ]
SQL: SELECT COUNT(*) AS tp_count FROM `cjt_comment` WHERE `status` = 0 LIMIT 1   [ RunTime:0.0003s ]
SQL: SHOW COLUMNS FROM `cjt_article` [ RunTime:0.0033s ]
SQL: SELECT COUNT(*) AS tp_count FROM `cjt_article` LIMIT 1   [ RunTime:0.0003s ]
SQL: SELECT COUNT(*) AS tp_count FROM `cjt_article` LIMIT 1   [ RunTime:0.0002s ]
SQL: SELECT * FROM `cjt_article` ORDER BY lastmodifytime DESC LIMIT 0,10   [ RunTime:0.0009s ]
SQL: SHOW COLUMNS FROM `cjt_sort` [ RunTime:0.0030s ]
SQL: SELECT * FROM `cjt_sort` WHERE ( 1=1 AND sortid='1' ) LIMIT 1   [ RunTime:0.0004s ]
SQL: SHOW COLUMNS FROM `cjt_tag` [ RunTime:0.0028s ]
NOTIC: [8] Undefined index: mapping_order E:\wamp\www\chenjt_website\ThinkPHP\Library\Think\Model\RelationModel.class.php 第 186 行.
NOTIC: [8] Undefined index: mapping_limit E:\wamp\www\chenjt_website\ThinkPHP\Library\Think\Model\RelationModel.class.php 第 187 行.
SQL: SELECT b.* FROM cjt_articletag AS a, cjt_tag AS b WHERE a.tagid = b.tagid AND a. articleid='178' [ RunTime:0.0003s ]
SQL: SELECT * FROM `cjt_comment` WHERE ( 1=1 AND articleid='178' )  [ RunTime:0.0002s ]
SQL: SELECT * FROM `cjt_sort` WHERE ( 1=1 AND sortid='10' ) LIMIT 1   [ RunTime:0.0002s ]
NOTIC: [8] Undefined index: mapping_order E:\wamp\www\chenjt_website\ThinkPHP\Library\Think\Model\RelationModel.class.php 第 186 行.
NOTIC: [8] Undefined index: mapping_limit E:\wamp\www\chenjt_website\ThinkPHP\Library\Think\Model\RelationModel.class.php 第 187 行.
SQL: SELECT b.* FROM cjt_articletag AS a, cjt_tag AS b WHERE a.tagid = b.tagid AND a. articleid='171' [ RunTime:0.0003s ]
SQL: SELECT * FROM `cjt_comment` WHERE ( 1=1 AND articleid='171' )  [ RunTime:0.0002s ]
SQL: SELECT * FROM `cjt_sort` WHERE ( 1=1 AND sortid='1' ) LIMIT 1   [ RunTime:0.0003s ]
NOTIC: [8] Undefined index: mapping_order E:\wamp\www\chenjt_website\ThinkPHP\Library\Think\Model\RelationModel.class.php 第 186 行.
NOTIC: [8] Undefined index: mapping_limit E:\wamp\www\chenjt_website\ThinkPHP\Library\Think\Model\RelationModel.class.php 第 187 行.
SQL: SELECT b.* FROM cjt_articletag AS a, cjt_tag AS b WHERE a.tagid = b.tagid AND a. articleid='170' [ RunTime:0.0004s ]
SQL: SELECT * FROM `cjt_comment` WHERE ( 1=1 AND articleid='170' )  [ RunTime:0.0003s ]
SQL: SELECT * FROM `cjt_sort` WHERE ( 1=1 AND sortid='1' ) LIMIT 1   [ RunTime:0.0004s ]
NOTIC: [8] Undefined index: mapping_order E:\wamp\www\chenjt_website\ThinkPHP\Library\Think\Model\RelationModel.class.php 第 186 行.
NOTIC: [8] Undefined index: mapping_limit E:\wamp\www\chenjt_website\ThinkPHP\Library\Think\Model\RelationModel.class.php 第 187 行.
SQL: SELECT b.* FROM cjt_articletag AS a, cjt_tag AS b WHERE a.tagid = b.tagid AND a. articleid='168' [ RunTime:0.0003s ]
SQL: SELECT * FROM `cjt_comment` WHERE ( 1=1 AND articleid='168' )  [ RunTime:0.0005s ]
SQL: SELECT * FROM `cjt_sort` WHERE ( 1=1 AND sortid='12' ) LIMIT 1   [ RunTime:0.0003s ]
NOTIC: [8] Undefined index: mapping_order E:\wamp\www\chenjt_website\ThinkPHP\Library\Think\Model\RelationModel.class.php 第 186 行.
NOTIC: [8] Undefined index: mapping_limit E:\wamp\www\chenjt_website\ThinkPHP\Library\Think\Model\RelationModel.class.php 第 187 行.
SQL: SELECT b.* FROM cjt_articletag AS a, cjt_tag AS b WHERE a.tagid = b.tagid AND a. articleid='56' [ RunTime:0.0003s ]
SQL: SELECT * FROM `cjt_comment` WHERE ( 1=1 AND articleid='56' )  [ RunTime:0.0004s ]
SQL: SELECT * FROM `cjt_sort` WHERE ( 1=1 AND sortid='14' ) LIMIT 1   [ RunTime:0.0003s ]
NOTIC: [8] Undefined index: mapping_order E:\wamp\www\chenjt_website\ThinkPHP\Library\Think\Model\RelationModel.class.php 第 186 行.
NOTIC: [8] Undefined index: mapping_limit E:\wamp\www\chenjt_website\ThinkPHP\Library\Think\Model\RelationModel.class.php 第 187 行.
SQL: SELECT b.* FROM cjt_articletag AS a, cjt_tag AS b WHERE a.tagid = b.tagid AND a. articleid='43' [ RunTime:0.0003s ]
SQL: SELECT * FROM `cjt_comment` WHERE ( 1=1 AND articleid='43' )  [ RunTime:0.0002s ]
SQL: SELECT * FROM `cjt_sort` WHERE ( 1=1 AND sortid='11' ) LIMIT 1   [ RunTime:0.0002s ]
NOTIC: [8] Undefined index: mapping_order E:\wamp\www\chenjt_website\ThinkPHP\Library\Think\Model\RelationModel.class.php 第 186 行.
NOTIC: [8] Undefined index: mapping_limit E:\wamp\www\chenjt_website\ThinkPHP\Library\Think\Model\RelationModel.class.php 第 187 行.
SQL: SELECT b.* FROM cjt_articletag AS a, cjt_tag AS b WHERE a.tagid = b.tagid AND a. articleid='47' [ RunTime:0.0003s ]
SQL: SELECT * FROM `cjt_comment` WHERE ( 1=1 AND articleid='47' )  [ RunTime:0.0003s ]
SQL: SELECT * FROM `cjt_sort` WHERE ( 1=1 AND sortid='1' ) LIMIT 1   [ RunTime:0.0002s ]
NOTIC: [8] Undefined index: mapping_order E:\wamp\www\chenjt_website\ThinkPHP\Library\Think\Model\RelationModel.class.php 第 186 行.
NOTIC: [8] Undefined index: mapping_limit E:\wamp\www\chenjt_website\ThinkPHP\Library\Think\Model\RelationModel.class.php 第 187 行.
SQL: SELECT b.* FROM cjt_articletag AS a, cjt_tag AS b WHERE a.tagid = b.tagid AND a. articleid='52' [ RunTime:0.0003s ]
SQL: SELECT * FROM `cjt_comment` WHERE ( 1=1 AND articleid='52' )  [ RunTime:0.0003s ]
SQL: SELECT * FROM `cjt_sort` WHERE ( 1=1 AND sortid='10' ) LIMIT 1   [ RunTime:0.0002s ]
NOTIC: [8] Undefined index: mapping_order E:\wamp\www\chenjt_website\ThinkPHP\Library\Think\Model\RelationModel.class.php 第 186 行.
NOTIC: [8] Undefined index: mapping_limit E:\wamp\www\chenjt_website\ThinkPHP\Library\Think\Model\RelationModel.class.php 第 187 行.
SQL: SELECT b.* FROM cjt_articletag AS a, cjt_tag AS b WHERE a.tagid = b.tagid AND a. articleid='169' [ RunTime:0.0003s ]
SQL: SELECT * FROM `cjt_comment` WHERE ( 1=1 AND articleid='169' )  [ RunTime:0.0003s ]
SQL: SELECT * FROM `cjt_sort` WHERE ( 1=1 AND sortid='10' ) LIMIT 1   [ RunTime:0.0002s ]
NOTIC: [8] Undefined index: mapping_order E:\wamp\www\chenjt_website\ThinkPHP\Library\Think\Model\RelationModel.class.php 第 186 行.
NOTIC: [8] Undefined index: mapping_limit E:\wamp\www\chenjt_website\ThinkPHP\Library\Think\Model\RelationModel.class.php 第 187 行.
SQL: SELECT b.* FROM cjt_articletag AS a, cjt_tag AS b WHERE a.tagid = b.tagid AND a. articleid='166' [ RunTime:0.0005s ]
SQL: SELECT * FROM `cjt_comment` WHERE ( 1=1 AND articleid='166' )  [ RunTime:0.0003s ]
SQL: SELECT COUNT(*) AS tp_count FROM `cjt_comment` WHERE `articleid` = 178 LIMIT 1   [ RunTime:0.0006s ]
SQL: SELECT COUNT(*) AS tp_count FROM `cjt_comment` WHERE `articleid` = 178 AND `status` = 0 LIMIT 1   [ RunTime:0.0003s ]
SQL: SELECT COUNT(*) AS tp_count FROM `cjt_comment` WHERE `articleid` = 171 LIMIT 1   [ RunTime:0.0003s ]
SQL: SELECT COUNT(*) AS tp_count FROM `cjt_comment` WHERE `articleid` = 171 AND `status` = 0 LIMIT 1   [ RunTime:0.0003s ]
SQL: SELECT COUNT(*) AS tp_count FROM `cjt_comment` WHERE `articleid` = 170 LIMIT 1   [ RunTime:0.0002s ]
SQL: SELECT COUNT(*) AS tp_count FROM `cjt_comment` WHERE `articleid` = 170 AND `status` = 0 LIMIT 1   [ RunTime:0.0002s ]
SQL: SELECT COUNT(*) AS tp_count FROM `cjt_comment` WHERE `articleid` = 168 LIMIT 1   [ RunTime:0.0002s ]
SQL: SELECT COUNT(*) AS tp_count FROM `cjt_comment` WHERE `articleid` = 168 AND `status` = 0 LIMIT 1   [ RunTime:0.0004s ]
SQL: SELECT COUNT(*) AS tp_count FROM `cjt_comment` WHERE `articleid` = 56 LIMIT 1   [ RunTime:0.0004s ]
SQL: SELECT COUNT(*) AS tp_count FROM `cjt_comment` WHERE `articleid` = 56 AND `status` = 0 LIMIT 1   [ RunTime:0.0003s ]
SQL: SELECT COUNT(*) AS tp_count FROM `cjt_comment` WHERE `articleid` = 43 LIMIT 1   [ RunTime:0.0003s ]
SQL: SELECT COUNT(*) AS tp_count FROM `cjt_comment` WHERE `articleid` = 43 AND `status` = 0 LIMIT 1   [ RunTime:0.0002s ]
SQL: SELECT COUNT(*) AS tp_count FROM `cjt_comment` WHERE `articleid` = 47 LIMIT 1   [ RunTime:0.0002s ]
SQL: SELECT COUNT(*) AS tp_count FROM `cjt_comment` WHERE `articleid` = 47 AND `status` = 0 LIMIT 1   [ RunTime:0.0002s ]
SQL: SELECT COUNT(*) AS tp_count FROM `cjt_comment` WHERE `articleid` = 52 LIMIT 1   [ RunTime:0.0002s ]
SQL: SELECT COUNT(*) AS tp_count FROM `cjt_comment` WHERE `articleid` = 52 AND `status` = 0 LIMIT 1   [ RunTime:0.0002s ]
SQL: SELECT COUNT(*) AS tp_count FROM `cjt_comment` WHERE `articleid` = 169 LIMIT 1   [ RunTime:0.0002s ]
SQL: SELECT COUNT(*) AS tp_count FROM `cjt_comment` WHERE `articleid` = 169 AND `status` = 0 LIMIT 1   [ RunTime:0.0002s ]
SQL: SELECT COUNT(*) AS tp_count FROM `cjt_comment` WHERE `articleid` = 166 LIMIT 1   [ RunTime:0.0002s ]
SQL: SELECT COUNT(*) AS tp_count FROM `cjt_comment` WHERE `articleid` = 166 AND `status` = 0 LIMIT 1   [ RunTime:0.0002s ]
INFO: [ view_parse ] --START--
INFO: [ template_filter ] --START--
INFO: Run Behavior\ContentReplaceBehavior [ RunTime:0.000184s ]
INFO: [ template_filter ] --END-- [ RunTime:0.000314s ]
INFO: Run Behavior\ParseTemplateBehavior [ RunTime:0.030838s ]
INFO: [ view_parse ] --END-- [ RunTime:0.030954s ]
INFO: [ view_filter ] --START--
INFO: Run Behavior\WriteHtmlCacheBehavior [ RunTime:0.001020s ]
INFO: [ view_filter ] --END-- [ RunTime:0.001120s ]
INFO: [ app_end ] --START--
INFO: Run Behavior\ShowPageTraceBehavior [ RunTime:0.000748s ]
INFO: [ app_end ] --END-- [ RunTime:0.000842s ]

[ 2016-06-04T23:52:39+08:00 ] 127.0.0.1 /Admin/Tag/showlist
INFO: [ app_init ] --START--
INFO: Run Behavior\BuildLiteBehavior [ RunTime:0.000030s ]
INFO: [ app_init ] --END-- [ RunTime:0.000556s ]
INFO: [ app_begin ] --START--
INFO: Run Behavior\ReadHtmlCacheBehavior [ RunTime:0.001112s ]
INFO: [ app_begin ] --END-- [ RunTime:0.001316s ]
SQL: SHOW COLUMNS FROM `cjt_comment` [ RunTime:0.0033s ]
SQL: SELECT COUNT(*) AS tp_count FROM `cjt_comment` LIMIT 1   [ RunTime:0.0007s ]
SQL: SELECT COUNT(*) AS tp_count FROM `cjt_comment` WHERE `status` = 0 LIMIT 1   [ RunTime:0.0004s ]
SQL: SHOW COLUMNS FROM `cjt_tag` [ RunTime:0.0029s ]
SQL: SHOW COLUMNS FROM `cjt_articletag` [ RunTime:0.0033s ]
SQL: SELECT * FROM `cjt_tag`  [ RunTime:0.0003s ]
SQL: SELECT COUNT(*) AS tp_count FROM `cjt_tag` LIMIT 1   [ RunTime:0.0003s ]
SQL: SELECT * FROM `cjt_tag` LIMIT 0,30   [ RunTime:0.0004s ]
SQL: SELECT `tagid` FROM `cjt_tag`  [ RunTime:0.0003s ]
SQL: SELECT COUNT(*) AS tp_count FROM `cjt_articletag` WHERE `tagid` = 1 LIMIT 1   [ RunTime:0.0004s ]
SQL: SELECT COUNT(*) AS tp_count FROM `cjt_articletag` WHERE `tagid` = 2 LIMIT 1   [ RunTime:0.0003s ]
SQL: SELECT COUNT(*) AS tp_count FROM `cjt_articletag` WHERE `tagid` = 3 LIMIT 1   [ RunTime:0.0002s ]
SQL: SELECT COUNT(*) AS tp_count FROM `cjt_articletag` WHERE `tagid` = 8 LIMIT 1   [ RunTime:0.0002s ]
INFO: [ view_parse ] --START--
INFO: [ template_filter ] --START--
INFO: Run Behavior\ContentReplaceBehavior [ RunTime:0.000163s ]
INFO: [ template_filter ] --END-- [ RunTime:0.000364s ]
INFO: Run Behavior\ParseTemplateBehavior [ RunTime:0.019569s ]
INFO: [ view_parse ] --END-- [ RunTime:0.019697s ]
INFO: [ view_filter ] --START--
INFO: Run Behavior\WriteHtmlCacheBehavior [ RunTime:0.000661s ]
INFO: [ view_filter ] --END-- [ RunTime:0.000766s ]
INFO: [ app_end ] --START--
INFO: Run Behavior\ShowPageTraceBehavior [ RunTime:0.000895s ]
INFO: [ app_end ] --END-- [ RunTime:0.001006s ]

[ 2016-06-04T23:52:41+08:00 ] 127.0.0.1 /Admin/Tag/modifytag/tagid/3/tagname/JavaScript
INFO: [ app_init ] --START--
INFO: Run Behavior\BuildLiteBehavior [ RunTime:0.000029s ]
INFO: [ app_init ] --END-- [ RunTime:0.000541s ]
INFO: [ app_begin ] --START--
INFO: Run Behavior\ReadHtmlCacheBehavior [ RunTime:0.000776s ]
INFO: [ app_begin ] --END-- [ RunTime:0.000993s ]
SQL: SHOW COLUMNS FROM `cjt_comment` [ RunTime:0.0029s ]
SQL: SELECT COUNT(*) AS tp_count FROM `cjt_comment` LIMIT 1   [ RunTime:0.0004s ]
SQL: SELECT COUNT(*) AS tp_count FROM `cjt_comment` WHERE `status` = 0 LIMIT 1   [ RunTime:0.0004s ]
INFO: [ view_parse ] --START--
INFO: [ template_filter ] --START--
INFO: Run Behavior\ContentReplaceBehavior [ RunTime:0.000164s ]
INFO: [ template_filter ] --END-- [ RunTime:0.000347s ]
INFO: Run Behavior\ParseTemplateBehavior [ RunTime:0.058658s ]
INFO: [ view_parse ] --END-- [ RunTime:0.058791s ]
INFO: [ view_filter ] --START--
INFO: Run Behavior\WriteHtmlCacheBehavior [ RunTime:0.000539s ]
INFO: [ view_filter ] --END-- [ RunTime:0.000644s ]
INFO: [ app_end ] --START--
INFO: Run Behavior\ShowPageTraceBehavior [ RunTime:0.000807s ]
INFO: [ app_end ] --END-- [ RunTime:0.000918s ]

[ 2016-06-04T23:52:46+08:00 ] 127.0.0.1 /Admin/Tag/showlist
INFO: [ app_init ] --START--
INFO: Run Behavior\BuildLiteBehavior [ RunTime:0.000029s ]
INFO: [ app_init ] --END-- [ RunTime:0.000532s ]
INFO: [ app_begin ] --START--
INFO: Run Behavior\ReadHtmlCacheBehavior [ RunTime:0.000811s ]
INFO: [ app_begin ] --END-- [ RunTime:0.000920s ]
SQL: SHOW COLUMNS FROM `cjt_comment` [ RunTime:0.0035s ]
SQL: SELECT COUNT(*) AS tp_count FROM `cjt_comment` LIMIT 1   [ RunTime:0.0003s ]
SQL: SELECT COUNT(*) AS tp_count FROM `cjt_comment` WHERE `status` = 0 LIMIT 1   [ RunTime:0.0002s ]
SQL: SHOW COLUMNS FROM `cjt_tag` [ RunTime:0.0033s ]
SQL: SHOW COLUMNS FROM `cjt_articletag` [ RunTime:0.0033s ]
SQL: SELECT * FROM `cjt_tag`  [ RunTime:0.0004s ]
SQL: SELECT COUNT(*) AS tp_count FROM `cjt_tag` LIMIT 1   [ RunTime:0.0002s ]
SQL: SELECT * FROM `cjt_tag` LIMIT 0,30   [ RunTime:0.0003s ]
SQL: SELECT `tagid` FROM `cjt_tag`  [ RunTime:0.0003s ]
SQL: SELECT COUNT(*) AS tp_count FROM `cjt_articletag` WHERE `tagid` = 1 LIMIT 1   [ RunTime:0.0006s ]
SQL: SELECT COUNT(*) AS tp_count FROM `cjt_articletag` WHERE `tagid` = 2 LIMIT 1   [ RunTime:0.0004s ]
SQL: SELECT COUNT(*) AS tp_count FROM `cjt_articletag` WHERE `tagid` = 3 LIMIT 1   [ RunTime:0.0004s ]
SQL: SELECT COUNT(*) AS tp_count FROM `cjt_articletag` WHERE `tagid` = 8 LIMIT 1   [ RunTime:0.0004s ]
INFO: [ view_parse ] --START--
INFO: [ template_filter ] --START--
INFO: Run Behavior\ContentReplaceBehavior [ RunTime:0.000298s ]
INFO: [ template_filter ] --END-- [ RunTime:0.000806s ]
INFO: Run Behavior\ParseTemplateBehavior [ RunTime:0.019708s ]
INFO: [ view_parse ] --END-- [ RunTime:0.019875s ]
INFO: [ view_filter ] --START--
INFO: Run Behavior\WriteHtmlCacheBehavior [ RunTime:0.000537s ]
INFO: [ view_filter ] --END-- [ RunTime:0.000663s ]
INFO: [ app_end ] --START--
INFO: Run Behavior\ShowPageTraceBehavior [ RunTime:0.000732s ]
INFO: [ app_end ] --END-- [ RunTime:0.000829s ]

[ 2016-06-04T23:53:16+08:00 ] 127.0.0.1 /Admin/Comment/showlist
INFO: [ app_init ] --START--
INFO: Run Behavior\BuildLiteBehavior [ RunTime:0.000028s ]
INFO: [ app_init ] --END-- [ RunTime:0.000511s ]
INFO: [ app_begin ] --START--
INFO: Run Behavior\ReadHtmlCacheBehavior [ RunTime:0.000778s ]
INFO: [ app_begin ] --END-- [ RunTime:0.000891s ]
SQL: SHOW COLUMNS FROM `cjt_comment` [ RunTime:0.0030s ]
SQL: SELECT COUNT(*) AS tp_count FROM `cjt_comment` LIMIT 1   [ RunTime:0.0004s ]
SQL: SELECT COUNT(*) AS tp_count FROM `cjt_comment` WHERE `status` = 0 LIMIT 1   [ RunTime:0.0003s ]
SQL: SELECT COUNT(*) AS tp_count FROM `cjt_comment` LIMIT 1   [ RunTime:0.0002s ]
SQL: SELECT * FROM `cjt_comment` ORDER BY commenttime DESC LIMIT 0,30   [ RunTime:0.0004s ]
SQL: SHOW COLUMNS FROM `cjt_article` [ RunTime:0.0029s ]
SQL: SELECT * FROM `cjt_article` WHERE ( 1=1 AND id='47' ) LIMIT 1   [ RunTime:0.0004s ]
SQL: SELECT * FROM `cjt_article` WHERE ( 1=1 AND id='47' ) LIMIT 1   [ RunTime:0.0006s ]
SQL: SELECT * FROM `cjt_article` WHERE ( 1=1 AND id='47' ) LIMIT 1   [ RunTime:0.0006s ]
SQL: SELECT * FROM `cjt_article` WHERE ( 1=1 AND id='47' ) LIMIT 1   [ RunTime:0.0007s ]
SQL: SELECT * FROM `cjt_article` WHERE ( 1=1 AND id='47' ) LIMIT 1   [ RunTime:0.0005s ]
SQL: SELECT * FROM `cjt_article` WHERE ( 1=1 AND id='178' ) LIMIT 1   [ RunTime:0.0005s ]
SQL: SELECT * FROM `cjt_article` WHERE ( 1=1 AND id='178' ) LIMIT 1   [ RunTime:0.0004s ]
SQL: SELECT * FROM `cjt_article` WHERE ( 1=1 AND id='178' ) LIMIT 1   [ RunTime:0.0003s ]
INFO: [ view_parse ] --START--
INFO: [ template_filter ] --START--
INFO: Run Behavior\ContentReplaceBehavior [ RunTime:0.000170s ]
INFO: [ template_filter ] --END-- [ RunTime:0.000296s ]
INFO: Run Behavior\ParseTemplateBehavior [ RunTime:0.020276s ]
INFO: [ view_parse ] --END-- [ RunTime:0.020392s ]
INFO: [ view_filter ] --START--
INFO: Run Behavior\WriteHtmlCacheBehavior [ RunTime:0.000509s ]
INFO: [ view_filter ] --END-- [ RunTime:0.000597s ]
INFO: [ app_end ] --START--
INFO: Run Behavior\ShowPageTraceBehavior [ RunTime:0.000727s ]
INFO: [ app_end ] --END-- [ RunTime:0.000819s ]

[ 2016-06-04T23:53:20+08:00 ] 127.0.0.1 /Admin/Tag/showlist
INFO: [ app_init ] --START--
INFO: Run Behavior\BuildLiteBehavior [ RunTime:0.000030s ]
INFO: [ app_init ] --END-- [ RunTime:0.000572s ]
INFO: [ app_begin ] --START--
INFO: Run Behavior\ReadHtmlCacheBehavior [ RunTime:0.001384s ]
INFO: [ app_begin ] --END-- [ RunTime:0.001595s ]
SQL: SHOW COLUMNS FROM `cjt_comment` [ RunTime:0.0050s ]
SQL: SELECT COUNT(*) AS tp_count FROM `cjt_comment` LIMIT 1   [ RunTime:0.0004s ]
SQL: SELECT COUNT(*) AS tp_count FROM `cjt_comment` WHERE `status` = 0 LIMIT 1   [ RunTime:0.0005s ]
SQL: SHOW COLUMNS FROM `cjt_tag` [ RunTime:0.0045s ]
SQL: SHOW COLUMNS FROM `cjt_articletag` [ RunTime:0.0039s ]
SQL: SELECT * FROM `cjt_tag`  [ RunTime:0.0005s ]
SQL: SELECT COUNT(*) AS tp_count FROM `cjt_tag` LIMIT 1   [ RunTime:0.0007s ]
SQL: SELECT * FROM `cjt_tag` LIMIT 0,30   [ RunTime:0.0004s ]
SQL: SELECT `tagid` FROM `cjt_tag`  [ RunTime:0.0003s ]
SQL: SELECT COUNT(*) AS tp_count FROM `cjt_articletag` WHERE `tagid` = 1 LIMIT 1   [ RunTime:0.0003s ]
SQL: SELECT COUNT(*) AS tp_count FROM `cjt_articletag` WHERE `tagid` = 2 LIMIT 1   [ RunTime:0.0005s ]
SQL: SELECT COUNT(*) AS tp_count FROM `cjt_articletag` WHERE `tagid` = 3 LIMIT 1   [ RunTime:0.0005s ]
SQL: SELECT COUNT(*) AS tp_count FROM `cjt_articletag` WHERE `tagid` = 8 LIMIT 1   [ RunTime:0.0004s ]
INFO: [ view_parse ] --START--
INFO: [ template_filter ] --START--
INFO: Run Behavior\ContentReplaceBehavior [ RunTime:0.000196s ]
INFO: [ template_filter ] --END-- [ RunTime:0.000397s ]
INFO: Run Behavior\ParseTemplateBehavior [ RunTime:0.020638s ]
INFO: [ view_parse ] --END-- [ RunTime:0.020791s ]
INFO: [ view_filter ] --START--
INFO: Run Behavior\WriteHtmlCacheBehavior [ RunTime:0.000496s ]
INFO: [ view_filter ] --END-- [ RunTime:0.000602s ]
INFO: [ app_end ] --START--
INFO: Run Behavior\ShowPageTraceBehavior [ RunTime:0.001240s ]
INFO: [ app_end ] --END-- [ RunTime:0.001428s ]

[ 2016-06-04T23:53:21+08:00 ] 127.0.0.1 /Admin/Comment/showlist
INFO: [ app_init ] --START--
INFO: Run Behavior\BuildLiteBehavior [ RunTime:0.000028s ]
INFO: [ app_init ] --END-- [ RunTime:0.000508s ]
INFO: [ app_begin ] --START--
INFO: Run Behavior\ReadHtmlCacheBehavior [ RunTime:0.000833s ]
INFO: [ app_begin ] --END-- [ RunTime:0.000964s ]
SQL: SHOW COLUMNS FROM `cjt_comment` [ RunTime:0.0088s ]
SQL: SELECT COUNT(*) AS tp_count FROM `cjt_comment` LIMIT 1   [ RunTime:0.0005s ]
SQL: SELECT COUNT(*) AS tp_count FROM `cjt_comment` WHERE `status` = 0 LIMIT 1   [ RunTime:0.0018s ]
SQL: SELECT COUNT(*) AS tp_count FROM `cjt_comment` LIMIT 1   [ RunTime:0.0005s ]
SQL: SELECT * FROM `cjt_comment` ORDER BY commenttime DESC LIMIT 0,30   [ RunTime:0.0007s ]
SQL: SHOW COLUMNS FROM `cjt_article` [ RunTime:0.0047s ]
SQL: SELECT * FROM `cjt_article` WHERE ( 1=1 AND id='47' ) LIMIT 1   [ RunTime:0.0005s ]
SQL: SELECT * FROM `cjt_article` WHERE ( 1=1 AND id='47' ) LIMIT 1   [ RunTime:0.0005s ]
SQL: SELECT * FROM `cjt_article` WHERE ( 1=1 AND id='47' ) LIMIT 1   [ RunTime:0.0004s ]
SQL: SELECT * FROM `cjt_article` WHERE ( 1=1 AND id='47' ) LIMIT 1   [ RunTime:0.0004s ]
SQL: SELECT * FROM `cjt_article` WHERE ( 1=1 AND id='47' ) LIMIT 1   [ RunTime:0.0004s ]
SQL: SELECT * FROM `cjt_article` WHERE ( 1=1 AND id='178' ) LIMIT 1   [ RunTime:0.0005s ]
SQL: SELECT * FROM `cjt_article` WHERE ( 1=1 AND id='178' ) LIMIT 1   [ RunTime:0.0006s ]
SQL: SELECT * FROM `cjt_article` WHERE ( 1=1 AND id='178' ) LIMIT 1   [ RunTime:0.0005s ]
INFO: [ view_parse ] --START--
INFO: [ template_filter ] --START--
INFO: Run Behavior\ContentReplaceBehavior [ RunTime:0.002129s ]
INFO: [ template_filter ] --END-- [ RunTime:0.002857s ]
INFO: Run Behavior\ParseTemplateBehavior [ RunTime:0.026244s ]
INFO: [ view_parse ] --END-- [ RunTime:0.026409s ]
INFO: [ view_filter ] --START--
INFO: Run Behavior\WriteHtmlCacheBehavior [ RunTime:0.001411s ]
INFO: [ view_filter ] --END-- [ RunTime:0.001559s ]
INFO: [ app_end ] --START--
INFO: Run Behavior\ShowPageTraceBehavior [ RunTime:0.001688s ]
INFO: [ app_end ] --END-- [ RunTime:0.002285s ]

[ 2016-06-04T23:57:55+08:00 ] 127.0.0.1 /Admin/Comment/showlistarticle/articleid/47
INFO: [ app_init ] --START--
INFO: Run Behavior\BuildLiteBehavior [ RunTime:0.000031s ]
INFO: [ app_init ] --END-- [ RunTime:0.000705s ]
INFO: [ app_begin ] --START--
INFO: Run Behavior\ReadHtmlCacheBehavior [ RunTime:0.002098s ]
INFO: [ app_begin ] --END-- [ RunTime:0.002286s ]
SQL: SHOW COLUMNS FROM `cjt_comment` [ RunTime:0.0037s ]
SQL: SELECT COUNT(*) AS tp_count FROM `cjt_comment` LIMIT 1   [ RunTime:0.0004s ]
SQL: SELECT COUNT(*) AS tp_count FROM `cjt_comment` WHERE `status` = 0 LIMIT 1   [ RunTime:0.0002s ]
SQL: SHOW COLUMNS FROM `cjt_article` [ RunTime:0.0034s ]
SQL: SELECT COUNT(*) AS tp_count FROM `cjt_comment` LIMIT 1   [ RunTime:0.0005s ]
SQL: SELECT * FROM `cjt_comment` WHERE `articleid` = 47 ORDER BY commenttime DESC LIMIT 0,30   [ RunTime:0.0007s ]
SQL: SELECT * FROM `cjt_article` WHERE ( 1=1 AND id='47' ) LIMIT 1   [ RunTime:0.0005s ]
SQL: SELECT * FROM `cjt_article` WHERE ( 1=1 AND id='47' ) LIMIT 1   [ RunTime:0.0005s ]
SQL: SELECT * FROM `cjt_article` WHERE ( 1=1 AND id='47' ) LIMIT 1   [ RunTime:0.0004s ]
SQL: SELECT * FROM `cjt_article` WHERE ( 1=1 AND id='47' ) LIMIT 1   [ RunTime:0.0006s ]
SQL: SELECT * FROM `cjt_article` WHERE ( 1=1 AND id='47' ) LIMIT 1   [ RunTime:0.0005s ]
SQL: SELECT `id`,`title` FROM `cjt_article` WHERE `id` = 47  [ RunTime:0.0003s ]
INFO: [ view_parse ] --START--
INFO: [ template_filter ] --START--
INFO: Run Behavior\ContentReplaceBehavior [ RunTime:0.000155s ]
INFO: [ template_filter ] --END-- [ RunTime:0.000297s ]
INFO: Run Behavior\ParseTemplateBehavior [ RunTime:0.023722s ]
INFO: [ view_parse ] --END-- [ RunTime:0.023861s ]
INFO: [ view_filter ] --START--
INFO: Run Behavior\WriteHtmlCacheBehavior [ RunTime:0.000644s ]
INFO: [ view_filter ] --END-- [ RunTime:0.000749s ]
INFO: [ app_end ] --START--
INFO: Run Behavior\ShowPageTraceBehavior [ RunTime:0.000825s ]
INFO: [ app_end ] --END-- [ RunTime:0.000939s ]

[ 2016-06-04T23:57:58+08:00 ] 127.0.0.1 /Admin/Comment/showlistarticle/articleid/47
INFO: [ app_init ] --START--
INFO: Run Behavior\BuildLiteBehavior [ RunTime:0.000044s ]
INFO: [ app_init ] --END-- [ RunTime:0.000795s ]
INFO: [ app_begin ] --START--
INFO: Run Behavior\ReadHtmlCacheBehavior [ RunTime:0.001095s ]
INFO: [ app_begin ] --END-- [ RunTime:0.001282s ]
SQL: SHOW COLUMNS FROM `cjt_comment` [ RunTime:0.0035s ]
SQL: SELECT COUNT(*) AS tp_count FROM `cjt_comment` LIMIT 1   [ RunTime:0.0005s ]
SQL: SELECT COUNT(*) AS tp_count FROM `cjt_comment` WHERE `status` = 0 LIMIT 1   [ RunTime:0.0004s ]
SQL: SHOW COLUMNS FROM `cjt_article` [ RunTime:0.0050s ]
SQL: SELECT COUNT(*) AS tp_count FROM `cjt_comment` LIMIT 1   [ RunTime:0.0003s ]
SQL: SELECT * FROM `cjt_comment` WHERE `articleid` = 47 ORDER BY commenttime DESC LIMIT 0,30   [ RunTime:0.0007s ]
SQL: SELECT * FROM `cjt_article` WHERE ( 1=1 AND id='47' ) LIMIT 1   [ RunTime:0.0004s ]
SQL: SELECT * FROM `cjt_article` WHERE ( 1=1 AND id='47' ) LIMIT 1   [ RunTime:0.0004s ]
SQL: SELECT * FROM `cjt_article` WHERE ( 1=1 AND id='47' ) LIMIT 1   [ RunTime:0.0004s ]
SQL: SELECT * FROM `cjt_article` WHERE ( 1=1 AND id='47' ) LIMIT 1   [ RunTime:0.0004s ]
SQL: SELECT * FROM `cjt_article` WHERE ( 1=1 AND id='47' ) LIMIT 1   [ RunTime:0.0004s ]
SQL: SELECT `id`,`title` FROM `cjt_article` WHERE `id` = 47  [ RunTime:0.0003s ]
INFO: [ view_parse ] --START--
INFO: [ template_filter ] --START--
INFO: Run Behavior\ContentReplaceBehavior [ RunTime:0.000241s ]
INFO: [ template_filter ] --END-- [ RunTime:0.000441s ]
INFO: Run Behavior\ParseTemplateBehavior [ RunTime:0.034828s ]
INFO: [ view_parse ] --END-- [ RunTime:0.035114s ]
INFO: [ view_filter ] --START--
INFO: Run Behavior\WriteHtmlCacheBehavior [ RunTime:0.000827s ]
INFO: [ view_filter ] --END-- [ RunTime:0.001014s ]
INFO: [ app_end ] --START--
INFO: Run Behavior\ShowPageTraceBehavior [ RunTime:0.001402s ]
INFO: [ app_end ] --END-- [ RunTime:0.001771s ]

