[ 2016-05-19T00:05:59+08:00 ] 127.0.0.1 /admin
INFO: [ app_init ] --START--
INFO: Run Behavior\BuildLiteBehavior [ RunTime:0.000037s ]
INFO: [ app_init ] --END-- [ RunTime:0.000564s ]
INFO: [ app_begin ] --START--
INFO: Run Behavior\ReadHtmlCacheBehavior [ RunTime:0.001047s ]
INFO: [ app_begin ] --END-- [ RunTime:0.001241s ]
NOTIC: [8] Undefined index: admin E:\wamp\www\chenjt_website\Application\Admin\Controller\BaseController.class.php 第 21 行.
INFO: [ view_parse ] --START--
INFO: [ template_filter ] --START--
INFO: Run Behavior\ContentReplaceBehavior [ RunTime:0.000084s ]
INFO: [ template_filter ] --END-- [ RunTime:0.000192s ]
INFO: Run Behavior\ParseTemplateBehavior [ RunTime:0.008092s ]
INFO: [ view_parse ] --END-- [ RunTime:0.008287s ]
INFO: [ view_filter ] --START--
INFO: Run Behavior\WriteHtmlCacheBehavior [ RunTime:0.000444s ]
INFO: [ view_filter ] --END-- [ RunTime:0.000582s ]

[ 2016-05-19T00:06:01+08:00 ] 127.0.0.1 /Admin/Login/login
INFO: [ app_init ] --START--
INFO: Run Behavior\BuildLiteBehavior [ RunTime:0.000023s ]
INFO: [ app_init ] --END-- [ RunTime:0.000374s ]
INFO: [ app_begin ] --START--
INFO: Run Behavior\ReadHtmlCacheBehavior [ RunTime:0.000438s ]
INFO: [ app_begin ] --END-- [ RunTime:0.000520s ]
INFO: [ view_parse ] --START--
INFO: [ template_filter ] --START--
INFO: Run Behavior\ContentReplaceBehavior [ RunTime:0.000126s ]
INFO: [ template_filter ] --END-- [ RunTime:0.000266s ]
INFO: Run Behavior\ParseTemplateBehavior [ RunTime:0.006637s ]
INFO: [ view_parse ] --END-- [ RunTime:0.006729s ]
INFO: [ view_filter ] --START--
INFO: Run Behavior\WriteHtmlCacheBehavior [ RunTime:0.000222s ]
INFO: [ view_filter ] --END-- [ RunTime:0.000308s ]
INFO: [ app_end ] --START--
INFO: Run Behavior\ShowPageTraceBehavior [ RunTime:0.000509s ]
INFO: [ app_end ] --END-- [ RunTime:0.000584s ]

[ 2016-05-19T00:06:01+08:00 ] 127.0.0.1 /Admin/Login/loginverify
INFO: [ app_init ] --START--
INFO: Run Behavior\BuildLiteBehavior [ RunTime:0.000026s ]
INFO: [ app_init ] --END-- [ RunTime:0.000433s ]
INFO: [ app_begin ] --START--
INFO: Run Behavior\ReadHtmlCacheBehavior [ RunTime:0.000568s ]
INFO: [ app_begin ] --END-- [ RunTime:0.000691s ]
INFO: [ app_end ] --START--
INFO: Run Behavior\ShowPageTraceBehavior [ RunTime:0.001080s ]
INFO: [ app_end ] --END-- [ RunTime:0.001289s ]

[ 2016-05-19T00:06:06+08:00 ] 127.0.0.1 /Admin/Login/login
INFO: [ app_init ] --START--
INFO: Run Behavior\BuildLiteBehavior [ RunTime:0.000050s ]
INFO: [ app_init ] --END-- [ RunTime:0.000828s ]
INFO: [ app_begin ] --START--
INFO: Run Behavior\ReadHtmlCacheBehavior [ RunTime:0.000482s ]
INFO: [ app_begin ] --END-- [ RunTime:0.000670s ]
INFO: [ view_parse ] --START--
INFO: [ template_filter ] --START--
INFO: Run Behavior\ContentReplaceBehavior [ RunTime:0.000073s ]
INFO: [ template_filter ] --END-- [ RunTime:0.000161s ]
INFO: Run Behavior\ParseTemplateBehavior [ RunTime:0.005845s ]
INFO: [ view_parse ] --END-- [ RunTime:0.005941s ]
INFO: [ view_filter ] --START--
INFO: Run Behavior\WriteHtmlCacheBehavior [ RunTime:0.000202s ]
INFO: [ view_filter ] --END-- [ RunTime:0.000275s ]

[ 2016-05-19T00:06:09+08:00 ] 127.0.0.1 /Admin/Login/login
INFO: [ app_init ] --START--
INFO: Run Behavior\BuildLiteBehavior [ RunTime:0.000024s ]
INFO: [ app_init ] --END-- [ RunTime:0.000395s ]
INFO: [ app_begin ] --START--
INFO: Run Behavior\ReadHtmlCacheBehavior [ RunTime:0.000545s ]
INFO: [ app_begin ] --END-- [ RunTime:0.000642s ]
INFO: [ view_parse ] --START--
INFO: [ template_filter ] --START--
INFO: Run Behavior\ContentReplaceBehavior [ RunTime:0.000099s ]
INFO: [ template_filter ] --END-- [ RunTime:0.000213s ]
INFO: Run Behavior\ParseTemplateBehavior [ RunTime:0.007592s ]
INFO: [ view_parse ] --END-- [ RunTime:0.007731s ]
INFO: [ view_filter ] --START--
INFO: Run Behavior\WriteHtmlCacheBehavior [ RunTime:0.000358s ]
INFO: [ view_filter ] --END-- [ RunTime:0.000458s ]
INFO: [ app_end ] --START--
INFO: Run Behavior\ShowPageTraceBehavior [ RunTime:0.000548s ]
INFO: [ app_end ] --END-- [ RunTime:0.000637s ]

[ 2016-05-19T00:06:38+08:00 ] 127.0.0.1 /Admin/Login/login
INFO: [ app_init ] --START--
INFO: Run Behavior\BuildLiteBehavior [ RunTime:0.000049s ]
INFO: [ app_init ] --END-- [ RunTime:0.000788s ]
INFO: [ app_begin ] --START--
INFO: Run Behavior\ReadHtmlCacheBehavior [ RunTime:0.001020s ]
INFO: [ app_begin ] --END-- [ RunTime:0.001212s ]
SQL: SHOW COLUMNS FROM `cjt_admin` [ RunTime:0.0902s ]
SQL: SELECT * FROM `cjt_admin` WHERE `username` = 'cjt' AND `password` = 'd41d8cd98f00b204e9800998ecf8427e' LIMIT 1   [ RunTime:0.0767s ]
INFO: [ view_parse ] --START--
INFO: [ template_filter ] --START--
INFO: Run Behavior\ContentReplaceBehavior [ RunTime:0.000085s ]
INFO: [ template_filter ] --END-- [ RunTime:0.000219s ]
INFO: Run Behavior\ParseTemplateBehavior [ RunTime:0.007866s ]
INFO: [ view_parse ] --END-- [ RunTime:0.008068s ]
INFO: [ view_filter ] --START--
INFO: Run Behavior\WriteHtmlCacheBehavior [ RunTime:0.000319s ]
INFO: [ view_filter ] --END-- [ RunTime:0.000424s ]

[ 2016-05-19T00:06:38+08:00 ] 127.0.0.1 /Admin/Login/login
INFO: [ app_init ] --START--
INFO: Run Behavior\BuildLiteBehavior [ RunTime:0.000023s ]
INFO: [ app_init ] --END-- [ RunTime:0.000420s ]
INFO: [ app_begin ] --START--
INFO: Run Behavior\ReadHtmlCacheBehavior [ RunTime:0.000549s ]
INFO: [ app_begin ] --END-- [ RunTime:0.000630s ]
INFO: [ view_parse ] --START--
INFO: [ template_filter ] --START--
INFO: Run Behavior\ContentReplaceBehavior [ RunTime:0.000079s ]
INFO: [ template_filter ] --END-- [ RunTime:0.000198s ]
INFO: Run Behavior\ParseTemplateBehavior [ RunTime:0.006947s ]
INFO: [ view_parse ] --END-- [ RunTime:0.007084s ]
INFO: [ view_filter ] --START--
INFO: Run Behavior\WriteHtmlCacheBehavior [ RunTime:0.000353s ]
INFO: [ view_filter ] --END-- [ RunTime:0.000433s ]

[ 2016-05-19T00:06:38+08:00 ] 127.0.0.1 /Admin/Login/login
INFO: [ app_init ] --START--
INFO: Run Behavior\BuildLiteBehavior [ RunTime:0.000036s ]
INFO: [ app_init ] --END-- [ RunTime:0.000598s ]
INFO: [ app_begin ] --START--
INFO: Run Behavior\ReadHtmlCacheBehavior [ RunTime:0.000555s ]
INFO: [ app_begin ] --END-- [ RunTime:0.000652s ]
INFO: [ view_parse ] --START--
INFO: [ template_filter ] --START--
INFO: Run Behavior\ContentReplaceBehavior [ RunTime:0.000073s ]
INFO: [ template_filter ] --END-- [ RunTime:0.000170s ]
INFO: Run Behavior\ParseTemplateBehavior [ RunTime:0.006962s ]
INFO: [ view_parse ] --END-- [ RunTime:0.007080s ]
INFO: [ view_filter ] --START--
INFO: Run Behavior\WriteHtmlCacheBehavior [ RunTime:0.000232s ]
INFO: [ view_filter ] --END-- [ RunTime:0.000326s ]

[ 2016-05-19T00:06:38+08:00 ] 127.0.0.1 /Admin/Login/login
INFO: [ app_init ] --START--
INFO: Run Behavior\BuildLiteBehavior [ RunTime:0.000027s ]
INFO: [ app_init ] --END-- [ RunTime:0.000593s ]
INFO: [ app_begin ] --START--
INFO: Run Behavior\ReadHtmlCacheBehavior [ RunTime:0.000678s ]
INFO: [ app_begin ] --END-- [ RunTime:0.000800s ]
INFO: [ view_parse ] --START--
INFO: [ template_filter ] --START--
INFO: Run Behavior\ContentReplaceBehavior [ RunTime:0.000094s ]
INFO: [ template_filter ] --END-- [ RunTime:0.000197s ]
INFO: Run Behavior\ParseTemplateBehavior [ RunTime:0.008226s ]
INFO: [ view_parse ] --END-- [ RunTime:0.008391s ]
INFO: [ view_filter ] --START--
INFO: Run Behavior\WriteHtmlCacheBehavior [ RunTime:0.000349s ]
INFO: [ view_filter ] --END-- [ RunTime:0.000425s ]
INFO: [ app_end ] --START--
INFO: Run Behavior\ShowPageTraceBehavior [ RunTime:0.000542s ]
INFO: [ app_end ] --END-- [ RunTime:0.000622s ]

[ 2016-05-19T00:06:38+08:00 ] 127.0.0.1 /Admin/Login/loginverify
INFO: [ app_init ] --START--
INFO: Run Behavior\BuildLiteBehavior [ RunTime:0.000040s ]
INFO: [ app_init ] --END-- [ RunTime:0.000754s ]
INFO: [ app_begin ] --START--
INFO: Run Behavior\ReadHtmlCacheBehavior [ RunTime:0.000881s ]
INFO: [ app_begin ] --END-- [ RunTime:0.001127s ]
INFO: [ app_end ] --START--
INFO: Run Behavior\ShowPageTraceBehavior [ RunTime:0.000872s ]
INFO: [ app_end ] --END-- [ RunTime:0.001053s ]

[ 2016-05-19T00:06:40+08:00 ] 127.0.0.1 /Admin/Login/loginverify/0.7765417015179992
INFO: [ app_init ] --START--
INFO: Run Behavior\BuildLiteBehavior [ RunTime:0.000026s ]
INFO: [ app_init ] --END-- [ RunTime:0.000425s ]
INFO: [ app_begin ] --START--
INFO: Run Behavior\ReadHtmlCacheBehavior [ RunTime:0.000577s ]
INFO: [ app_begin ] --END-- [ RunTime:0.001120s ]
INFO: [ app_end ] --START--
INFO: Run Behavior\ShowPageTraceBehavior [ RunTime:0.000562s ]
INFO: [ app_end ] --END-- [ RunTime:0.000678s ]

[ 2016-05-19T00:06:44+08:00 ] 127.0.0.1 /Admin/Login/login
INFO: [ app_init ] --START--
INFO: Run Behavior\BuildLiteBehavior [ RunTime:0.000023s ]
INFO: [ app_init ] --END-- [ RunTime:0.000389s ]
INFO: [ app_begin ] --START--
INFO: Run Behavior\ReadHtmlCacheBehavior [ RunTime:0.000462s ]
INFO: [ app_begin ] --END-- [ RunTime:0.000545s ]
SQL: SHOW COLUMNS FROM `cjt_admin` [ RunTime:0.0026s ]
SQL: SELECT * FROM `cjt_admin` WHERE `username` = 'cjt' AND `password` = 'e10adc3949ba59abbe56e057f20f883e' LIMIT 1   [ RunTime:0.0004s ]
INFO: [ view_parse ] --START--
INFO: [ template_filter ] --START--
INFO: Run Behavior\ContentReplaceBehavior [ RunTime:0.000084s ]
INFO: [ template_filter ] --END-- [ RunTime:0.000187s ]
INFO: Run Behavior\ParseTemplateBehavior [ RunTime:0.007033s ]
INFO: [ view_parse ] --END-- [ RunTime:0.007170s ]
INFO: [ view_filter ] --START--
INFO: Run Behavior\WriteHtmlCacheBehavior [ RunTime:0.000321s ]
INFO: [ view_filter ] --END-- [ RunTime:0.000464s ]
INFO: [ app_end ] --START--
INFO: Run Behavior\ShowPageTraceBehavior [ RunTime:0.000564s ]
INFO: [ app_end ] --END-- [ RunTime:0.000692s ]

[ 2016-05-19T00:06:45+08:00 ] 127.0.0.1 /Admin/Index/index
INFO: [ app_init ] --START--
INFO: Run Behavior\BuildLiteBehavior [ RunTime:0.000025s ]
INFO: [ app_init ] --END-- [ RunTime:0.000435s ]
INFO: [ app_begin ] --START--
INFO: Run Behavior\ReadHtmlCacheBehavior [ RunTime:0.000628s ]
INFO: [ app_begin ] --END-- [ RunTime:0.000738s ]
INFO: [ view_parse ] --START--
INFO: [ template_filter ] --START--
INFO: Run Behavior\ContentReplaceBehavior [ RunTime:0.000079s ]
INFO: [ template_filter ] --END-- [ RunTime:0.000250s ]
INFO: Run Behavior\ParseTemplateBehavior [ RunTime:0.015065s ]
INFO: [ view_parse ] --END-- [ RunTime:0.015182s ]
INFO: [ view_filter ] --START--
INFO: Run Behavior\WriteHtmlCacheBehavior [ RunTime:0.000241s ]
INFO: [ view_filter ] --END-- [ RunTime:0.000322s ]
INFO: [ app_end ] --START--
INFO: Run Behavior\ShowPageTraceBehavior [ RunTime:0.000480s ]
INFO: [ app_end ] --END-- [ RunTime:0.000561s ]

[ 2016-05-19T00:06:45+08:00 ] 127.0.0.1 /Admin/Index/head
INFO: [ app_init ] --START--
INFO: Run Behavior\BuildLiteBehavior [ RunTime:0.000024s ]
INFO: [ app_init ] --END-- [ RunTime:0.000407s ]
INFO: [ app_begin ] --START--
INFO: Run Behavior\ReadHtmlCacheBehavior [ RunTime:0.000709s ]
INFO: [ app_begin ] --END-- [ RunTime:0.000829s ]
INFO: [ view_parse ] --START--
INFO: [ template_filter ] --START--
INFO: Run Behavior\ContentReplaceBehavior [ RunTime:0.000083s ]
INFO: [ template_filter ] --END-- [ RunTime:0.000178s ]
INFO: Run Behavior\ParseTemplateBehavior [ RunTime:0.095213s ]
INFO: [ view_parse ] --END-- [ RunTime:0.095500s ]
INFO: [ view_filter ] --START--
INFO: Run Behavior\WriteHtmlCacheBehavior [ RunTime:0.000454s ]
INFO: [ view_filter ] --END-- [ RunTime:0.000585s ]
INFO: [ app_end ] --START--
INFO: Run Behavior\ShowPageTraceBehavior [ RunTime:0.000747s ]
INFO: [ app_end ] --END-- [ RunTime:0.000884s ]

[ 2016-05-19T00:06:45+08:00 ] 127.0.0.1 /Admin/Index/left
INFO: [ app_init ] --START--
INFO: Run Behavior\BuildLiteBehavior [ RunTime:0.000037s ]
INFO: [ app_init ] --END-- [ RunTime:0.000622s ]
INFO: [ app_begin ] --START--
INFO: Run Behavior\ReadHtmlCacheBehavior [ RunTime:0.001154s ]
INFO: [ app_begin ] --END-- [ RunTime:0.001377s ]
INFO: [ view_parse ] --START--
INFO: [ template_filter ] --START--
INFO: Run Behavior\ContentReplaceBehavior [ RunTime:0.000145s ]
INFO: [ template_filter ] --END-- [ RunTime:0.000299s ]
INFO: Run Behavior\ParseTemplateBehavior [ RunTime:0.013287s ]
INFO: [ view_parse ] --END-- [ RunTime:0.013471s ]
INFO: [ view_filter ] --START--
INFO: Run Behavior\WriteHtmlCacheBehavior [ RunTime:0.000603s ]
INFO: [ view_filter ] --END-- [ RunTime:0.000758s ]
INFO: [ app_end ] --START--
INFO: Run Behavior\ShowPageTraceBehavior [ RunTime:0.000774s ]
INFO: [ app_end ] --END-- [ RunTime:0.000940s ]

[ 2016-05-19T00:06:45+08:00 ] 127.0.0.1 /Admin/Index/right
INFO: [ app_init ] --START--
INFO: Run Behavior\BuildLiteBehavior [ RunTime:0.000025s ]
INFO: [ app_init ] --END-- [ RunTime:0.000434s ]
INFO: [ app_begin ] --START--
INFO: Run Behavior\ReadHtmlCacheBehavior [ RunTime:0.000524s ]
INFO: [ app_begin ] --END-- [ RunTime:0.000633s ]
INFO: [ view_parse ] --START--
INFO: [ template_filter ] --START--
INFO: Run Behavior\ContentReplaceBehavior [ RunTime:0.000150s ]
INFO: [ template_filter ] --END-- [ RunTime:0.000394s ]
INFO: Run Behavior\ParseTemplateBehavior [ RunTime:0.057521s ]
INFO: [ view_parse ] --END-- [ RunTime:0.057724s ]
INFO: [ view_filter ] --START--
INFO: Run Behavior\WriteHtmlCacheBehavior [ RunTime:0.000703s ]
INFO: [ view_filter ] --END-- [ RunTime:0.000860s ]
INFO: [ app_end ] --START--
INFO: Run Behavior\ShowPageTraceBehavior [ RunTime:0.000929s ]
INFO: [ app_end ] --END-- [ RunTime:0.001085s ]

[ 2016-05-19T00:06:48+08:00 ] 127.0.0.1 /Admin/Article/showlist
INFO: [ app_init ] --START--
INFO: Run Behavior\BuildLiteBehavior [ RunTime:0.000044s ]
INFO: [ app_init ] --END-- [ RunTime:0.000741s ]
INFO: [ app_begin ] --START--
INFO: Run Behavior\ReadHtmlCacheBehavior [ RunTime:0.000816s ]
INFO: [ app_begin ] --END-- [ RunTime:0.001006s ]
SQL: SHOW COLUMNS FROM `cjt_article` [ RunTime:0.0034s ]
SQL: SELECT * FROM `cjt_article`  [ RunTime:0.0004s ]
SQL: SELECT COUNT(*) AS tp_count FROM `cjt_article` LIMIT 1   [ RunTime:0.0003s ]
SQL: SELECT * FROM `cjt_article` ORDER BY time DESC LIMIT 0,9   [ RunTime:0.1989s ]
SQL: SHOW COLUMNS FROM `cjt_sort` [ RunTime:0.0038s ]
SQL: SELECT * FROM `cjt_sort` WHERE ( 1=1 AND sortid='10' ) LIMIT 1   [ RunTime:0.0005s ]
SQL: SELECT * FROM `cjt_sort` WHERE ( 1=1 AND sortid='10' ) LIMIT 1   [ RunTime:0.0003s ]
SQL: SELECT * FROM `cjt_sort` WHERE ( 1=1 AND sortid='1' ) LIMIT 1   [ RunTime:0.0003s ]
SQL: SELECT * FROM `cjt_sort` WHERE ( 1=1 AND sortid='11' ) LIMIT 1   [ RunTime:0.0003s ]
SQL: SELECT * FROM `cjt_sort` WHERE ( 1=1 AND sortid='12' ) LIMIT 1   [ RunTime:0.0003s ]
SQL: SELECT * FROM `cjt_sort` WHERE ( 1=1 AND sortid='10' ) LIMIT 1   [ RunTime:0.0003s ]
SQL: SELECT * FROM `cjt_sort` WHERE ( 1=1 AND sortid='11' ) LIMIT 1   [ RunTime:0.0003s ]
SQL: SELECT * FROM `cjt_sort` WHERE ( 1=1 AND sortid='11' ) LIMIT 1   [ RunTime:0.0003s ]
SQL: SELECT * FROM `cjt_sort` WHERE ( 1=1 AND sortid='1' ) LIMIT 1   [ RunTime:0.0003s ]
INFO: [ view_parse ] --START--
INFO: [ template_filter ] --START--
INFO: Run Behavior\ContentReplaceBehavior [ RunTime:0.000131s ]
INFO: [ template_filter ] --END-- [ RunTime:0.000248s ]
INFO: Run Behavior\ParseTemplateBehavior [ RunTime:0.012878s ]
INFO: [ view_parse ] --END-- [ RunTime:0.013004s ]
INFO: [ view_filter ] --START--
INFO: Run Behavior\WriteHtmlCacheBehavior [ RunTime:0.000562s ]
INFO: [ view_filter ] --END-- [ RunTime:0.000661s ]
INFO: [ app_end ] --START--
INFO: Run Behavior\ShowPageTraceBehavior [ RunTime:0.000588s ]
INFO: [ app_end ] --END-- [ RunTime:0.000821s ]

[ 2016-05-19T00:06:51+08:00 ] 127.0.0.1 /Admin/Article/modifyarticle/id/54
INFO: [ app_init ] --START--
INFO: Run Behavior\BuildLiteBehavior [ RunTime:0.000037s ]
INFO: [ app_init ] --END-- [ RunTime:0.000635s ]
INFO: [ app_begin ] --START--
INFO: Run Behavior\ReadHtmlCacheBehavior [ RunTime:0.000746s ]
INFO: [ app_begin ] --END-- [ RunTime:0.000887s ]
SQL: SHOW COLUMNS FROM `cjt_article` [ RunTime:0.0029s ]
SQL: SHOW COLUMNS FROM `cjt_sort` [ RunTime:0.0027s ]
SQL: SELECT * FROM `cjt_sort`  [ RunTime:0.0005s ]
SQL: SELECT * FROM `cjt_article` WHERE `id` = 54 LIMIT 1   [ RunTime:0.0003s ]
INFO: [ view_parse ] --START--
INFO: [ template_filter ] --START--
INFO: Run Behavior\ContentReplaceBehavior [ RunTime:0.000097s ]
INFO: [ template_filter ] --END-- [ RunTime:0.000202s ]
INFO: Run Behavior\ParseTemplateBehavior [ RunTime:0.040391s ]
INFO: [ view_parse ] --END-- [ RunTime:0.040509s ]
INFO: [ view_filter ] --START--
INFO: Run Behavior\WriteHtmlCacheBehavior [ RunTime:0.000368s ]
INFO: [ view_filter ] --END-- [ RunTime:0.000500s ]
INFO: [ app_end ] --START--
INFO: Run Behavior\ShowPageTraceBehavior [ RunTime:0.000486s ]
INFO: [ app_end ] --END-- [ RunTime:0.000567s ]

[ 2016-05-19T00:07:08+08:00 ] 127.0.0.1 /Admin/Article/modifyarticle
INFO: [ app_init ] --START--
INFO: Run Behavior\BuildLiteBehavior [ RunTime:0.000028s ]
INFO: [ app_init ] --END-- [ RunTime:0.000435s ]
INFO: [ app_begin ] --START--
INFO: Run Behavior\ReadHtmlCacheBehavior [ RunTime:0.000538s ]
INFO: [ app_begin ] --END-- [ RunTime:0.000645s ]
SQL: SHOW COLUMNS FROM `cjt_article` [ RunTime:0.0024s ]
NOTIC: [8] Undefined index: validate E:\wamp\www\chenjt_website\ThinkPHP\Library\Think\Model.class.php 第 1185 行.
NOTIC: [8] Undefined index: auto E:\wamp\www\chenjt_website\ThinkPHP\Library\Think\Model.class.php 第 1128 行.
SQL: UPDATE `cjt_article` SET `title`='zxcv',`author`='',`sortid`='10',`content`='去玩儿去玩儿去玩儿去玩儿去玩儿去玩儿去玩儿去玩儿去玩儿去玩儿去玩儿去玩儿去玩儿去玩儿去玩儿去玩儿去玩儿去玩儿去玩儿去玩儿去玩儿去玩儿去玩儿去玩儿去玩儿去玩儿去玩儿去玩儿去玩儿去玩儿去玩儿去玩儿去玩儿去玩儿去玩儿去玩儿去玩儿去玩儿去玩儿去玩儿去玩儿去玩儿去玩儿去玩儿去玩儿去玩儿去玩儿去玩儿去玩儿去玩儿去玩儿去玩儿去玩儿去玩儿去玩儿去玩儿去玩儿去玩儿去玩儿                    去玩儿去玩儿去玩儿去玩儿去玩儿去玩儿去玩儿去玩儿去玩儿去玩儿去玩儿去玩儿去玩儿去玩儿去玩儿去玩儿去玩儿去玩儿去玩儿去玩儿去玩儿去玩儿去玩儿去玩儿去玩儿去玩儿去玩儿去玩儿去玩儿去玩儿去玩儿去玩儿去玩儿去玩儿去玩儿去玩儿去玩儿去玩儿去玩儿去玩儿去玩儿去玩儿去玩儿去玩儿去玩儿去玩儿去玩儿去玩儿去玩儿去玩儿去玩儿去玩儿去玩儿去玩儿去玩儿去玩儿去玩儿去玩儿去玩儿                    去玩儿去玩儿去玩儿去玩儿去玩儿去玩儿去玩儿去玩儿去玩儿去玩儿去玩儿去玩儿去玩儿去玩儿去玩儿去玩儿去玩儿去玩儿去玩儿去玩儿去玩儿去玩儿去玩儿去玩儿去玩儿去玩儿去玩儿去玩儿去玩儿去玩儿去玩儿去玩儿去玩儿去玩儿去玩儿去玩儿去玩儿去玩儿去玩儿去玩儿去玩儿去玩儿去玩儿去玩儿去玩儿去玩儿去玩儿去玩儿去玩儿去玩儿去玩儿去玩儿去玩儿去玩儿去玩儿去玩儿去玩儿去玩儿去玩儿                    去玩儿去玩儿去玩儿去玩儿去玩儿去玩儿去玩儿去玩儿去玩儿去玩儿去玩儿去玩儿去玩儿去玩儿去玩儿去玩儿去玩儿去玩儿去玩儿去玩儿去玩儿去玩儿去玩儿去玩儿去玩儿去玩儿去玩儿去玩儿去玩儿去玩儿去玩儿去玩儿去玩儿去玩儿去玩儿去玩儿去玩儿去玩儿去玩儿去玩儿去玩儿去玩儿去玩儿去玩儿去玩儿去玩儿去玩儿去玩儿去玩儿去玩儿去玩儿去玩儿去玩儿去玩儿去玩儿去玩儿去玩儿去玩儿去玩儿                    去玩儿去玩儿去玩儿去玩儿去玩儿去玩儿去玩儿去玩儿去玩儿去玩儿去玩儿去玩儿去玩儿去玩儿去玩儿去玩儿去玩儿去玩儿去玩儿去玩儿去玩儿去玩儿去玩儿去玩儿去玩儿去玩儿去玩儿去玩儿去玩儿去玩儿去玩儿去玩儿去玩儿去玩儿去玩儿去玩儿去玩儿去玩儿去玩儿去玩儿去玩儿去玩儿去玩儿去玩儿去玩儿去玩儿去玩儿去玩儿去玩儿去玩儿去玩儿去玩儿去玩儿去玩儿去玩儿去玩儿去玩儿去玩儿去玩儿                    去玩儿去玩儿去玩儿去玩儿去玩儿去玩儿去玩儿去玩儿去玩儿去玩儿去玩儿去玩儿去玩儿去玩儿去玩儿去玩儿去玩儿去玩儿去玩儿去玩儿去玩儿去玩儿去玩儿去玩儿去玩儿去玩儿去玩儿去玩儿去玩儿去玩儿去玩儿去玩儿去玩儿去玩儿去玩儿去玩儿去玩儿去玩儿去玩儿去玩儿去玩儿去玩儿去玩儿去玩儿去玩儿去玩儿去玩儿去玩儿去玩儿去玩儿去玩儿去玩儿去玩儿去玩儿去玩儿去玩儿去玩儿去玩儿去玩儿                    去玩儿去玩儿去玩儿去玩儿去玩儿去玩儿去玩儿去玩儿去玩儿去玩儿去玩儿去玩儿去玩儿去玩儿去玩儿去玩儿去玩儿去玩儿去玩儿去玩儿去玩儿去玩儿去玩儿去玩儿去玩儿去玩儿去玩儿去玩儿去玩儿去玩儿去玩儿去玩儿去玩儿去玩儿去玩儿去玩儿去玩儿去玩儿去玩儿去玩儿去玩儿去玩儿去玩儿去玩儿去玩儿去玩儿去玩儿去玩儿去玩儿去玩儿去玩儿去玩儿去玩儿去玩儿去玩儿去玩儿去玩儿去玩儿去玩儿                    去玩儿去玩儿去玩儿去玩儿去玩儿去玩儿去玩儿去玩儿去玩儿去玩儿去玩儿去玩儿去玩儿去玩儿去玩儿去玩儿去玩儿去玩儿去玩儿去玩儿去玩儿去玩儿去玩儿去玩儿去玩儿去玩儿去玩儿去玩儿去玩儿去玩儿去玩儿去玩儿去玩儿去玩儿去玩儿去玩儿去玩儿去玩儿去玩儿去玩儿去玩儿去玩儿去玩儿去玩儿去玩儿去玩儿去玩儿去玩儿去玩儿去玩儿去玩儿去玩儿去玩儿去玩儿去玩儿去玩儿去玩儿去玩儿去玩儿                    去玩儿去玩儿去玩儿去玩儿去玩儿去玩儿去玩儿去玩儿去玩儿去玩儿去玩儿去玩儿去玩儿去玩儿去玩儿去玩儿去玩儿去玩儿去玩儿去玩儿去玩儿去玩儿去玩儿去玩儿去玩儿去玩儿去玩儿去玩儿去玩儿去玩儿去玩儿去玩儿去玩儿去玩儿去玩儿去玩儿去玩儿去玩儿去玩儿去玩儿去玩儿去玩儿去玩儿去玩儿去玩儿去玩儿去玩儿去玩儿去玩儿去玩儿去玩儿去玩儿去玩儿去玩儿去玩儿去玩儿去玩儿去玩儿去玩儿                    去玩儿去玩儿去玩儿去玩儿去玩儿去玩儿去玩儿去玩儿去玩儿去玩儿去玩儿去玩儿去玩儿去玩儿去玩儿去玩儿去玩儿去玩儿去玩儿去玩儿去玩儿去玩儿去玩儿去玩儿去玩儿去玩儿去玩儿去玩儿去玩儿去玩儿去玩儿去玩儿去玩儿去玩儿去玩儿去玩儿去玩儿去玩儿去玩儿去玩儿去玩儿去玩儿去玩儿去玩儿去玩儿去玩儿去玩儿去玩儿去玩儿去玩儿去玩儿去玩儿去玩儿去玩儿去玩儿去玩儿去玩儿去玩儿去玩儿                    ' WHERE `id` = '54' [ RunTime:0.2300s ]
INFO: [ view_parse ] --START--
INFO: [ template_filter ] --START--
INFO: Run Behavior\ContentReplaceBehavior [ RunTime:0.000098s ]
INFO: [ template_filter ] --END-- [ RunTime:0.000222s ]
INFO: Run Behavior\ParseTemplateBehavior [ RunTime:0.008174s ]
INFO: [ view_parse ] --END-- [ RunTime:0.008295s ]
INFO: [ view_filter ] --START--
INFO: Run Behavior\WriteHtmlCacheBehavior [ RunTime:0.000421s ]
INFO: [ view_filter ] --END-- [ RunTime:0.000523s ]
INFO: [ app_end ] --START--
INFO: Run Behavior\ShowPageTraceBehavior [ RunTime:0.000581s ]
INFO: [ app_end ] --END-- [ RunTime:0.000678s ]

[ 2016-05-19T00:07:09+08:00 ] 127.0.0.1 /Admin/Article/showlist
INFO: [ app_init ] --START--
INFO: Run Behavior\BuildLiteBehavior [ RunTime:0.000031s ]
INFO: [ app_init ] --END-- [ RunTime:0.000505s ]
INFO: [ app_begin ] --START--
INFO: Run Behavior\ReadHtmlCacheBehavior [ RunTime:0.000639s ]
INFO: [ app_begin ] --END-- [ RunTime:0.000767s ]
SQL: SHOW COLUMNS FROM `cjt_article` [ RunTime:0.0029s ]
SQL: SELECT * FROM `cjt_article`  [ RunTime:0.0009s ]
SQL: SELECT COUNT(*) AS tp_count FROM `cjt_article` LIMIT 1   [ RunTime:0.0029s ]
SQL: SELECT * FROM `cjt_article` ORDER BY time DESC LIMIT 0,9   [ RunTime:0.0005s ]
SQL: SHOW COLUMNS FROM `cjt_sort` [ RunTime:0.0022s ]
SQL: SELECT * FROM `cjt_sort` WHERE ( 1=1 AND sortid='10' ) LIMIT 1   [ RunTime:0.0003s ]
SQL: SELECT * FROM `cjt_sort` WHERE ( 1=1 AND sortid='10' ) LIMIT 1   [ RunTime:0.0004s ]
SQL: SELECT * FROM `cjt_sort` WHERE ( 1=1 AND sortid='1' ) LIMIT 1   [ RunTime:0.0003s ]
SQL: SELECT * FROM `cjt_sort` WHERE ( 1=1 AND sortid='11' ) LIMIT 1   [ RunTime:0.0002s ]
SQL: SELECT * FROM `cjt_sort` WHERE ( 1=1 AND sortid='12' ) LIMIT 1   [ RunTime:0.0002s ]
SQL: SELECT * FROM `cjt_sort` WHERE ( 1=1 AND sortid='10' ) LIMIT 1   [ RunTime:0.0002s ]
SQL: SELECT * FROM `cjt_sort` WHERE ( 1=1 AND sortid='11' ) LIMIT 1   [ RunTime:0.0002s ]
SQL: SELECT * FROM `cjt_sort` WHERE ( 1=1 AND sortid='11' ) LIMIT 1   [ RunTime:0.0002s ]
SQL: SELECT * FROM `cjt_sort` WHERE ( 1=1 AND sortid='1' ) LIMIT 1   [ RunTime:0.0002s ]
INFO: [ view_parse ] --START--
INFO: [ template_filter ] --START--
INFO: Run Behavior\ContentReplaceBehavior [ RunTime:0.000100s ]
INFO: [ template_filter ] --END-- [ RunTime:0.000229s ]
INFO: Run Behavior\ParseTemplateBehavior [ RunTime:0.010826s ]
INFO: [ view_parse ] --END-- [ RunTime:0.010934s ]
INFO: [ view_filter ] --START--
INFO: Run Behavior\WriteHtmlCacheBehavior [ RunTime:0.000552s ]
INFO: [ view_filter ] --END-- [ RunTime:0.000647s ]
INFO: [ app_end ] --START--
INFO: Run Behavior\ShowPageTraceBehavior [ RunTime:0.000529s ]
INFO: [ app_end ] --END-- [ RunTime:0.000618s ]

[ 2016-05-19T00:09:13+08:00 ] 127.0.0.1 /Admin/Article/modifyarticle/id/53
INFO: [ app_init ] --START--
INFO: Run Behavior\BuildLiteBehavior [ RunTime:0.000022s ]
INFO: [ app_init ] --END-- [ RunTime:0.000423s ]
INFO: [ app_begin ] --START--
INFO: Run Behavior\ReadHtmlCacheBehavior [ RunTime:0.000869s ]
INFO: [ app_begin ] --END-- [ RunTime:0.001002s ]
SQL: SHOW COLUMNS FROM `cjt_article` [ RunTime:0.0027s ]
SQL: SHOW COLUMNS FROM `cjt_sort` [ RunTime:0.0022s ]
SQL: SELECT * FROM `cjt_sort`  [ RunTime:0.0003s ]
SQL: SELECT * FROM `cjt_article` WHERE `id` = 53 LIMIT 1   [ RunTime:0.0003s ]
INFO: [ view_parse ] --START--
INFO: [ template_filter ] --START--
INFO: Run Behavior\ContentReplaceBehavior [ RunTime:0.000088s ]
INFO: [ template_filter ] --END-- [ RunTime:0.000204s ]
INFO: Run Behavior\ParseTemplateBehavior [ RunTime:0.010096s ]
INFO: [ view_parse ] --END-- [ RunTime:0.010215s ]
INFO: [ view_filter ] --START--
INFO: Run Behavior\WriteHtmlCacheBehavior [ RunTime:0.000413s ]
INFO: [ view_filter ] --END-- [ RunTime:0.000546s ]
INFO: [ app_end ] --START--
INFO: Run Behavior\ShowPageTraceBehavior [ RunTime:0.000835s ]
INFO: [ app_end ] --END-- [ RunTime:0.000972s ]

[ 2016-05-19T00:09:19+08:00 ] 127.0.0.1 /Admin/Article/modifyarticle
INFO: [ app_init ] --START--
INFO: Run Behavior\BuildLiteBehavior [ RunTime:0.000030s ]
INFO: [ app_init ] --END-- [ RunTime:0.000504s ]
INFO: [ app_begin ] --START--
INFO: Run Behavior\ReadHtmlCacheBehavior [ RunTime:0.000629s ]
INFO: [ app_begin ] --END-- [ RunTime:0.000731s ]
SQL: SHOW COLUMNS FROM `cjt_article` [ RunTime:0.0024s ]
NOTIC: [8] Undefined index: validate E:\wamp\www\chenjt_website\ThinkPHP\Library\Think\Model.class.php 第 1185 行.
NOTIC: [8] Undefined index: auto E:\wamp\www\chenjt_website\ThinkPHP\Library\Think\Model.class.php 第 1128 行.
SQL: UPDATE `cjt_article` SET `title`='qwer',`author`='23',`sortid`='10',`content`='1213123123123123123123123123      ' WHERE `id` = '53' [ RunTime:0.0021s ]
INFO: [ view_parse ] --START--
INFO: [ template_filter ] --START--
INFO: Run Behavior\ContentReplaceBehavior [ RunTime:0.000083s ]
INFO: [ template_filter ] --END-- [ RunTime:0.000183s ]
INFO: Run Behavior\ParseTemplateBehavior [ RunTime:0.007252s ]
INFO: [ view_parse ] --END-- [ RunTime:0.007354s ]
INFO: [ view_filter ] --START--
INFO: Run Behavior\WriteHtmlCacheBehavior [ RunTime:0.000216s ]
INFO: [ view_filter ] --END-- [ RunTime:0.000298s ]
INFO: [ app_end ] --START--
INFO: Run Behavior\ShowPageTraceBehavior [ RunTime:0.000475s ]
INFO: [ app_end ] --END-- [ RunTime:0.000557s ]

[ 2016-05-19T00:09:20+08:00 ] 127.0.0.1 /Admin/Article/showlist
INFO: [ app_init ] --START--
INFO: Run Behavior\BuildLiteBehavior [ RunTime:0.000024s ]
INFO: [ app_init ] --END-- [ RunTime:0.000398s ]
INFO: [ app_begin ] --START--
INFO: Run Behavior\ReadHtmlCacheBehavior [ RunTime:0.000465s ]
INFO: [ app_begin ] --END-- [ RunTime:0.000549s ]
SQL: SHOW COLUMNS FROM `cjt_article` [ RunTime:0.0026s ]
SQL: SELECT * FROM `cjt_article`  [ RunTime:0.0004s ]
SQL: SELECT COUNT(*) AS tp_count FROM `cjt_article` LIMIT 1   [ RunTime:0.0002s ]
SQL: SELECT * FROM `cjt_article` ORDER BY time DESC LIMIT 0,9   [ RunTime:0.0004s ]
SQL: SHOW COLUMNS FROM `cjt_sort` [ RunTime:0.0027s ]
SQL: SELECT * FROM `cjt_sort` WHERE ( 1=1 AND sortid='10' ) LIMIT 1   [ RunTime:0.0003s ]
SQL: SELECT * FROM `cjt_sort` WHERE ( 1=1 AND sortid='10' ) LIMIT 1   [ RunTime:0.0002s ]
SQL: SELECT * FROM `cjt_sort` WHERE ( 1=1 AND sortid='1' ) LIMIT 1   [ RunTime:0.0002s ]
SQL: SELECT * FROM `cjt_sort` WHERE ( 1=1 AND sortid='11' ) LIMIT 1   [ RunTime:0.0002s ]
SQL: SELECT * FROM `cjt_sort` WHERE ( 1=1 AND sortid='12' ) LIMIT 1   [ RunTime:0.0002s ]
SQL: SELECT * FROM `cjt_sort` WHERE ( 1=1 AND sortid='10' ) LIMIT 1   [ RunTime:0.0003s ]
SQL: SELECT * FROM `cjt_sort` WHERE ( 1=1 AND sortid='11' ) LIMIT 1   [ RunTime:0.0004s ]
SQL: SELECT * FROM `cjt_sort` WHERE ( 1=1 AND sortid='11' ) LIMIT 1   [ RunTime:0.0003s ]
SQL: SELECT * FROM `cjt_sort` WHERE ( 1=1 AND sortid='1' ) LIMIT 1   [ RunTime:0.0004s ]
INFO: [ view_parse ] --START--
INFO: [ template_filter ] --START--
INFO: Run Behavior\ContentReplaceBehavior [ RunTime:0.000093s ]
INFO: [ template_filter ] --END-- [ RunTime:0.000187s ]
INFO: Run Behavior\ParseTemplateBehavior [ RunTime:0.012356s ]
INFO: [ view_parse ] --END-- [ RunTime:0.012470s ]
INFO: [ view_filter ] --START--
INFO: Run Behavior\WriteHtmlCacheBehavior [ RunTime:0.000261s ]
INFO: [ view_filter ] --END-- [ RunTime:0.000347s ]
INFO: [ app_end ] --START--
INFO: Run Behavior\ShowPageTraceBehavior [ RunTime:0.000852s ]
INFO: [ app_end ] --END-- [ RunTime:0.000981s ]

[ 2016-05-19T00:11:05+08:00 ] 127.0.0.1 /Admin/Article/modifyarticle/id/52
INFO: [ app_init ] --START--
INFO: Run Behavior\BuildLiteBehavior [ RunTime:0.000040s ]
INFO: [ app_init ] --END-- [ RunTime:0.000799s ]
INFO: [ app_begin ] --START--
INFO: Run Behavior\ReadHtmlCacheBehavior [ RunTime:0.000605s ]
INFO: [ app_begin ] --END-- [ RunTime:0.000708s ]
SQL: SHOW COLUMNS FROM `cjt_article` [ RunTime:0.0028s ]
SQL: SHOW COLUMNS FROM `cjt_sort` [ RunTime:0.0022s ]
SQL: SELECT * FROM `cjt_sort`  [ RunTime:0.0005s ]
SQL: SELECT * FROM `cjt_article` WHERE `id` = 52 LIMIT 1   [ RunTime:0.0004s ]
INFO: [ view_parse ] --START--
INFO: [ template_filter ] --START--
INFO: Run Behavior\ContentReplaceBehavior [ RunTime:0.000102s ]
INFO: [ template_filter ] --END-- [ RunTime:0.000209s ]
INFO: Run Behavior\ParseTemplateBehavior [ RunTime:0.011351s ]
INFO: [ view_parse ] --END-- [ RunTime:0.011522s ]
INFO: [ view_filter ] --START--
INFO: Run Behavior\WriteHtmlCacheBehavior [ RunTime:0.000560s ]
INFO: [ view_filter ] --END-- [ RunTime:0.000689s ]
INFO: [ app_end ] --START--
INFO: Run Behavior\ShowPageTraceBehavior [ RunTime:0.000873s ]
INFO: [ app_end ] --END-- [ RunTime:0.001023s ]

[ 2016-05-19T00:11:16+08:00 ] 127.0.0.1 /Admin/Article/modifyarticle
INFO: [ app_init ] --START--
INFO: Run Behavior\BuildLiteBehavior [ RunTime:0.000025s ]
INFO: [ app_init ] --END-- [ RunTime:0.000435s ]
INFO: [ app_begin ] --START--
INFO: Run Behavior\ReadHtmlCacheBehavior [ RunTime:0.000514s ]
INFO: [ app_begin ] --END-- [ RunTime:0.000608s ]
SQL: SHOW COLUMNS FROM `cjt_article` [ RunTime:0.0027s ]
NOTIC: [8] Undefined index: validate E:\wamp\www\chenjt_website\ThinkPHP\Library\Think\Model.class.php 第 1185 行.
NOTIC: [8] Undefined index: auto E:\wamp\www\chenjt_website\ThinkPHP\Library\Think\Model.class.php 第 1128 行.
SQL: UPDATE `cjt_article` SET `title`='1111111111',`author`='',`sortid`='1',`content`='11111111111111111111111111111111111111111111111111111111111111111111111111111111111111111111111111        ',`time`='1463587876' WHERE `id` = '52' [ RunTime:0.0022s ]
INFO: [ view_parse ] --START--
INFO: [ template_filter ] --START--
INFO: Run Behavior\ContentReplaceBehavior [ RunTime:0.000084s ]
INFO: [ template_filter ] --END-- [ RunTime:0.000196s ]
INFO: Run Behavior\ParseTemplateBehavior [ RunTime:0.006975s ]
INFO: [ view_parse ] --END-- [ RunTime:0.007074s ]
INFO: [ view_filter ] --START--
INFO: Run Behavior\WriteHtmlCacheBehavior [ RunTime:0.000318s ]
INFO: [ view_filter ] --END-- [ RunTime:0.000400s ]
INFO: [ app_end ] --START--
INFO: Run Behavior\ShowPageTraceBehavior [ RunTime:0.000470s ]
INFO: [ app_end ] --END-- [ RunTime:0.000550s ]

[ 2016-05-19T00:11:17+08:00 ] 127.0.0.1 /Admin/Article/showlist
INFO: [ app_init ] --START--
INFO: Run Behavior\BuildLiteBehavior [ RunTime:0.000025s ]
INFO: [ app_init ] --END-- [ RunTime:0.000499s ]
INFO: [ app_begin ] --START--
INFO: Run Behavior\ReadHtmlCacheBehavior [ RunTime:0.000489s ]
INFO: [ app_begin ] --END-- [ RunTime:0.000589s ]
SQL: SHOW COLUMNS FROM `cjt_article` [ RunTime:0.0032s ]
SQL: SELECT * FROM `cjt_article`  [ RunTime:0.0005s ]
SQL: SELECT COUNT(*) AS tp_count FROM `cjt_article` LIMIT 1   [ RunTime:0.0003s ]
SQL: SELECT * FROM `cjt_article` ORDER BY time DESC LIMIT 0,9   [ RunTime:0.0006s ]
SQL: SHOW COLUMNS FROM `cjt_sort` [ RunTime:0.0024s ]
SQL: SELECT * FROM `cjt_sort` WHERE ( 1=1 AND sortid='1' ) LIMIT 1   [ RunTime:0.0003s ]
SQL: SELECT * FROM `cjt_sort` WHERE ( 1=1 AND sortid='10' ) LIMIT 1   [ RunTime:0.0002s ]
SQL: SELECT * FROM `cjt_sort` WHERE ( 1=1 AND sortid='10' ) LIMIT 1   [ RunTime:0.0003s ]
SQL: SELECT * FROM `cjt_sort` WHERE ( 1=1 AND sortid='11' ) LIMIT 1   [ RunTime:0.0003s ]
SQL: SELECT * FROM `cjt_sort` WHERE ( 1=1 AND sortid='12' ) LIMIT 1   [ RunTime:0.0002s ]
SQL: SELECT * FROM `cjt_sort` WHERE ( 1=1 AND sortid='10' ) LIMIT 1   [ RunTime:0.0003s ]
SQL: SELECT * FROM `cjt_sort` WHERE ( 1=1 AND sortid='11' ) LIMIT 1   [ RunTime:0.0003s ]
SQL: SELECT * FROM `cjt_sort` WHERE ( 1=1 AND sortid='11' ) LIMIT 1   [ RunTime:0.0002s ]
SQL: SELECT * FROM `cjt_sort` WHERE ( 1=1 AND sortid='1' ) LIMIT 1   [ RunTime:0.0003s ]
INFO: [ view_parse ] --START--
INFO: [ template_filter ] --START--
INFO: Run Behavior\ContentReplaceBehavior [ RunTime:0.000112s ]
INFO: [ template_filter ] --END-- [ RunTime:0.000226s ]
INFO: Run Behavior\ParseTemplateBehavior [ RunTime:0.015062s ]
INFO: [ view_parse ] --END-- [ RunTime:0.015219s ]
INFO: [ view_filter ] --START--
INFO: Run Behavior\WriteHtmlCacheBehavior [ RunTime:0.000650s ]
INFO: [ view_filter ] --END-- [ RunTime:0.000796s ]
INFO: [ app_end ] --START--
INFO: Run Behavior\ShowPageTraceBehavior [ RunTime:0.000886s ]
INFO: [ app_end ] --END-- [ RunTime:0.001046s ]

[ 2016-05-19T00:11:22+08:00 ] 127.0.0.1 /Admin/Sort/showlist
INFO: [ app_init ] --START--
INFO: Run Behavior\BuildLiteBehavior [ RunTime:0.000026s ]
INFO: [ app_init ] --END-- [ RunTime:0.000434s ]
INFO: [ app_begin ] --START--
INFO: Run Behavior\ReadHtmlCacheBehavior [ RunTime:0.000567s ]
INFO: [ app_begin ] --END-- [ RunTime:0.000691s ]
SQL: SHOW COLUMNS FROM `cjt_sort` [ RunTime:0.0022s ]
SQL: SELECT * FROM `cjt_sort`  [ RunTime:0.0003s ]
SQL: SELECT COUNT(*) AS tp_count FROM `cjt_sort` LIMIT 1   [ RunTime:0.0002s ]
SQL: SELECT * FROM `cjt_sort` LIMIT 0,9   [ RunTime:0.0003s ]
INFO: [ view_parse ] --START--
INFO: [ template_filter ] --START--
INFO: Run Behavior\ContentReplaceBehavior [ RunTime:0.000136s ]
INFO: [ template_filter ] --END-- [ RunTime:0.000286s ]
INFO: Run Behavior\ParseTemplateBehavior [ RunTime:0.043642s ]
INFO: [ view_parse ] --END-- [ RunTime:0.043775s ]
INFO: [ view_filter ] --START--
INFO: Run Behavior\WriteHtmlCacheBehavior [ RunTime:0.000369s ]
INFO: [ view_filter ] --END-- [ RunTime:0.000454s ]
INFO: [ app_end ] --START--
INFO: Run Behavior\ShowPageTraceBehavior [ RunTime:0.000470s ]
INFO: [ app_end ] --END-- [ RunTime:0.000553s ]

[ 2016-05-19T00:11:23+08:00 ] 127.0.0.1 /Admin/Article/showlist
INFO: [ app_init ] --START--
INFO: Run Behavior\BuildLiteBehavior [ RunTime:0.000023s ]
INFO: [ app_init ] --END-- [ RunTime:0.000388s ]
INFO: [ app_begin ] --START--
INFO: Run Behavior\ReadHtmlCacheBehavior [ RunTime:0.000481s ]
INFO: [ app_begin ] --END-- [ RunTime:0.000578s ]
SQL: SHOW COLUMNS FROM `cjt_article` [ RunTime:0.0027s ]
SQL: SELECT * FROM `cjt_article`  [ RunTime:0.0005s ]
SQL: SELECT COUNT(*) AS tp_count FROM `cjt_article` LIMIT 1   [ RunTime:0.0003s ]
SQL: SELECT * FROM `cjt_article` ORDER BY time DESC LIMIT 0,9   [ RunTime:0.0005s ]
SQL: SHOW COLUMNS FROM `cjt_sort` [ RunTime:0.0032s ]
SQL: SELECT * FROM `cjt_sort` WHERE ( 1=1 AND sortid='1' ) LIMIT 1   [ RunTime:0.0003s ]
SQL: SELECT * FROM `cjt_sort` WHERE ( 1=1 AND sortid='10' ) LIMIT 1   [ RunTime:0.0003s ]
SQL: SELECT * FROM `cjt_sort` WHERE ( 1=1 AND sortid='10' ) LIMIT 1   [ RunTime:0.0003s ]
SQL: SELECT * FROM `cjt_sort` WHERE ( 1=1 AND sortid='11' ) LIMIT 1   [ RunTime:0.0003s ]
SQL: SELECT * FROM `cjt_sort` WHERE ( 1=1 AND sortid='12' ) LIMIT 1   [ RunTime:0.0003s ]
SQL: SELECT * FROM `cjt_sort` WHERE ( 1=1 AND sortid='10' ) LIMIT 1   [ RunTime:0.0003s ]
SQL: SELECT * FROM `cjt_sort` WHERE ( 1=1 AND sortid='11' ) LIMIT 1   [ RunTime:0.0003s ]
SQL: SELECT * FROM `cjt_sort` WHERE ( 1=1 AND sortid='11' ) LIMIT 1   [ RunTime:0.0003s ]
SQL: SELECT * FROM `cjt_sort` WHERE ( 1=1 AND sortid='1' ) LIMIT 1   [ RunTime:0.0003s ]
INFO: [ view_parse ] --START--
INFO: [ template_filter ] --START--
INFO: Run Behavior\ContentReplaceBehavior [ RunTime:0.000133s ]
INFO: [ template_filter ] --END-- [ RunTime:0.000256s ]
INFO: Run Behavior\ParseTemplateBehavior [ RunTime:0.011116s ]
INFO: [ view_parse ] --END-- [ RunTime:0.011224s ]
INFO: [ view_filter ] --START--
INFO: Run Behavior\WriteHtmlCacheBehavior [ RunTime:0.000318s ]
INFO: [ view_filter ] --END-- [ RunTime:0.000388s ]
INFO: [ app_end ] --START--
INFO: Run Behavior\ShowPageTraceBehavior [ RunTime:0.000455s ]
INFO: [ app_end ] --END-- [ RunTime:0.000530s ]

[ 2016-05-19T00:15:25+08:00 ] 127.0.0.1 /Admin/Article/modifyarticle/id/51
INFO: [ app_init ] --START--
INFO: Run Behavior\BuildLiteBehavior [ RunTime:0.000024s ]
INFO: [ app_init ] --END-- [ RunTime:0.000439s ]
INFO: [ app_begin ] --START--
INFO: Run Behavior\ReadHtmlCacheBehavior [ RunTime:0.000899s ]
INFO: [ app_begin ] --END-- [ RunTime:0.001044s ]
SQL: SHOW COLUMNS FROM `cjt_article` [ RunTime:0.0029s ]
SQL: SHOW COLUMNS FROM `cjt_sort` [ RunTime:0.0027s ]
SQL: SELECT * FROM `cjt_sort`  [ RunTime:0.0003s ]
SQL: SELECT * FROM `cjt_article` WHERE `id` = 51 LIMIT 1   [ RunTime:0.0002s ]
INFO: [ view_parse ] --START--
INFO: [ template_filter ] --START--
INFO: Run Behavior\ContentReplaceBehavior [ RunTime:0.000097s ]
INFO: [ template_filter ] --END-- [ RunTime:0.000200s ]
INFO: Run Behavior\ParseTemplateBehavior [ RunTime:0.010167s ]
INFO: [ view_parse ] --END-- [ RunTime:0.010299s ]
INFO: [ view_filter ] --START--
INFO: Run Behavior\WriteHtmlCacheBehavior [ RunTime:0.000325s ]
INFO: [ view_filter ] --END-- [ RunTime:0.000404s ]
INFO: [ app_end ] --START--
INFO: Run Behavior\ShowPageTraceBehavior [ RunTime:0.000645s ]
INFO: [ app_end ] --END-- [ RunTime:0.000758s ]

[ 2016-05-19T00:15:46+08:00 ] 127.0.0.1 /Admin/Article/modifyarticle
INFO: [ app_init ] --START--
INFO: Run Behavior\BuildLiteBehavior [ RunTime:0.000026s ]
INFO: [ app_init ] --END-- [ RunTime:0.000444s ]
INFO: [ app_begin ] --START--
INFO: Run Behavior\ReadHtmlCacheBehavior [ RunTime:0.000675s ]
INFO: [ app_begin ] --END-- [ RunTime:0.000805s ]
SQL: SHOW COLUMNS FROM `cjt_article` [ RunTime:0.0029s ]
NOTIC: [8] Undefined index: validate E:\wamp\www\chenjt_website\ThinkPHP\Library\Think\Model.class.php 第 1185 行.
NOTIC: [8] Undefined index: auto E:\wamp\www\chenjt_website\ThinkPHP\Library\Think\Model.class.php 第 1128 行.
SQL: UPDATE `cjt_article` SET `title`='无人玩儿玩儿wer',`author`='',`sortid`='11',`content`='玩儿玩儿玩儿玩儿玩儿玩儿玩儿玩儿玩儿玩儿玩儿玩儿玩儿玩儿玩儿玩儿玩儿玩儿玩儿玩儿玩儿玩儿玩儿玩儿玩儿玩儿玩儿玩儿玩儿玩儿玩儿玩儿玩儿玩儿玩儿玩儿',`lastmodifytime`='1463588146' WHERE `id` = '51' [ RunTime:0.0013s ]
INFO: [ view_parse ] --START--
INFO: [ template_filter ] --START--
INFO: Run Behavior\ContentReplaceBehavior [ RunTime:0.000081s ]
INFO: [ template_filter ] --END-- [ RunTime:0.000186s ]
INFO: Run Behavior\ParseTemplateBehavior [ RunTime:0.008585s ]
INFO: [ view_parse ] --END-- [ RunTime:0.008697s ]
INFO: [ view_filter ] --START--
INFO: Run Behavior\WriteHtmlCacheBehavior [ RunTime:0.000232s ]
INFO: [ view_filter ] --END-- [ RunTime:0.000317s ]
INFO: [ app_end ] --START--
INFO: Run Behavior\ShowPageTraceBehavior [ RunTime:0.000551s ]
INFO: [ app_end ] --END-- [ RunTime:0.000641s ]

[ 2016-05-19T00:15:47+08:00 ] 127.0.0.1 /Admin/Article/showlist
INFO: [ app_init ] --START--
INFO: Run Behavior\BuildLiteBehavior [ RunTime:0.000025s ]
INFO: [ app_init ] --END-- [ RunTime:0.000418s ]
INFO: [ app_begin ] --START--
INFO: Run Behavior\ReadHtmlCacheBehavior [ RunTime:0.000515s ]
INFO: [ app_begin ] --END-- [ RunTime:0.000764s ]
SQL: SHOW COLUMNS FROM `cjt_article` [ RunTime:0.0068s ]
SQL: SELECT * FROM `cjt_article`  [ RunTime:0.0019s ]
SQL: SELECT COUNT(*) AS tp_count FROM `cjt_article` LIMIT 1   [ RunTime:0.0004s ]
SQL: SELECT * FROM `cjt_article` ORDER BY time DESC LIMIT 0,9   [ RunTime:0.0011s ]
SQL: SHOW COLUMNS FROM `cjt_sort` [ RunTime:0.0031s ]
SQL: SELECT * FROM `cjt_sort` WHERE ( 1=1 AND sortid='1' ) LIMIT 1   [ RunTime:0.0005s ]
SQL: SELECT * FROM `cjt_sort` WHERE ( 1=1 AND sortid='10' ) LIMIT 1   [ RunTime:0.0003s ]
SQL: SELECT * FROM `cjt_sort` WHERE ( 1=1 AND sortid='10' ) LIMIT 1   [ RunTime:0.0003s ]
SQL: SELECT * FROM `cjt_sort` WHERE ( 1=1 AND sortid='11' ) LIMIT 1   [ RunTime:0.0004s ]
SQL: SELECT * FROM `cjt_sort` WHERE ( 1=1 AND sortid='12' ) LIMIT 1   [ RunTime:0.0004s ]
SQL: SELECT * FROM `cjt_sort` WHERE ( 1=1 AND sortid='10' ) LIMIT 1   [ RunTime:0.0003s ]
SQL: SELECT * FROM `cjt_sort` WHERE ( 1=1 AND sortid='11' ) LIMIT 1   [ RunTime:0.0005s ]
SQL: SELECT * FROM `cjt_sort` WHERE ( 1=1 AND sortid='11' ) LIMIT 1   [ RunTime:0.0006s ]
SQL: SELECT * FROM `cjt_sort` WHERE ( 1=1 AND sortid='1' ) LIMIT 1   [ RunTime:0.0004s ]
INFO: [ view_parse ] --START--
INFO: [ template_filter ] --START--
INFO: Run Behavior\ContentReplaceBehavior [ RunTime:0.000100s ]
INFO: [ template_filter ] --END-- [ RunTime:0.000209s ]
INFO: Run Behavior\ParseTemplateBehavior [ RunTime:0.013001s ]
INFO: [ view_parse ] --END-- [ RunTime:0.013109s ]
INFO: [ view_filter ] --START--
INFO: Run Behavior\WriteHtmlCacheBehavior [ RunTime:0.000284s ]
INFO: [ view_filter ] --END-- [ RunTime:0.000362s ]
INFO: [ app_end ] --START--
INFO: Run Behavior\ShowPageTraceBehavior [ RunTime:0.000474s ]
INFO: [ app_end ] --END-- [ RunTime:0.000561s ]

[ 2016-05-19T00:25:59+08:00 ] 127.0.0.1 /Admin/Article/modifyarticle/id/50
INFO: [ app_init ] --START--
INFO: Run Behavior\BuildLiteBehavior [ RunTime:0.000023s ]
INFO: [ app_init ] --END-- [ RunTime:0.000438s ]
INFO: [ app_begin ] --START--
INFO: Run Behavior\ReadHtmlCacheBehavior [ RunTime:0.000732s ]
INFO: [ app_begin ] --END-- [ RunTime:0.000849s ]
SQL: SHOW COLUMNS FROM `cjt_article` [ RunTime:0.0048s ]
SQL: SHOW COLUMNS FROM `cjt_sort` [ RunTime:0.0034s ]
SQL: SELECT * FROM `cjt_sort`  [ RunTime:0.0003s ]
SQL: SELECT * FROM `cjt_article` WHERE `id` = 50 LIMIT 1   [ RunTime:0.0002s ]
INFO: [ view_parse ] --START--
INFO: [ template_filter ] --START--
INFO: Run Behavior\ContentReplaceBehavior [ RunTime:0.000098s ]
INFO: [ template_filter ] --END-- [ RunTime:0.000201s ]
INFO: Run Behavior\ParseTemplateBehavior [ RunTime:0.013013s ]
INFO: [ view_parse ] --END-- [ RunTime:0.013131s ]
INFO: [ view_filter ] --START--
INFO: Run Behavior\WriteHtmlCacheBehavior [ RunTime:0.000400s ]
INFO: [ view_filter ] --END-- [ RunTime:0.000512s ]
INFO: [ app_end ] --START--
INFO: Run Behavior\ShowPageTraceBehavior [ RunTime:0.001037s ]
INFO: [ app_end ] --END-- [ RunTime:0.001170s ]

[ 2016-05-19T00:26:06+08:00 ] 127.0.0.1 /Admin/Article/modifyarticle
INFO: [ app_init ] --START--
INFO: Run Behavior\BuildLiteBehavior [ RunTime:0.000025s ]
INFO: [ app_init ] --END-- [ RunTime:0.000526s ]
INFO: [ app_begin ] --START--
INFO: Run Behavior\ReadHtmlCacheBehavior [ RunTime:0.000646s ]
INFO: [ app_begin ] --END-- [ RunTime:0.000761s ]
SQL: SHOW COLUMNS FROM `cjt_article` [ RunTime:0.0029s ]
NOTIC: [8] Undefined index: validate E:\wamp\www\chenjt_website\ThinkPHP\Library\Think\Model.class.php 第 1185 行.
NOTIC: [8] Undefined index: auto E:\wamp\www\chenjt_website\ThinkPHP\Library\Think\Model.class.php 第 1128 行.
SQL: UPDATE `cjt_article` SET `title`='为为',`author`='为',`sortid`='12',`content`='111方法反反复复凤飞飞',`lastmodifytime`='1463588766' WHERE `id` = '50' [ RunTime:0.0019s ]
INFO: [ view_parse ] --START--
INFO: [ template_filter ] --START--
INFO: Run Behavior\ContentReplaceBehavior [ RunTime:0.000087s ]
INFO: [ template_filter ] --END-- [ RunTime:0.000197s ]
INFO: Run Behavior\ParseTemplateBehavior [ RunTime:0.007284s ]
INFO: [ view_parse ] --END-- [ RunTime:0.007388s ]
INFO: [ view_filter ] --START--
INFO: Run Behavior\WriteHtmlCacheBehavior [ RunTime:0.000288s ]
INFO: [ view_filter ] --END-- [ RunTime:0.000372s ]
INFO: [ app_end ] --START--
INFO: Run Behavior\ShowPageTraceBehavior [ RunTime:0.000817s ]
INFO: [ app_end ] --END-- [ RunTime:0.000926s ]

[ 2016-05-19T00:26:07+08:00 ] 127.0.0.1 /Admin/Article/showlist
INFO: [ app_init ] --START--
INFO: Run Behavior\BuildLiteBehavior [ RunTime:0.000022s ]
INFO: [ app_init ] --END-- [ RunTime:0.000480s ]
INFO: [ app_begin ] --START--
INFO: Run Behavior\ReadHtmlCacheBehavior [ RunTime:0.000650s ]
INFO: [ app_begin ] --END-- [ RunTime:0.000747s ]
SQL: SHOW COLUMNS FROM `cjt_article` [ RunTime:0.0024s ]
SQL: SELECT * FROM `cjt_article`  [ RunTime:0.0004s ]
SQL: SELECT COUNT(*) AS tp_count FROM `cjt_article` LIMIT 1   [ RunTime:0.0002s ]
SQL: SELECT * FROM `cjt_article` ORDER BY lastmodifytime DESC LIMIT 0,9   [ RunTime:0.0004s ]
SQL: SHOW COLUMNS FROM `cjt_sort` [ RunTime:0.0025s ]
SQL: SELECT * FROM `cjt_sort` WHERE ( 1=1 AND sortid='12' ) LIMIT 1   [ RunTime:0.0003s ]
SQL: SELECT * FROM `cjt_sort` WHERE ( 1=1 AND sortid='11' ) LIMIT 1   [ RunTime:0.0002s ]
SQL: SELECT * FROM `cjt_sort` WHERE ( 1=1 AND sortid='14' ) LIMIT 1   [ RunTime:0.0002s ]
SQL: SELECT * FROM `cjt_sort` WHERE ( 1=1 AND sortid='1' ) LIMIT 1   [ RunTime:0.0004s ]
SQL: SELECT * FROM `cjt_sort` WHERE ( 1=1 AND sortid='11' ) LIMIT 1   [ RunTime:0.0003s ]
SQL: SELECT * FROM `cjt_sort` WHERE ( 1=1 AND sortid='11' ) LIMIT 1   [ RunTime:0.0003s ]
SQL: SELECT * FROM `cjt_sort` WHERE ( 1=1 AND sortid='10' ) LIMIT 1   [ RunTime:0.0003s ]
SQL: SELECT * FROM `cjt_sort` WHERE ( 1=1 AND sortid='1' ) LIMIT 1   [ RunTime:0.0002s ]
SQL: SELECT * FROM `cjt_sort` WHERE ( 1=1 AND sortid='10' ) LIMIT 1   [ RunTime:0.0002s ]
INFO: [ view_parse ] --START--
INFO: [ template_filter ] --START--
INFO: Run Behavior\ContentReplaceBehavior [ RunTime:0.000094s ]
INFO: [ template_filter ] --END-- [ RunTime:0.000191s ]
INFO: Run Behavior\ParseTemplateBehavior [ RunTime:0.011505s ]
INFO: [ view_parse ] --END-- [ RunTime:0.011621s ]
INFO: [ view_filter ] --START--
INFO: Run Behavior\WriteHtmlCacheBehavior [ RunTime:0.000315s ]
INFO: [ view_filter ] --END-- [ RunTime:0.000394s ]
INFO: [ app_end ] --START--
INFO: Run Behavior\ShowPageTraceBehavior [ RunTime:0.001597s ]
INFO: [ app_end ] --END-- [ RunTime:0.001699s ]

[ 2016-05-19T00:26:27+08:00 ] 127.0.0.1 /Admin/Article/modifyarticle/id/50
INFO: [ app_init ] --START--
INFO: Run Behavior\BuildLiteBehavior [ RunTime:0.000038s ]
INFO: [ app_init ] --END-- [ RunTime:0.000672s ]
INFO: [ app_begin ] --START--
INFO: Run Behavior\ReadHtmlCacheBehavior [ RunTime:0.000695s ]
INFO: [ app_begin ] --END-- [ RunTime:0.000791s ]
SQL: SHOW COLUMNS FROM `cjt_article` [ RunTime:0.0024s ]
SQL: SHOW COLUMNS FROM `cjt_sort` [ RunTime:0.0031s ]
SQL: SELECT * FROM `cjt_sort`  [ RunTime:0.0004s ]
SQL: SELECT * FROM `cjt_article` WHERE `id` = 50 LIMIT 1   [ RunTime:0.0004s ]
INFO: [ view_parse ] --START--
INFO: [ template_filter ] --START--
INFO: Run Behavior\ContentReplaceBehavior [ RunTime:0.000143s ]
INFO: [ template_filter ] --END-- [ RunTime:0.000288s ]
INFO: Run Behavior\ParseTemplateBehavior [ RunTime:0.011922s ]
INFO: [ view_parse ] --END-- [ RunTime:0.012037s ]
INFO: [ view_filter ] --START--
INFO: Run Behavior\WriteHtmlCacheBehavior [ RunTime:0.000458s ]
INFO: [ view_filter ] --END-- [ RunTime:0.000551s ]
INFO: [ app_end ] --START--
INFO: Run Behavior\ShowPageTraceBehavior [ RunTime:0.000925s ]
INFO: [ app_end ] --END-- [ RunTime:0.001066s ]

[ 2016-05-19T00:27:32+08:00 ] 127.0.0.1 /Admin/Article/showlist
INFO: [ app_init ] --START--
INFO: Run Behavior\BuildLiteBehavior [ RunTime:0.000022s ]
INFO: [ app_init ] --END-- [ RunTime:0.000399s ]
INFO: [ app_begin ] --START--
INFO: Run Behavior\ReadHtmlCacheBehavior [ RunTime:0.000818s ]
INFO: [ app_begin ] --END-- [ RunTime:0.000958s ]
SQL: SHOW COLUMNS FROM `cjt_article` [ RunTime:0.0038s ]
SQL: SELECT * FROM `cjt_article`  [ RunTime:0.0006s ]
SQL: SELECT COUNT(*) AS tp_count FROM `cjt_article` LIMIT 1   [ RunTime:0.0004s ]
SQL: SELECT * FROM `cjt_article` ORDER BY lastmodifytime DESC LIMIT 0,9   [ RunTime:0.0005s ]
SQL: SHOW COLUMNS FROM `cjt_sort` [ RunTime:0.0028s ]
SQL: SELECT * FROM `cjt_sort` WHERE ( 1=1 AND sortid='12' ) LIMIT 1   [ RunTime:0.0004s ]
SQL: SELECT * FROM `cjt_sort` WHERE ( 1=1 AND sortid='11' ) LIMIT 1   [ RunTime:0.0005s ]
SQL: SELECT * FROM `cjt_sort` WHERE ( 1=1 AND sortid='14' ) LIMIT 1   [ RunTime:0.0007s ]
SQL: SELECT * FROM `cjt_sort` WHERE ( 1=1 AND sortid='1' ) LIMIT 1   [ RunTime:0.0004s ]
SQL: SELECT * FROM `cjt_sort` WHERE ( 1=1 AND sortid='11' ) LIMIT 1   [ RunTime:0.0004s ]
SQL: SELECT * FROM `cjt_sort` WHERE ( 1=1 AND sortid='11' ) LIMIT 1   [ RunTime:0.0003s ]
SQL: SELECT * FROM `cjt_sort` WHERE ( 1=1 AND sortid='10' ) LIMIT 1   [ RunTime:0.0003s ]
SQL: SELECT * FROM `cjt_sort` WHERE ( 1=1 AND sortid='1' ) LIMIT 1   [ RunTime:0.0003s ]
SQL: SELECT * FROM `cjt_sort` WHERE ( 1=1 AND sortid='10' ) LIMIT 1   [ RunTime:0.0003s ]
INFO: [ view_parse ] --START--
INFO: [ template_filter ] --START--
INFO: Run Behavior\ContentReplaceBehavior [ RunTime:0.000154s ]
INFO: [ template_filter ] --END-- [ RunTime:0.000322s ]
INFO: Run Behavior\ParseTemplateBehavior [ RunTime:0.016048s ]
INFO: [ view_parse ] --END-- [ RunTime:0.016193s ]
INFO: [ view_filter ] --START--
INFO: Run Behavior\WriteHtmlCacheBehavior [ RunTime:0.000398s ]
INFO: [ view_filter ] --END-- [ RunTime:0.000483s ]
INFO: [ app_end ] --START--
INFO: Run Behavior\ShowPageTraceBehavior [ RunTime:0.000781s ]
INFO: [ app_end ] --END-- [ RunTime:0.000918s ]

[ 2016-05-19T00:29:40+08:00 ] 127.0.0.1 /Admin/Login/logout
INFO: [ app_init ] --START--
INFO: Run Behavior\BuildLiteBehavior [ RunTime:0.000111s ]
INFO: [ app_init ] --END-- [ RunTime:0.000819s ]
INFO: [ app_begin ] --START--
INFO: Run Behavior\ReadHtmlCacheBehavior [ RunTime:0.000883s ]
INFO: [ app_begin ] --END-- [ RunTime:0.001030s ]
INFO: [ view_parse ] --START--
INFO: [ template_filter ] --START--
INFO: Run Behavior\ContentReplaceBehavior [ RunTime:0.000120s ]
INFO: [ template_filter ] --END-- [ RunTime:0.000291s ]
INFO: Run Behavior\ParseTemplateBehavior [ RunTime:0.010313s ]
INFO: [ view_parse ] --END-- [ RunTime:0.010483s ]
INFO: [ view_filter ] --START--
INFO: Run Behavior\WriteHtmlCacheBehavior [ RunTime:0.000500s ]
INFO: [ view_filter ] --END-- [ RunTime:0.000631s ]
INFO: [ app_end ] --START--
INFO: Run Behavior\ShowPageTraceBehavior [ RunTime:0.001299s ]
INFO: [ app_end ] --END-- [ RunTime:0.001469s ]

[ 2016-05-19T00:29:41+08:00 ] 127.0.0.1 /Admin/Login/login
INFO: [ app_init ] --START--
INFO: Run Behavior\BuildLiteBehavior [ RunTime:0.000026s ]
INFO: [ app_init ] --END-- [ RunTime:0.000492s ]
INFO: [ app_begin ] --START--
INFO: Run Behavior\ReadHtmlCacheBehavior [ RunTime:0.000907s ]
INFO: [ app_begin ] --END-- [ RunTime:0.001030s ]
INFO: [ view_parse ] --START--
INFO: [ template_filter ] --START--
INFO: Run Behavior\ContentReplaceBehavior [ RunTime:0.000103s ]
INFO: [ template_filter ] --END-- [ RunTime:0.000216s ]
INFO: Run Behavior\ParseTemplateBehavior [ RunTime:0.008482s ]
INFO: [ view_parse ] --END-- [ RunTime:0.008603s ]
INFO: [ view_filter ] --START--
INFO: Run Behavior\WriteHtmlCacheBehavior [ RunTime:0.000332s ]
INFO: [ view_filter ] --END-- [ RunTime:0.000416s ]
INFO: [ app_end ] --START--
INFO: Run Behavior\ShowPageTraceBehavior [ RunTime:0.000812s ]
INFO: [ app_end ] --END-- [ RunTime:0.000913s ]

[ 2016-05-19T00:29:41+08:00 ] 127.0.0.1 /Admin/Login/loginverify
INFO: [ app_init ] --START--
INFO: Run Behavior\BuildLiteBehavior [ RunTime:0.000026s ]
INFO: [ app_init ] --END-- [ RunTime:0.000450s ]
INFO: [ app_begin ] --START--
INFO: Run Behavior\ReadHtmlCacheBehavior [ RunTime:0.000724s ]
INFO: [ app_begin ] --END-- [ RunTime:0.000845s ]
INFO: [ app_end ] --START--
INFO: Run Behavior\ShowPageTraceBehavior [ RunTime:0.001399s ]
INFO: [ app_end ] --END-- [ RunTime:0.001689s ]

[ 2016-05-19T00:29:44+08:00 ] 127.0.0.1 /Admin/Login/loginverify/0.47129124123603106
INFO: [ app_init ] --START--
INFO: Run Behavior\BuildLiteBehavior [ RunTime:0.000028s ]
INFO: [ app_init ] --END-- [ RunTime:0.000518s ]
INFO: [ app_begin ] --START--
INFO: Run Behavior\ReadHtmlCacheBehavior [ RunTime:0.000845s ]
INFO: [ app_begin ] --END-- [ RunTime:0.000961s ]
INFO: [ app_end ] --START--
INFO: Run Behavior\ShowPageTraceBehavior [ RunTime:0.000824s ]
INFO: [ app_end ] --END-- [ RunTime:0.000966s ]

[ 2016-05-19T00:29:47+08:00 ] 127.0.0.1 /Admin/Login/login
INFO: [ app_init ] --START--
INFO: Run Behavior\BuildLiteBehavior [ RunTime:0.000033s ]
INFO: [ app_init ] --END-- [ RunTime:0.000516s ]
INFO: [ app_begin ] --START--
INFO: Run Behavior\ReadHtmlCacheBehavior [ RunTime:0.000823s ]
INFO: [ app_begin ] --END-- [ RunTime:0.000945s ]
SQL: SHOW COLUMNS FROM `cjt_admin` [ RunTime:0.0026s ]
SQL: SELECT * FROM `cjt_admin` WHERE `username` = 'cjt' AND `password` = 'e10adc3949ba59abbe56e057f20f883e' LIMIT 1   [ RunTime:0.0004s ]
INFO: [ view_parse ] --START--
INFO: [ template_filter ] --START--
INFO: Run Behavior\ContentReplaceBehavior [ RunTime:0.000084s ]
INFO: [ template_filter ] --END-- [ RunTime:0.000195s ]
INFO: Run Behavior\ParseTemplateBehavior [ RunTime:0.007536s ]
INFO: [ view_parse ] --END-- [ RunTime:0.007636s ]
INFO: [ view_filter ] --START--
INFO: Run Behavior\WriteHtmlCacheBehavior [ RunTime:0.000304s ]
INFO: [ view_filter ] --END-- [ RunTime:0.000387s ]
INFO: [ app_end ] --START--
INFO: Run Behavior\ShowPageTraceBehavior [ RunTime:0.000815s ]
INFO: [ app_end ] --END-- [ RunTime:0.000927s ]

[ 2016-05-19T00:29:48+08:00 ] 127.0.0.1 /Admin/Index/index
INFO: [ app_init ] --START--
INFO: Run Behavior\BuildLiteBehavior [ RunTime:0.000023s ]
INFO: [ app_init ] --END-- [ RunTime:0.000362s ]
INFO: [ app_begin ] --START--
INFO: Run Behavior\ReadHtmlCacheBehavior [ RunTime:0.000658s ]
INFO: [ app_begin ] --END-- [ RunTime:0.000744s ]
INFO: [ view_parse ] --START--
INFO: [ template_filter ] --START--
INFO: Run Behavior\ContentReplaceBehavior [ RunTime:0.000083s ]
INFO: [ template_filter ] --END-- [ RunTime:0.000207s ]
INFO: Run Behavior\ParseTemplateBehavior [ RunTime:0.008544s ]
INFO: [ view_parse ] --END-- [ RunTime:0.008655s ]
INFO: [ view_filter ] --START--
INFO: Run Behavior\WriteHtmlCacheBehavior [ RunTime:0.000303s ]
INFO: [ view_filter ] --END-- [ RunTime:0.000379s ]
INFO: [ app_end ] --START--
INFO: Run Behavior\ShowPageTraceBehavior [ RunTime:0.000639s ]
INFO: [ app_end ] --END-- [ RunTime:0.000714s ]

[ 2016-05-19T00:29:48+08:00 ] 127.0.0.1 /Admin/Index/head
INFO: [ app_init ] --START--
INFO: Run Behavior\BuildLiteBehavior [ RunTime:0.000040s ]
INFO: [ app_init ] --END-- [ RunTime:0.000568s ]
INFO: [ app_begin ] --START--
INFO: Run Behavior\ReadHtmlCacheBehavior [ RunTime:0.000943s ]
INFO: [ app_begin ] --END-- [ RunTime:0.001108s ]
INFO: [ view_parse ] --START--
INFO: [ template_filter ] --START--
INFO: Run Behavior\ContentReplaceBehavior [ RunTime:0.000133s ]
INFO: [ template_filter ] --END-- [ RunTime:0.000315s ]
INFO: Run Behavior\ParseTemplateBehavior [ RunTime:0.017360s ]
INFO: [ view_parse ] --END-- [ RunTime:0.020227s ]
INFO: [ view_filter ] --START--
INFO: Run Behavior\WriteHtmlCacheBehavior [ RunTime:0.000597s ]
INFO: [ view_filter ] --END-- [ RunTime:0.000758s ]
INFO: [ app_end ] --START--
INFO: Run Behavior\ShowPageTraceBehavior [ RunTime:0.001105s ]
INFO: [ app_end ] --END-- [ RunTime:0.001274s ]

[ 2016-05-19T00:29:48+08:00 ] 127.0.0.1 /Admin/Index/left
INFO: [ app_init ] --START--
INFO: Run Behavior\BuildLiteBehavior [ RunTime:0.000026s ]
INFO: [ app_init ] --END-- [ RunTime:0.000449s ]
INFO: [ app_begin ] --START--
INFO: Run Behavior\ReadHtmlCacheBehavior [ RunTime:0.000704s ]
INFO: [ app_begin ] --END-- [ RunTime:0.000802s ]
INFO: [ view_parse ] --START--
INFO: [ template_filter ] --START--
INFO: Run Behavior\ContentReplaceBehavior [ RunTime:0.000127s ]
INFO: [ template_filter ] --END-- [ RunTime:0.000295s ]
INFO: Run Behavior\ParseTemplateBehavior [ RunTime:0.016180s ]
INFO: [ view_parse ] --END-- [ RunTime:0.016379s ]
INFO: [ view_filter ] --START--
INFO: Run Behavior\WriteHtmlCacheBehavior [ RunTime:0.000711s ]
INFO: [ view_filter ] --END-- [ RunTime:0.000856s ]
INFO: [ app_end ] --START--
INFO: Run Behavior\ShowPageTraceBehavior [ RunTime:0.001139s ]
INFO: [ app_end ] --END-- [ RunTime:0.001286s ]

[ 2016-05-19T00:29:49+08:00 ] 127.0.0.1 /Admin/Index/right
INFO: [ app_init ] --START--
INFO: Run Behavior\BuildLiteBehavior [ RunTime:0.000034s ]
INFO: [ app_init ] --END-- [ RunTime:0.000661s ]
INFO: [ app_begin ] --START--
INFO: Run Behavior\ReadHtmlCacheBehavior [ RunTime:0.001519s ]
INFO: [ app_begin ] --END-- [ RunTime:0.001798s ]
INFO: [ view_parse ] --START--
INFO: [ template_filter ] --START--
INFO: Run Behavior\ContentReplaceBehavior [ RunTime:0.000592s ]
INFO: [ template_filter ] --END-- [ RunTime:0.001261s ]
INFO: Run Behavior\ParseTemplateBehavior [ RunTime:0.016748s ]
INFO: [ view_parse ] --END-- [ RunTime:0.016981s ]
INFO: [ view_filter ] --START--
INFO: Run Behavior\WriteHtmlCacheBehavior [ RunTime:0.000750s ]
INFO: [ view_filter ] --END-- [ RunTime:0.000911s ]
INFO: [ app_end ] --START--
INFO: Run Behavior\ShowPageTraceBehavior [ RunTime:0.001265s ]
INFO: [ app_end ] --END-- [ RunTime:0.001435s ]

[ 2016-05-19T00:30:10+08:00 ] 127.0.0.1 /Admin/Article/showlist
INFO: [ app_init ] --START--
INFO: Run Behavior\BuildLiteBehavior [ RunTime:0.000023s ]
INFO: [ app_init ] --END-- [ RunTime:0.000508s ]
INFO: [ app_begin ] --START--
INFO: Run Behavior\ReadHtmlCacheBehavior [ RunTime:0.000774s ]
INFO: [ app_begin ] --END-- [ RunTime:0.000862s ]
SQL: SHOW COLUMNS FROM `cjt_article` [ RunTime:0.0025s ]
SQL: SELECT * FROM `cjt_article`  [ RunTime:0.0005s ]
SQL: SELECT COUNT(*) AS tp_count FROM `cjt_article` LIMIT 1   [ RunTime:0.0002s ]
SQL: SELECT * FROM `cjt_article` ORDER BY lastmodifytime DESC LIMIT 0,9   [ RunTime:0.0005s ]
SQL: SHOW COLUMNS FROM `cjt_sort` [ RunTime:0.0022s ]
SQL: SELECT * FROM `cjt_sort` WHERE ( 1=1 AND sortid='12' ) LIMIT 1   [ RunTime:0.0003s ]
SQL: SELECT * FROM `cjt_sort` WHERE ( 1=1 AND sortid='11' ) LIMIT 1   [ RunTime:0.0002s ]
SQL: SELECT * FROM `cjt_sort` WHERE ( 1=1 AND sortid='14' ) LIMIT 1   [ RunTime:0.0002s ]
SQL: SELECT * FROM `cjt_sort` WHERE ( 1=1 AND sortid='1' ) LIMIT 1   [ RunTime:0.0002s ]
SQL: SELECT * FROM `cjt_sort` WHERE ( 1=1 AND sortid='11' ) LIMIT 1   [ RunTime:0.0002s ]
SQL: SELECT * FROM `cjt_sort` WHERE ( 1=1 AND sortid='11' ) LIMIT 1   [ RunTime:0.0002s ]
SQL: SELECT * FROM `cjt_sort` WHERE ( 1=1 AND sortid='10' ) LIMIT 1   [ RunTime:0.0002s ]
SQL: SELECT * FROM `cjt_sort` WHERE ( 1=1 AND sortid='1' ) LIMIT 1   [ RunTime:0.0003s ]
SQL: SELECT * FROM `cjt_sort` WHERE ( 1=1 AND sortid='10' ) LIMIT 1   [ RunTime:0.0004s ]
INFO: [ view_parse ] --START--
INFO: [ template_filter ] --START--
INFO: Run Behavior\ContentReplaceBehavior [ RunTime:0.000109s ]
INFO: [ template_filter ] --END-- [ RunTime:0.000226s ]
INFO: Run Behavior\ParseTemplateBehavior [ RunTime:0.012411s ]
INFO: [ view_parse ] --END-- [ RunTime:0.012702s ]
INFO: [ view_filter ] --START--
INFO: Run Behavior\WriteHtmlCacheBehavior [ RunTime:0.000811s ]
INFO: [ view_filter ] --END-- [ RunTime:0.000975s ]
INFO: [ app_end ] --START--
INFO: Run Behavior\ShowPageTraceBehavior [ RunTime:0.000820s ]
INFO: [ app_end ] --END-- [ RunTime:0.000950s ]

[ 2016-05-19T00:30:22+08:00 ] 127.0.0.1 /Admin/Article/addarticle
INFO: [ app_init ] --START--
INFO: Run Behavior\BuildLiteBehavior [ RunTime:0.000024s ]
INFO: [ app_init ] --END-- [ RunTime:0.000471s ]
INFO: [ app_begin ] --START--
INFO: Run Behavior\ReadHtmlCacheBehavior [ RunTime:0.000720s ]
INFO: [ app_begin ] --END-- [ RunTime:0.000820s ]
SQL: SHOW COLUMNS FROM `cjt_sort` [ RunTime:0.0023s ]
SQL: SELECT * FROM `cjt_sort`  [ RunTime:0.0006s ]
INFO: [ view_parse ] --START--
INFO: [ template_filter ] --START--
INFO: Run Behavior\ContentReplaceBehavior [ RunTime:0.000096s ]
INFO: [ template_filter ] --END-- [ RunTime:0.000214s ]
INFO: Run Behavior\ParseTemplateBehavior [ RunTime:0.050432s ]
INFO: [ view_parse ] --END-- [ RunTime:0.050592s ]
INFO: [ view_filter ] --START--
INFO: Run Behavior\WriteHtmlCacheBehavior [ RunTime:0.000487s ]
INFO: [ view_filter ] --END-- [ RunTime:0.000593s ]
INFO: [ app_end ] --START--
INFO: Run Behavior\ShowPageTraceBehavior [ RunTime:0.000708s ]
INFO: [ app_end ] --END-- [ RunTime:0.000801s ]

[ 2016-05-19T00:30:59+08:00 ] 127.0.0.1 /Admin/Article/addarticle
INFO: [ app_init ] --START--
INFO: Run Behavior\BuildLiteBehavior [ RunTime:0.000024s ]
INFO: [ app_init ] --END-- [ RunTime:0.000381s ]
INFO: [ app_begin ] --START--
INFO: Run Behavior\ReadHtmlCacheBehavior [ RunTime:0.000679s ]
INFO: [ app_begin ] --END-- [ RunTime:0.000781s ]
NOTIC: [2] call_user_func() expects parameter 1 to be a valid callback, no array or string given E:\wamp\www\chenjt_website\ThinkPHP\Library\Think\Upload.class.php 第 170 行.
SQL: SHOW COLUMNS FROM `cjt_article` [ RunTime:0.0025s ]
NOTIC: [8] Undefined index: validate E:\wamp\www\chenjt_website\ThinkPHP\Library\Think\Model.class.php 第 1185 行.
SQL: SELECT * FROM `cjt_article` WHERE `title` = '玩大富翁' LIMIT 1   [ RunTime:0.0004s ]
NOTIC: [8] Undefined index: auto E:\wamp\www\chenjt_website\ThinkPHP\Library\Think\Model.class.php 第 1128 行.
SQL: INSERT INTO `cjt_article` (`title`,`author`,`sortid`,`content`,`time`,`lastmodifytime`,`coverpic`) VALUES ('玩大富翁','沃尔夫','14','2134234是否','1463589059','1463589059','2016-05-19/573c98c3c9979.png') [ RunTime:0.0014s ]
INFO: [ view_parse ] --START--
INFO: [ template_filter ] --START--
INFO: Run Behavior\ContentReplaceBehavior [ RunTime:0.000177s ]
INFO: [ template_filter ] --END-- [ RunTime:0.000303s ]
INFO: Run Behavior\ParseTemplateBehavior [ RunTime:0.008153s ]
INFO: [ view_parse ] --END-- [ RunTime:0.008265s ]
INFO: [ view_filter ] --START--
INFO: Run Behavior\WriteHtmlCacheBehavior [ RunTime:0.000431s ]
INFO: [ view_filter ] --END-- [ RunTime:0.000520s ]
INFO: [ app_end ] --START--
INFO: Run Behavior\ShowPageTraceBehavior [ RunTime:0.000613s ]
INFO: [ app_end ] --END-- [ RunTime:0.000695s ]

[ 2016-05-19T00:31:00+08:00 ] 127.0.0.1 /Admin/Article/showlist
INFO: [ app_init ] --START--
INFO: Run Behavior\BuildLiteBehavior [ RunTime:0.000023s ]
INFO: [ app_init ] --END-- [ RunTime:0.000408s ]
INFO: [ app_begin ] --START--
INFO: Run Behavior\ReadHtmlCacheBehavior [ RunTime:0.000738s ]
INFO: [ app_begin ] --END-- [ RunTime:0.000842s ]
SQL: SHOW COLUMNS FROM `cjt_article` [ RunTime:0.0025s ]
SQL: SELECT * FROM `cjt_article`  [ RunTime:0.0006s ]
SQL: SELECT COUNT(*) AS tp_count FROM `cjt_article` LIMIT 1   [ RunTime:0.0002s ]
SQL: SELECT * FROM `cjt_article` ORDER BY lastmodifytime DESC LIMIT 0,9   [ RunTime:0.0003s ]
SQL: SHOW COLUMNS FROM `cjt_sort` [ RunTime:0.0028s ]
SQL: SELECT * FROM `cjt_sort` WHERE ( 1=1 AND sortid='14' ) LIMIT 1   [ RunTime:0.0004s ]
SQL: SELECT * FROM `cjt_sort` WHERE ( 1=1 AND sortid='12' ) LIMIT 1   [ RunTime:0.0005s ]
SQL: SELECT * FROM `cjt_sort` WHERE ( 1=1 AND sortid='11' ) LIMIT 1   [ RunTime:0.0003s ]
SQL: SELECT * FROM `cjt_sort` WHERE ( 1=1 AND sortid='14' ) LIMIT 1   [ RunTime:0.0003s ]
SQL: SELECT * FROM `cjt_sort` WHERE ( 1=1 AND sortid='1' ) LIMIT 1   [ RunTime:0.0003s ]
SQL: SELECT * FROM `cjt_sort` WHERE ( 1=1 AND sortid='11' ) LIMIT 1   [ RunTime:0.0002s ]
SQL: SELECT * FROM `cjt_sort` WHERE ( 1=1 AND sortid='11' ) LIMIT 1   [ RunTime:0.0002s ]
SQL: SELECT * FROM `cjt_sort` WHERE ( 1=1 AND sortid='10' ) LIMIT 1   [ RunTime:0.0002s ]
SQL: SELECT * FROM `cjt_sort` WHERE ( 1=1 AND sortid='1' ) LIMIT 1   [ RunTime:0.0003s ]
INFO: [ view_parse ] --START--
INFO: [ template_filter ] --START--
INFO: Run Behavior\ContentReplaceBehavior [ RunTime:0.000106s ]
INFO: [ template_filter ] --END-- [ RunTime:0.000217s ]
INFO: Run Behavior\ParseTemplateBehavior [ RunTime:0.012670s ]
INFO: [ view_parse ] --END-- [ RunTime:0.012777s ]
INFO: [ view_filter ] --START--
INFO: Run Behavior\WriteHtmlCacheBehavior [ RunTime:0.000453s ]
INFO: [ view_filter ] --END-- [ RunTime:0.000532s ]
INFO: [ app_end ] --START--
INFO: Run Behavior\ShowPageTraceBehavior [ RunTime:0.000711s ]
INFO: [ app_end ] --END-- [ RunTime:0.000797s ]

[ 2016-05-19T00:31:23+08:00 ] 127.0.0.1 /Admin/Article/modifyarticle/id/55
INFO: [ app_init ] --START--
INFO: Run Behavior\BuildLiteBehavior [ RunTime:0.000030s ]
INFO: [ app_init ] --END-- [ RunTime:0.000505s ]
INFO: [ app_begin ] --START--
INFO: Run Behavior\ReadHtmlCacheBehavior [ RunTime:0.000919s ]
INFO: [ app_begin ] --END-- [ RunTime:0.001049s ]
SQL: SHOW COLUMNS FROM `cjt_article` [ RunTime:0.0026s ]
SQL: SHOW COLUMNS FROM `cjt_sort` [ RunTime:0.0024s ]
SQL: SELECT * FROM `cjt_sort`  [ RunTime:0.0003s ]
SQL: SELECT * FROM `cjt_article` WHERE `id` = 55 LIMIT 1   [ RunTime:0.0003s ]
INFO: [ view_parse ] --START--
INFO: [ template_filter ] --START--
INFO: Run Behavior\ContentReplaceBehavior [ RunTime:0.000098s ]
INFO: [ template_filter ] --END-- [ RunTime:0.000204s ]
INFO: Run Behavior\ParseTemplateBehavior [ RunTime:0.009774s ]
INFO: [ view_parse ] --END-- [ RunTime:0.009911s ]
INFO: [ view_filter ] --START--
INFO: Run Behavior\WriteHtmlCacheBehavior [ RunTime:0.000491s ]
INFO: [ view_filter ] --END-- [ RunTime:0.000575s ]
INFO: [ app_end ] --START--
INFO: Run Behavior\ShowPageTraceBehavior [ RunTime:0.000862s ]
INFO: [ app_end ] --END-- [ RunTime:0.000957s ]

[ 2016-05-19T00:31:34+08:00 ] 127.0.0.1 /Admin/Article/modifyarticle
INFO: [ app_init ] --START--
INFO: Run Behavior\BuildLiteBehavior [ RunTime:0.000025s ]
INFO: [ app_init ] --END-- [ RunTime:0.000435s ]
INFO: [ app_begin ] --START--
INFO: Run Behavior\ReadHtmlCacheBehavior [ RunTime:0.000723s ]
INFO: [ app_begin ] --END-- [ RunTime:0.000821s ]
SQL: SHOW COLUMNS FROM `cjt_article` [ RunTime:0.0034s ]
NOTIC: [2] call_user_func() expects parameter 1 to be a valid callback, no array or string given E:\wamp\www\chenjt_website\ThinkPHP\Library\Think\Upload.class.php 第 170 行.
NOTIC: [8] Undefined index: validate E:\wamp\www\chenjt_website\ThinkPHP\Library\Think\Model.class.php 第 1185 行.
NOTIC: [8] Undefined index: auto E:\wamp\www\chenjt_website\ThinkPHP\Library\Think\Model.class.php 第 1128 行.
SQL: UPDATE `cjt_article` SET `title`='玩大富翁',`author`='沃尔夫',`sortid`='14',`content`='                            2134234是否                        ',`lastmodifytime`='1463589094',`coverpic`='2016-05-19/573c98e622f29.jpg' WHERE `id` = '55' [ RunTime:0.0013s ]
INFO: [ view_parse ] --START--
INFO: [ template_filter ] --START--
INFO: Run Behavior\ContentReplaceBehavior [ RunTime:0.000084s ]
INFO: [ template_filter ] --END-- [ RunTime:0.000195s ]
INFO: Run Behavior\ParseTemplateBehavior [ RunTime:0.008089s ]
INFO: [ view_parse ] --END-- [ RunTime:0.008222s ]
INFO: [ view_filter ] --START--
INFO: Run Behavior\WriteHtmlCacheBehavior [ RunTime:0.000542s ]
INFO: [ view_filter ] --END-- [ RunTime:0.000652s ]
INFO: [ app_end ] --START--
INFO: Run Behavior\ShowPageTraceBehavior [ RunTime:0.001010s ]
INFO: [ app_end ] --END-- [ RunTime:0.001132s ]

[ 2016-05-19T00:31:35+08:00 ] 127.0.0.1 /Admin/Article/showlist
INFO: [ app_init ] --START--
INFO: Run Behavior\BuildLiteBehavior [ RunTime:0.000023s ]
INFO: [ app_init ] --END-- [ RunTime:0.000420s ]
INFO: [ app_begin ] --START--
INFO: Run Behavior\ReadHtmlCacheBehavior [ RunTime:0.000670s ]
INFO: [ app_begin ] --END-- [ RunTime:0.000764s ]
SQL: SHOW COLUMNS FROM `cjt_article` [ RunTime:0.0032s ]
SQL: SELECT * FROM `cjt_article`  [ RunTime:0.0006s ]
SQL: SELECT COUNT(*) AS tp_count FROM `cjt_article` LIMIT 1   [ RunTime:0.0003s ]
SQL: SELECT * FROM `cjt_article` ORDER BY lastmodifytime DESC LIMIT 0,9   [ RunTime:0.0005s ]
SQL: SHOW COLUMNS FROM `cjt_sort` [ RunTime:0.0024s ]
SQL: SELECT * FROM `cjt_sort` WHERE ( 1=1 AND sortid='14' ) LIMIT 1   [ RunTime:0.0005s ]
SQL: SELECT * FROM `cjt_sort` WHERE ( 1=1 AND sortid='12' ) LIMIT 1   [ RunTime:0.0005s ]
SQL: SELECT * FROM `cjt_sort` WHERE ( 1=1 AND sortid='11' ) LIMIT 1   [ RunTime:0.0003s ]
SQL: SELECT * FROM `cjt_sort` WHERE ( 1=1 AND sortid='14' ) LIMIT 1   [ RunTime:0.0002s ]
SQL: SELECT * FROM `cjt_sort` WHERE ( 1=1 AND sortid='1' ) LIMIT 1   [ RunTime:0.0003s ]
SQL: SELECT * FROM `cjt_sort` WHERE ( 1=1 AND sortid='11' ) LIMIT 1   [ RunTime:0.0003s ]
SQL: SELECT * FROM `cjt_sort` WHERE ( 1=1 AND sortid='11' ) LIMIT 1   [ RunTime:0.0003s ]
SQL: SELECT * FROM `cjt_sort` WHERE ( 1=1 AND sortid='10' ) LIMIT 1   [ RunTime:0.0002s ]
SQL: SELECT * FROM `cjt_sort` WHERE ( 1=1 AND sortid='1' ) LIMIT 1   [ RunTime:0.0003s ]
INFO: [ view_parse ] --START--
INFO: [ template_filter ] --START--
INFO: Run Behavior\ContentReplaceBehavior [ RunTime:0.000108s ]
INFO: [ template_filter ] --END-- [ RunTime:0.000237s ]
INFO: Run Behavior\ParseTemplateBehavior [ RunTime:0.012705s ]
INFO: [ view_parse ] --END-- [ RunTime:0.012814s ]
INFO: [ view_filter ] --START--
INFO: Run Behavior\WriteHtmlCacheBehavior [ RunTime:0.000518s ]
INFO: [ view_filter ] --END-- [ RunTime:0.000664s ]
INFO: [ app_end ] --START--
INFO: Run Behavior\ShowPageTraceBehavior [ RunTime:0.000725s ]
INFO: [ app_end ] --END-- [ RunTime:0.000818s ]

[ 2016-05-19T00:31:40+08:00 ] 127.0.0.1 /Admin/Article/deletearticle/id/55
INFO: [ app_init ] --START--
INFO: Run Behavior\BuildLiteBehavior [ RunTime:0.000039s ]
INFO: [ app_init ] --END-- [ RunTime:0.000650s ]
INFO: [ app_begin ] --START--
INFO: Run Behavior\ReadHtmlCacheBehavior [ RunTime:0.001211s ]
INFO: [ app_begin ] --END-- [ RunTime:0.001405s ]
SQL: SHOW COLUMNS FROM `cjt_article` [ RunTime:0.0035s ]
SQL: DELETE FROM `cjt_article` WHERE `id` = 55 [ RunTime:0.0350s ]
INFO: [ view_parse ] --START--
INFO: [ template_filter ] --START--
INFO: Run Behavior\ContentReplaceBehavior [ RunTime:0.000086s ]
INFO: [ template_filter ] --END-- [ RunTime:0.000203s ]
INFO: Run Behavior\ParseTemplateBehavior [ RunTime:0.008125s ]
INFO: [ view_parse ] --END-- [ RunTime:0.008308s ]
INFO: [ view_filter ] --START--
INFO: Run Behavior\WriteHtmlCacheBehavior [ RunTime:0.000620s ]
INFO: [ view_filter ] --END-- [ RunTime:0.000774s ]
INFO: [ app_end ] --START--
INFO: Run Behavior\ShowPageTraceBehavior [ RunTime:0.001111s ]
INFO: [ app_end ] --END-- [ RunTime:0.001267s ]

[ 2016-05-19T00:31:41+08:00 ] 127.0.0.1 /Admin/Article/showlist
INFO: [ app_init ] --START--
INFO: Run Behavior\BuildLiteBehavior [ RunTime:0.000025s ]
INFO: [ app_init ] --END-- [ RunTime:0.000463s ]
INFO: [ app_begin ] --START--
INFO: Run Behavior\ReadHtmlCacheBehavior [ RunTime:0.000786s ]
INFO: [ app_begin ] --END-- [ RunTime:0.000895s ]
SQL: SHOW COLUMNS FROM `cjt_article` [ RunTime:0.0028s ]
SQL: SELECT * FROM `cjt_article`  [ RunTime:0.0005s ]
SQL: SELECT COUNT(*) AS tp_count FROM `cjt_article` LIMIT 1   [ RunTime:0.0003s ]
SQL: SELECT * FROM `cjt_article` ORDER BY lastmodifytime DESC LIMIT 0,9   [ RunTime:0.0005s ]
SQL: SHOW COLUMNS FROM `cjt_sort` [ RunTime:0.0025s ]
SQL: SELECT * FROM `cjt_sort` WHERE ( 1=1 AND sortid='12' ) LIMIT 1   [ RunTime:0.0003s ]
SQL: SELECT * FROM `cjt_sort` WHERE ( 1=1 AND sortid='11' ) LIMIT 1   [ RunTime:0.0002s ]
SQL: SELECT * FROM `cjt_sort` WHERE ( 1=1 AND sortid='14' ) LIMIT 1   [ RunTime:0.0003s ]
SQL: SELECT * FROM `cjt_sort` WHERE ( 1=1 AND sortid='1' ) LIMIT 1   [ RunTime:0.0003s ]
SQL: SELECT * FROM `cjt_sort` WHERE ( 1=1 AND sortid='11' ) LIMIT 1   [ RunTime:0.0002s ]
SQL: SELECT * FROM `cjt_sort` WHERE ( 1=1 AND sortid='11' ) LIMIT 1   [ RunTime:0.0002s ]
SQL: SELECT * FROM `cjt_sort` WHERE ( 1=1 AND sortid='10' ) LIMIT 1   [ RunTime:0.0004s ]
SQL: SELECT * FROM `cjt_sort` WHERE ( 1=1 AND sortid='1' ) LIMIT 1   [ RunTime:0.0003s ]
SQL: SELECT * FROM `cjt_sort` WHERE ( 1=1 AND sortid='10' ) LIMIT 1   [ RunTime:0.0002s ]
INFO: [ view_parse ] --START--
INFO: [ template_filter ] --START--
INFO: Run Behavior\ContentReplaceBehavior [ RunTime:0.000100s ]
INFO: [ template_filter ] --END-- [ RunTime:0.000206s ]
INFO: Run Behavior\ParseTemplateBehavior [ RunTime:0.011228s ]
INFO: [ view_parse ] --END-- [ RunTime:0.011332s ]
INFO: [ view_filter ] --START--
INFO: Run Behavior\WriteHtmlCacheBehavior [ RunTime:0.000484s ]
INFO: [ view_filter ] --END-- [ RunTime:0.000582s ]
INFO: [ app_end ] --START--
INFO: Run Behavior\ShowPageTraceBehavior [ RunTime:0.000731s ]
INFO: [ app_end ] --END-- [ RunTime:0.000833s ]

[ 2016-05-19T00:31:53+08:00 ] 127.0.0.1 /Admin/Sort/showlist
INFO: [ app_init ] --START--
INFO: Run Behavior\BuildLiteBehavior [ RunTime:0.000025s ]
INFO: [ app_init ] --END-- [ RunTime:0.000505s ]
INFO: [ app_begin ] --START--
INFO: Run Behavior\ReadHtmlCacheBehavior [ RunTime:0.000788s ]
INFO: [ app_begin ] --END-- [ RunTime:0.000915s ]
SQL: SHOW COLUMNS FROM `cjt_sort` [ RunTime:0.0026s ]
SQL: SELECT * FROM `cjt_sort`  [ RunTime:0.0004s ]
SQL: SELECT COUNT(*) AS tp_count FROM `cjt_sort` LIMIT 1   [ RunTime:0.0003s ]
SQL: SELECT * FROM `cjt_sort` LIMIT 0,9   [ RunTime:0.0004s ]
INFO: [ view_parse ] --START--
INFO: [ template_filter ] --START--
INFO: Run Behavior\ContentReplaceBehavior [ RunTime:0.000084s ]
INFO: [ template_filter ] --END-- [ RunTime:0.000185s ]
INFO: Run Behavior\ParseTemplateBehavior [ RunTime:0.010952s ]
INFO: [ view_parse ] --END-- [ RunTime:0.011080s ]
INFO: [ view_filter ] --START--
INFO: Run Behavior\WriteHtmlCacheBehavior [ RunTime:0.000397s ]
INFO: [ view_filter ] --END-- [ RunTime:0.000476s ]
INFO: [ app_end ] --START--
INFO: Run Behavior\ShowPageTraceBehavior [ RunTime:0.000772s ]
INFO: [ app_end ] --END-- [ RunTime:0.000878s ]

[ 2016-05-19T00:31:55+08:00 ] 127.0.0.1 /Admin/Article/showlist
INFO: [ app_init ] --START--
INFO: Run Behavior\BuildLiteBehavior [ RunTime:0.000024s ]
INFO: [ app_init ] --END-- [ RunTime:0.000418s ]
INFO: [ app_begin ] --START--
INFO: Run Behavior\ReadHtmlCacheBehavior [ RunTime:0.000999s ]
INFO: [ app_begin ] --END-- [ RunTime:0.001122s ]
SQL: SHOW COLUMNS FROM `cjt_article` [ RunTime:0.0029s ]
SQL: SELECT * FROM `cjt_article`  [ RunTime:0.0004s ]
SQL: SELECT COUNT(*) AS tp_count FROM `cjt_article` LIMIT 1   [ RunTime:0.0003s ]
SQL: SELECT * FROM `cjt_article` ORDER BY lastmodifytime DESC LIMIT 0,9   [ RunTime:0.0006s ]
SQL: SHOW COLUMNS FROM `cjt_sort` [ RunTime:0.0025s ]
SQL: SELECT * FROM `cjt_sort` WHERE ( 1=1 AND sortid='12' ) LIMIT 1   [ RunTime:0.0003s ]
SQL: SELECT * FROM `cjt_sort` WHERE ( 1=1 AND sortid='11' ) LIMIT 1   [ RunTime:0.0002s ]
SQL: SELECT * FROM `cjt_sort` WHERE ( 1=1 AND sortid='14' ) LIMIT 1   [ RunTime:0.0002s ]
SQL: SELECT * FROM `cjt_sort` WHERE ( 1=1 AND sortid='1' ) LIMIT 1   [ RunTime:0.0002s ]
SQL: SELECT * FROM `cjt_sort` WHERE ( 1=1 AND sortid='11' ) LIMIT 1   [ RunTime:0.0002s ]
SQL: SELECT * FROM `cjt_sort` WHERE ( 1=1 AND sortid='11' ) LIMIT 1   [ RunTime:0.0002s ]
SQL: SELECT * FROM `cjt_sort` WHERE ( 1=1 AND sortid='10' ) LIMIT 1   [ RunTime:0.0004s ]
SQL: SELECT * FROM `cjt_sort` WHERE ( 1=1 AND sortid='1' ) LIMIT 1   [ RunTime:0.0003s ]
SQL: SELECT * FROM `cjt_sort` WHERE ( 1=1 AND sortid='10' ) LIMIT 1   [ RunTime:0.0002s ]
INFO: [ view_parse ] --START--
INFO: [ template_filter ] --START--
INFO: Run Behavior\ContentReplaceBehavior [ RunTime:0.000102s ]
INFO: [ template_filter ] --END-- [ RunTime:0.000227s ]
INFO: Run Behavior\ParseTemplateBehavior [ RunTime:0.012744s ]
INFO: [ view_parse ] --END-- [ RunTime:0.012885s ]
INFO: [ view_filter ] --START--
INFO: Run Behavior\WriteHtmlCacheBehavior [ RunTime:0.000693s ]
INFO: [ view_filter ] --END-- [ RunTime:0.000823s ]
INFO: [ app_end ] --START--
INFO: Run Behavior\ShowPageTraceBehavior [ RunTime:0.001197s ]
INFO: [ app_end ] --END-- [ RunTime:0.001357s ]

[ 2016-05-19T00:31:58+08:00 ] 127.0.0.1 /Admin/Article/showlist/p/2
INFO: [ app_init ] --START--
INFO: Run Behavior\BuildLiteBehavior [ RunTime:0.000026s ]
INFO: [ app_init ] --END-- [ RunTime:0.000439s ]
INFO: [ app_begin ] --START--
INFO: Run Behavior\ReadHtmlCacheBehavior [ RunTime:0.000745s ]
INFO: [ app_begin ] --END-- [ RunTime:0.000856s ]
SQL: SHOW COLUMNS FROM `cjt_article` [ RunTime:0.0032s ]
SQL: SELECT * FROM `cjt_article`  [ RunTime:0.0005s ]
SQL: SELECT COUNT(*) AS tp_count FROM `cjt_article` LIMIT 1   [ RunTime:0.0003s ]
SQL: SELECT * FROM `cjt_article` ORDER BY lastmodifytime DESC LIMIT 9,9   [ RunTime:0.0008s ]
SQL: SHOW COLUMNS FROM `cjt_sort` [ RunTime:0.0038s ]
SQL: SELECT * FROM `cjt_sort` WHERE ( 1=1 AND sortid='10' ) LIMIT 1   [ RunTime:0.0004s ]
INFO: [ view_parse ] --START--
INFO: [ template_filter ] --START--
INFO: Run Behavior\ContentReplaceBehavior [ RunTime:0.000117s ]
INFO: [ template_filter ] --END-- [ RunTime:0.000264s ]
INFO: Run Behavior\ParseTemplateBehavior [ RunTime:0.013768s ]
INFO: [ view_parse ] --END-- [ RunTime:0.013872s ]
INFO: [ view_filter ] --START--
INFO: Run Behavior\WriteHtmlCacheBehavior [ RunTime:0.000402s ]
INFO: [ view_filter ] --END-- [ RunTime:0.000479s ]
INFO: [ app_end ] --START--
INFO: Run Behavior\ShowPageTraceBehavior [ RunTime:0.000605s ]
INFO: [ app_end ] --END-- [ RunTime:0.000695s ]

[ 2016-05-19T00:32:10+08:00 ] 127.0.0.1 /Admin/Sort/showlist
INFO: [ app_init ] --START--
INFO: Run Behavior\BuildLiteBehavior [ RunTime:0.000025s ]
INFO: [ app_init ] --END-- [ RunTime:0.000429s ]
INFO: [ app_begin ] --START--
INFO: Run Behavior\ReadHtmlCacheBehavior [ RunTime:0.000963s ]
INFO: [ app_begin ] --END-- [ RunTime:0.001093s ]
SQL: SHOW COLUMNS FROM `cjt_sort` [ RunTime:0.0032s ]
SQL: SELECT * FROM `cjt_sort`  [ RunTime:0.0004s ]
SQL: SELECT COUNT(*) AS tp_count FROM `cjt_sort` LIMIT 1   [ RunTime:0.0002s ]
SQL: SELECT * FROM `cjt_sort` LIMIT 0,9   [ RunTime:0.0003s ]
INFO: [ view_parse ] --START--
INFO: [ template_filter ] --START--
INFO: Run Behavior\ContentReplaceBehavior [ RunTime:0.000088s ]
INFO: [ template_filter ] --END-- [ RunTime:0.000193s ]
INFO: Run Behavior\ParseTemplateBehavior [ RunTime:0.012035s ]
INFO: [ view_parse ] --END-- [ RunTime:0.012181s ]
INFO: [ view_filter ] --START--
INFO: Run Behavior\WriteHtmlCacheBehavior [ RunTime:0.000594s ]
INFO: [ view_filter ] --END-- [ RunTime:0.000738s ]
INFO: [ app_end ] --START--
INFO: Run Behavior\ShowPageTraceBehavior [ RunTime:0.001550s ]
INFO: [ app_end ] --END-- [ RunTime:0.001709s ]

[ 2016-05-19T00:32:17+08:00 ] 127.0.0.1 /Admin/Admin/showlist
INFO: [ app_init ] --START--
INFO: Run Behavior\BuildLiteBehavior [ RunTime:0.000039s ]
INFO: [ app_init ] --END-- [ RunTime:0.000712s ]
INFO: [ app_begin ] --START--
INFO: Run Behavior\ReadHtmlCacheBehavior [ RunTime:0.001183s ]
INFO: [ app_begin ] --END-- [ RunTime:0.001331s ]
SQL: SHOW COLUMNS FROM `cjt_admin` [ RunTime:0.0028s ]
SQL: SELECT * FROM `cjt_admin`  [ RunTime:0.0003s ]
SQL: SELECT COUNT(*) AS tp_count FROM `cjt_admin` LIMIT 1   [ RunTime:0.0002s ]
SQL: SELECT * FROM `cjt_admin` LIMIT 0,9   [ RunTime:0.0003s ]
INFO: [ view_parse ] --START--
INFO: [ template_filter ] --START--
INFO: Run Behavior\ContentReplaceBehavior [ RunTime:0.000090s ]
INFO: [ template_filter ] --END-- [ RunTime:0.000190s ]
INFO: Run Behavior\ParseTemplateBehavior [ RunTime:0.033237s ]
INFO: [ view_parse ] --END-- [ RunTime:0.033391s ]
INFO: [ view_filter ] --START--
INFO: Run Behavior\WriteHtmlCacheBehavior [ RunTime:0.000516s ]
INFO: [ view_filter ] --END-- [ RunTime:0.000602s ]
INFO: [ app_end ] --START--
INFO: Run Behavior\ShowPageTraceBehavior [ RunTime:0.000681s ]
INFO: [ app_end ] --END-- [ RunTime:0.000777s ]

[ 2016-05-19T00:32:21+08:00 ] 127.0.0.1 /Admin/Admin/addadmin
INFO: [ app_init ] --START--
INFO: Run Behavior\BuildLiteBehavior [ RunTime:0.000065s ]
INFO: [ app_init ] --END-- [ RunTime:0.000888s ]
INFO: [ app_begin ] --START--
INFO: Run Behavior\ReadHtmlCacheBehavior [ RunTime:0.000855s ]
INFO: [ app_begin ] --END-- [ RunTime:0.000985s ]
INFO: [ view_parse ] --START--
INFO: [ template_filter ] --START--
INFO: Run Behavior\ContentReplaceBehavior [ RunTime:0.000077s ]
INFO: [ template_filter ] --END-- [ RunTime:0.000188s ]
INFO: Run Behavior\ParseTemplateBehavior [ RunTime:0.027473s ]
INFO: [ view_parse ] --END-- [ RunTime:0.027581s ]
INFO: [ view_filter ] --START--
INFO: Run Behavior\WriteHtmlCacheBehavior [ RunTime:0.000413s ]
INFO: [ view_filter ] --END-- [ RunTime:0.000490s ]
INFO: [ app_end ] --START--
INFO: Run Behavior\ShowPageTraceBehavior [ RunTime:0.000764s ]
INFO: [ app_end ] --END-- [ RunTime:0.000860s ]

[ 2016-05-19T00:32:41+08:00 ] 127.0.0.1 /Admin/Admin/showlist
INFO: [ app_init ] --START--
INFO: Run Behavior\BuildLiteBehavior [ RunTime:0.000025s ]
INFO: [ app_init ] --END-- [ RunTime:0.000448s ]
INFO: [ app_begin ] --START--
INFO: Run Behavior\ReadHtmlCacheBehavior [ RunTime:0.000695s ]
INFO: [ app_begin ] --END-- [ RunTime:0.000790s ]
SQL: SHOW COLUMNS FROM `cjt_admin` [ RunTime:0.0031s ]
SQL: SELECT * FROM `cjt_admin`  [ RunTime:0.0004s ]
SQL: SELECT COUNT(*) AS tp_count FROM `cjt_admin` LIMIT 1   [ RunTime:0.0006s ]
SQL: SELECT * FROM `cjt_admin` LIMIT 0,9   [ RunTime:0.0004s ]
INFO: [ view_parse ] --START--
INFO: [ template_filter ] --START--
INFO: Run Behavior\ContentReplaceBehavior [ RunTime:0.000086s ]
INFO: [ template_filter ] --END-- [ RunTime:0.000201s ]
INFO: Run Behavior\ParseTemplateBehavior [ RunTime:0.011945s ]
INFO: [ view_parse ] --END-- [ RunTime:0.012151s ]
INFO: [ view_filter ] --START--
INFO: Run Behavior\WriteHtmlCacheBehavior [ RunTime:0.000455s ]
INFO: [ view_filter ] --END-- [ RunTime:0.000543s ]
INFO: [ app_end ] --START--
INFO: Run Behavior\ShowPageTraceBehavior [ RunTime:0.000672s ]
INFO: [ app_end ] --END-- [ RunTime:0.000760s ]

[ 2016-05-19T00:33:07+08:00 ] 127.0.0.1 /Admin/Article/showlist
INFO: [ app_init ] --START--
INFO: Run Behavior\BuildLiteBehavior [ RunTime:0.000025s ]
INFO: [ app_init ] --END-- [ RunTime:0.000517s ]
INFO: [ app_begin ] --START--
INFO: Run Behavior\ReadHtmlCacheBehavior [ RunTime:0.000736s ]
INFO: [ app_begin ] --END-- [ RunTime:0.000849s ]
SQL: SHOW COLUMNS FROM `cjt_article` [ RunTime:0.0035s ]
SQL: SELECT * FROM `cjt_article`  [ RunTime:0.0006s ]
SQL: SELECT COUNT(*) AS tp_count FROM `cjt_article` LIMIT 1   [ RunTime:0.0004s ]
SQL: SELECT * FROM `cjt_article` ORDER BY lastmodifytime DESC LIMIT 0,9   [ RunTime:0.0007s ]
SQL: SHOW COLUMNS FROM `cjt_sort` [ RunTime:0.0052s ]
SQL: SELECT * FROM `cjt_sort` WHERE ( 1=1 AND sortid='12' ) LIMIT 1   [ RunTime:0.0007s ]
SQL: SELECT * FROM `cjt_sort` WHERE ( 1=1 AND sortid='11' ) LIMIT 1   [ RunTime:0.0005s ]
SQL: SELECT * FROM `cjt_sort` WHERE ( 1=1 AND sortid='14' ) LIMIT 1   [ RunTime:0.0004s ]
SQL: SELECT * FROM `cjt_sort` WHERE ( 1=1 AND sortid='1' ) LIMIT 1   [ RunTime:0.0003s ]
SQL: SELECT * FROM `cjt_sort` WHERE ( 1=1 AND sortid='11' ) LIMIT 1   [ RunTime:0.0003s ]
SQL: SELECT * FROM `cjt_sort` WHERE ( 1=1 AND sortid='11' ) LIMIT 1   [ RunTime:0.0002s ]
SQL: SELECT * FROM `cjt_sort` WHERE ( 1=1 AND sortid='10' ) LIMIT 1   [ RunTime:0.0003s ]
SQL: SELECT * FROM `cjt_sort` WHERE ( 1=1 AND sortid='1' ) LIMIT 1   [ RunTime:0.0003s ]
SQL: SELECT * FROM `cjt_sort` WHERE ( 1=1 AND sortid='10' ) LIMIT 1   [ RunTime:0.0002s ]
INFO: [ view_parse ] --START--
INFO: [ template_filter ] --START--
INFO: Run Behavior\ContentReplaceBehavior [ RunTime:0.000156s ]
INFO: [ template_filter ] --END-- [ RunTime:0.000342s ]
INFO: Run Behavior\ParseTemplateBehavior [ RunTime:0.017733s ]
INFO: [ view_parse ] --END-- [ RunTime:0.017892s ]
INFO: [ view_filter ] --START--
INFO: Run Behavior\WriteHtmlCacheBehavior [ RunTime:0.000630s ]
INFO: [ view_filter ] --END-- [ RunTime:0.000769s ]
INFO: [ app_end ] --START--
INFO: Run Behavior\ShowPageTraceBehavior [ RunTime:0.001137s ]
INFO: [ app_end ] --END-- [ RunTime:0.001301s ]

[ 2016-05-19T00:33:09+08:00 ] 127.0.0.1 /Admin/Article/addarticle
INFO: [ app_init ] --START--
INFO: Run Behavior\BuildLiteBehavior [ RunTime:0.000039s ]
INFO: [ app_init ] --END-- [ RunTime:0.000663s ]
INFO: [ app_begin ] --START--
INFO: Run Behavior\ReadHtmlCacheBehavior [ RunTime:0.000892s ]
INFO: [ app_begin ] --END-- [ RunTime:0.001029s ]
SQL: SHOW COLUMNS FROM `cjt_sort` [ RunTime:0.0038s ]
SQL: SELECT * FROM `cjt_sort`  [ RunTime:0.0015s ]
INFO: [ view_parse ] --START--
INFO: [ template_filter ] --START--
INFO: Run Behavior\ContentReplaceBehavior [ RunTime:0.000096s ]
INFO: [ template_filter ] --END-- [ RunTime:0.000214s ]
INFO: Run Behavior\ParseTemplateBehavior [ RunTime:0.013754s ]
INFO: [ view_parse ] --END-- [ RunTime:0.013897s ]
INFO: [ view_filter ] --START--
INFO: Run Behavior\WriteHtmlCacheBehavior [ RunTime:0.000882s ]
INFO: [ view_filter ] --END-- [ RunTime:0.000988s ]
INFO: [ app_end ] --START--
INFO: Run Behavior\ShowPageTraceBehavior [ RunTime:0.001023s ]
INFO: [ app_end ] --END-- [ RunTime:0.001149s ]

[ 2016-05-19T00:33:18+08:00 ] 127.0.0.1 /Admin/Article/addarticle
INFO: [ app_init ] --START--
INFO: Run Behavior\BuildLiteBehavior [ RunTime:0.000024s ]
INFO: [ app_init ] --END-- [ RunTime:0.000395s ]
INFO: [ app_begin ] --START--
INFO: Run Behavior\ReadHtmlCacheBehavior [ RunTime:0.000697s ]
INFO: [ app_begin ] --END-- [ RunTime:0.000813s ]
NOTIC: [2] call_user_func() expects parameter 1 to be a valid callback, no array or string given E:\wamp\www\chenjt_website\ThinkPHP\Library\Think\Upload.class.php 第 170 行.
SQL: SHOW COLUMNS FROM `cjt_article` [ RunTime:0.0030s ]
NOTIC: [8] Undefined index: validate E:\wamp\www\chenjt_website\ThinkPHP\Library\Think\Model.class.php 第 1185 行.
SQL: SELECT * FROM `cjt_article` WHERE `title` = '我去耳闻' LIMIT 1   [ RunTime:0.0004s ]
NOTIC: [8] Undefined index: auto E:\wamp\www\chenjt_website\ThinkPHP\Library\Think\Model.class.php 第 1128 行.
SQL: INSERT INTO `cjt_article` (`title`,`author`,`sortid`,`content`,`time`,`lastmodifytime`,`coverpic`) VALUES ('我去耳闻','为','12','wer','1463589198','1463589198','2016-05-19/573c994e82f0f.jpg') [ RunTime:0.0010s ]
INFO: [ view_parse ] --START--
INFO: [ template_filter ] --START--
INFO: Run Behavior\ContentReplaceBehavior [ RunTime:0.000084s ]
INFO: [ template_filter ] --END-- [ RunTime:0.000212s ]
INFO: Run Behavior\ParseTemplateBehavior [ RunTime:0.008037s ]
INFO: [ view_parse ] --END-- [ RunTime:0.008144s ]
INFO: [ view_filter ] --START--
INFO: Run Behavior\WriteHtmlCacheBehavior [ RunTime:0.000316s ]
INFO: [ view_filter ] --END-- [ RunTime:0.000399s ]
INFO: [ app_end ] --START--
INFO: Run Behavior\ShowPageTraceBehavior [ RunTime:0.000849s ]
INFO: [ app_end ] --END-- [ RunTime:0.000947s ]

[ 2016-05-19T00:33:19+08:00 ] 127.0.0.1 /Admin/Article/showlist
INFO: [ app_init ] --START--
INFO: Run Behavior\BuildLiteBehavior [ RunTime:0.000028s ]
INFO: [ app_init ] --END-- [ RunTime:0.000493s ]
INFO: [ app_begin ] --START--
INFO: Run Behavior\ReadHtmlCacheBehavior [ RunTime:0.000797s ]
INFO: [ app_begin ] --END-- [ RunTime:0.000928s ]
SQL: SHOW COLUMNS FROM `cjt_article` [ RunTime:0.0026s ]
SQL: SELECT * FROM `cjt_article`  [ RunTime:0.0007s ]
SQL: SELECT COUNT(*) AS tp_count FROM `cjt_article` LIMIT 1   [ RunTime:0.0004s ]
SQL: SELECT * FROM `cjt_article` ORDER BY lastmodifytime DESC LIMIT 0,9   [ RunTime:0.0004s ]
SQL: SHOW COLUMNS FROM `cjt_sort` [ RunTime:0.0024s ]
SQL: SELECT * FROM `cjt_sort` WHERE ( 1=1 AND sortid='12' ) LIMIT 1   [ RunTime:0.0004s ]
SQL: SELECT * FROM `cjt_sort` WHERE ( 1=1 AND sortid='12' ) LIMIT 1   [ RunTime:0.0003s ]
SQL: SELECT * FROM `cjt_sort` WHERE ( 1=1 AND sortid='11' ) LIMIT 1   [ RunTime:0.0002s ]
SQL: SELECT * FROM `cjt_sort` WHERE ( 1=1 AND sortid='14' ) LIMIT 1   [ RunTime:0.0003s ]
SQL: SELECT * FROM `cjt_sort` WHERE ( 1=1 AND sortid='1' ) LIMIT 1   [ RunTime:0.0004s ]
SQL: SELECT * FROM `cjt_sort` WHERE ( 1=1 AND sortid='11' ) LIMIT 1   [ RunTime:0.0003s ]
SQL: SELECT * FROM `cjt_sort` WHERE ( 1=1 AND sortid='11' ) LIMIT 1   [ RunTime:0.0002s ]
SQL: SELECT * FROM `cjt_sort` WHERE ( 1=1 AND sortid='10' ) LIMIT 1   [ RunTime:0.0002s ]
SQL: SELECT * FROM `cjt_sort` WHERE ( 1=1 AND sortid='1' ) LIMIT 1   [ RunTime:0.0002s ]
INFO: [ view_parse ] --START--
INFO: [ template_filter ] --START--
INFO: Run Behavior\ContentReplaceBehavior [ RunTime:0.000104s ]
INFO: [ template_filter ] --END-- [ RunTime:0.000217s ]
INFO: Run Behavior\ParseTemplateBehavior [ RunTime:0.012617s ]
INFO: [ view_parse ] --END-- [ RunTime:0.012760s ]
INFO: [ view_filter ] --START--
INFO: Run Behavior\WriteHtmlCacheBehavior [ RunTime:0.000529s ]
INFO: [ view_filter ] --END-- [ RunTime:0.000660s ]
INFO: [ app_end ] --START--
INFO: Run Behavior\ShowPageTraceBehavior [ RunTime:0.001088s ]
INFO: [ app_end ] --END-- [ RunTime:0.001233s ]

[ 2016-05-19T00:34:15+08:00 ] 127.0.0.1 /Admin/Sort/showlist
INFO: [ app_init ] --START--
INFO: Run Behavior\BuildLiteBehavior [ RunTime:0.000044s ]
INFO: [ app_init ] --END-- [ RunTime:0.000615s ]
INFO: [ app_begin ] --START--
INFO: Run Behavior\ReadHtmlCacheBehavior [ RunTime:0.000957s ]
INFO: [ app_begin ] --END-- [ RunTime:0.001168s ]
SQL: SHOW COLUMNS FROM `cjt_sort` [ RunTime:0.0029s ]
SQL: SELECT * FROM `cjt_sort`  [ RunTime:0.0004s ]
SQL: SELECT COUNT(*) AS tp_count FROM `cjt_sort` LIMIT 1   [ RunTime:0.0004s ]
SQL: SELECT * FROM `cjt_sort` LIMIT 0,9   [ RunTime:0.0004s ]
INFO: [ view_parse ] --START--
INFO: [ template_filter ] --START--
INFO: Run Behavior\ContentReplaceBehavior [ RunTime:0.000288s ]
INFO: [ template_filter ] --END-- [ RunTime:0.000733s ]
INFO: Run Behavior\ParseTemplateBehavior [ RunTime:0.014588s ]
INFO: [ view_parse ] --END-- [ RunTime:0.014695s ]
INFO: [ view_filter ] --START--
INFO: Run Behavior\WriteHtmlCacheBehavior [ RunTime:0.000602s ]
INFO: [ view_filter ] --END-- [ RunTime:0.000756s ]
INFO: [ app_end ] --START--
INFO: Run Behavior\ShowPageTraceBehavior [ RunTime:0.000712s ]
INFO: [ app_end ] --END-- [ RunTime:0.000838s ]

[ 2016-05-19T00:34:18+08:00 ] 127.0.0.1 /Admin/Sort/modifysort/id/1/sortname/%E5%89%8D%E7%AB%AF
INFO: [ app_init ] --START--
INFO: Run Behavior\BuildLiteBehavior [ RunTime:0.000024s ]
INFO: [ app_init ] --END-- [ RunTime:0.000414s ]
INFO: [ app_begin ] --START--
INFO: Run Behavior\ReadHtmlCacheBehavior [ RunTime:0.000864s ]
INFO: [ app_begin ] --END-- [ RunTime:0.001046s ]
INFO: [ view_parse ] --START--
INFO: [ template_filter ] --START--
INFO: Run Behavior\ContentReplaceBehavior [ RunTime:0.000087s ]
INFO: [ template_filter ] --END-- [ RunTime:0.000203s ]
INFO: Run Behavior\ParseTemplateBehavior [ RunTime:0.007776s ]
INFO: [ view_parse ] --END-- [ RunTime:0.007915s ]
INFO: [ view_filter ] --START--
INFO: Run Behavior\WriteHtmlCacheBehavior [ RunTime:0.000379s ]
INFO: [ view_filter ] --END-- [ RunTime:0.000460s ]
INFO: [ app_end ] --START--
INFO: Run Behavior\ShowPageTraceBehavior [ RunTime:0.000514s ]
INFO: [ app_end ] --END-- [ RunTime:0.000598s ]

[ 2016-05-19T00:34:21+08:00 ] 127.0.0.1 /Admin/Sort/modifysort
INFO: [ app_init ] --START--
INFO: Run Behavior\BuildLiteBehavior [ RunTime:0.000023s ]
INFO: [ app_init ] --END-- [ RunTime:0.000388s ]
INFO: [ app_begin ] --START--
INFO: Run Behavior\ReadHtmlCacheBehavior [ RunTime:0.000515s ]
INFO: [ app_begin ] --END-- [ RunTime:0.000613s ]
SQL: SHOW COLUMNS FROM `cjt_sort` [ RunTime:0.0025s ]
NOTIC: [8] Undefined index: validate E:\wamp\www\chenjt_website\ThinkPHP\Library\Think\Model.class.php 第 1185 行.
NOTIC: [8] Undefined index: auto E:\wamp\www\chenjt_website\ThinkPHP\Library\Think\Model.class.php 第 1128 行.
SQL: UPDATE `cjt_sort` SET `sortname`='前端2' WHERE `sortid` = 1 [ RunTime:0.0012s ]
INFO: [ view_parse ] --START--
INFO: [ template_filter ] --START--
INFO: Run Behavior\ContentReplaceBehavior [ RunTime:0.000081s ]
INFO: [ template_filter ] --END-- [ RunTime:0.000179s ]
INFO: Run Behavior\ParseTemplateBehavior [ RunTime:0.006901s ]
INFO: [ view_parse ] --END-- [ RunTime:0.007008s ]
INFO: [ view_filter ] --START--
INFO: Run Behavior\WriteHtmlCacheBehavior [ RunTime:0.000366s ]
INFO: [ view_filter ] --END-- [ RunTime:0.000470s ]
INFO: [ app_end ] --START--
INFO: Run Behavior\ShowPageTraceBehavior [ RunTime:0.000624s ]
INFO: [ app_end ] --END-- [ RunTime:0.000711s ]

[ 2016-05-19T00:34:22+08:00 ] 127.0.0.1 /Admin/Sort/showlist
INFO: [ app_init ] --START--
INFO: Run Behavior\BuildLiteBehavior [ RunTime:0.000024s ]
INFO: [ app_init ] --END-- [ RunTime:0.000415s ]
INFO: [ app_begin ] --START--
INFO: Run Behavior\ReadHtmlCacheBehavior [ RunTime:0.000578s ]
INFO: [ app_begin ] --END-- [ RunTime:0.000680s ]
SQL: SHOW COLUMNS FROM `cjt_sort` [ RunTime:0.0031s ]
SQL: SELECT * FROM `cjt_sort`  [ RunTime:0.0005s ]
SQL: SELECT COUNT(*) AS tp_count FROM `cjt_sort` LIMIT 1   [ RunTime:0.0009s ]
SQL: SELECT * FROM `cjt_sort` LIMIT 0,9   [ RunTime:0.0007s ]
INFO: [ view_parse ] --START--
INFO: [ template_filter ] --START--
INFO: Run Behavior\ContentReplaceBehavior [ RunTime:0.000097s ]
INFO: [ template_filter ] --END-- [ RunTime:0.000213s ]
INFO: Run Behavior\ParseTemplateBehavior [ RunTime:0.014732s ]
INFO: [ view_parse ] --END-- [ RunTime:0.014874s ]
INFO: [ view_filter ] --START--
INFO: Run Behavior\WriteHtmlCacheBehavior [ RunTime:0.000632s ]
INFO: [ view_filter ] --END-- [ RunTime:0.000784s ]
INFO: [ app_end ] --START--
INFO: Run Behavior\ShowPageTraceBehavior [ RunTime:0.000603s ]
INFO: [ app_end ] --END-- [ RunTime:0.000711s ]

[ 2016-05-19T01:56:05+08:00 ] 127.0.0.1 /Admin/Article/showlist
INFO: [ app_init ] --START--
INFO: Run Behavior\BuildLiteBehavior [ RunTime:0.000026s ]
INFO: [ app_init ] --END-- [ RunTime:0.000465s ]
INFO: [ app_begin ] --START--
INFO: Run Behavior\ReadHtmlCacheBehavior [ RunTime:0.000856s ]
INFO: [ app_begin ] --END-- [ RunTime:0.001045s ]
SQL: SHOW COLUMNS FROM `cjt_article` [ RunTime:2.4204s ]
SQL: SELECT * FROM `cjt_article`  [ RunTime:0.0007s ]
SQL: SELECT COUNT(*) AS tp_count FROM `cjt_article` LIMIT 1   [ RunTime:0.0017s ]
SQL: SELECT * FROM `cjt_article` ORDER BY lastmodifytime DESC LIMIT 0,9   [ RunTime:0.0008s ]
SQL: SHOW COLUMNS FROM `cjt_sort` [ RunTime:0.0032s ]
SQL: SELECT * FROM `cjt_sort` WHERE ( 1=1 AND sortid='12' ) LIMIT 1   [ RunTime:0.0032s ]
SQL: SELECT * FROM `cjt_sort` WHERE ( 1=1 AND sortid='12' ) LIMIT 1   [ RunTime:0.0005s ]
SQL: SELECT * FROM `cjt_sort` WHERE ( 1=1 AND sortid='11' ) LIMIT 1   [ RunTime:0.0006s ]
SQL: SELECT * FROM `cjt_sort` WHERE ( 1=1 AND sortid='14' ) LIMIT 1   [ RunTime:0.0004s ]
SQL: SELECT * FROM `cjt_sort` WHERE ( 1=1 AND sortid='1' ) LIMIT 1   [ RunTime:0.0005s ]
SQL: SELECT * FROM `cjt_sort` WHERE ( 1=1 AND sortid='11' ) LIMIT 1   [ RunTime:0.0005s ]
SQL: SELECT * FROM `cjt_sort` WHERE ( 1=1 AND sortid='11' ) LIMIT 1   [ RunTime:0.0004s ]
SQL: SELECT * FROM `cjt_sort` WHERE ( 1=1 AND sortid='10' ) LIMIT 1   [ RunTime:0.0005s ]
SQL: SELECT * FROM `cjt_sort` WHERE ( 1=1 AND sortid='1' ) LIMIT 1   [ RunTime:0.0005s ]
INFO: [ view_parse ] --START--
INFO: [ template_filter ] --START--
INFO: Run Behavior\ContentReplaceBehavior [ RunTime:0.000101s ]
INFO: [ template_filter ] --END-- [ RunTime:0.000211s ]
INFO: Run Behavior\ParseTemplateBehavior [ RunTime:0.014103s ]
INFO: [ view_parse ] --END-- [ RunTime:0.014243s ]
INFO: [ view_filter ] --START--
INFO: Run Behavior\WriteHtmlCacheBehavior [ RunTime:0.000433s ]
INFO: [ view_filter ] --END-- [ RunTime:0.000511s ]
INFO: [ app_end ] --START--
INFO: Run Behavior\ShowPageTraceBehavior [ RunTime:0.000737s ]
INFO: [ app_end ] --END-- [ RunTime:0.000841s ]

