[ 2016-06-07T00:03:36+08:00 ] 127.0.0.1 /Admin
INFO: [ app_init ] --START--
INFO: Run Behavior\BuildLiteBehavior [ RunTime:0.000023s ]
INFO: [ app_init ] --END-- [ RunTime:0.000430s ]
INFO: [ app_begin ] --START--
INFO: Run Behavior\ReadHtmlCacheBehavior [ RunTime:0.000871s ]
INFO: [ app_begin ] --END-- [ RunTime:0.000973s ]
NOTIC: [8] Undefined index: admin E:\wamp\www\chenjt_website\Application\Admin\Controller\BaseController.class.php 第 22 行.
INFO: [ view_parse ] --START--
INFO: [ template_filter ] --START--
INFO: Run Behavior\ContentReplaceBehavior [ RunTime:0.000083s ]
INFO: [ template_filter ] --END-- [ RunTime:0.000190s ]
INFO: Run Behavior\ParseTemplateBehavior [ RunTime:0.006814s ]
INFO: [ view_parse ] --END-- [ RunTime:0.006923s ]
INFO: [ view_filter ] --START--
INFO: Run Behavior\WriteHtmlCacheBehavior [ RunTime:0.000471s ]
INFO: [ view_filter ] --END-- [ RunTime:0.000560s ]

[ 2016-06-07T00:03:37+08:00 ] 127.0.0.1 /Admin/Login/login
INFO: [ app_init ] --START--
INFO: Run Behavior\BuildLiteBehavior [ RunTime:0.000024s ]
INFO: [ app_init ] --END-- [ RunTime:0.000434s ]
INFO: [ app_begin ] --START--
INFO: Run Behavior\ReadHtmlCacheBehavior [ RunTime:0.000779s ]
INFO: [ app_begin ] --END-- [ RunTime:0.000899s ]
INFO: [ view_parse ] --START--
INFO: [ template_filter ] --START--
INFO: Run Behavior\ContentReplaceBehavior [ RunTime:0.000081s ]
INFO: [ template_filter ] --END-- [ RunTime:0.000185s ]
INFO: Run Behavior\ParseTemplateBehavior [ RunTime:0.008030s ]
INFO: [ view_parse ] --END-- [ RunTime:0.008268s ]
INFO: [ view_filter ] --START--
INFO: Run Behavior\WriteHtmlCacheBehavior [ RunTime:0.000574s ]
INFO: [ view_filter ] --END-- [ RunTime:0.000655s ]
INFO: [ app_end ] --START--
INFO: Run Behavior\ShowPageTraceBehavior [ RunTime:0.000730s ]
INFO: [ app_end ] --END-- [ RunTime:0.000813s ]

[ 2016-06-07T00:03:37+08:00 ] 127.0.0.1 /Admin/Login/loginverify
INFO: [ app_init ] --START--
INFO: Run Behavior\BuildLiteBehavior [ RunTime:0.000040s ]
INFO: [ app_init ] --END-- [ RunTime:0.000712s ]
INFO: [ app_begin ] --START--
INFO: Run Behavior\ReadHtmlCacheBehavior [ RunTime:0.000787s ]
INFO: [ app_begin ] --END-- [ RunTime:0.000891s ]
INFO: [ app_end ] --START--
INFO: Run Behavior\ShowPageTraceBehavior [ RunTime:0.000892s ]
INFO: [ app_end ] --END-- [ RunTime:0.001028s ]

[ 2016-06-07T00:04:15+08:00 ] 127.0.0.1 /Admin/Login/login
INFO: [ app_init ] --START--
INFO: Run Behavior\BuildLiteBehavior [ RunTime:0.000029s ]
INFO: [ app_init ] --END-- [ RunTime:0.000479s ]
INFO: [ app_begin ] --START--
INFO: Run Behavior\ReadHtmlCacheBehavior [ RunTime:0.000819s ]
INFO: [ app_begin ] --END-- [ RunTime:0.000922s ]
SQL: SHOW COLUMNS FROM `cjt_admin` [ RunTime:0.0030s ]
SQL: SELECT * FROM `cjt_admin` WHERE `username` = 'cjt' AND `password` = '0d2c260ea50b5190eb8f243c31c856b9' LIMIT 1   [ RunTime:0.0004s ]
INFO: [ view_parse ] --START--
INFO: [ template_filter ] --START--
INFO: Run Behavior\ContentReplaceBehavior [ RunTime:0.000098s ]
INFO: [ template_filter ] --END-- [ RunTime:0.000213s ]
INFO: Run Behavior\ParseTemplateBehavior [ RunTime:0.009232s ]
INFO: [ view_parse ] --END-- [ RunTime:0.009376s ]
INFO: [ view_filter ] --START--
INFO: Run Behavior\WriteHtmlCacheBehavior [ RunTime:0.000530s ]
INFO: [ view_filter ] --END-- [ RunTime:0.000648s ]
INFO: [ app_end ] --START--
INFO: Run Behavior\ShowPageTraceBehavior [ RunTime:0.000831s ]
INFO: [ app_end ] --END-- [ RunTime:0.000922s ]

[ 2016-06-07T00:04:16+08:00 ] 127.0.0.1 /Admin/Index/index
INFO: [ app_init ] --START--
INFO: Run Behavior\BuildLiteBehavior [ RunTime:0.000049s ]
INFO: [ app_init ] --END-- [ RunTime:0.000963s ]
INFO: [ app_begin ] --START--
INFO: Run Behavior\ReadHtmlCacheBehavior [ RunTime:0.002165s ]
INFO: [ app_begin ] --END-- [ RunTime:0.002331s ]
SQL: SHOW COLUMNS FROM `cjt_comment` [ RunTime:0.0036s ]
SQL: SELECT COUNT(*) AS tp_count FROM `cjt_comment` LIMIT 1   [ RunTime:0.0004s ]
SQL: SELECT COUNT(*) AS tp_count FROM `cjt_comment` WHERE `status` = 0 LIMIT 1   [ RunTime:0.0003s ]
SQL: SHOW COLUMNS FROM `cjt_article` [ RunTime:0.0031s ]
SQL: SHOW COLUMNS FROM `cjt_sort` [ RunTime:0.0028s ]
SQL: SHOW COLUMNS FROM `cjt_tag` [ RunTime:0.0028s ]
SQL: SELECT COUNT(*) AS tp_count FROM `cjt_article` LIMIT 1   [ RunTime:0.0004s ]
SQL: SELECT SUM(readnum) FROM `cjt_article` LIMIT 1   [ RunTime:0.0003s ]
SQL: SELECT COUNT(*) AS tp_count FROM `cjt_comment` LIMIT 1   [ RunTime:0.0003s ]
SQL: SELECT COUNT(*) AS tp_count FROM `cjt_sort` LIMIT 1   [ RunTime:0.0002s ]
SQL: SELECT COUNT(*) AS tp_count FROM `cjt_tag` LIMIT 1   [ RunTime:0.0002s ]
SQL: SELECT MAX(readnum) AS tp_max FROM `cjt_article` LIMIT 1   [ RunTime:0.0002s ]
SQL: SELECT `title` FROM `cjt_article` WHERE `readnum` = 11 LIMIT 1   [ RunTime:0.0003s ]
SQL: SELECT MAX(readnum) AS tp_max FROM `cjt_article` LIMIT 1   [ RunTime:0.0002s ]
SQL: SELECT `title` FROM `cjt_article` WHERE `readnum` = 11 LIMIT 1   [ RunTime:0.0002s ]
SQL: SELECT `articleid`,count(articleid) FROM `cjt_comment` GROUP BY articleid ORDER BY count(articleid) DESC LIMIT 1   [ RunTime:0.0004s ]
SQL: SELECT `title` FROM `cjt_article` WHERE `id` = 14 LIMIT 1   [ RunTime:0.0003s ]
INFO: [ view_parse ] --START--
NOTIC: [2] file_get_contents(./Application/Admin/View/default/Public/footer.html): failed to open stream: No such file or directory E:\wamp\www\chenjt_website\ThinkPHP\Library\Think\Template.class.php 第 696 行.
INFO: [ template_filter ] --START--
INFO: Run Behavior\ContentReplaceBehavior [ RunTime:0.000179s ]
INFO: [ template_filter ] --END-- [ RunTime:0.000675s ]
INFO: Run Behavior\ParseTemplateBehavior [ RunTime:0.014370s ]
INFO: [ view_parse ] --END-- [ RunTime:0.014584s ]
INFO: [ view_filter ] --START--
INFO: Run Behavior\WriteHtmlCacheBehavior [ RunTime:0.001146s ]
INFO: [ view_filter ] --END-- [ RunTime:0.001322s ]
INFO: [ app_end ] --START--
INFO: Run Behavior\ShowPageTraceBehavior [ RunTime:0.001289s ]
INFO: [ app_end ] --END-- [ RunTime:0.001459s ]

[ 2016-06-07T00:05:04+08:00 ] 127.0.0.1 /Admin/Article/showlist
INFO: [ app_init ] --START--
INFO: Run Behavior\BuildLiteBehavior [ RunTime:0.000033s ]
INFO: [ app_init ] --END-- [ RunTime:0.000637s ]
INFO: [ app_begin ] --START--
INFO: Run Behavior\ReadHtmlCacheBehavior [ RunTime:0.001083s ]
INFO: [ app_begin ] --END-- [ RunTime:0.001219s ]
SQL: SHOW COLUMNS FROM `cjt_comment` [ RunTime:0.0027s ]
SQL: SELECT COUNT(*) AS tp_count FROM `cjt_comment` LIMIT 1   [ RunTime:0.0003s ]
SQL: SELECT COUNT(*) AS tp_count FROM `cjt_comment` WHERE `status` = 0 LIMIT 1   [ RunTime:0.0003s ]
SQL: SHOW COLUMNS FROM `cjt_article` [ RunTime:0.0030s ]
SQL: SELECT COUNT(*) AS tp_count FROM `cjt_article` LIMIT 1   [ RunTime:0.0004s ]
SQL: SELECT COUNT(*) AS tp_count FROM `cjt_article` LIMIT 1   [ RunTime:0.0003s ]
SQL: SELECT * FROM `cjt_article` ORDER BY lastmodifytime DESC LIMIT 0,10   [ RunTime:0.0029s ]
SQL: SHOW COLUMNS FROM `cjt_sort` [ RunTime:0.0027s ]
SQL: SELECT * FROM `cjt_sort` WHERE ( 1=1 AND sortid='5' ) LIMIT 1   [ RunTime:0.0004s ]
SQL: SHOW COLUMNS FROM `cjt_tag` [ RunTime:0.0043s ]
NOTIC: [8] Undefined index: mapping_order E:\wamp\www\chenjt_website\ThinkPHP\Library\Think\Model\RelationModel.class.php 第 186 行.
NOTIC: [8] Undefined index: mapping_limit E:\wamp\www\chenjt_website\ThinkPHP\Library\Think\Model\RelationModel.class.php 第 187 行.
SQL: SELECT b.* FROM cjt_articletag AS a, cjt_tag AS b WHERE a.tagid = b.tagid AND a. articleid='3' [ RunTime:0.0004s ]
SQL: SELECT * FROM `cjt_comment` WHERE ( 1=1 AND articleid='3' )  [ RunTime:0.0002s ]
SQL: SELECT * FROM `cjt_sort` WHERE ( 1=1 AND sortid='1' ) LIMIT 1   [ RunTime:0.0004s ]
NOTIC: [8] Undefined index: mapping_order E:\wamp\www\chenjt_website\ThinkPHP\Library\Think\Model\RelationModel.class.php 第 186 行.
NOTIC: [8] Undefined index: mapping_limit E:\wamp\www\chenjt_website\ThinkPHP\Library\Think\Model\RelationModel.class.php 第 187 行.
SQL: SELECT b.* FROM cjt_articletag AS a, cjt_tag AS b WHERE a.tagid = b.tagid AND a. articleid='2' [ RunTime:0.0003s ]
SQL: SELECT * FROM `cjt_comment` WHERE ( 1=1 AND articleid='2' )  [ RunTime:0.0002s ]
SQL: SELECT * FROM `cjt_sort` WHERE ( 1=1 AND sortid='3' ) LIMIT 1   [ RunTime:0.0003s ]
NOTIC: [8] Undefined index: mapping_order E:\wamp\www\chenjt_website\ThinkPHP\Library\Think\Model\RelationModel.class.php 第 186 行.
NOTIC: [8] Undefined index: mapping_limit E:\wamp\www\chenjt_website\ThinkPHP\Library\Think\Model\RelationModel.class.php 第 187 行.
SQL: SELECT b.* FROM cjt_articletag AS a, cjt_tag AS b WHERE a.tagid = b.tagid AND a. articleid='4' [ RunTime:0.0003s ]
SQL: SELECT * FROM `cjt_comment` WHERE ( 1=1 AND articleid='4' )  [ RunTime:0.0002s ]
SQL: SELECT * FROM `cjt_sort` WHERE ( 1=1 AND sortid='2' ) LIMIT 1   [ RunTime:0.0002s ]
NOTIC: [8] Undefined index: mapping_order E:\wamp\www\chenjt_website\ThinkPHP\Library\Think\Model\RelationModel.class.php 第 186 行.
NOTIC: [8] Undefined index: mapping_limit E:\wamp\www\chenjt_website\ThinkPHP\Library\Think\Model\RelationModel.class.php 第 187 行.
SQL: SELECT b.* FROM cjt_articletag AS a, cjt_tag AS b WHERE a.tagid = b.tagid AND a. articleid='5' [ RunTime:0.0003s ]
SQL: SELECT * FROM `cjt_comment` WHERE ( 1=1 AND articleid='5' )  [ RunTime:0.0002s ]
SQL: SELECT * FROM `cjt_sort` WHERE ( 1=1 AND sortid='4' ) LIMIT 1   [ RunTime:0.0002s ]
NOTIC: [8] Undefined index: mapping_order E:\wamp\www\chenjt_website\ThinkPHP\Library\Think\Model\RelationModel.class.php 第 186 行.
NOTIC: [8] Undefined index: mapping_limit E:\wamp\www\chenjt_website\ThinkPHP\Library\Think\Model\RelationModel.class.php 第 187 行.
SQL: SELECT b.* FROM cjt_articletag AS a, cjt_tag AS b WHERE a.tagid = b.tagid AND a. articleid='6' [ RunTime:0.0003s ]
SQL: SELECT * FROM `cjt_comment` WHERE ( 1=1 AND articleid='6' )  [ RunTime:0.0002s ]
SQL: SELECT * FROM `cjt_sort` WHERE ( 1=1 AND sortid='6' ) LIMIT 1   [ RunTime:0.0002s ]
NOTIC: [8] Undefined index: mapping_order E:\wamp\www\chenjt_website\ThinkPHP\Library\Think\Model\RelationModel.class.php 第 186 行.
NOTIC: [8] Undefined index: mapping_limit E:\wamp\www\chenjt_website\ThinkPHP\Library\Think\Model\RelationModel.class.php 第 187 行.
SQL: SELECT b.* FROM cjt_articletag AS a, cjt_tag AS b WHERE a.tagid = b.tagid AND a. articleid='7' [ RunTime:0.0002s ]
SQL: SELECT * FROM `cjt_comment` WHERE ( 1=1 AND articleid='7' )  [ RunTime:0.0004s ]
SQL: SELECT * FROM `cjt_sort` WHERE ( 1=1 AND sortid='6' ) LIMIT 1   [ RunTime:0.0002s ]
NOTIC: [8] Undefined index: mapping_order E:\wamp\www\chenjt_website\ThinkPHP\Library\Think\Model\RelationModel.class.php 第 186 行.
NOTIC: [8] Undefined index: mapping_limit E:\wamp\www\chenjt_website\ThinkPHP\Library\Think\Model\RelationModel.class.php 第 187 行.
SQL: SELECT b.* FROM cjt_articletag AS a, cjt_tag AS b WHERE a.tagid = b.tagid AND a. articleid='13' [ RunTime:0.0002s ]
SQL: SELECT * FROM `cjt_comment` WHERE ( 1=1 AND articleid='13' )  [ RunTime:0.0002s ]
SQL: SELECT * FROM `cjt_sort` WHERE ( 1=1 AND sortid='6' ) LIMIT 1   [ RunTime:0.0008s ]
NOTIC: [8] Undefined index: mapping_order E:\wamp\www\chenjt_website\ThinkPHP\Library\Think\Model\RelationModel.class.php 第 186 行.
NOTIC: [8] Undefined index: mapping_limit E:\wamp\www\chenjt_website\ThinkPHP\Library\Think\Model\RelationModel.class.php 第 187 行.
SQL: SELECT b.* FROM cjt_articletag AS a, cjt_tag AS b WHERE a.tagid = b.tagid AND a. articleid='8' [ RunTime:0.0004s ]
SQL: SELECT * FROM `cjt_comment` WHERE ( 1=1 AND articleid='8' )  [ RunTime:0.0003s ]
SQL: SELECT * FROM `cjt_sort` WHERE ( 1=1 AND sortid='6' ) LIMIT 1   [ RunTime:0.0003s ]
NOTIC: [8] Undefined index: mapping_order E:\wamp\www\chenjt_website\ThinkPHP\Library\Think\Model\RelationModel.class.php 第 186 行.
NOTIC: [8] Undefined index: mapping_limit E:\wamp\www\chenjt_website\ThinkPHP\Library\Think\Model\RelationModel.class.php 第 187 行.
SQL: SELECT b.* FROM cjt_articletag AS a, cjt_tag AS b WHERE a.tagid = b.tagid AND a. articleid='9' [ RunTime:0.0003s ]
SQL: SELECT * FROM `cjt_comment` WHERE ( 1=1 AND articleid='9' )  [ RunTime:0.0003s ]
SQL: SELECT * FROM `cjt_sort` WHERE ( 1=1 AND sortid='1' ) LIMIT 1   [ RunTime:0.0002s ]
NOTIC: [8] Undefined index: mapping_order E:\wamp\www\chenjt_website\ThinkPHP\Library\Think\Model\RelationModel.class.php 第 186 行.
NOTIC: [8] Undefined index: mapping_limit E:\wamp\www\chenjt_website\ThinkPHP\Library\Think\Model\RelationModel.class.php 第 187 行.
SQL: SELECT b.* FROM cjt_articletag AS a, cjt_tag AS b WHERE a.tagid = b.tagid AND a. articleid='12' [ RunTime:0.0002s ]
SQL: SELECT * FROM `cjt_comment` WHERE ( 1=1 AND articleid='12' )  [ RunTime:0.0002s ]
SQL: SELECT COUNT(*) AS tp_count FROM `cjt_comment` WHERE `articleid` = 3 LIMIT 1   [ RunTime:0.0002s ]
SQL: SELECT COUNT(*) AS tp_count FROM `cjt_comment` WHERE `articleid` = 3 AND `status` = 0 LIMIT 1   [ RunTime:0.0003s ]
SQL: SELECT COUNT(*) AS tp_count FROM `cjt_comment` WHERE `articleid` = 2 LIMIT 1   [ RunTime:0.0002s ]
SQL: SELECT COUNT(*) AS tp_count FROM `cjt_comment` WHERE `articleid` = 2 AND `status` = 0 LIMIT 1   [ RunTime:0.0003s ]
SQL: SELECT COUNT(*) AS tp_count FROM `cjt_comment` WHERE `articleid` = 4 LIMIT 1   [ RunTime:0.0002s ]
SQL: SELECT COUNT(*) AS tp_count FROM `cjt_comment` WHERE `articleid` = 4 AND `status` = 0 LIMIT 1   [ RunTime:0.0002s ]
SQL: SELECT COUNT(*) AS tp_count FROM `cjt_comment` WHERE `articleid` = 5 LIMIT 1   [ RunTime:0.0003s ]
SQL: SELECT COUNT(*) AS tp_count FROM `cjt_comment` WHERE `articleid` = 5 AND `status` = 0 LIMIT 1   [ RunTime:0.0003s ]
SQL: SELECT COUNT(*) AS tp_count FROM `cjt_comment` WHERE `articleid` = 6 LIMIT 1   [ RunTime:0.0003s ]
SQL: SELECT COUNT(*) AS tp_count FROM `cjt_comment` WHERE `articleid` = 6 AND `status` = 0 LIMIT 1   [ RunTime:0.0004s ]
SQL: SELECT COUNT(*) AS tp_count FROM `cjt_comment` WHERE `articleid` = 7 LIMIT 1   [ RunTime:0.0002s ]
SQL: SELECT COUNT(*) AS tp_count FROM `cjt_comment` WHERE `articleid` = 7 AND `status` = 0 LIMIT 1   [ RunTime:0.0002s ]
SQL: SELECT COUNT(*) AS tp_count FROM `cjt_comment` WHERE `articleid` = 13 LIMIT 1   [ RunTime:0.0002s ]
SQL: SELECT COUNT(*) AS tp_count FROM `cjt_comment` WHERE `articleid` = 13 AND `status` = 0 LIMIT 1   [ RunTime:0.0002s ]
SQL: SELECT COUNT(*) AS tp_count FROM `cjt_comment` WHERE `articleid` = 8 LIMIT 1   [ RunTime:0.0002s ]
SQL: SELECT COUNT(*) AS tp_count FROM `cjt_comment` WHERE `articleid` = 8 AND `status` = 0 LIMIT 1   [ RunTime:0.0001s ]
SQL: SELECT COUNT(*) AS tp_count FROM `cjt_comment` WHERE `articleid` = 9 LIMIT 1   [ RunTime:0.0008s ]
SQL: SELECT COUNT(*) AS tp_count FROM `cjt_comment` WHERE `articleid` = 9 AND `status` = 0 LIMIT 1   [ RunTime:0.0007s ]
SQL: SELECT COUNT(*) AS tp_count FROM `cjt_comment` WHERE `articleid` = 12 LIMIT 1   [ RunTime:0.0002s ]
SQL: SELECT COUNT(*) AS tp_count FROM `cjt_comment` WHERE `articleid` = 12 AND `status` = 0 LIMIT 1   [ RunTime:0.0002s ]
INFO: [ view_parse ] --START--
NOTIC: [2] file_get_contents(./Application/Admin/View/default/Public/footer.html): failed to open stream: No such file or directory E:\wamp\www\chenjt_website\ThinkPHP\Library\Think\Template.class.php 第 696 行.
INFO: [ template_filter ] --START--
INFO: Run Behavior\ContentReplaceBehavior [ RunTime:0.000141s ]
INFO: [ template_filter ] --END-- [ RunTime:0.000244s ]
INFO: Run Behavior\ParseTemplateBehavior [ RunTime:0.024999s ]
INFO: [ view_parse ] --END-- [ RunTime:0.025108s ]
INFO: [ view_filter ] --START--
INFO: Run Behavior\WriteHtmlCacheBehavior [ RunTime:0.000571s ]
INFO: [ view_filter ] --END-- [ RunTime:0.000655s ]
INFO: [ app_end ] --START--
INFO: Run Behavior\ShowPageTraceBehavior [ RunTime:0.000721s ]
INFO: [ app_end ] --END-- [ RunTime:0.000807s ]

[ 2016-06-07T00:05:17+08:00 ] 127.0.0.1 /Admin/Article/modifyarticle/issorttag/0/id/3
INFO: [ app_init ] --START--
INFO: Run Behavior\BuildLiteBehavior [ RunTime:0.000026s ]
INFO: [ app_init ] --END-- [ RunTime:0.000500s ]
INFO: [ app_begin ] --START--
INFO: Run Behavior\ReadHtmlCacheBehavior [ RunTime:0.000836s ]
INFO: [ app_begin ] --END-- [ RunTime:0.000939s ]
SQL: SHOW COLUMNS FROM `cjt_comment` [ RunTime:0.0024s ]
SQL: SELECT COUNT(*) AS tp_count FROM `cjt_comment` LIMIT 1   [ RunTime:0.0002s ]
SQL: SELECT COUNT(*) AS tp_count FROM `cjt_comment` WHERE `status` = 0 LIMIT 1   [ RunTime:0.0002s ]
SQL: SHOW COLUMNS FROM `cjt_article` [ RunTime:0.0025s ]
SQL: SHOW COLUMNS FROM `cjt_articletag` [ RunTime:0.0028s ]
SQL: SELECT `tagid` FROM `cjt_articletag` WHERE `articleid` = 3  [ RunTime:0.0003s ]
SQL: SHOW COLUMNS FROM `cjt_sort` [ RunTime:0.0022s ]
SQL: SELECT * FROM `cjt_sort`  [ RunTime:0.0002s ]
SQL: SHOW COLUMNS FROM `cjt_tag` [ RunTime:0.0022s ]
SQL: SELECT * FROM `cjt_tag`  [ RunTime:0.0003s ]
SQL: SELECT * FROM `cjt_article` WHERE `id` = 3 LIMIT 1   [ RunTime:0.0006s ]
SQL: SELECT * FROM `cjt_sort` WHERE ( 1=1 AND sortid='5' ) LIMIT 1   [ RunTime:0.0002s ]
SQL: SHOW COLUMNS FROM `cjt_tag` [ RunTime:0.0022s ]
NOTIC: [8] Undefined index: mapping_order E:\wamp\www\chenjt_website\ThinkPHP\Library\Think\Model\RelationModel.class.php 第 186 行.
NOTIC: [8] Undefined index: mapping_limit E:\wamp\www\chenjt_website\ThinkPHP\Library\Think\Model\RelationModel.class.php 第 187 行.
SQL: SELECT b.* FROM cjt_articletag AS a, cjt_tag AS b WHERE a.tagid = b.tagid AND a. articleid='3' [ RunTime:0.0003s ]
SQL: SELECT * FROM `cjt_comment` WHERE ( 1=1 AND articleid='3' )  [ RunTime:0.0002s ]
INFO: [ view_parse ] --START--
NOTIC: [2] file_get_contents(./Application/Admin/View/default/Public/footer.html): failed to open stream: No such file or directory E:\wamp\www\chenjt_website\ThinkPHP\Library\Think\Template.class.php 第 696 行.
INFO: [ template_filter ] --START--
INFO: Run Behavior\ContentReplaceBehavior [ RunTime:0.000161s ]
INFO: [ template_filter ] --END-- [ RunTime:0.000262s ]
INFO: Run Behavior\ParseTemplateBehavior [ RunTime:0.017060s ]
INFO: [ view_parse ] --END-- [ RunTime:0.017168s ]
INFO: [ view_filter ] --START--
INFO: Run Behavior\WriteHtmlCacheBehavior [ RunTime:0.000541s ]
INFO: [ view_filter ] --END-- [ RunTime:0.000632s ]
INFO: [ app_end ] --START--
INFO: Run Behavior\ShowPageTraceBehavior [ RunTime:0.000941s ]
INFO: [ app_end ] --END-- [ RunTime:0.001033s ]

[ 2016-06-07T00:05:27+08:00 ] 127.0.0.1 /Admin/Article/showlist
INFO: [ app_init ] --START--
INFO: Run Behavior\BuildLiteBehavior [ RunTime:0.000029s ]
INFO: [ app_init ] --END-- [ RunTime:0.000531s ]
INFO: [ app_begin ] --START--
INFO: Run Behavior\ReadHtmlCacheBehavior [ RunTime:0.001872s ]
INFO: [ app_begin ] --END-- [ RunTime:0.002068s ]
SQL: SHOW COLUMNS FROM `cjt_comment` [ RunTime:0.0030s ]
SQL: SELECT COUNT(*) AS tp_count FROM `cjt_comment` LIMIT 1   [ RunTime:0.0003s ]
SQL: SELECT COUNT(*) AS tp_count FROM `cjt_comment` WHERE `status` = 0 LIMIT 1   [ RunTime:0.0002s ]
SQL: SHOW COLUMNS FROM `cjt_article` [ RunTime:0.0026s ]
SQL: SELECT COUNT(*) AS tp_count FROM `cjt_article` LIMIT 1   [ RunTime:0.0003s ]
SQL: SELECT COUNT(*) AS tp_count FROM `cjt_article` LIMIT 1   [ RunTime:0.0003s ]
SQL: SELECT * FROM `cjt_article` ORDER BY lastmodifytime DESC LIMIT 0,10   [ RunTime:0.0024s ]
SQL: SHOW COLUMNS FROM `cjt_sort` [ RunTime:0.0023s ]
SQL: SELECT * FROM `cjt_sort` WHERE ( 1=1 AND sortid='5' ) LIMIT 1   [ RunTime:0.0009s ]
SQL: SHOW COLUMNS FROM `cjt_tag` [ RunTime:0.0027s ]
NOTIC: [8] Undefined index: mapping_order E:\wamp\www\chenjt_website\ThinkPHP\Library\Think\Model\RelationModel.class.php 第 186 行.
NOTIC: [8] Undefined index: mapping_limit E:\wamp\www\chenjt_website\ThinkPHP\Library\Think\Model\RelationModel.class.php 第 187 行.
SQL: SELECT b.* FROM cjt_articletag AS a, cjt_tag AS b WHERE a.tagid = b.tagid AND a. articleid='3' [ RunTime:0.0004s ]
SQL: SELECT * FROM `cjt_comment` WHERE ( 1=1 AND articleid='3' )  [ RunTime:0.0002s ]
SQL: SELECT * FROM `cjt_sort` WHERE ( 1=1 AND sortid='1' ) LIMIT 1   [ RunTime:0.0002s ]
NOTIC: [8] Undefined index: mapping_order E:\wamp\www\chenjt_website\ThinkPHP\Library\Think\Model\RelationModel.class.php 第 186 行.
NOTIC: [8] Undefined index: mapping_limit E:\wamp\www\chenjt_website\ThinkPHP\Library\Think\Model\RelationModel.class.php 第 187 行.
SQL: SELECT b.* FROM cjt_articletag AS a, cjt_tag AS b WHERE a.tagid = b.tagid AND a. articleid='2' [ RunTime:0.0003s ]
SQL: SELECT * FROM `cjt_comment` WHERE ( 1=1 AND articleid='2' )  [ RunTime:0.0002s ]
SQL: SELECT * FROM `cjt_sort` WHERE ( 1=1 AND sortid='3' ) LIMIT 1   [ RunTime:0.0002s ]
NOTIC: [8] Undefined index: mapping_order E:\wamp\www\chenjt_website\ThinkPHP\Library\Think\Model\RelationModel.class.php 第 186 行.
NOTIC: [8] Undefined index: mapping_limit E:\wamp\www\chenjt_website\ThinkPHP\Library\Think\Model\RelationModel.class.php 第 187 行.
SQL: SELECT b.* FROM cjt_articletag AS a, cjt_tag AS b WHERE a.tagid = b.tagid AND a. articleid='4' [ RunTime:0.0002s ]
SQL: SELECT * FROM `cjt_comment` WHERE ( 1=1 AND articleid='4' )  [ RunTime:0.0002s ]
SQL: SELECT * FROM `cjt_sort` WHERE ( 1=1 AND sortid='2' ) LIMIT 1   [ RunTime:0.0002s ]
NOTIC: [8] Undefined index: mapping_order E:\wamp\www\chenjt_website\ThinkPHP\Library\Think\Model\RelationModel.class.php 第 186 行.
NOTIC: [8] Undefined index: mapping_limit E:\wamp\www\chenjt_website\ThinkPHP\Library\Think\Model\RelationModel.class.php 第 187 行.
SQL: SELECT b.* FROM cjt_articletag AS a, cjt_tag AS b WHERE a.tagid = b.tagid AND a. articleid='5' [ RunTime:0.0002s ]
SQL: SELECT * FROM `cjt_comment` WHERE ( 1=1 AND articleid='5' )  [ RunTime:0.0002s ]
SQL: SELECT * FROM `cjt_sort` WHERE ( 1=1 AND sortid='4' ) LIMIT 1   [ RunTime:0.0001s ]
NOTIC: [8] Undefined index: mapping_order E:\wamp\www\chenjt_website\ThinkPHP\Library\Think\Model\RelationModel.class.php 第 186 行.
NOTIC: [8] Undefined index: mapping_limit E:\wamp\www\chenjt_website\ThinkPHP\Library\Think\Model\RelationModel.class.php 第 187 行.
SQL: SELECT b.* FROM cjt_articletag AS a, cjt_tag AS b WHERE a.tagid = b.tagid AND a. articleid='6' [ RunTime:0.0002s ]
SQL: SELECT * FROM `cjt_comment` WHERE ( 1=1 AND articleid='6' )  [ RunTime:0.0002s ]
SQL: SELECT * FROM `cjt_sort` WHERE ( 1=1 AND sortid='6' ) LIMIT 1   [ RunTime:0.0001s ]
NOTIC: [8] Undefined index: mapping_order E:\wamp\www\chenjt_website\ThinkPHP\Library\Think\Model\RelationModel.class.php 第 186 行.
NOTIC: [8] Undefined index: mapping_limit E:\wamp\www\chenjt_website\ThinkPHP\Library\Think\Model\RelationModel.class.php 第 187 行.
SQL: SELECT b.* FROM cjt_articletag AS a, cjt_tag AS b WHERE a.tagid = b.tagid AND a. articleid='7' [ RunTime:0.0002s ]
SQL: SELECT * FROM `cjt_comment` WHERE ( 1=1 AND articleid='7' )  [ RunTime:0.0002s ]
SQL: SELECT * FROM `cjt_sort` WHERE ( 1=1 AND sortid='6' ) LIMIT 1   [ RunTime:0.0001s ]
NOTIC: [8] Undefined index: mapping_order E:\wamp\www\chenjt_website\ThinkPHP\Library\Think\Model\RelationModel.class.php 第 186 行.
NOTIC: [8] Undefined index: mapping_limit E:\wamp\www\chenjt_website\ThinkPHP\Library\Think\Model\RelationModel.class.php 第 187 行.
SQL: SELECT b.* FROM cjt_articletag AS a, cjt_tag AS b WHERE a.tagid = b.tagid AND a. articleid='13' [ RunTime:0.0002s ]
SQL: SELECT * FROM `cjt_comment` WHERE ( 1=1 AND articleid='13' )  [ RunTime:0.0002s ]
SQL: SELECT * FROM `cjt_sort` WHERE ( 1=1 AND sortid='6' ) LIMIT 1   [ RunTime:0.0002s ]
NOTIC: [8] Undefined index: mapping_order E:\wamp\www\chenjt_website\ThinkPHP\Library\Think\Model\RelationModel.class.php 第 186 行.
NOTIC: [8] Undefined index: mapping_limit E:\wamp\www\chenjt_website\ThinkPHP\Library\Think\Model\RelationModel.class.php 第 187 行.
SQL: SELECT b.* FROM cjt_articletag AS a, cjt_tag AS b WHERE a.tagid = b.tagid AND a. articleid='8' [ RunTime:0.0002s ]
SQL: SELECT * FROM `cjt_comment` WHERE ( 1=1 AND articleid='8' )  [ RunTime:0.0002s ]
SQL: SELECT * FROM `cjt_sort` WHERE ( 1=1 AND sortid='6' ) LIMIT 1   [ RunTime:0.0002s ]
NOTIC: [8] Undefined index: mapping_order E:\wamp\www\chenjt_website\ThinkPHP\Library\Think\Model\RelationModel.class.php 第 186 行.
NOTIC: [8] Undefined index: mapping_limit E:\wamp\www\chenjt_website\ThinkPHP\Library\Think\Model\RelationModel.class.php 第 187 行.
SQL: SELECT b.* FROM cjt_articletag AS a, cjt_tag AS b WHERE a.tagid = b.tagid AND a. articleid='9' [ RunTime:0.0002s ]
SQL: SELECT * FROM `cjt_comment` WHERE ( 1=1 AND articleid='9' )  [ RunTime:0.0002s ]
SQL: SELECT * FROM `cjt_sort` WHERE ( 1=1 AND sortid='1' ) LIMIT 1   [ RunTime:0.0002s ]
NOTIC: [8] Undefined index: mapping_order E:\wamp\www\chenjt_website\ThinkPHP\Library\Think\Model\RelationModel.class.php 第 186 行.
NOTIC: [8] Undefined index: mapping_limit E:\wamp\www\chenjt_website\ThinkPHP\Library\Think\Model\RelationModel.class.php 第 187 行.
SQL: SELECT b.* FROM cjt_articletag AS a, cjt_tag AS b WHERE a.tagid = b.tagid AND a. articleid='12' [ RunTime:0.0005s ]
SQL: SELECT * FROM `cjt_comment` WHERE ( 1=1 AND articleid='12' )  [ RunTime:0.0002s ]
SQL: SELECT COUNT(*) AS tp_count FROM `cjt_comment` WHERE `articleid` = 3 LIMIT 1   [ RunTime:0.0002s ]
SQL: SELECT COUNT(*) AS tp_count FROM `cjt_comment` WHERE `articleid` = 3 AND `status` = 0 LIMIT 1   [ RunTime:0.0002s ]
SQL: SELECT COUNT(*) AS tp_count FROM `cjt_comment` WHERE `articleid` = 2 LIMIT 1   [ RunTime:0.0001s ]
SQL: SELECT COUNT(*) AS tp_count FROM `cjt_comment` WHERE `articleid` = 2 AND `status` = 0 LIMIT 1   [ RunTime:0.0001s ]
SQL: SELECT COUNT(*) AS tp_count FROM `cjt_comment` WHERE `articleid` = 4 LIMIT 1   [ RunTime:0.0001s ]
SQL: SELECT COUNT(*) AS tp_count FROM `cjt_comment` WHERE `articleid` = 4 AND `status` = 0 LIMIT 1   [ RunTime:0.0001s ]
SQL: SELECT COUNT(*) AS tp_count FROM `cjt_comment` WHERE `articleid` = 5 LIMIT 1   [ RunTime:0.0002s ]
SQL: SELECT COUNT(*) AS tp_count FROM `cjt_comment` WHERE `articleid` = 5 AND `status` = 0 LIMIT 1   [ RunTime:0.0002s ]
SQL: SELECT COUNT(*) AS tp_count FROM `cjt_comment` WHERE `articleid` = 6 LIMIT 1   [ RunTime:0.0002s ]
SQL: SELECT COUNT(*) AS tp_count FROM `cjt_comment` WHERE `articleid` = 6 AND `status` = 0 LIMIT 1   [ RunTime:0.0001s ]
SQL: SELECT COUNT(*) AS tp_count FROM `cjt_comment` WHERE `articleid` = 7 LIMIT 1   [ RunTime:0.0002s ]
SQL: SELECT COUNT(*) AS tp_count FROM `cjt_comment` WHERE `articleid` = 7 AND `status` = 0 LIMIT 1   [ RunTime:0.0001s ]
SQL: SELECT COUNT(*) AS tp_count FROM `cjt_comment` WHERE `articleid` = 13 LIMIT 1   [ RunTime:0.0001s ]
SQL: SELECT COUNT(*) AS tp_count FROM `cjt_comment` WHERE `articleid` = 13 AND `status` = 0 LIMIT 1   [ RunTime:0.0001s ]
SQL: SELECT COUNT(*) AS tp_count FROM `cjt_comment` WHERE `articleid` = 8 LIMIT 1   [ RunTime:0.0003s ]
SQL: SELECT COUNT(*) AS tp_count FROM `cjt_comment` WHERE `articleid` = 8 AND `status` = 0 LIMIT 1   [ RunTime:0.0002s ]
SQL: SELECT COUNT(*) AS tp_count FROM `cjt_comment` WHERE `articleid` = 9 LIMIT 1   [ RunTime:0.0002s ]
SQL: SELECT COUNT(*) AS tp_count FROM `cjt_comment` WHERE `articleid` = 9 AND `status` = 0 LIMIT 1   [ RunTime:0.0002s ]
SQL: SELECT COUNT(*) AS tp_count FROM `cjt_comment` WHERE `articleid` = 12 LIMIT 1   [ RunTime:0.0001s ]
SQL: SELECT COUNT(*) AS tp_count FROM `cjt_comment` WHERE `articleid` = 12 AND `status` = 0 LIMIT 1   [ RunTime:0.0001s ]
INFO: [ view_parse ] --START--
NOTIC: [2] file_get_contents(./Application/Admin/View/default/Public/footer.html): failed to open stream: No such file or directory E:\wamp\www\chenjt_website\ThinkPHP\Library\Think\Template.class.php 第 696 行.
INFO: [ template_filter ] --START--
INFO: Run Behavior\ContentReplaceBehavior [ RunTime:0.000139s ]
INFO: [ template_filter ] --END-- [ RunTime:0.000238s ]
INFO: Run Behavior\ParseTemplateBehavior [ RunTime:0.023989s ]
INFO: [ view_parse ] --END-- [ RunTime:0.024094s ]
INFO: [ view_filter ] --START--
INFO: Run Behavior\WriteHtmlCacheBehavior [ RunTime:0.000571s ]
INFO: [ view_filter ] --END-- [ RunTime:0.000653s ]
INFO: [ app_end ] --START--
INFO: Run Behavior\ShowPageTraceBehavior [ RunTime:0.000714s ]
INFO: [ app_end ] --END-- [ RunTime:0.000796s ]

[ 2016-06-07T00:05:30+08:00 ] 127.0.0.1 /Admin/Article/addarticle/issorttag/0
INFO: [ app_init ] --START--
INFO: Run Behavior\BuildLiteBehavior [ RunTime:0.000026s ]
INFO: [ app_init ] --END-- [ RunTime:0.000607s ]
INFO: [ app_begin ] --START--
INFO: Run Behavior\ReadHtmlCacheBehavior [ RunTime:0.001047s ]
INFO: [ app_begin ] --END-- [ RunTime:0.001147s ]
SQL: SHOW COLUMNS FROM `cjt_comment` [ RunTime:0.0027s ]
SQL: SELECT COUNT(*) AS tp_count FROM `cjt_comment` LIMIT 1   [ RunTime:0.0003s ]
SQL: SELECT COUNT(*) AS tp_count FROM `cjt_comment` WHERE `status` = 0 LIMIT 1   [ RunTime:0.0003s ]
SQL: SHOW COLUMNS FROM `cjt_sort` [ RunTime:0.0025s ]
SQL: SELECT * FROM `cjt_sort`  [ RunTime:0.0003s ]
SQL: SHOW COLUMNS FROM `cjt_article` [ RunTime:0.0031s ]
SQL: SHOW COLUMNS FROM `cjt_tag` [ RunTime:0.0023s ]
SQL: SELECT * FROM `cjt_tag`  [ RunTime:0.0003s ]
INFO: [ view_parse ] --START--
NOTIC: [2] file_get_contents(./Application/Admin/View/default/Public/footer.html): failed to open stream: No such file or directory E:\wamp\www\chenjt_website\ThinkPHP\Library\Think\Template.class.php 第 696 行.
INFO: [ template_filter ] --START--
INFO: Run Behavior\ContentReplaceBehavior [ RunTime:0.000138s ]
INFO: [ template_filter ] --END-- [ RunTime:0.000237s ]
INFO: Run Behavior\ParseTemplateBehavior [ RunTime:0.015021s ]
INFO: [ view_parse ] --END-- [ RunTime:0.015136s ]
INFO: [ view_filter ] --START--
INFO: Run Behavior\WriteHtmlCacheBehavior [ RunTime:0.000458s ]
INFO: [ view_filter ] --END-- [ RunTime:0.000543s ]
INFO: [ app_end ] --START--
INFO: Run Behavior\ShowPageTraceBehavior [ RunTime:0.000653s ]
INFO: [ app_end ] --END-- [ RunTime:0.000729s ]

[ 2016-06-07T00:05:38+08:00 ] 127.0.0.1 /Admin/Sort/showlist
INFO: [ app_init ] --START--
INFO: Run Behavior\BuildLiteBehavior [ RunTime:0.000037s ]
INFO: [ app_init ] --END-- [ RunTime:0.000615s ]
INFO: [ app_begin ] --START--
INFO: Run Behavior\ReadHtmlCacheBehavior [ RunTime:0.001072s ]
INFO: [ app_begin ] --END-- [ RunTime:0.001208s ]
SQL: SHOW COLUMNS FROM `cjt_comment` [ RunTime:0.0032s ]
SQL: SELECT COUNT(*) AS tp_count FROM `cjt_comment` LIMIT 1   [ RunTime:0.0003s ]
SQL: SELECT COUNT(*) AS tp_count FROM `cjt_comment` WHERE `status` = 0 LIMIT 1   [ RunTime:0.0002s ]
SQL: SHOW COLUMNS FROM `cjt_sort` [ RunTime:0.0045s ]
SQL: SHOW COLUMNS FROM `cjt_article` [ RunTime:0.0025s ]
SQL: SELECT * FROM `cjt_sort`  [ RunTime:0.0003s ]
SQL: SELECT COUNT(*) AS tp_count FROM `cjt_sort` LIMIT 1   [ RunTime:0.0002s ]
SQL: SELECT * FROM `cjt_sort` LIMIT 0,30   [ RunTime:0.0002s ]
SQL: SELECT `sortid` FROM `cjt_sort`  [ RunTime:0.0002s ]
SQL: SELECT COUNT(*) AS tp_count FROM `cjt_article` WHERE `sortid` = 1 LIMIT 1   [ RunTime:0.0002s ]
SQL: SELECT COUNT(*) AS tp_count FROM `cjt_article` WHERE `sortid` = 2 LIMIT 1   [ RunTime:0.0002s ]
SQL: SELECT COUNT(*) AS tp_count FROM `cjt_article` WHERE `sortid` = 3 LIMIT 1   [ RunTime:0.0002s ]
SQL: SELECT COUNT(*) AS tp_count FROM `cjt_article` WHERE `sortid` = 4 LIMIT 1   [ RunTime:0.0002s ]
SQL: SELECT COUNT(*) AS tp_count FROM `cjt_article` WHERE `sortid` = 5 LIMIT 1   [ RunTime:0.0002s ]
SQL: SELECT COUNT(*) AS tp_count FROM `cjt_article` WHERE `sortid` = 6 LIMIT 1   [ RunTime:0.0002s ]
INFO: [ view_parse ] --START--
NOTIC: [2] file_get_contents(./Application/Admin/View/default/Public/footer.html): failed to open stream: No such file or directory E:\wamp\www\chenjt_website\ThinkPHP\Library\Think\Template.class.php 第 696 行.
INFO: [ template_filter ] --START--
INFO: Run Behavior\ContentReplaceBehavior [ RunTime:0.000171s ]
INFO: [ template_filter ] --END-- [ RunTime:0.000340s ]
INFO: Run Behavior\ParseTemplateBehavior [ RunTime:0.017808s ]
INFO: [ view_parse ] --END-- [ RunTime:0.017965s ]
INFO: [ view_filter ] --START--
INFO: Run Behavior\WriteHtmlCacheBehavior [ RunTime:0.000760s ]
INFO: [ view_filter ] --END-- [ RunTime:0.000913s ]
INFO: [ app_end ] --START--
INFO: Run Behavior\ShowPageTraceBehavior [ RunTime:0.001155s ]
INFO: [ app_end ] --END-- [ RunTime:0.001305s ]

[ 2016-06-07T00:05:46+08:00 ] 127.0.0.1 /Admin/Tag/showlist
INFO: [ app_init ] --START--
INFO: Run Behavior\BuildLiteBehavior [ RunTime:0.000023s ]
INFO: [ app_init ] --END-- [ RunTime:0.000402s ]
INFO: [ app_begin ] --START--
INFO: Run Behavior\ReadHtmlCacheBehavior [ RunTime:0.000647s ]
INFO: [ app_begin ] --END-- [ RunTime:0.000727s ]
SQL: SHOW COLUMNS FROM `cjt_comment` [ RunTime:0.0026s ]
SQL: SELECT COUNT(*) AS tp_count FROM `cjt_comment` LIMIT 1   [ RunTime:0.0002s ]
SQL: SELECT COUNT(*) AS tp_count FROM `cjt_comment` WHERE `status` = 0 LIMIT 1   [ RunTime:0.0002s ]
SQL: SHOW COLUMNS FROM `cjt_tag` [ RunTime:0.0024s ]
SQL: SHOW COLUMNS FROM `cjt_articletag` [ RunTime:0.0026s ]
SQL: SELECT * FROM `cjt_tag`  [ RunTime:0.0003s ]
SQL: SELECT COUNT(*) AS tp_count FROM `cjt_tag` LIMIT 1   [ RunTime:0.0002s ]
SQL: SELECT * FROM `cjt_tag` LIMIT 0,30   [ RunTime:0.0002s ]
SQL: SELECT `tagid` FROM `cjt_tag`  [ RunTime:0.0002s ]
SQL: SELECT COUNT(*) AS tp_count FROM `cjt_articletag` WHERE `tagid` = 1 LIMIT 1   [ RunTime:0.0002s ]
SQL: SELECT COUNT(*) AS tp_count FROM `cjt_articletag` WHERE `tagid` = 2 LIMIT 1   [ RunTime:0.0002s ]
SQL: SELECT COUNT(*) AS tp_count FROM `cjt_articletag` WHERE `tagid` = 3 LIMIT 1   [ RunTime:0.0002s ]
SQL: SELECT COUNT(*) AS tp_count FROM `cjt_articletag` WHERE `tagid` = 4 LIMIT 1   [ RunTime:0.0001s ]
SQL: SELECT COUNT(*) AS tp_count FROM `cjt_articletag` WHERE `tagid` = 5 LIMIT 1   [ RunTime:0.0002s ]
SQL: SELECT COUNT(*) AS tp_count FROM `cjt_articletag` WHERE `tagid` = 6 LIMIT 1   [ RunTime:0.0001s ]
SQL: SELECT COUNT(*) AS tp_count FROM `cjt_articletag` WHERE `tagid` = 7 LIMIT 1   [ RunTime:0.0001s ]
SQL: SELECT COUNT(*) AS tp_count FROM `cjt_articletag` WHERE `tagid` = 8 LIMIT 1   [ RunTime:0.0001s ]
SQL: SELECT COUNT(*) AS tp_count FROM `cjt_articletag` WHERE `tagid` = 9 LIMIT 1   [ RunTime:0.0001s ]
SQL: SELECT COUNT(*) AS tp_count FROM `cjt_articletag` WHERE `tagid` = 10 LIMIT 1   [ RunTime:0.0002s ]
SQL: SELECT COUNT(*) AS tp_count FROM `cjt_articletag` WHERE `tagid` = 11 LIMIT 1   [ RunTime:0.0001s ]
SQL: SELECT COUNT(*) AS tp_count FROM `cjt_articletag` WHERE `tagid` = 12 LIMIT 1   [ RunTime:0.0001s ]
SQL: SELECT COUNT(*) AS tp_count FROM `cjt_articletag` WHERE `tagid` = 13 LIMIT 1   [ RunTime:0.0001s ]
SQL: SELECT COUNT(*) AS tp_count FROM `cjt_articletag` WHERE `tagid` = 14 LIMIT 1   [ RunTime:0.0001s ]
SQL: SELECT COUNT(*) AS tp_count FROM `cjt_articletag` WHERE `tagid` = 15 LIMIT 1   [ RunTime:0.0002s ]
SQL: SELECT COUNT(*) AS tp_count FROM `cjt_articletag` WHERE `tagid` = 16 LIMIT 1   [ RunTime:0.0002s ]
SQL: SELECT COUNT(*) AS tp_count FROM `cjt_articletag` WHERE `tagid` = 17 LIMIT 1   [ RunTime:0.0002s ]
INFO: [ view_parse ] --START--
NOTIC: [2] file_get_contents(./Application/Admin/View/default/Public/footer.html): failed to open stream: No such file or directory E:\wamp\www\chenjt_website\ThinkPHP\Library\Think\Template.class.php 第 696 行.
INFO: [ template_filter ] --START--
INFO: Run Behavior\ContentReplaceBehavior [ RunTime:0.000114s ]
INFO: [ template_filter ] --END-- [ RunTime:0.000231s ]
INFO: Run Behavior\ParseTemplateBehavior [ RunTime:0.017138s ]
INFO: [ view_parse ] --END-- [ RunTime:0.017245s ]
INFO: [ view_filter ] --START--
INFO: Run Behavior\WriteHtmlCacheBehavior [ RunTime:0.000577s ]
INFO: [ view_filter ] --END-- [ RunTime:0.000667s ]
INFO: [ app_end ] --START--
INFO: Run Behavior\ShowPageTraceBehavior [ RunTime:0.000732s ]
INFO: [ app_end ] --END-- [ RunTime:0.000817s ]

[ 2016-06-07T00:05:48+08:00 ] 127.0.0.1 /Admin/Sort/addsort
INFO: [ app_init ] --START--
INFO: Run Behavior\BuildLiteBehavior [ RunTime:0.000033s ]
INFO: [ app_init ] --END-- [ RunTime:0.000422s ]
INFO: [ app_begin ] --START--
INFO: Run Behavior\ReadHtmlCacheBehavior [ RunTime:0.000834s ]
INFO: [ app_begin ] --END-- [ RunTime:0.000929s ]
SQL: SHOW COLUMNS FROM `cjt_comment` [ RunTime:0.0025s ]
SQL: SELECT COUNT(*) AS tp_count FROM `cjt_comment` LIMIT 1   [ RunTime:0.0002s ]
SQL: SELECT COUNT(*) AS tp_count FROM `cjt_comment` WHERE `status` = 0 LIMIT 1   [ RunTime:0.0002s ]
INFO: [ view_parse ] --START--
NOTIC: [2] file_get_contents(./Application/Admin/View/default/Public/footer.html): failed to open stream: No such file or directory E:\wamp\www\chenjt_website\ThinkPHP\Library\Think\Template.class.php 第 696 行.
INFO: [ template_filter ] --START--
INFO: Run Behavior\ContentReplaceBehavior [ RunTime:0.000102s ]
INFO: [ template_filter ] --END-- [ RunTime:0.000205s ]
INFO: Run Behavior\ParseTemplateBehavior [ RunTime:0.010091s ]
INFO: [ view_parse ] --END-- [ RunTime:0.010194s ]
INFO: [ view_filter ] --START--
INFO: Run Behavior\WriteHtmlCacheBehavior [ RunTime:0.000470s ]
INFO: [ view_filter ] --END-- [ RunTime:0.000553s ]
INFO: [ app_end ] --START--
INFO: Run Behavior\ShowPageTraceBehavior [ RunTime:0.000694s ]
INFO: [ app_end ] --END-- [ RunTime:0.000773s ]

[ 2016-06-07T00:05:55+08:00 ] 127.0.0.1 /Admin/Tag/showlist
INFO: [ app_init ] --START--
INFO: Run Behavior\BuildLiteBehavior [ RunTime:0.000026s ]
INFO: [ app_init ] --END-- [ RunTime:0.000570s ]
INFO: [ app_begin ] --START--
INFO: Run Behavior\ReadHtmlCacheBehavior [ RunTime:0.002276s ]
INFO: [ app_begin ] --END-- [ RunTime:0.002387s ]
SQL: SHOW COLUMNS FROM `cjt_comment` [ RunTime:0.0026s ]
SQL: SELECT COUNT(*) AS tp_count FROM `cjt_comment` LIMIT 1   [ RunTime:0.0002s ]
SQL: SELECT COUNT(*) AS tp_count FROM `cjt_comment` WHERE `status` = 0 LIMIT 1   [ RunTime:0.0002s ]
SQL: SHOW COLUMNS FROM `cjt_tag` [ RunTime:0.0023s ]
SQL: SHOW COLUMNS FROM `cjt_articletag` [ RunTime:0.0024s ]
SQL: SELECT * FROM `cjt_tag`  [ RunTime:0.0003s ]
SQL: SELECT COUNT(*) AS tp_count FROM `cjt_tag` LIMIT 1   [ RunTime:0.0002s ]
SQL: SELECT * FROM `cjt_tag` LIMIT 0,30   [ RunTime:0.0003s ]
SQL: SELECT `tagid` FROM `cjt_tag`  [ RunTime:0.0002s ]
SQL: SELECT COUNT(*) AS tp_count FROM `cjt_articletag` WHERE `tagid` = 1 LIMIT 1   [ RunTime:0.0002s ]
SQL: SELECT COUNT(*) AS tp_count FROM `cjt_articletag` WHERE `tagid` = 2 LIMIT 1   [ RunTime:0.0002s ]
SQL: SELECT COUNT(*) AS tp_count FROM `cjt_articletag` WHERE `tagid` = 3 LIMIT 1   [ RunTime:0.0002s ]
SQL: SELECT COUNT(*) AS tp_count FROM `cjt_articletag` WHERE `tagid` = 4 LIMIT 1   [ RunTime:0.0002s ]
SQL: SELECT COUNT(*) AS tp_count FROM `cjt_articletag` WHERE `tagid` = 5 LIMIT 1   [ RunTime:0.0001s ]
SQL: SELECT COUNT(*) AS tp_count FROM `cjt_articletag` WHERE `tagid` = 6 LIMIT 1   [ RunTime:0.0001s ]
SQL: SELECT COUNT(*) AS tp_count FROM `cjt_articletag` WHERE `tagid` = 7 LIMIT 1   [ RunTime:0.0001s ]
SQL: SELECT COUNT(*) AS tp_count FROM `cjt_articletag` WHERE `tagid` = 8 LIMIT 1   [ RunTime:0.0001s ]
SQL: SELECT COUNT(*) AS tp_count FROM `cjt_articletag` WHERE `tagid` = 9 LIMIT 1   [ RunTime:0.0002s ]
SQL: SELECT COUNT(*) AS tp_count FROM `cjt_articletag` WHERE `tagid` = 10 LIMIT 1   [ RunTime:0.0001s ]
SQL: SELECT COUNT(*) AS tp_count FROM `cjt_articletag` WHERE `tagid` = 11 LIMIT 1   [ RunTime:0.0001s ]
SQL: SELECT COUNT(*) AS tp_count FROM `cjt_articletag` WHERE `tagid` = 12 LIMIT 1   [ RunTime:0.0001s ]
SQL: SELECT COUNT(*) AS tp_count FROM `cjt_articletag` WHERE `tagid` = 13 LIMIT 1   [ RunTime:0.0001s ]
SQL: SELECT COUNT(*) AS tp_count FROM `cjt_articletag` WHERE `tagid` = 14 LIMIT 1   [ RunTime:0.0002s ]
SQL: SELECT COUNT(*) AS tp_count FROM `cjt_articletag` WHERE `tagid` = 15 LIMIT 1   [ RunTime:0.0001s ]
SQL: SELECT COUNT(*) AS tp_count FROM `cjt_articletag` WHERE `tagid` = 16 LIMIT 1   [ RunTime:0.0002s ]
SQL: SELECT COUNT(*) AS tp_count FROM `cjt_articletag` WHERE `tagid` = 17 LIMIT 1   [ RunTime:0.0002s ]
INFO: [ view_parse ] --START--
NOTIC: [2] file_get_contents(./Application/Admin/View/default/Public/footer.html): failed to open stream: No such file or directory E:\wamp\www\chenjt_website\ThinkPHP\Library\Think\Template.class.php 第 696 行.
INFO: [ template_filter ] --START--
INFO: Run Behavior\ContentReplaceBehavior [ RunTime:0.000106s ]
INFO: [ template_filter ] --END-- [ RunTime:0.000202s ]
INFO: Run Behavior\ParseTemplateBehavior [ RunTime:0.016231s ]
INFO: [ view_parse ] --END-- [ RunTime:0.016345s ]
INFO: [ view_filter ] --START--
INFO: Run Behavior\WriteHtmlCacheBehavior [ RunTime:0.000473s ]
INFO: [ view_filter ] --END-- [ RunTime:0.000556s ]
INFO: [ app_end ] --START--
INFO: Run Behavior\ShowPageTraceBehavior [ RunTime:0.000676s ]
INFO: [ app_end ] --END-- [ RunTime:0.000754s ]

[ 2016-06-07T00:06:15+08:00 ] 127.0.0.1 /Admin/Comment/showlist
INFO: [ app_init ] --START--
INFO: Run Behavior\BuildLiteBehavior [ RunTime:0.000038s ]
INFO: [ app_init ] --END-- [ RunTime:0.000759s ]
INFO: [ app_begin ] --START--
INFO: Run Behavior\ReadHtmlCacheBehavior [ RunTime:0.000671s ]
INFO: [ app_begin ] --END-- [ RunTime:0.000774s ]
SQL: SHOW COLUMNS FROM `cjt_comment` [ RunTime:0.0027s ]
SQL: SELECT COUNT(*) AS tp_count FROM `cjt_comment` LIMIT 1   [ RunTime:0.0003s ]
SQL: SELECT COUNT(*) AS tp_count FROM `cjt_comment` WHERE `status` = 0 LIMIT 1   [ RunTime:0.0002s ]
SQL: SELECT COUNT(*) AS tp_count FROM `cjt_comment` LIMIT 1   [ RunTime:0.0002s ]
SQL: SELECT * FROM `cjt_comment` ORDER BY commenttime DESC LIMIT 0,30   [ RunTime:0.0005s ]
SQL: SHOW COLUMNS FROM `cjt_article` [ RunTime:0.0026s ]
SQL: SELECT * FROM `cjt_article` WHERE ( 1=1 AND id='4' ) LIMIT 1   [ RunTime:0.0009s ]
SQL: SELECT * FROM `cjt_article` WHERE ( 1=1 AND id='10' ) LIMIT 1   [ RunTime:0.0007s ]
SQL: SELECT * FROM `cjt_article` WHERE ( 1=1 AND id='13' ) LIMIT 1   [ RunTime:0.0002s ]
SQL: SELECT * FROM `cjt_article` WHERE ( 1=1 AND id='14' ) LIMIT 1   [ RunTime:0.0013s ]
INFO: [ view_parse ] --START--
NOTIC: [2] file_get_contents(./Application/Admin/View/default/Public/footer.html): failed to open stream: No such file or directory E:\wamp\www\chenjt_website\ThinkPHP\Library\Think\Template.class.php 第 696 行.
INFO: [ template_filter ] --START--
INFO: Run Behavior\ContentReplaceBehavior [ RunTime:0.000117s ]
INFO: [ template_filter ] --END-- [ RunTime:0.000216s ]
INFO: Run Behavior\ParseTemplateBehavior [ RunTime:0.014028s ]
INFO: [ view_parse ] --END-- [ RunTime:0.014125s ]
INFO: [ view_filter ] --START--
INFO: Run Behavior\WriteHtmlCacheBehavior [ RunTime:0.000466s ]
INFO: [ view_filter ] --END-- [ RunTime:0.000542s ]
INFO: [ app_end ] --START--
INFO: Run Behavior\ShowPageTraceBehavior [ RunTime:0.000632s ]
INFO: [ app_end ] --END-- [ RunTime:0.000716s ]

[ 2016-06-07T00:06:16+08:00 ] 127.0.0.1 /Admin/Tag/showlist
INFO: [ app_init ] --START--
INFO: Run Behavior\BuildLiteBehavior [ RunTime:0.000022s ]
INFO: [ app_init ] --END-- [ RunTime:0.000415s ]
INFO: [ app_begin ] --START--
INFO: Run Behavior\ReadHtmlCacheBehavior [ RunTime:0.000692s ]
INFO: [ app_begin ] --END-- [ RunTime:0.000778s ]
SQL: SHOW COLUMNS FROM `cjt_comment` [ RunTime:0.0025s ]
SQL: SELECT COUNT(*) AS tp_count FROM `cjt_comment` LIMIT 1   [ RunTime:0.0003s ]
SQL: SELECT COUNT(*) AS tp_count FROM `cjt_comment` WHERE `status` = 0 LIMIT 1   [ RunTime:0.0002s ]
SQL: SHOW COLUMNS FROM `cjt_tag` [ RunTime:0.0025s ]
SQL: SHOW COLUMNS FROM `cjt_articletag` [ RunTime:0.0026s ]
SQL: SELECT * FROM `cjt_tag`  [ RunTime:0.0003s ]
SQL: SELECT COUNT(*) AS tp_count FROM `cjt_tag` LIMIT 1   [ RunTime:0.0002s ]
SQL: SELECT * FROM `cjt_tag` LIMIT 0,30   [ RunTime:0.0003s ]
SQL: SELECT `tagid` FROM `cjt_tag`  [ RunTime:0.0002s ]
SQL: SELECT COUNT(*) AS tp_count FROM `cjt_articletag` WHERE `tagid` = 1 LIMIT 1   [ RunTime:0.0002s ]
SQL: SELECT COUNT(*) AS tp_count FROM `cjt_articletag` WHERE `tagid` = 2 LIMIT 1   [ RunTime:0.0002s ]
SQL: SELECT COUNT(*) AS tp_count FROM `cjt_articletag` WHERE `tagid` = 3 LIMIT 1   [ RunTime:0.0001s ]
SQL: SELECT COUNT(*) AS tp_count FROM `cjt_articletag` WHERE `tagid` = 4 LIMIT 1   [ RunTime:0.0001s ]
SQL: SELECT COUNT(*) AS tp_count FROM `cjt_articletag` WHERE `tagid` = 5 LIMIT 1   [ RunTime:0.0001s ]
SQL: SELECT COUNT(*) AS tp_count FROM `cjt_articletag` WHERE `tagid` = 6 LIMIT 1   [ RunTime:0.0001s ]
SQL: SELECT COUNT(*) AS tp_count FROM `cjt_articletag` WHERE `tagid` = 7 LIMIT 1   [ RunTime:0.0001s ]
SQL: SELECT COUNT(*) AS tp_count FROM `cjt_articletag` WHERE `tagid` = 8 LIMIT 1   [ RunTime:0.0001s ]
SQL: SELECT COUNT(*) AS tp_count FROM `cjt_articletag` WHERE `tagid` = 9 LIMIT 1   [ RunTime:0.0001s ]
SQL: SELECT COUNT(*) AS tp_count FROM `cjt_articletag` WHERE `tagid` = 10 LIMIT 1   [ RunTime:0.0001s ]
SQL: SELECT COUNT(*) AS tp_count FROM `cjt_articletag` WHERE `tagid` = 11 LIMIT 1   [ RunTime:0.0002s ]
SQL: SELECT COUNT(*) AS tp_count FROM `cjt_articletag` WHERE `tagid` = 12 LIMIT 1   [ RunTime:0.0001s ]
SQL: SELECT COUNT(*) AS tp_count FROM `cjt_articletag` WHERE `tagid` = 13 LIMIT 1   [ RunTime:0.0002s ]
SQL: SELECT COUNT(*) AS tp_count FROM `cjt_articletag` WHERE `tagid` = 14 LIMIT 1   [ RunTime:0.0001s ]
SQL: SELECT COUNT(*) AS tp_count FROM `cjt_articletag` WHERE `tagid` = 15 LIMIT 1   [ RunTime:0.0001s ]
SQL: SELECT COUNT(*) AS tp_count FROM `cjt_articletag` WHERE `tagid` = 16 LIMIT 1   [ RunTime:0.0001s ]
SQL: SELECT COUNT(*) AS tp_count FROM `cjt_articletag` WHERE `tagid` = 17 LIMIT 1   [ RunTime:0.0001s ]
INFO: [ view_parse ] --START--
NOTIC: [2] file_get_contents(./Application/Admin/View/default/Public/footer.html): failed to open stream: No such file or directory E:\wamp\www\chenjt_website\ThinkPHP\Library\Think\Template.class.php 第 696 行.
INFO: [ template_filter ] --START--
INFO: Run Behavior\ContentReplaceBehavior [ RunTime:0.000105s ]
INFO: [ template_filter ] --END-- [ RunTime:0.000202s ]
INFO: Run Behavior\ParseTemplateBehavior [ RunTime:0.015997s ]
INFO: [ view_parse ] --END-- [ RunTime:0.016100s ]
INFO: [ view_filter ] --START--
INFO: Run Behavior\WriteHtmlCacheBehavior [ RunTime:0.000476s ]
INFO: [ view_filter ] --END-- [ RunTime:0.000569s ]
INFO: [ app_end ] --START--
INFO: Run Behavior\ShowPageTraceBehavior [ RunTime:0.000974s ]
INFO: [ app_end ] --END-- [ RunTime:0.001086s ]

[ 2016-06-07T00:06:16+08:00 ] 127.0.0.1 /Admin/Comment/showlist
INFO: [ app_init ] --START--
INFO: Run Behavior\BuildLiteBehavior [ RunTime:0.000023s ]
INFO: [ app_init ] --END-- [ RunTime:0.000464s ]
INFO: [ app_begin ] --START--
INFO: Run Behavior\ReadHtmlCacheBehavior [ RunTime:0.000868s ]
INFO: [ app_begin ] --END-- [ RunTime:0.000975s ]
SQL: SHOW COLUMNS FROM `cjt_comment` [ RunTime:0.0027s ]
SQL: SELECT COUNT(*) AS tp_count FROM `cjt_comment` LIMIT 1   [ RunTime:0.0003s ]
SQL: SELECT COUNT(*) AS tp_count FROM `cjt_comment` WHERE `status` = 0 LIMIT 1   [ RunTime:0.0003s ]
SQL: SELECT COUNT(*) AS tp_count FROM `cjt_comment` LIMIT 1   [ RunTime:0.0002s ]
SQL: SELECT * FROM `cjt_comment` ORDER BY commenttime DESC LIMIT 0,30   [ RunTime:0.0005s ]
SQL: SHOW COLUMNS FROM `cjt_article` [ RunTime:0.0030s ]
SQL: SELECT * FROM `cjt_article` WHERE ( 1=1 AND id='4' ) LIMIT 1   [ RunTime:0.0005s ]
SQL: SELECT * FROM `cjt_article` WHERE ( 1=1 AND id='10' ) LIMIT 1   [ RunTime:0.0007s ]
SQL: SELECT * FROM `cjt_article` WHERE ( 1=1 AND id='13' ) LIMIT 1   [ RunTime:0.0002s ]
SQL: SELECT * FROM `cjt_article` WHERE ( 1=1 AND id='14' ) LIMIT 1   [ RunTime:0.0012s ]
INFO: [ view_parse ] --START--
NOTIC: [2] file_get_contents(./Application/Admin/View/default/Public/footer.html): failed to open stream: No such file or directory E:\wamp\www\chenjt_website\ThinkPHP\Library\Think\Template.class.php 第 696 行.
INFO: [ template_filter ] --START--
INFO: Run Behavior\ContentReplaceBehavior [ RunTime:0.000117s ]
INFO: [ template_filter ] --END-- [ RunTime:0.000221s ]
INFO: Run Behavior\ParseTemplateBehavior [ RunTime:0.015491s ]
INFO: [ view_parse ] --END-- [ RunTime:0.015638s ]
INFO: [ view_filter ] --START--
INFO: Run Behavior\WriteHtmlCacheBehavior [ RunTime:0.000529s ]
INFO: [ view_filter ] --END-- [ RunTime:0.000633s ]
INFO: [ app_end ] --START--
INFO: Run Behavior\ShowPageTraceBehavior [ RunTime:0.000718s ]
INFO: [ app_end ] --END-- [ RunTime:0.000795s ]

[ 2016-06-07T00:06:30+08:00 ] 127.0.0.1 /Admin
INFO: [ app_init ] --START--
INFO: Run Behavior\BuildLiteBehavior [ RunTime:0.000021s ]
INFO: [ app_init ] --END-- [ RunTime:0.000419s ]
INFO: [ app_begin ] --START--
INFO: Run Behavior\ReadHtmlCacheBehavior [ RunTime:0.000644s ]
INFO: [ app_begin ] --END-- [ RunTime:0.000724s ]
SQL: SHOW COLUMNS FROM `cjt_comment` [ RunTime:0.0025s ]
SQL: SELECT COUNT(*) AS tp_count FROM `cjt_comment` LIMIT 1   [ RunTime:0.0003s ]
SQL: SELECT COUNT(*) AS tp_count FROM `cjt_comment` WHERE `status` = 0 LIMIT 1   [ RunTime:0.0002s ]
SQL: SHOW COLUMNS FROM `cjt_article` [ RunTime:0.0027s ]
SQL: SHOW COLUMNS FROM `cjt_sort` [ RunTime:0.0024s ]
SQL: SHOW COLUMNS FROM `cjt_tag` [ RunTime:0.0026s ]
SQL: SELECT COUNT(*) AS tp_count FROM `cjt_article` LIMIT 1   [ RunTime:0.0003s ]
SQL: SELECT SUM(readnum) FROM `cjt_article` LIMIT 1   [ RunTime:0.0002s ]
SQL: SELECT COUNT(*) AS tp_count FROM `cjt_comment` LIMIT 1   [ RunTime:0.0002s ]
SQL: SELECT COUNT(*) AS tp_count FROM `cjt_sort` LIMIT 1   [ RunTime:0.0002s ]
SQL: SELECT COUNT(*) AS tp_count FROM `cjt_tag` LIMIT 1   [ RunTime:0.0002s ]
SQL: SELECT MAX(readnum) AS tp_max FROM `cjt_article` LIMIT 1   [ RunTime:0.0002s ]
SQL: SELECT `title` FROM `cjt_article` WHERE `readnum` = 11 LIMIT 1   [ RunTime:0.0002s ]
SQL: SELECT MAX(readnum) AS tp_max FROM `cjt_article` LIMIT 1   [ RunTime:0.0002s ]
SQL: SELECT `title` FROM `cjt_article` WHERE `readnum` = 11 LIMIT 1   [ RunTime:0.0002s ]
SQL: SELECT `articleid`,count(articleid) FROM `cjt_comment` GROUP BY articleid ORDER BY count(articleid) DESC LIMIT 1   [ RunTime:0.0003s ]
SQL: SELECT `title` FROM `cjt_article` WHERE `id` = 14 LIMIT 1   [ RunTime:0.0002s ]
INFO: [ view_parse ] --START--
NOTIC: [2] file_get_contents(./Application/Admin/View/default/Public/footer.html): failed to open stream: No such file or directory E:\wamp\www\chenjt_website\ThinkPHP\Library\Think\Template.class.php 第 696 行.
INFO: [ template_filter ] --START--
INFO: Run Behavior\ContentReplaceBehavior [ RunTime:0.000107s ]
INFO: [ template_filter ] --END-- [ RunTime:0.000224s ]
INFO: Run Behavior\ParseTemplateBehavior [ RunTime:0.010539s ]
INFO: [ view_parse ] --END-- [ RunTime:0.010643s ]
INFO: [ view_filter ] --START--
INFO: Run Behavior\WriteHtmlCacheBehavior [ RunTime:0.000463s ]
INFO: [ view_filter ] --END-- [ RunTime:0.000547s ]
INFO: [ app_end ] --START--
INFO: Run Behavior\ShowPageTraceBehavior [ RunTime:0.000677s ]
INFO: [ app_end ] --END-- [ RunTime:0.000756s ]

[ 2016-06-07T00:06:32+08:00 ] 127.0.0.1 /Admin/Article/showlist
INFO: [ app_init ] --START--
INFO: Run Behavior\BuildLiteBehavior [ RunTime:0.000026s ]
INFO: [ app_init ] --END-- [ RunTime:0.000532s ]
INFO: [ app_begin ] --START--
INFO: Run Behavior\ReadHtmlCacheBehavior [ RunTime:0.000826s ]
INFO: [ app_begin ] --END-- [ RunTime:0.000917s ]
SQL: SHOW COLUMNS FROM `cjt_comment` [ RunTime:0.0026s ]
SQL: SELECT COUNT(*) AS tp_count FROM `cjt_comment` LIMIT 1   [ RunTime:0.0003s ]
SQL: SELECT COUNT(*) AS tp_count FROM `cjt_comment` WHERE `status` = 0 LIMIT 1   [ RunTime:0.0003s ]
SQL: SHOW COLUMNS FROM `cjt_article` [ RunTime:0.0038s ]
SQL: SELECT COUNT(*) AS tp_count FROM `cjt_article` LIMIT 1   [ RunTime:0.0003s ]
SQL: SELECT COUNT(*) AS tp_count FROM `cjt_article` LIMIT 1   [ RunTime:0.0008s ]
SQL: SELECT * FROM `cjt_article` ORDER BY lastmodifytime DESC LIMIT 0,10   [ RunTime:0.0027s ]
SQL: SHOW COLUMNS FROM `cjt_sort` [ RunTime:0.0025s ]
SQL: SELECT * FROM `cjt_sort` WHERE ( 1=1 AND sortid='5' ) LIMIT 1   [ RunTime:0.0003s ]
SQL: SHOW COLUMNS FROM `cjt_tag` [ RunTime:0.0023s ]
NOTIC: [8] Undefined index: mapping_order E:\wamp\www\chenjt_website\ThinkPHP\Library\Think\Model\RelationModel.class.php 第 186 行.
NOTIC: [8] Undefined index: mapping_limit E:\wamp\www\chenjt_website\ThinkPHP\Library\Think\Model\RelationModel.class.php 第 187 行.
SQL: SELECT b.* FROM cjt_articletag AS a, cjt_tag AS b WHERE a.tagid = b.tagid AND a. articleid='3' [ RunTime:0.0003s ]
SQL: SELECT * FROM `cjt_comment` WHERE ( 1=1 AND articleid='3' )  [ RunTime:0.0002s ]
SQL: SELECT * FROM `cjt_sort` WHERE ( 1=1 AND sortid='1' ) LIMIT 1   [ RunTime:0.0002s ]
NOTIC: [8] Undefined index: mapping_order E:\wamp\www\chenjt_website\ThinkPHP\Library\Think\Model\RelationModel.class.php 第 186 行.
NOTIC: [8] Undefined index: mapping_limit E:\wamp\www\chenjt_website\ThinkPHP\Library\Think\Model\RelationModel.class.php 第 187 行.
SQL: SELECT b.* FROM cjt_articletag AS a, cjt_tag AS b WHERE a.tagid = b.tagid AND a. articleid='2' [ RunTime:0.0007s ]
SQL: SELECT * FROM `cjt_comment` WHERE ( 1=1 AND articleid='2' )  [ RunTime:0.0007s ]
SQL: SELECT * FROM `cjt_sort` WHERE ( 1=1 AND sortid='3' ) LIMIT 1   [ RunTime:0.0005s ]
NOTIC: [8] Undefined index: mapping_order E:\wamp\www\chenjt_website\ThinkPHP\Library\Think\Model\RelationModel.class.php 第 186 行.
NOTIC: [8] Undefined index: mapping_limit E:\wamp\www\chenjt_website\ThinkPHP\Library\Think\Model\RelationModel.class.php 第 187 行.
SQL: SELECT b.* FROM cjt_articletag AS a, cjt_tag AS b WHERE a.tagid = b.tagid AND a. articleid='4' [ RunTime:0.0003s ]
SQL: SELECT * FROM `cjt_comment` WHERE ( 1=1 AND articleid='4' )  [ RunTime:0.0002s ]
SQL: SELECT * FROM `cjt_sort` WHERE ( 1=1 AND sortid='2' ) LIMIT 1   [ RunTime:0.0002s ]
NOTIC: [8] Undefined index: mapping_order E:\wamp\www\chenjt_website\ThinkPHP\Library\Think\Model\RelationModel.class.php 第 186 行.
NOTIC: [8] Undefined index: mapping_limit E:\wamp\www\chenjt_website\ThinkPHP\Library\Think\Model\RelationModel.class.php 第 187 行.
SQL: SELECT b.* FROM cjt_articletag AS a, cjt_tag AS b WHERE a.tagid = b.tagid AND a. articleid='5' [ RunTime:0.0003s ]
SQL: SELECT * FROM `cjt_comment` WHERE ( 1=1 AND articleid='5' )  [ RunTime:0.0003s ]
SQL: SELECT * FROM `cjt_sort` WHERE ( 1=1 AND sortid='4' ) LIMIT 1   [ RunTime:0.0002s ]
NOTIC: [8] Undefined index: mapping_order E:\wamp\www\chenjt_website\ThinkPHP\Library\Think\Model\RelationModel.class.php 第 186 行.
NOTIC: [8] Undefined index: mapping_limit E:\wamp\www\chenjt_website\ThinkPHP\Library\Think\Model\RelationModel.class.php 第 187 行.
SQL: SELECT b.* FROM cjt_articletag AS a, cjt_tag AS b WHERE a.tagid = b.tagid AND a. articleid='6' [ RunTime:0.0002s ]
SQL: SELECT * FROM `cjt_comment` WHERE ( 1=1 AND articleid='6' )  [ RunTime:0.0002s ]
SQL: SELECT * FROM `cjt_sort` WHERE ( 1=1 AND sortid='6' ) LIMIT 1   [ RunTime:0.0002s ]
NOTIC: [8] Undefined index: mapping_order E:\wamp\www\chenjt_website\ThinkPHP\Library\Think\Model\RelationModel.class.php 第 186 行.
NOTIC: [8] Undefined index: mapping_limit E:\wamp\www\chenjt_website\ThinkPHP\Library\Think\Model\RelationModel.class.php 第 187 行.
SQL: SELECT b.* FROM cjt_articletag AS a, cjt_tag AS b WHERE a.tagid = b.tagid AND a. articleid='7' [ RunTime:0.0002s ]
SQL: SELECT * FROM `cjt_comment` WHERE ( 1=1 AND articleid='7' )  [ RunTime:0.0002s ]
SQL: SELECT * FROM `cjt_sort` WHERE ( 1=1 AND sortid='6' ) LIMIT 1   [ RunTime:0.0001s ]
NOTIC: [8] Undefined index: mapping_order E:\wamp\www\chenjt_website\ThinkPHP\Library\Think\Model\RelationModel.class.php 第 186 行.
NOTIC: [8] Undefined index: mapping_limit E:\wamp\www\chenjt_website\ThinkPHP\Library\Think\Model\RelationModel.class.php 第 187 行.
SQL: SELECT b.* FROM cjt_articletag AS a, cjt_tag AS b WHERE a.tagid = b.tagid AND a. articleid='13' [ RunTime:0.0002s ]
SQL: SELECT * FROM `cjt_comment` WHERE ( 1=1 AND articleid='13' )  [ RunTime:0.0003s ]
SQL: SELECT * FROM `cjt_sort` WHERE ( 1=1 AND sortid='6' ) LIMIT 1   [ RunTime:0.0002s ]
NOTIC: [8] Undefined index: mapping_order E:\wamp\www\chenjt_website\ThinkPHP\Library\Think\Model\RelationModel.class.php 第 186 行.
NOTIC: [8] Undefined index: mapping_limit E:\wamp\www\chenjt_website\ThinkPHP\Library\Think\Model\RelationModel.class.php 第 187 行.
SQL: SELECT b.* FROM cjt_articletag AS a, cjt_tag AS b WHERE a.tagid = b.tagid AND a. articleid='8' [ RunTime:0.0002s ]
SQL: SELECT * FROM `cjt_comment` WHERE ( 1=1 AND articleid='8' )  [ RunTime:0.0003s ]
SQL: SELECT * FROM `cjt_sort` WHERE ( 1=1 AND sortid='6' ) LIMIT 1   [ RunTime:0.0002s ]
NOTIC: [8] Undefined index: mapping_order E:\wamp\www\chenjt_website\ThinkPHP\Library\Think\Model\RelationModel.class.php 第 186 行.
NOTIC: [8] Undefined index: mapping_limit E:\wamp\www\chenjt_website\ThinkPHP\Library\Think\Model\RelationModel.class.php 第 187 行.
SQL: SELECT b.* FROM cjt_articletag AS a, cjt_tag AS b WHERE a.tagid = b.tagid AND a. articleid='9' [ RunTime:0.0002s ]
SQL: SELECT * FROM `cjt_comment` WHERE ( 1=1 AND articleid='9' )  [ RunTime:0.0002s ]
SQL: SELECT * FROM `cjt_sort` WHERE ( 1=1 AND sortid='1' ) LIMIT 1   [ RunTime:0.0002s ]
NOTIC: [8] Undefined index: mapping_order E:\wamp\www\chenjt_website\ThinkPHP\Library\Think\Model\RelationModel.class.php 第 186 行.
NOTIC: [8] Undefined index: mapping_limit E:\wamp\www\chenjt_website\ThinkPHP\Library\Think\Model\RelationModel.class.php 第 187 行.
SQL: SELECT b.* FROM cjt_articletag AS a, cjt_tag AS b WHERE a.tagid = b.tagid AND a. articleid='12' [ RunTime:0.0003s ]
SQL: SELECT * FROM `cjt_comment` WHERE ( 1=1 AND articleid='12' )  [ RunTime:0.0002s ]
SQL: SELECT COUNT(*) AS tp_count FROM `cjt_comment` WHERE `articleid` = 3 LIMIT 1   [ RunTime:0.0002s ]
SQL: SELECT COUNT(*) AS tp_count FROM `cjt_comment` WHERE `articleid` = 3 AND `status` = 0 LIMIT 1   [ RunTime:0.0002s ]
SQL: SELECT COUNT(*) AS tp_count FROM `cjt_comment` WHERE `articleid` = 2 LIMIT 1   [ RunTime:0.0002s ]
SQL: SELECT COUNT(*) AS tp_count FROM `cjt_comment` WHERE `articleid` = 2 AND `status` = 0 LIMIT 1   [ RunTime:0.0002s ]
SQL: SELECT COUNT(*) AS tp_count FROM `cjt_comment` WHERE `articleid` = 4 LIMIT 1   [ RunTime:0.0001s ]
SQL: SELECT COUNT(*) AS tp_count FROM `cjt_comment` WHERE `articleid` = 4 AND `status` = 0 LIMIT 1   [ RunTime:0.0002s ]
SQL: SELECT COUNT(*) AS tp_count FROM `cjt_comment` WHERE `articleid` = 5 LIMIT 1   [ RunTime:0.0002s ]
SQL: SELECT COUNT(*) AS tp_count FROM `cjt_comment` WHERE `articleid` = 5 AND `status` = 0 LIMIT 1   [ RunTime:0.0006s ]
SQL: SELECT COUNT(*) AS tp_count FROM `cjt_comment` WHERE `articleid` = 6 LIMIT 1   [ RunTime:0.0004s ]
SQL: SELECT COUNT(*) AS tp_count FROM `cjt_comment` WHERE `articleid` = 6 AND `status` = 0 LIMIT 1   [ RunTime:0.0002s ]
SQL: SELECT COUNT(*) AS tp_count FROM `cjt_comment` WHERE `articleid` = 7 LIMIT 1   [ RunTime:0.0002s ]
SQL: SELECT COUNT(*) AS tp_count FROM `cjt_comment` WHERE `articleid` = 7 AND `status` = 0 LIMIT 1   [ RunTime:0.0002s ]
SQL: SELECT COUNT(*) AS tp_count FROM `cjt_comment` WHERE `articleid` = 13 LIMIT 1   [ RunTime:0.0002s ]
SQL: SELECT COUNT(*) AS tp_count FROM `cjt_comment` WHERE `articleid` = 13 AND `status` = 0 LIMIT 1   [ RunTime:0.0002s ]
SQL: SELECT COUNT(*) AS tp_count FROM `cjt_comment` WHERE `articleid` = 8 LIMIT 1   [ RunTime:0.0002s ]
SQL: SELECT COUNT(*) AS tp_count FROM `cjt_comment` WHERE `articleid` = 8 AND `status` = 0 LIMIT 1   [ RunTime:0.0002s ]
SQL: SELECT COUNT(*) AS tp_count FROM `cjt_comment` WHERE `articleid` = 9 LIMIT 1   [ RunTime:0.0002s ]
SQL: SELECT COUNT(*) AS tp_count FROM `cjt_comment` WHERE `articleid` = 9 AND `status` = 0 LIMIT 1   [ RunTime:0.0002s ]
SQL: SELECT COUNT(*) AS tp_count FROM `cjt_comment` WHERE `articleid` = 12 LIMIT 1   [ RunTime:0.0001s ]
SQL: SELECT COUNT(*) AS tp_count FROM `cjt_comment` WHERE `articleid` = 12 AND `status` = 0 LIMIT 1   [ RunTime:0.0002s ]
INFO: [ view_parse ] --START--
NOTIC: [2] file_get_contents(./Application/Admin/View/default/Public/footer.html): failed to open stream: No such file or directory E:\wamp\www\chenjt_website\ThinkPHP\Library\Think\Template.class.php 第 696 行.
INFO: [ template_filter ] --START--
INFO: Run Behavior\ContentReplaceBehavior [ RunTime:0.000142s ]
INFO: [ template_filter ] --END-- [ RunTime:0.000244s ]
INFO: Run Behavior\ParseTemplateBehavior [ RunTime:0.024840s ]
INFO: [ view_parse ] --END-- [ RunTime:0.024946s ]
INFO: [ view_filter ] --START--
INFO: Run Behavior\WriteHtmlCacheBehavior [ RunTime:0.000620s ]
INFO: [ view_filter ] --END-- [ RunTime:0.000710s ]
INFO: [ app_end ] --START--
INFO: Run Behavior\ShowPageTraceBehavior [ RunTime:0.000808s ]
INFO: [ app_end ] --END-- [ RunTime:0.000902s ]

[ 2016-06-07T00:06:51+08:00 ] 127.0.0.1 /Admin/Comment/showlist
INFO: [ app_init ] --START--
INFO: Run Behavior\BuildLiteBehavior [ RunTime:0.000022s ]
INFO: [ app_init ] --END-- [ RunTime:0.000388s ]
INFO: [ app_begin ] --START--
INFO: Run Behavior\ReadHtmlCacheBehavior [ RunTime:0.000574s ]
INFO: [ app_begin ] --END-- [ RunTime:0.000662s ]
SQL: SHOW COLUMNS FROM `cjt_comment` [ RunTime:0.0028s ]
SQL: SELECT COUNT(*) AS tp_count FROM `cjt_comment` LIMIT 1   [ RunTime:0.0003s ]
SQL: SELECT COUNT(*) AS tp_count FROM `cjt_comment` WHERE `status` = 0 LIMIT 1   [ RunTime:0.0002s ]
SQL: SELECT COUNT(*) AS tp_count FROM `cjt_comment` LIMIT 1   [ RunTime:0.0002s ]
SQL: SELECT * FROM `cjt_comment` ORDER BY commenttime DESC LIMIT 0,30   [ RunTime:0.0003s ]
SQL: SHOW COLUMNS FROM `cjt_article` [ RunTime:0.0030s ]
SQL: SELECT * FROM `cjt_article` WHERE ( 1=1 AND id='4' ) LIMIT 1   [ RunTime:0.0005s ]
SQL: SELECT * FROM `cjt_article` WHERE ( 1=1 AND id='10' ) LIMIT 1   [ RunTime:0.0006s ]
SQL: SELECT * FROM `cjt_article` WHERE ( 1=1 AND id='13' ) LIMIT 1   [ RunTime:0.0002s ]
SQL: SELECT * FROM `cjt_article` WHERE ( 1=1 AND id='14' ) LIMIT 1   [ RunTime:0.0011s ]
INFO: [ view_parse ] --START--
NOTIC: [2] file_get_contents(./Application/Admin/View/default/Public/footer.html): failed to open stream: No such file or directory E:\wamp\www\chenjt_website\ThinkPHP\Library\Think\Template.class.php 第 696 行.
INFO: [ template_filter ] --START--
INFO: Run Behavior\ContentReplaceBehavior [ RunTime:0.000174s ]
INFO: [ template_filter ] --END-- [ RunTime:0.000376s ]
INFO: Run Behavior\ParseTemplateBehavior [ RunTime:0.016043s ]
INFO: [ view_parse ] --END-- [ RunTime:0.016166s ]
INFO: [ view_filter ] --START--
INFO: Run Behavior\WriteHtmlCacheBehavior [ RunTime:0.000414s ]
INFO: [ view_filter ] --END-- [ RunTime:0.000491s ]
INFO: [ app_end ] --START--
INFO: Run Behavior\ShowPageTraceBehavior [ RunTime:0.000569s ]
INFO: [ app_end ] --END-- [ RunTime:0.000648s ]

[ 2016-06-07T00:08:36+08:00 ] 127.0.0.1 /Admin/Comment/showlist
INFO: [ app_init ] --START--
INFO: Run Behavior\BuildLiteBehavior [ RunTime:0.000025s ]
INFO: [ app_init ] --END-- [ RunTime:0.000433s ]
INFO: [ app_begin ] --START--
INFO: Run Behavior\ReadHtmlCacheBehavior [ RunTime:0.000477s ]
INFO: [ app_begin ] --END-- [ RunTime:0.000570s ]
SQL: SHOW COLUMNS FROM `cjt_comment` [ RunTime:0.0026s ]
SQL: SELECT COUNT(*) AS tp_count FROM `cjt_comment` LIMIT 1   [ RunTime:0.0003s ]
SQL: SELECT COUNT(*) AS tp_count FROM `cjt_comment` WHERE `status` = 0 LIMIT 1   [ RunTime:0.0002s ]
SQL: SELECT COUNT(*) AS tp_count FROM `cjt_comment` LIMIT 1   [ RunTime:0.0002s ]
SQL: SELECT * FROM `cjt_comment` ORDER BY commenttime DESC LIMIT 0,30   [ RunTime:0.0004s ]
SQL: SHOW COLUMNS FROM `cjt_article` [ RunTime:0.0025s ]
SQL: SELECT * FROM `cjt_article` WHERE ( 1=1 AND id='4' ) LIMIT 1   [ RunTime:0.0006s ]
SQL: SELECT * FROM `cjt_article` WHERE ( 1=1 AND id='10' ) LIMIT 1   [ RunTime:0.0007s ]
SQL: SELECT * FROM `cjt_article` WHERE ( 1=1 AND id='13' ) LIMIT 1   [ RunTime:0.0002s ]
SQL: SELECT * FROM `cjt_article` WHERE ( 1=1 AND id='14' ) LIMIT 1   [ RunTime:0.0010s ]
INFO: [ view_parse ] --START--
NOTIC: [2] file_get_contents(./Application/Admin/View/default/Public/footer.html): failed to open stream: No such file or directory E:\wamp\www\chenjt_website\ThinkPHP\Library\Think\Template.class.php 第 696 行.
INFO: [ template_filter ] --START--
INFO: Run Behavior\ContentReplaceBehavior [ RunTime:0.000115s ]
INFO: [ template_filter ] --END-- [ RunTime:0.000223s ]
INFO: Run Behavior\ParseTemplateBehavior [ RunTime:0.014821s ]
INFO: [ view_parse ] --END-- [ RunTime:0.014926s ]
INFO: [ view_filter ] --START--
INFO: Run Behavior\WriteHtmlCacheBehavior [ RunTime:0.000413s ]
INFO: [ view_filter ] --END-- [ RunTime:0.000493s ]
INFO: [ app_end ] --START--
INFO: Run Behavior\ShowPageTraceBehavior [ RunTime:0.000579s ]
INFO: [ app_end ] --END-- [ RunTime:0.000659s ]

[ 2016-06-07T00:08:37+08:00 ] 127.0.0.1 /Admin
INFO: [ app_init ] --START--
INFO: Run Behavior\BuildLiteBehavior [ RunTime:0.000022s ]
INFO: [ app_init ] --END-- [ RunTime:0.000413s ]
INFO: [ app_begin ] --START--
INFO: Run Behavior\ReadHtmlCacheBehavior [ RunTime:0.000718s ]
INFO: [ app_begin ] --END-- [ RunTime:0.000802s ]
SQL: SHOW COLUMNS FROM `cjt_comment` [ RunTime:0.0024s ]
SQL: SELECT COUNT(*) AS tp_count FROM `cjt_comment` LIMIT 1   [ RunTime:0.0003s ]
SQL: SELECT COUNT(*) AS tp_count FROM `cjt_comment` WHERE `status` = 0 LIMIT 1   [ RunTime:0.0002s ]
SQL: SHOW COLUMNS FROM `cjt_article` [ RunTime:0.0028s ]
SQL: SHOW COLUMNS FROM `cjt_sort` [ RunTime:0.0028s ]
SQL: SHOW COLUMNS FROM `cjt_tag` [ RunTime:0.0022s ]
SQL: SELECT COUNT(*) AS tp_count FROM `cjt_article` LIMIT 1   [ RunTime:0.0003s ]
SQL: SELECT SUM(readnum) FROM `cjt_article` LIMIT 1   [ RunTime:0.0002s ]
SQL: SELECT COUNT(*) AS tp_count FROM `cjt_comment` LIMIT 1   [ RunTime:0.0002s ]
SQL: SELECT COUNT(*) AS tp_count FROM `cjt_sort` LIMIT 1   [ RunTime:0.0002s ]
SQL: SELECT COUNT(*) AS tp_count FROM `cjt_tag` LIMIT 1   [ RunTime:0.0002s ]
SQL: SELECT MAX(readnum) AS tp_max FROM `cjt_article` LIMIT 1   [ RunTime:0.0002s ]
SQL: SELECT `title` FROM `cjt_article` WHERE `readnum` = 12 LIMIT 1   [ RunTime:0.0002s ]
SQL: SELECT MAX(readnum) AS tp_max FROM `cjt_article` LIMIT 1   [ RunTime:0.0002s ]
SQL: SELECT `title` FROM `cjt_article` WHERE `readnum` = 12 LIMIT 1   [ RunTime:0.0002s ]
SQL: SELECT `articleid`,count(articleid) FROM `cjt_comment` GROUP BY articleid ORDER BY count(articleid) DESC LIMIT 1   [ RunTime:0.0003s ]
SQL: SELECT `title` FROM `cjt_article` WHERE `id` = 14 LIMIT 1   [ RunTime:0.0002s ]
INFO: [ view_parse ] --START--
NOTIC: [2] file_get_contents(./Application/Admin/View/default/Public/footer.html): failed to open stream: No such file or directory E:\wamp\www\chenjt_website\ThinkPHP\Library\Think\Template.class.php 第 696 行.
INFO: [ template_filter ] --START--
INFO: Run Behavior\ContentReplaceBehavior [ RunTime:0.000101s ]
INFO: [ template_filter ] --END-- [ RunTime:0.000204s ]
INFO: Run Behavior\ParseTemplateBehavior [ RunTime:0.010279s ]
INFO: [ view_parse ] --END-- [ RunTime:0.010393s ]
INFO: [ view_filter ] --START--
INFO: Run Behavior\WriteHtmlCacheBehavior [ RunTime:0.000451s ]
INFO: [ view_filter ] --END-- [ RunTime:0.000528s ]
INFO: [ app_end ] --START--
INFO: Run Behavior\ShowPageTraceBehavior [ RunTime:0.000651s ]
INFO: [ app_end ] --END-- [ RunTime:0.000737s ]

[ 2016-06-07T00:08:38+08:00 ] 127.0.0.1 /Admin/Article/showlist
INFO: [ app_init ] --START--
INFO: Run Behavior\BuildLiteBehavior [ RunTime:0.000040s ]
INFO: [ app_init ] --END-- [ RunTime:0.000668s ]
INFO: [ app_begin ] --START--
INFO: Run Behavior\ReadHtmlCacheBehavior [ RunTime:0.001117s ]
INFO: [ app_begin ] --END-- [ RunTime:0.001280s ]
SQL: SHOW COLUMNS FROM `cjt_comment` [ RunTime:0.0028s ]
SQL: SELECT COUNT(*) AS tp_count FROM `cjt_comment` LIMIT 1   [ RunTime:0.0004s ]
SQL: SELECT COUNT(*) AS tp_count FROM `cjt_comment` WHERE `status` = 0 LIMIT 1   [ RunTime:0.0003s ]
SQL: SHOW COLUMNS FROM `cjt_article` [ RunTime:0.0026s ]
SQL: SELECT COUNT(*) AS tp_count FROM `cjt_article` LIMIT 1   [ RunTime:0.0002s ]
SQL: SELECT COUNT(*) AS tp_count FROM `cjt_article` LIMIT 1   [ RunTime:0.0002s ]
SQL: SELECT * FROM `cjt_article` ORDER BY lastmodifytime DESC LIMIT 0,10   [ RunTime:0.0024s ]
SQL: SHOW COLUMNS FROM `cjt_sort` [ RunTime:0.0025s ]
SQL: SELECT * FROM `cjt_sort` WHERE ( 1=1 AND sortid='5' ) LIMIT 1   [ RunTime:0.0002s ]
SQL: SHOW COLUMNS FROM `cjt_tag` [ RunTime:0.0028s ]
NOTIC: [8] Undefined index: mapping_order E:\wamp\www\chenjt_website\ThinkPHP\Library\Think\Model\RelationModel.class.php 第 186 行.
NOTIC: [8] Undefined index: mapping_limit E:\wamp\www\chenjt_website\ThinkPHP\Library\Think\Model\RelationModel.class.php 第 187 行.
SQL: SELECT b.* FROM cjt_articletag AS a, cjt_tag AS b WHERE a.tagid = b.tagid AND a. articleid='3' [ RunTime:0.0003s ]
SQL: SELECT * FROM `cjt_comment` WHERE ( 1=1 AND articleid='3' )  [ RunTime:0.0002s ]
SQL: SELECT * FROM `cjt_sort` WHERE ( 1=1 AND sortid='1' ) LIMIT 1   [ RunTime:0.0002s ]
NOTIC: [8] Undefined index: mapping_order E:\wamp\www\chenjt_website\ThinkPHP\Library\Think\Model\RelationModel.class.php 第 186 行.
NOTIC: [8] Undefined index: mapping_limit E:\wamp\www\chenjt_website\ThinkPHP\Library\Think\Model\RelationModel.class.php 第 187 行.
SQL: SELECT b.* FROM cjt_articletag AS a, cjt_tag AS b WHERE a.tagid = b.tagid AND a. articleid='2' [ RunTime:0.0002s ]
SQL: SELECT * FROM `cjt_comment` WHERE ( 1=1 AND articleid='2' )  [ RunTime:0.0002s ]
SQL: SELECT * FROM `cjt_sort` WHERE ( 1=1 AND sortid='3' ) LIMIT 1   [ RunTime:0.0001s ]
NOTIC: [8] Undefined index: mapping_order E:\wamp\www\chenjt_website\ThinkPHP\Library\Think\Model\RelationModel.class.php 第 186 行.
NOTIC: [8] Undefined index: mapping_limit E:\wamp\www\chenjt_website\ThinkPHP\Library\Think\Model\RelationModel.class.php 第 187 行.
SQL: SELECT b.* FROM cjt_articletag AS a, cjt_tag AS b WHERE a.tagid = b.tagid AND a. articleid='4' [ RunTime:0.0002s ]
SQL: SELECT * FROM `cjt_comment` WHERE ( 1=1 AND articleid='4' )  [ RunTime:0.0002s ]
SQL: SELECT * FROM `cjt_sort` WHERE ( 1=1 AND sortid='2' ) LIMIT 1   [ RunTime:0.0001s ]
NOTIC: [8] Undefined index: mapping_order E:\wamp\www\chenjt_website\ThinkPHP\Library\Think\Model\RelationModel.class.php 第 186 行.
NOTIC: [8] Undefined index: mapping_limit E:\wamp\www\chenjt_website\ThinkPHP\Library\Think\Model\RelationModel.class.php 第 187 行.
SQL: SELECT b.* FROM cjt_articletag AS a, cjt_tag AS b WHERE a.tagid = b.tagid AND a. articleid='5' [ RunTime:0.0002s ]
SQL: SELECT * FROM `cjt_comment` WHERE ( 1=1 AND articleid='5' )  [ RunTime:0.0002s ]
SQL: SELECT * FROM `cjt_sort` WHERE ( 1=1 AND sortid='4' ) LIMIT 1   [ RunTime:0.0001s ]
NOTIC: [8] Undefined index: mapping_order E:\wamp\www\chenjt_website\ThinkPHP\Library\Think\Model\RelationModel.class.php 第 186 行.
NOTIC: [8] Undefined index: mapping_limit E:\wamp\www\chenjt_website\ThinkPHP\Library\Think\Model\RelationModel.class.php 第 187 行.
SQL: SELECT b.* FROM cjt_articletag AS a, cjt_tag AS b WHERE a.tagid = b.tagid AND a. articleid='6' [ RunTime:0.0002s ]
SQL: SELECT * FROM `cjt_comment` WHERE ( 1=1 AND articleid='6' )  [ RunTime:0.0002s ]
SQL: SELECT * FROM `cjt_sort` WHERE ( 1=1 AND sortid='6' ) LIMIT 1   [ RunTime:0.0001s ]
NOTIC: [8] Undefined index: mapping_order E:\wamp\www\chenjt_website\ThinkPHP\Library\Think\Model\RelationModel.class.php 第 186 行.
NOTIC: [8] Undefined index: mapping_limit E:\wamp\www\chenjt_website\ThinkPHP\Library\Think\Model\RelationModel.class.php 第 187 行.
SQL: SELECT b.* FROM cjt_articletag AS a, cjt_tag AS b WHERE a.tagid = b.tagid AND a. articleid='7' [ RunTime:0.0002s ]
SQL: SELECT * FROM `cjt_comment` WHERE ( 1=1 AND articleid='7' )  [ RunTime:0.0002s ]
SQL: SELECT * FROM `cjt_sort` WHERE ( 1=1 AND sortid='6' ) LIMIT 1   [ RunTime:0.0001s ]
NOTIC: [8] Undefined index: mapping_order E:\wamp\www\chenjt_website\ThinkPHP\Library\Think\Model\RelationModel.class.php 第 186 行.
NOTIC: [8] Undefined index: mapping_limit E:\wamp\www\chenjt_website\ThinkPHP\Library\Think\Model\RelationModel.class.php 第 187 行.
SQL: SELECT b.* FROM cjt_articletag AS a, cjt_tag AS b WHERE a.tagid = b.tagid AND a. articleid='13' [ RunTime:0.0002s ]
SQL: SELECT * FROM `cjt_comment` WHERE ( 1=1 AND articleid='13' )  [ RunTime:0.0002s ]
SQL: SELECT * FROM `cjt_sort` WHERE ( 1=1 AND sortid='6' ) LIMIT 1   [ RunTime:0.0002s ]
NOTIC: [8] Undefined index: mapping_order E:\wamp\www\chenjt_website\ThinkPHP\Library\Think\Model\RelationModel.class.php 第 186 行.
NOTIC: [8] Undefined index: mapping_limit E:\wamp\www\chenjt_website\ThinkPHP\Library\Think\Model\RelationModel.class.php 第 187 行.
SQL: SELECT b.* FROM cjt_articletag AS a, cjt_tag AS b WHERE a.tagid = b.tagid AND a. articleid='8' [ RunTime:0.0002s ]
SQL: SELECT * FROM `cjt_comment` WHERE ( 1=1 AND articleid='8' )  [ RunTime:0.0002s ]
SQL: SELECT * FROM `cjt_sort` WHERE ( 1=1 AND sortid='6' ) LIMIT 1   [ RunTime:0.0001s ]
NOTIC: [8] Undefined index: mapping_order E:\wamp\www\chenjt_website\ThinkPHP\Library\Think\Model\RelationModel.class.php 第 186 行.
NOTIC: [8] Undefined index: mapping_limit E:\wamp\www\chenjt_website\ThinkPHP\Library\Think\Model\RelationModel.class.php 第 187 行.
SQL: SELECT b.* FROM cjt_articletag AS a, cjt_tag AS b WHERE a.tagid = b.tagid AND a. articleid='9' [ RunTime:0.0002s ]
SQL: SELECT * FROM `cjt_comment` WHERE ( 1=1 AND articleid='9' )  [ RunTime:0.0002s ]
SQL: SELECT * FROM `cjt_sort` WHERE ( 1=1 AND sortid='1' ) LIMIT 1   [ RunTime:0.0001s ]
NOTIC: [8] Undefined index: mapping_order E:\wamp\www\chenjt_website\ThinkPHP\Library\Think\Model\RelationModel.class.php 第 186 行.
NOTIC: [8] Undefined index: mapping_limit E:\wamp\www\chenjt_website\ThinkPHP\Library\Think\Model\RelationModel.class.php 第 187 行.
SQL: SELECT b.* FROM cjt_articletag AS a, cjt_tag AS b WHERE a.tagid = b.tagid AND a. articleid='12' [ RunTime:0.0002s ]
SQL: SELECT * FROM `cjt_comment` WHERE ( 1=1 AND articleid='12' )  [ RunTime:0.0002s ]
SQL: SELECT COUNT(*) AS tp_count FROM `cjt_comment` WHERE `articleid` = 3 LIMIT 1   [ RunTime:0.0002s ]
SQL: SELECT COUNT(*) AS tp_count FROM `cjt_comment` WHERE `articleid` = 3 AND `status` = 0 LIMIT 1   [ RunTime:0.0002s ]
SQL: SELECT COUNT(*) AS tp_count FROM `cjt_comment` WHERE `articleid` = 2 LIMIT 1   [ RunTime:0.0002s ]
SQL: SELECT COUNT(*) AS tp_count FROM `cjt_comment` WHERE `articleid` = 2 AND `status` = 0 LIMIT 1   [ RunTime:0.0002s ]
SQL: SELECT COUNT(*) AS tp_count FROM `cjt_comment` WHERE `articleid` = 4 LIMIT 1   [ RunTime:0.0002s ]
SQL: SELECT COUNT(*) AS tp_count FROM `cjt_comment` WHERE `articleid` = 4 AND `status` = 0 LIMIT 1   [ RunTime:0.0002s ]
SQL: SELECT COUNT(*) AS tp_count FROM `cjt_comment` WHERE `articleid` = 5 LIMIT 1   [ RunTime:0.0001s ]
SQL: SELECT COUNT(*) AS tp_count FROM `cjt_comment` WHERE `articleid` = 5 AND `status` = 0 LIMIT 1   [ RunTime:0.0002s ]
SQL: SELECT COUNT(*) AS tp_count FROM `cjt_comment` WHERE `articleid` = 6 LIMIT 1   [ RunTime:0.0001s ]
SQL: SELECT COUNT(*) AS tp_count FROM `cjt_comment` WHERE `articleid` = 6 AND `status` = 0 LIMIT 1   [ RunTime:0.0002s ]
SQL: SELECT COUNT(*) AS tp_count FROM `cjt_comment` WHERE `articleid` = 7 LIMIT 1   [ RunTime:0.0001s ]
SQL: SELECT COUNT(*) AS tp_count FROM `cjt_comment` WHERE `articleid` = 7 AND `status` = 0 LIMIT 1   [ RunTime:0.0002s ]
SQL: SELECT COUNT(*) AS tp_count FROM `cjt_comment` WHERE `articleid` = 13 LIMIT 1   [ RunTime:0.0002s ]
SQL: SELECT COUNT(*) AS tp_count FROM `cjt_comment` WHERE `articleid` = 13 AND `status` = 0 LIMIT 1   [ RunTime:0.0002s ]
SQL: SELECT COUNT(*) AS tp_count FROM `cjt_comment` WHERE `articleid` = 8 LIMIT 1   [ RunTime:0.0001s ]
SQL: SELECT COUNT(*) AS tp_count FROM `cjt_comment` WHERE `articleid` = 8 AND `status` = 0 LIMIT 1   [ RunTime:0.0002s ]
SQL: SELECT COUNT(*) AS tp_count FROM `cjt_comment` WHERE `articleid` = 9 LIMIT 1   [ RunTime:0.0001s ]
SQL: SELECT COUNT(*) AS tp_count FROM `cjt_comment` WHERE `articleid` = 9 AND `status` = 0 LIMIT 1   [ RunTime:0.0001s ]
SQL: SELECT COUNT(*) AS tp_count FROM `cjt_comment` WHERE `articleid` = 12 LIMIT 1   [ RunTime:0.0001s ]
SQL: SELECT COUNT(*) AS tp_count FROM `cjt_comment` WHERE `articleid` = 12 AND `status` = 0 LIMIT 1   [ RunTime:0.0001s ]
INFO: [ view_parse ] --START--
NOTIC: [2] file_get_contents(./Application/Admin/View/default/Public/footer.html): failed to open stream: No such file or directory E:\wamp\www\chenjt_website\ThinkPHP\Library\Think\Template.class.php 第 696 行.
INFO: [ template_filter ] --START--
INFO: Run Behavior\ContentReplaceBehavior [ RunTime:0.000146s ]
INFO: [ template_filter ] --END-- [ RunTime:0.000246s ]
INFO: Run Behavior\ParseTemplateBehavior [ RunTime:0.023051s ]
INFO: [ view_parse ] --END-- [ RunTime:0.023153s ]
INFO: [ view_filter ] --START--
INFO: Run Behavior\WriteHtmlCacheBehavior [ RunTime:0.000504s ]
INFO: [ view_filter ] --END-- [ RunTime:0.000596s ]
INFO: [ app_end ] --START--
INFO: Run Behavior\ShowPageTraceBehavior [ RunTime:0.000732s ]
INFO: [ app_end ] --END-- [ RunTime:0.000817s ]

