[ 2016-05-30T23:52:41+08:00 ] 127.0.0.1 /Admin/Index/index
INFO: [ app_init ] --START--
INFO: Run Behavior\BuildLiteBehavior [ RunTime:0.000060s ]
INFO: [ app_init ] --END-- [ RunTime:0.001021s ]
INFO: [ app_begin ] --START--
INFO: Run Behavior\ReadHtmlCacheBehavior [ RunTime:0.041438s ]
INFO: [ app_begin ] --END-- [ RunTime:0.041588s ]
INFO: [ view_parse ] --START--
INFO: [ template_filter ] --START--
INFO: Run Behavior\ContentReplaceBehavior [ RunTime:0.000277s ]
INFO: [ template_filter ] --END-- [ RunTime:0.000441s ]
NOTIC: [8] Undefined variable: newcommentnum E:\wamp\www\chenjt_website\Application\Runtime\Cache\Admin\085b574956cdc611cfedaace62cf4e64.php 第 132 行.
NOTIC: [8] Undefined variable: newcommentnum E:\wamp\www\chenjt_website\Application\Runtime\Cache\Admin\085b574956cdc611cfedaace62cf4e64.php 第 234 行.
INFO: Run Behavior\ParseTemplateBehavior [ RunTime:0.032620s ]
INFO: [ view_parse ] --END-- [ RunTime:0.032778s ]
INFO: [ view_filter ] --START--
INFO: Run Behavior\WriteHtmlCacheBehavior [ RunTime:0.009537s ]
INFO: [ view_filter ] --END-- [ RunTime:0.009676s ]
INFO: [ app_end ] --START--
INFO: Run Behavior\ShowPageTraceBehavior [ RunTime:0.001249s ]
INFO: [ app_end ] --END-- [ RunTime:0.001347s ]

[ 2016-05-30T23:52:55+08:00 ] 127.0.0.1 /Admin/Index/index
INFO: [ app_init ] --START--
INFO: Run Behavior\BuildLiteBehavior [ RunTime:0.000024s ]
INFO: [ app_init ] --END-- [ RunTime:0.000504s ]
INFO: [ app_begin ] --START--
INFO: Run Behavior\ReadHtmlCacheBehavior [ RunTime:0.000866s ]
INFO: [ app_begin ] --END-- [ RunTime:0.000988s ]
INFO: [ view_parse ] --START--
INFO: [ template_filter ] --START--
INFO: Run Behavior\ContentReplaceBehavior [ RunTime:0.000167s ]
INFO: [ template_filter ] --END-- [ RunTime:0.000266s ]
NOTIC: [8] Undefined variable: newcommentnum E:\wamp\www\chenjt_website\Application\Runtime\Cache\Admin\085b574956cdc611cfedaace62cf4e64.php 第 129 行.
NOTIC: [8] Undefined variable: newcommentnum E:\wamp\www\chenjt_website\Application\Runtime\Cache\Admin\085b574956cdc611cfedaace62cf4e64.php 第 231 行.
INFO: Run Behavior\ParseTemplateBehavior [ RunTime:0.013565s ]
INFO: [ view_parse ] --END-- [ RunTime:0.013669s ]
INFO: [ view_filter ] --START--
INFO: Run Behavior\WriteHtmlCacheBehavior [ RunTime:0.000379s ]
INFO: [ view_filter ] --END-- [ RunTime:0.000461s ]
INFO: [ app_end ] --START--
INFO: Run Behavior\ShowPageTraceBehavior [ RunTime:0.000615s ]
INFO: [ app_end ] --END-- [ RunTime:0.000698s ]

