[ 2016-06-03T09:40:18+08:00 ] 127.0.0.1 /Blog/Detail/index/id/178
INFO: [ app_init ] --START--
INFO: Run Behavior\BuildLiteBehavior [ RunTime:0.000032s ]
INFO: [ app_init ] --END-- [ RunTime:0.000605s ]
INFO: [ app_begin ] --START--
INFO: Run Behavior\ReadHtmlCacheBehavior [ RunTime:0.001780s ]
INFO: [ app_begin ] --END-- [ RunTime:0.002064s ]
SQL: SHOW COLUMNS FROM `cjt_sort` [ RunTime:0.0071s ]
SQL: SELECT * FROM `cjt_sort`  [ RunTime:0.0005s ]
SQL: SHOW COLUMNS FROM `cjt_tag` [ RunTime:0.0035s ]
SQL: SELECT * FROM `cjt_tag`  [ RunTime:0.0003s ]
SQL: SHOW COLUMNS FROM `cjt_article` [ RunTime:0.0055s ]
SQL: SHOW COLUMNS FROM `cjt_comment` [ RunTime:0.0036s ]
SQL: UPDATE `cjt_article` SET `readnum`=readnum+1 WHERE `id` = 178 [ RunTime:0.1409s ]
SQL: SELECT * FROM `cjt_comment` WHERE `articleid` = 178 AND `status` = 1 ORDER BY commenttime DESC  [ RunTime:0.0008s ]
SQL: SELECT COUNT(*) AS tp_count FROM `cjt_comment` WHERE `articleid` = 178 AND `status` = 1 LIMIT 1   [ RunTime:0.0004s ]
SQL: SELECT * FROM `cjt_article` WHERE ( id<178 ) ORDER BY id DESC LIMIT 1   [ RunTime:0.0003s ]
SQL: SELECT * FROM `cjt_article` WHERE ( id>178 ) ORDER BY id ASC LIMIT 1   [ RunTime:0.0003s ]
SQL: SHOW COLUMNS FROM `cjt_articletag` [ RunTime:0.0033s ]
NOTIC: [2] Illegal string offset 'articleid' D:\cjt\wamp\www\chenjt_website\Application\Blog\Controller\DetailController.class.php 第 40 行.
SQL: SELECT * FROM `cjt_article` WHERE `id` = 178 LIMIT 1   [ RunTime:0.0003s ]
SQL: SELECT * FROM `cjt_sort` WHERE ( 1=1 AND sortid='1' ) LIMIT 1   [ RunTime:0.0002s ]
SQL: SHOW COLUMNS FROM `cjt_tag` [ RunTime:0.0034s ]
NOTIC: [8] Undefined index: mapping_order D:\cjt\wamp\www\chenjt_website\ThinkPHP\Library\Think\Model\RelationModel.class.php 第 186 行.
NOTIC: [8] Undefined index: mapping_limit D:\cjt\wamp\www\chenjt_website\ThinkPHP\Library\Think\Model\RelationModel.class.php 第 187 行.
SQL: SELECT b.* FROM cjt_articletag AS a, cjt_tag AS b WHERE a.tagid = b.tagid AND a. articleid='178' [ RunTime:0.0005s ]
INFO: [ view_parse ] --START--
INFO: [ template_filter ] --START--
INFO: Run Behavior\ContentReplaceBehavior [ RunTime:0.000306s ]
INFO: [ template_filter ] --END-- [ RunTime:0.000599s ]
NOTIC: [8] Undefined index: commentid D:\cjt\wamp\www\chenjt_website\Application\Runtime\Cache\Blog\67bc5e4bbe1d0d4e657e44b32b1323b1.php 第 25 行.
INFO: Run Behavior\ParseTemplateBehavior [ RunTime:0.026397s ]
INFO: [ view_parse ] --END-- [ RunTime:0.026631s ]
INFO: [ view_filter ] --START--
INFO: Run Behavior\WriteHtmlCacheBehavior [ RunTime:0.000556s ]
INFO: [ view_filter ] --END-- [ RunTime:0.000701s ]
INFO: [ app_end ] --START--
INFO: Run Behavior\ShowPageTraceBehavior [ RunTime:0.000751s ]
INFO: [ app_end ] --END-- [ RunTime:0.000880s ]

[ 2016-06-03T12:31:41+08:00 ] 127.0.0.1 /Blog/Detail/index/id/181
INFO: [ app_init ] --START--
INFO: Run Behavior\BuildLiteBehavior [ RunTime:0.000034s ]
INFO: [ app_init ] --END-- [ RunTime:0.000723s ]
INFO: [ app_begin ] --START--
INFO: Run Behavior\ReadHtmlCacheBehavior [ RunTime:0.001467s ]
INFO: [ app_begin ] --END-- [ RunTime:0.001876s ]
SQL: SHOW COLUMNS FROM `cjt_sort` [ RunTime:0.0060s ]
SQL: SELECT * FROM `cjt_sort`  [ RunTime:0.0004s ]
SQL: SHOW COLUMNS FROM `cjt_tag` [ RunTime:0.0035s ]
SQL: SELECT * FROM `cjt_tag`  [ RunTime:0.0002s ]
SQL: SHOW COLUMNS FROM `cjt_article` [ RunTime:0.0055s ]
SQL: SHOW COLUMNS FROM `cjt_comment` [ RunTime:0.0039s ]
SQL: UPDATE `cjt_article` SET `readnum`=readnum+1 WHERE `id` = 181 [ RunTime:0.0846s ]
SQL: SELECT * FROM `cjt_comment` WHERE `articleid` = 181 AND `status` = 1 ORDER BY commenttime DESC  [ RunTime:0.0005s ]
SQL: SELECT COUNT(*) AS tp_count FROM `cjt_comment` WHERE `articleid` = 181 AND `status` = 1 LIMIT 1   [ RunTime:0.0002s ]
SQL: SELECT * FROM `cjt_article` WHERE ( id<181 ) ORDER BY id DESC LIMIT 1   [ RunTime:0.0007s ]
SQL: SELECT * FROM `cjt_article` WHERE ( id>181 ) ORDER BY id ASC LIMIT 1   [ RunTime:0.0004s ]
SQL: SHOW COLUMNS FROM `cjt_articletag` [ RunTime:0.0045s ]
NOTIC: [2] Illegal string offset 'articleid' D:\cjt\wamp\www\chenjt_website\Application\Blog\Controller\DetailController.class.php 第 40 行.
SQL: SELECT * FROM `cjt_article` WHERE `id` = 181 LIMIT 1   [ RunTime:0.0003s ]
SQL: SELECT * FROM `cjt_sort` WHERE ( 1=1 AND sortid='1' ) LIMIT 1   [ RunTime:0.0002s ]
SQL: SHOW COLUMNS FROM `cjt_tag` [ RunTime:0.0032s ]
NOTIC: [8] Undefined index: mapping_order D:\cjt\wamp\www\chenjt_website\ThinkPHP\Library\Think\Model\RelationModel.class.php 第 186 行.
NOTIC: [8] Undefined index: mapping_limit D:\cjt\wamp\www\chenjt_website\ThinkPHP\Library\Think\Model\RelationModel.class.php 第 187 行.
SQL: SELECT b.* FROM cjt_articletag AS a, cjt_tag AS b WHERE a.tagid = b.tagid AND a. articleid='181' [ RunTime:0.0004s ]
INFO: [ view_parse ] --START--
INFO: [ template_filter ] --START--
INFO: Run Behavior\ContentReplaceBehavior [ RunTime:0.000247s ]
INFO: [ template_filter ] --END-- [ RunTime:0.000508s ]
NOTIC: [8] Undefined index: commentid D:\cjt\wamp\www\chenjt_website\Application\Runtime\Cache\Blog\67bc5e4bbe1d0d4e657e44b32b1323b1.php 第 25 行.
INFO: Run Behavior\ParseTemplateBehavior [ RunTime:0.028552s ]
INFO: [ view_parse ] --END-- [ RunTime:0.028713s ]
INFO: [ view_filter ] --START--
INFO: Run Behavior\WriteHtmlCacheBehavior [ RunTime:0.000393s ]
INFO: [ view_filter ] --END-- [ RunTime:0.000555s ]
INFO: [ app_end ] --START--
INFO: Run Behavior\ShowPageTraceBehavior [ RunTime:0.000628s ]
INFO: [ app_end ] --END-- [ RunTime:0.000765s ]

[ 2016-06-03T12:31:58+08:00 ] 127.0.0.1 /Blog/Detail/addcomment
INFO: [ app_init ] --START--
INFO: Run Behavior\BuildLiteBehavior [ RunTime:0.000036s ]
INFO: [ app_init ] --END-- [ RunTime:0.000579s ]
INFO: [ app_begin ] --START--
INFO: Run Behavior\ReadHtmlCacheBehavior [ RunTime:0.000824s ]
INFO: [ app_begin ] --END-- [ RunTime:0.001007s ]
SQL: SHOW COLUMNS FROM `cjt_comment` [ RunTime:0.0928s ]
NOTIC: [8] Undefined index: validate D:\cjt\wamp\www\chenjt_website\ThinkPHP\Library\Think\Model.class.php 第 1185 行.
NOTIC: [8] Undefined index: auto D:\cjt\wamp\www\chenjt_website\ThinkPHP\Library\Think\Model.class.php 第 1128 行.
SQL: INSERT INTO `cjt_comment` (`commentauthor`,`personsite`,`commentcontent`,`articleid`,`commenttime`) VALUES ('1','http://1','1','181','1464928317') [ RunTime:0.1428s ]
INFO: [ view_parse ] --START--
INFO: [ template_filter ] --START--
INFO: Run Behavior\ContentReplaceBehavior [ RunTime:0.000262s ]
INFO: [ template_filter ] --END-- [ RunTime:0.000657s ]
INFO: Run Behavior\ParseTemplateBehavior [ RunTime:0.044253s ]
INFO: [ view_parse ] --END-- [ RunTime:0.044579s ]
INFO: [ view_filter ] --START--
INFO: Run Behavior\WriteHtmlCacheBehavior [ RunTime:0.000889s ]
INFO: [ view_filter ] --END-- [ RunTime:0.001154s ]
INFO: [ app_end ] --START--
INFO: Run Behavior\ShowPageTraceBehavior [ RunTime:0.001256s ]
INFO: [ app_end ] --END-- [ RunTime:0.001496s ]

[ 2016-06-03T12:32:00+08:00 ] 127.0.0.1 /Blog/Detail/index/id/181
INFO: [ app_init ] --START--
INFO: Run Behavior\BuildLiteBehavior [ RunTime:0.000034s ]
INFO: [ app_init ] --END-- [ RunTime:0.000529s ]
INFO: [ app_begin ] --START--
INFO: Run Behavior\ReadHtmlCacheBehavior [ RunTime:0.002414s ]
INFO: [ app_begin ] --END-- [ RunTime:0.003071s ]
SQL: SHOW COLUMNS FROM `cjt_sort` [ RunTime:0.0488s ]
SQL: SELECT * FROM `cjt_sort`  [ RunTime:0.0003s ]
SQL: SHOW COLUMNS FROM `cjt_tag` [ RunTime:0.0344s ]
SQL: SELECT * FROM `cjt_tag`  [ RunTime:0.0002s ]
SQL: SHOW COLUMNS FROM `cjt_article` [ RunTime:0.0880s ]
SQL: SHOW COLUMNS FROM `cjt_comment` [ RunTime:0.0040s ]
SQL: UPDATE `cjt_article` SET `readnum`=readnum+1 WHERE `id` = 181 [ RunTime:0.0848s ]
SQL: SELECT * FROM `cjt_comment` WHERE `articleid` = 181 AND `status` = 1 ORDER BY commenttime DESC  [ RunTime:0.0008s ]
SQL: SELECT COUNT(*) AS tp_count FROM `cjt_comment` WHERE `articleid` = 181 AND `status` = 1 LIMIT 1   [ RunTime:0.0006s ]
SQL: SELECT * FROM `cjt_article` WHERE ( id<181 ) ORDER BY id DESC LIMIT 1   [ RunTime:0.0008s ]
SQL: SELECT * FROM `cjt_article` WHERE ( id>181 ) ORDER BY id ASC LIMIT 1   [ RunTime:0.0006s ]
SQL: SHOW COLUMNS FROM `cjt_articletag` [ RunTime:0.0079s ]
NOTIC: [2] Illegal string offset 'articleid' D:\cjt\wamp\www\chenjt_website\Application\Blog\Controller\DetailController.class.php 第 40 行.
SQL: SELECT * FROM `cjt_article` WHERE `id` = 181 LIMIT 1   [ RunTime:0.0008s ]
SQL: SELECT * FROM `cjt_sort` WHERE ( 1=1 AND sortid='1' ) LIMIT 1   [ RunTime:0.0006s ]
SQL: SHOW COLUMNS FROM `cjt_tag` [ RunTime:0.0077s ]
NOTIC: [8] Undefined index: mapping_order D:\cjt\wamp\www\chenjt_website\ThinkPHP\Library\Think\Model\RelationModel.class.php 第 186 行.
NOTIC: [8] Undefined index: mapping_limit D:\cjt\wamp\www\chenjt_website\ThinkPHP\Library\Think\Model\RelationModel.class.php 第 187 行.
SQL: SELECT b.* FROM cjt_articletag AS a, cjt_tag AS b WHERE a.tagid = b.tagid AND a. articleid='181' [ RunTime:0.0008s ]
INFO: [ view_parse ] --START--
INFO: [ template_filter ] --START--
INFO: Run Behavior\ContentReplaceBehavior [ RunTime:0.000271s ]
INFO: [ template_filter ] --END-- [ RunTime:0.000555s ]
NOTIC: [8] Undefined index: commentid D:\cjt\wamp\www\chenjt_website\Application\Runtime\Cache\Blog\67bc5e4bbe1d0d4e657e44b32b1323b1.php 第 25 行.
INFO: Run Behavior\ParseTemplateBehavior [ RunTime:0.046637s ]
INFO: [ view_parse ] --END-- [ RunTime:0.046953s ]
INFO: [ view_filter ] --START--
INFO: Run Behavior\WriteHtmlCacheBehavior [ RunTime:0.000939s ]
INFO: [ view_filter ] --END-- [ RunTime:0.001174s ]
INFO: [ app_end ] --START--
INFO: Run Behavior\ShowPageTraceBehavior [ RunTime:0.001450s ]
INFO: [ app_end ] --END-- [ RunTime:0.001687s ]

[ 2016-06-03T12:32:06+08:00 ] 127.0.0.1 /Blog/Detail/index/id/181
INFO: [ app_init ] --START--
INFO: Run Behavior\BuildLiteBehavior [ RunTime:0.000056s ]
INFO: [ app_init ] --END-- [ RunTime:0.000540s ]
INFO: [ app_begin ] --START--
INFO: Run Behavior\ReadHtmlCacheBehavior [ RunTime:0.000950s ]
INFO: [ app_begin ] --END-- [ RunTime:0.001182s ]
SQL: SHOW COLUMNS FROM `cjt_sort` [ RunTime:0.0041s ]
SQL: SELECT * FROM `cjt_sort`  [ RunTime:0.0003s ]
SQL: SHOW COLUMNS FROM `cjt_tag` [ RunTime:0.0048s ]
SQL: SELECT * FROM `cjt_tag`  [ RunTime:0.0003s ]
SQL: SHOW COLUMNS FROM `cjt_article` [ RunTime:0.0037s ]
SQL: SHOW COLUMNS FROM `cjt_comment` [ RunTime:0.0034s ]
SQL: UPDATE `cjt_article` SET `readnum`=readnum+1 WHERE `id` = 181 [ RunTime:0.0835s ]
SQL: SELECT * FROM `cjt_comment` WHERE `articleid` = 181 AND `status` = 1 ORDER BY commenttime DESC  [ RunTime:0.0007s ]
SQL: SELECT COUNT(*) AS tp_count FROM `cjt_comment` WHERE `articleid` = 181 AND `status` = 1 LIMIT 1   [ RunTime:0.0003s ]
SQL: SELECT * FROM `cjt_article` WHERE ( id<181 ) ORDER BY id DESC LIMIT 1   [ RunTime:0.0005s ]
SQL: SELECT * FROM `cjt_article` WHERE ( id>181 ) ORDER BY id ASC LIMIT 1   [ RunTime:0.0003s ]
SQL: SHOW COLUMNS FROM `cjt_articletag` [ RunTime:0.0036s ]
NOTIC: [2] Illegal string offset 'articleid' D:\cjt\wamp\www\chenjt_website\Application\Blog\Controller\DetailController.class.php 第 40 行.
SQL: SELECT * FROM `cjt_article` WHERE `id` = 181 LIMIT 1   [ RunTime:0.0003s ]
SQL: SELECT * FROM `cjt_sort` WHERE ( 1=1 AND sortid='1' ) LIMIT 1   [ RunTime:0.0003s ]
SQL: SHOW COLUMNS FROM `cjt_tag` [ RunTime:0.0034s ]
NOTIC: [8] Undefined index: mapping_order D:\cjt\wamp\www\chenjt_website\ThinkPHP\Library\Think\Model\RelationModel.class.php 第 186 行.
NOTIC: [8] Undefined index: mapping_limit D:\cjt\wamp\www\chenjt_website\ThinkPHP\Library\Think\Model\RelationModel.class.php 第 187 行.
SQL: SELECT b.* FROM cjt_articletag AS a, cjt_tag AS b WHERE a.tagid = b.tagid AND a. articleid='181' [ RunTime:0.0004s ]
INFO: [ view_parse ] --START--
INFO: [ template_filter ] --START--
INFO: Run Behavior\ContentReplaceBehavior [ RunTime:0.000168s ]
INFO: [ template_filter ] --END-- [ RunTime:0.000342s ]
NOTIC: [8] Undefined index: commentid D:\cjt\wamp\www\chenjt_website\Application\Runtime\Cache\Blog\67bc5e4bbe1d0d4e657e44b32b1323b1.php 第 25 行.
INFO: Run Behavior\ParseTemplateBehavior [ RunTime:0.026042s ]
INFO: [ view_parse ] --END-- [ RunTime:0.026243s ]
INFO: [ view_filter ] --START--
INFO: Run Behavior\WriteHtmlCacheBehavior [ RunTime:0.000487s ]
INFO: [ view_filter ] --END-- [ RunTime:0.000609s ]
INFO: [ app_end ] --START--
INFO: Run Behavior\ShowPageTraceBehavior [ RunTime:0.000746s ]
INFO: [ app_end ] --END-- [ RunTime:0.000953s ]

[ 2016-06-03T12:32:12+08:00 ] 127.0.0.1 /Blog/Detail/index/id/181
INFO: [ app_init ] --START--
INFO: Run Behavior\BuildLiteBehavior [ RunTime:0.000031s ]
INFO: [ app_init ] --END-- [ RunTime:0.000520s ]
INFO: [ app_begin ] --START--
INFO: Run Behavior\ReadHtmlCacheBehavior [ RunTime:0.001189s ]
INFO: [ app_begin ] --END-- [ RunTime:0.001358s ]
SQL: SHOW COLUMNS FROM `cjt_sort` [ RunTime:0.0372s ]
SQL: SELECT * FROM `cjt_sort`  [ RunTime:0.0004s ]
SQL: SHOW COLUMNS FROM `cjt_tag` [ RunTime:0.0362s ]
SQL: SELECT * FROM `cjt_tag`  [ RunTime:0.0003s ]
SQL: SHOW COLUMNS FROM `cjt_article` [ RunTime:0.0944s ]
SQL: SHOW COLUMNS FROM `cjt_comment` [ RunTime:0.0039s ]
SQL: UPDATE `cjt_article` SET `readnum`=readnum+1 WHERE `id` = 181 [ RunTime:0.0887s ]
SQL: SELECT * FROM `cjt_comment` WHERE `articleid` = 181 AND `status` = 1 ORDER BY commenttime DESC  [ RunTime:0.0005s ]
SQL: SELECT COUNT(*) AS tp_count FROM `cjt_comment` WHERE `articleid` = 181 AND `status` = 1 LIMIT 1   [ RunTime:0.0003s ]
SQL: SELECT * FROM `cjt_article` WHERE ( id<181 ) ORDER BY id DESC LIMIT 1   [ RunTime:0.0004s ]
SQL: SELECT * FROM `cjt_article` WHERE ( id>181 ) ORDER BY id ASC LIMIT 1   [ RunTime:0.0004s ]
SQL: SHOW COLUMNS FROM `cjt_articletag` [ RunTime:0.0393s ]
NOTIC: [2] Illegal string offset 'articleid' D:\cjt\wamp\www\chenjt_website\Application\Blog\Controller\DetailController.class.php 第 40 行.
SQL: SELECT * FROM `cjt_article` WHERE `id` = 181 LIMIT 1   [ RunTime:0.0003s ]
SQL: SELECT * FROM `cjt_sort` WHERE ( 1=1 AND sortid='1' ) LIMIT 1   [ RunTime:0.0002s ]
SQL: SHOW COLUMNS FROM `cjt_tag` [ RunTime:0.0033s ]
NOTIC: [8] Undefined index: mapping_order D:\cjt\wamp\www\chenjt_website\ThinkPHP\Library\Think\Model\RelationModel.class.php 第 186 行.
NOTIC: [8] Undefined index: mapping_limit D:\cjt\wamp\www\chenjt_website\ThinkPHP\Library\Think\Model\RelationModel.class.php 第 187 行.
SQL: SELECT b.* FROM cjt_articletag AS a, cjt_tag AS b WHERE a.tagid = b.tagid AND a. articleid='181' [ RunTime:0.0005s ]
INFO: [ view_parse ] --START--
INFO: [ template_filter ] --START--
INFO: Run Behavior\ContentReplaceBehavior [ RunTime:0.000140s ]
INFO: [ template_filter ] --END-- [ RunTime:0.000463s ]
NOTIC: [8] Undefined index: commentid D:\cjt\wamp\www\chenjt_website\Application\Runtime\Cache\Blog\67bc5e4bbe1d0d4e657e44b32b1323b1.php 第 25 行.
INFO: Run Behavior\ParseTemplateBehavior [ RunTime:0.022100s ]
INFO: [ view_parse ] --END-- [ RunTime:0.022243s ]
INFO: [ view_filter ] --START--
INFO: Run Behavior\WriteHtmlCacheBehavior [ RunTime:0.000603s ]
INFO: [ view_filter ] --END-- [ RunTime:0.000729s ]
INFO: [ app_end ] --START--
INFO: Run Behavior\ShowPageTraceBehavior [ RunTime:0.000775s ]
INFO: [ app_end ] --END-- [ RunTime:0.000900s ]

