[ 2016-05-28T00:12:04+08:00 ] 127.0.0.1 /blog
INFO: [ app_init ] --START--
INFO: Run Behavior\BuildLiteBehavior [ RunTime:0.000023s ]
INFO: [ app_init ] --END-- [ RunTime:0.000365s ]
INFO: [ app_begin ] --START--
INFO: Run Behavior\ReadHtmlCacheBehavior [ RunTime:0.000514s ]
INFO: [ app_begin ] --END-- [ RunTime:0.000615s ]
SQL: SHOW COLUMNS FROM `cjt_sort` [ RunTime:0.0970s ]
SQL: SELECT * FROM `cjt_sort`  [ RunTime:0.0004s ]
SQL: SHOW COLUMNS FROM `cjt_tag` [ RunTime:0.0253s ]
SQL: SELECT * FROM `cjt_tag`  [ RunTime:0.0004s ]
SQL: SHOW COLUMNS FROM `cjt_article` [ RunTime:0.0804s ]
SQL: SELECT COUNT(*) AS tp_count FROM `cjt_article` LIMIT 1   [ RunTime:0.0005s ]
SQL: SELECT * FROM `cjt_article` ORDER BY lastmodifytime DESC LIMIT 0,9   [ RunTime:0.0876s ]
SQL: SELECT * FROM `cjt_sort` WHERE ( 1=1 AND sortid='1' ) LIMIT 1   [ RunTime:0.0003s ]
SQL: SHOW COLUMNS FROM `cjt_tag` [ RunTime:0.0023s ]
NOTIC: [8] Undefined index: mapping_order E:\wamp\www\chenjt_website\ThinkPHP\Library\Think\Model\RelationModel.class.php 第 186 行.
NOTIC: [8] Undefined index: mapping_limit E:\wamp\www\chenjt_website\ThinkPHP\Library\Think\Model\RelationModel.class.php 第 187 行.
SQL: SELECT b.* FROM cjt_articletag AS a, cjt_tag AS b WHERE a.tagid = b.tagid AND a. articleid='178' [ RunTime:0.0614s ]
SQL: SELECT * FROM `cjt_sort` WHERE ( 1=1 AND sortid='1' ) LIMIT 1   [ RunTime:0.0004s ]
NOTIC: [8] Undefined index: mapping_order E:\wamp\www\chenjt_website\ThinkPHP\Library\Think\Model\RelationModel.class.php 第 186 行.
NOTIC: [8] Undefined index: mapping_limit E:\wamp\www\chenjt_website\ThinkPHP\Library\Think\Model\RelationModel.class.php 第 187 行.
SQL: SELECT b.* FROM cjt_articletag AS a, cjt_tag AS b WHERE a.tagid = b.tagid AND a. articleid='176' [ RunTime:0.0003s ]
SQL: SELECT * FROM `cjt_sort` WHERE ( 1=1 AND sortid='10' ) LIMIT 1   [ RunTime:0.0002s ]
NOTIC: [8] Undefined index: mapping_order E:\wamp\www\chenjt_website\ThinkPHP\Library\Think\Model\RelationModel.class.php 第 186 行.
NOTIC: [8] Undefined index: mapping_limit E:\wamp\www\chenjt_website\ThinkPHP\Library\Think\Model\RelationModel.class.php 第 187 行.
SQL: SELECT b.* FROM cjt_articletag AS a, cjt_tag AS b WHERE a.tagid = b.tagid AND a. articleid='175' [ RunTime:0.0002s ]
SQL: SELECT * FROM `cjt_sort` WHERE ( 1=1 AND sortid='1' ) LIMIT 1   [ RunTime:0.0002s ]
NOTIC: [8] Undefined index: mapping_order E:\wamp\www\chenjt_website\ThinkPHP\Library\Think\Model\RelationModel.class.php 第 186 行.
NOTIC: [8] Undefined index: mapping_limit E:\wamp\www\chenjt_website\ThinkPHP\Library\Think\Model\RelationModel.class.php 第 187 行.
SQL: SELECT b.* FROM cjt_articletag AS a, cjt_tag AS b WHERE a.tagid = b.tagid AND a. articleid='163' [ RunTime:0.0003s ]
SQL: SELECT * FROM `cjt_sort` WHERE ( 1=1 AND sortid='1' ) LIMIT 1   [ RunTime:0.0002s ]
NOTIC: [8] Undefined index: mapping_order E:\wamp\www\chenjt_website\ThinkPHP\Library\Think\Model\RelationModel.class.php 第 186 行.
NOTIC: [8] Undefined index: mapping_limit E:\wamp\www\chenjt_website\ThinkPHP\Library\Think\Model\RelationModel.class.php 第 187 行.
SQL: SELECT b.* FROM cjt_articletag AS a, cjt_tag AS b WHERE a.tagid = b.tagid AND a. articleid='174' [ RunTime:0.0002s ]
SQL: SELECT * FROM `cjt_sort` WHERE ( 1=1 AND sortid='10' ) LIMIT 1   [ RunTime:0.0002s ]
NOTIC: [8] Undefined index: mapping_order E:\wamp\www\chenjt_website\ThinkPHP\Library\Think\Model\RelationModel.class.php 第 186 行.
NOTIC: [8] Undefined index: mapping_limit E:\wamp\www\chenjt_website\ThinkPHP\Library\Think\Model\RelationModel.class.php 第 187 行.
SQL: SELECT b.* FROM cjt_articletag AS a, cjt_tag AS b WHERE a.tagid = b.tagid AND a. articleid='171' [ RunTime:0.0002s ]
SQL: SELECT * FROM `cjt_sort` WHERE ( 1=1 AND sortid='12' ) LIMIT 1   [ RunTime:0.0002s ]
NOTIC: [8] Undefined index: mapping_order E:\wamp\www\chenjt_website\ThinkPHP\Library\Think\Model\RelationModel.class.php 第 186 行.
NOTIC: [8] Undefined index: mapping_limit E:\wamp\www\chenjt_website\ThinkPHP\Library\Think\Model\RelationModel.class.php 第 187 行.
SQL: SELECT b.* FROM cjt_articletag AS a, cjt_tag AS b WHERE a.tagid = b.tagid AND a. articleid='173' [ RunTime:0.0002s ]
SQL: SELECT * FROM `cjt_sort` WHERE ( 1=1 AND sortid='10' ) LIMIT 1   [ RunTime:0.0003s ]
NOTIC: [8] Undefined index: mapping_order E:\wamp\www\chenjt_website\ThinkPHP\Library\Think\Model\RelationModel.class.php 第 186 行.
NOTIC: [8] Undefined index: mapping_limit E:\wamp\www\chenjt_website\ThinkPHP\Library\Think\Model\RelationModel.class.php 第 187 行.
SQL: SELECT b.* FROM cjt_articletag AS a, cjt_tag AS b WHERE a.tagid = b.tagid AND a. articleid='172' [ RunTime:0.0002s ]
SQL: SELECT * FROM `cjt_sort` WHERE ( 1=1 AND sortid='1' ) LIMIT 1   [ RunTime:0.0002s ]
NOTIC: [8] Undefined index: mapping_order E:\wamp\www\chenjt_website\ThinkPHP\Library\Think\Model\RelationModel.class.php 第 186 行.
NOTIC: [8] Undefined index: mapping_limit E:\wamp\www\chenjt_website\ThinkPHP\Library\Think\Model\RelationModel.class.php 第 187 行.
SQL: SELECT b.* FROM cjt_articletag AS a, cjt_tag AS b WHERE a.tagid = b.tagid AND a. articleid='170' [ RunTime:0.0004s ]
INFO: [ view_parse ] --START--
INFO: [ template_filter ] --START--
INFO: Run Behavior\ContentReplaceBehavior [ RunTime:0.000117s ]
INFO: [ template_filter ] --END-- [ RunTime:0.000236s ]
INFO: Run Behavior\ParseTemplateBehavior [ RunTime:0.180835s ]
INFO: [ view_parse ] --END-- [ RunTime:0.180958s ]
INFO: [ view_filter ] --START--
INFO: Run Behavior\WriteHtmlCacheBehavior [ RunTime:0.000266s ]
INFO: [ view_filter ] --END-- [ RunTime:0.000343s ]
INFO: [ app_end ] --START--
INFO: Run Behavior\ShowPageTraceBehavior [ RunTime:0.000742s ]
INFO: [ app_end ] --END-- [ RunTime:0.000830s ]

[ 2016-05-28T00:14:44+08:00 ] 127.0.0.1 /Blog/List/showlisttag/tagid/1
INFO: [ app_init ] --START--
INFO: Run Behavior\BuildLiteBehavior [ RunTime:0.000039s ]
INFO: [ app_init ] --END-- [ RunTime:0.000678s ]
INFO: [ app_begin ] --START--
INFO: Run Behavior\ReadHtmlCacheBehavior [ RunTime:0.001269s ]
INFO: [ app_begin ] --END-- [ RunTime:0.001475s ]
SQL: SHOW COLUMNS FROM `cjt_articletag` [ RunTime:0.0025s ]
SQL: SHOW COLUMNS FROM `cjt_article` [ RunTime:0.0027s ]
SQL: SHOW COLUMNS FROM `cjt_tag` [ RunTime:0.0024s ]
SQL: SELECT `articleid` FROM `cjt_articletag` WHERE `tagid` = 1  [ RunTime:0.0004s ]
SQL: SELECT * FROM `cjt_tag`  [ RunTime:0.0002s ]
SQL: SHOW COLUMNS FROM `cjt_sort` [ RunTime:0.0022s ]
SQL: SELECT * FROM `cjt_sort`  [ RunTime:0.0003s ]
SQL: SELECT `tagname` FROM `cjt_tag` WHERE `tagid` = 1  [ RunTime:0.0002s ]
SQL: SELECT COUNT(*) AS tp_count FROM `cjt_articletag` WHERE `tagid` = 1 LIMIT 1   [ RunTime:0.0002s ]
SQL: SELECT * FROM `cjt_article` WHERE `id` IN ('157','165','169','52','57','43','170','173','171','174') ORDER BY lastmodifytime DESC LIMIT 0,10   [ RunTime:0.0011s ]
SQL: SELECT * FROM `cjt_sort` WHERE ( 1=1 AND sortid='1' ) LIMIT 1   [ RunTime:0.0003s ]
SQL: SHOW COLUMNS FROM `cjt_tag` [ RunTime:0.0026s ]
NOTIC: [8] Undefined index: mapping_order E:\wamp\www\chenjt_website\ThinkPHP\Library\Think\Model\RelationModel.class.php 第 186 行.
NOTIC: [8] Undefined index: mapping_limit E:\wamp\www\chenjt_website\ThinkPHP\Library\Think\Model\RelationModel.class.php 第 187 行.
SQL: SELECT b.* FROM cjt_articletag AS a, cjt_tag AS b WHERE a.tagid = b.tagid AND a. articleid='174' [ RunTime:0.0004s ]
SQL: SELECT * FROM `cjt_sort` WHERE ( 1=1 AND sortid='10' ) LIMIT 1   [ RunTime:0.0004s ]
NOTIC: [8] Undefined index: mapping_order E:\wamp\www\chenjt_website\ThinkPHP\Library\Think\Model\RelationModel.class.php 第 186 行.
NOTIC: [8] Undefined index: mapping_limit E:\wamp\www\chenjt_website\ThinkPHP\Library\Think\Model\RelationModel.class.php 第 187 行.
SQL: SELECT b.* FROM cjt_articletag AS a, cjt_tag AS b WHERE a.tagid = b.tagid AND a. articleid='171' [ RunTime:0.0003s ]
SQL: SELECT * FROM `cjt_sort` WHERE ( 1=1 AND sortid='12' ) LIMIT 1   [ RunTime:0.0002s ]
NOTIC: [8] Undefined index: mapping_order E:\wamp\www\chenjt_website\ThinkPHP\Library\Think\Model\RelationModel.class.php 第 186 行.
NOTIC: [8] Undefined index: mapping_limit E:\wamp\www\chenjt_website\ThinkPHP\Library\Think\Model\RelationModel.class.php 第 187 行.
SQL: SELECT b.* FROM cjt_articletag AS a, cjt_tag AS b WHERE a.tagid = b.tagid AND a. articleid='173' [ RunTime:0.0003s ]
SQL: SELECT * FROM `cjt_sort` WHERE ( 1=1 AND sortid='1' ) LIMIT 1   [ RunTime:0.0002s ]
NOTIC: [8] Undefined index: mapping_order E:\wamp\www\chenjt_website\ThinkPHP\Library\Think\Model\RelationModel.class.php 第 186 行.
NOTIC: [8] Undefined index: mapping_limit E:\wamp\www\chenjt_website\ThinkPHP\Library\Think\Model\RelationModel.class.php 第 187 行.
SQL: SELECT b.* FROM cjt_articletag AS a, cjt_tag AS b WHERE a.tagid = b.tagid AND a. articleid='170' [ RunTime:0.0002s ]
SQL: SELECT * FROM `cjt_sort` WHERE ( 1=1 AND sortid='14' ) LIMIT 1   [ RunTime:0.0002s ]
NOTIC: [8] Undefined index: mapping_order E:\wamp\www\chenjt_website\ThinkPHP\Library\Think\Model\RelationModel.class.php 第 186 行.
NOTIC: [8] Undefined index: mapping_limit E:\wamp\www\chenjt_website\ThinkPHP\Library\Think\Model\RelationModel.class.php 第 187 行.
SQL: SELECT b.* FROM cjt_articletag AS a, cjt_tag AS b WHERE a.tagid = b.tagid AND a. articleid='43' [ RunTime:0.0002s ]
SQL: SELECT * FROM `cjt_sort` WHERE ( 1=1 AND sortid='10' ) LIMIT 1   [ RunTime:0.0002s ]
NOTIC: [8] Undefined index: mapping_order E:\wamp\www\chenjt_website\ThinkPHP\Library\Think\Model\RelationModel.class.php 第 186 行.
NOTIC: [8] Undefined index: mapping_limit E:\wamp\www\chenjt_website\ThinkPHP\Library\Think\Model\RelationModel.class.php 第 187 行.
SQL: SELECT b.* FROM cjt_articletag AS a, cjt_tag AS b WHERE a.tagid = b.tagid AND a. articleid='57' [ RunTime:0.0003s ]
SQL: SELECT * FROM `cjt_sort` WHERE ( 1=1 AND sortid='1' ) LIMIT 1   [ RunTime:0.0005s ]
NOTIC: [8] Undefined index: mapping_order E:\wamp\www\chenjt_website\ThinkPHP\Library\Think\Model\RelationModel.class.php 第 186 行.
NOTIC: [8] Undefined index: mapping_limit E:\wamp\www\chenjt_website\ThinkPHP\Library\Think\Model\RelationModel.class.php 第 187 行.
SQL: SELECT b.* FROM cjt_articletag AS a, cjt_tag AS b WHERE a.tagid = b.tagid AND a. articleid='52' [ RunTime:0.0006s ]
SQL: SELECT * FROM `cjt_sort` WHERE ( 1=1 AND sortid='10' ) LIMIT 1   [ RunTime:0.0004s ]
NOTIC: [8] Undefined index: mapping_order E:\wamp\www\chenjt_website\ThinkPHP\Library\Think\Model\RelationModel.class.php 第 186 行.
NOTIC: [8] Undefined index: mapping_limit E:\wamp\www\chenjt_website\ThinkPHP\Library\Think\Model\RelationModel.class.php 第 187 行.
SQL: SELECT b.* FROM cjt_articletag AS a, cjt_tag AS b WHERE a.tagid = b.tagid AND a. articleid='169' [ RunTime:0.0003s ]
SQL: SELECT * FROM `cjt_sort` WHERE ( 1=1 AND sortid='10' ) LIMIT 1   [ RunTime:0.0002s ]
NOTIC: [8] Undefined index: mapping_order E:\wamp\www\chenjt_website\ThinkPHP\Library\Think\Model\RelationModel.class.php 第 186 行.
NOTIC: [8] Undefined index: mapping_limit E:\wamp\www\chenjt_website\ThinkPHP\Library\Think\Model\RelationModel.class.php 第 187 行.
SQL: SELECT b.* FROM cjt_articletag AS a, cjt_tag AS b WHERE a.tagid = b.tagid AND a. articleid='165' [ RunTime:0.0002s ]
SQL: SELECT * FROM `cjt_sort` WHERE ( 1=1 AND sortid='10' ) LIMIT 1   [ RunTime:0.0002s ]
NOTIC: [8] Undefined index: mapping_order E:\wamp\www\chenjt_website\ThinkPHP\Library\Think\Model\RelationModel.class.php 第 186 行.
NOTIC: [8] Undefined index: mapping_limit E:\wamp\www\chenjt_website\ThinkPHP\Library\Think\Model\RelationModel.class.php 第 187 行.
SQL: SELECT b.* FROM cjt_articletag AS a, cjt_tag AS b WHERE a.tagid = b.tagid AND a. articleid='157' [ RunTime:0.0003s ]
INFO: [ view_parse ] --START--
INFO: [ template_filter ] --START--
INFO: Run Behavior\ContentReplaceBehavior [ RunTime:0.000095s ]
INFO: [ template_filter ] --END-- [ RunTime:0.000185s ]
NOTIC: [8] Undefined variable: sortid E:\wamp\www\chenjt_website\Application\Runtime\Cache\Blog\be6f1463f22fc8f76132bd473a653c5e.php 第 15 行.
INFO: Run Behavior\ParseTemplateBehavior [ RunTime:0.021646s ]
INFO: [ view_parse ] --END-- [ RunTime:0.021759s ]
INFO: [ view_filter ] --START--
INFO: Run Behavior\WriteHtmlCacheBehavior [ RunTime:0.000457s ]
INFO: [ view_filter ] --END-- [ RunTime:0.000550s ]
INFO: [ app_end ] --START--
INFO: Run Behavior\ShowPageTraceBehavior [ RunTime:0.000647s ]
INFO: [ app_end ] --END-- [ RunTime:0.000739s ]

[ 2016-05-28T00:16:08+08:00 ] 127.0.0.1 /Blog/Detail/index/id/174
INFO: [ app_init ] --START--
INFO: Run Behavior\BuildLiteBehavior [ RunTime:0.000024s ]
INFO: [ app_init ] --END-- [ RunTime:0.000576s ]
INFO: [ app_begin ] --START--
INFO: Run Behavior\ReadHtmlCacheBehavior [ RunTime:0.000694s ]
INFO: [ app_begin ] --END-- [ RunTime:0.000788s ]
SQL: SHOW COLUMNS FROM `cjt_sort` [ RunTime:0.0023s ]
SQL: SELECT * FROM `cjt_sort`  [ RunTime:0.0004s ]
SQL: SHOW COLUMNS FROM `cjt_tag` [ RunTime:0.0026s ]
SQL: SELECT * FROM `cjt_tag`  [ RunTime:0.0007s ]
SQL: SHOW COLUMNS FROM `cjt_article` [ RunTime:0.0028s ]
SQL: UPDATE `cjt_article` SET `readnum`=readnum+1 WHERE `id` = 174 [ RunTime:0.0020s ]
SQL: SHOW COLUMNS FROM `cjt_comment` [ RunTime:0.0388s ]
SQL: SELECT * FROM `cjt_comment` WHERE `articleid` = 174 ORDER BY commenttime DESC  [ RunTime:0.0004s ]
SQL: SELECT * FROM `cjt_article` WHERE ( id<174 ) ORDER BY id DESC LIMIT 1   [ RunTime:0.0003s ]
SQL: SELECT * FROM `cjt_article` WHERE ( id>174 ) ORDER BY id ASC LIMIT 1   [ RunTime:0.0003s ]
SQL: SHOW COLUMNS FROM `cjt_articletag` [ RunTime:0.0025s ]
NOTIC: [2] Illegal string offset 'articleid' E:\wamp\www\chenjt_website\Application\Blog\Controller\DetailController.class.php 第 40 行.
SQL: SELECT * FROM `cjt_article` WHERE `id` = 174 LIMIT 1   [ RunTime:0.0006s ]
SQL: SELECT * FROM `cjt_sort` WHERE ( 1=1 AND sortid='1' ) LIMIT 1   [ RunTime:0.0003s ]
SQL: SHOW COLUMNS FROM `cjt_tag` [ RunTime:0.0025s ]
NOTIC: [8] Undefined index: mapping_order E:\wamp\www\chenjt_website\ThinkPHP\Library\Think\Model\RelationModel.class.php 第 186 行.
NOTIC: [8] Undefined index: mapping_limit E:\wamp\www\chenjt_website\ThinkPHP\Library\Think\Model\RelationModel.class.php 第 187 行.
SQL: SELECT b.* FROM cjt_articletag AS a, cjt_tag AS b WHERE a.tagid = b.tagid AND a. articleid='174' [ RunTime:0.0004s ]
INFO: [ view_parse ] --START--
INFO: [ template_filter ] --START--
INFO: Run Behavior\ContentReplaceBehavior [ RunTime:0.000150s ]
INFO: [ template_filter ] --END-- [ RunTime:0.000246s ]
NOTIC: [8] Undefined index: commentid E:\wamp\www\chenjt_website\Application\Runtime\Cache\Blog\67bc5e4bbe1d0d4e657e44b32b1323b1.php 第 25 行.
INFO: Run Behavior\ParseTemplateBehavior [ RunTime:0.092861s ]
INFO: [ view_parse ] --END-- [ RunTime:0.092972s ]
INFO: [ view_filter ] --START--
INFO: Run Behavior\WriteHtmlCacheBehavior [ RunTime:0.000677s ]
INFO: [ view_filter ] --END-- [ RunTime:0.000763s ]
INFO: [ app_end ] --START--
INFO: Run Behavior\ShowPageTraceBehavior [ RunTime:0.000636s ]
INFO: [ app_end ] --END-- [ RunTime:0.000719s ]

[ 2016-05-28T14:53:52+08:00 ] 127.0.0.1 /Blog/Detail/index/id/178
INFO: [ app_init ] --START--
INFO: Run Behavior\BuildLiteBehavior [ RunTime:0.000041s ]
INFO: [ app_init ] --END-- [ RunTime:0.000745s ]
INFO: [ app_begin ] --START--
INFO: Run Behavior\ReadHtmlCacheBehavior [ RunTime:0.001007s ]
INFO: [ app_begin ] --END-- [ RunTime:0.001181s ]
SQL: SHOW COLUMNS FROM `cjt_sort` [ RunTime:0.0036s ]
SQL: SELECT * FROM `cjt_sort`  [ RunTime:0.0006s ]
SQL: SHOW COLUMNS FROM `cjt_tag` [ RunTime:0.0044s ]
SQL: SELECT * FROM `cjt_tag`  [ RunTime:0.0003s ]
SQL: SHOW COLUMNS FROM `cjt_article` [ RunTime:0.0030s ]
SQL: UPDATE `cjt_article` SET `readnum`=readnum+1 WHERE `id` = 178 [ RunTime:0.0019s ]
SQL: SHOW COLUMNS FROM `cjt_comment` [ RunTime:0.0047s ]
SQL: SELECT * FROM `cjt_comment` WHERE `articleid` = 178 ORDER BY commenttime DESC  [ RunTime:0.0007s ]
SQL: SELECT * FROM `cjt_article` WHERE ( id<178 ) ORDER BY id DESC LIMIT 1   [ RunTime:0.0006s ]
SQL: SELECT * FROM `cjt_article` WHERE ( id>178 ) ORDER BY id ASC LIMIT 1   [ RunTime:0.0010s ]
SQL: SHOW COLUMNS FROM `cjt_articletag` [ RunTime:0.0029s ]
NOTIC: [2] Illegal string offset 'articleid' E:\wamp\www\chenjt_website\Application\Blog\Controller\DetailController.class.php 第 40 行.
SQL: SELECT * FROM `cjt_article` WHERE `id` = 178 LIMIT 1   [ RunTime:0.0004s ]
SQL: SELECT * FROM `cjt_sort` WHERE ( 1=1 AND sortid='1' ) LIMIT 1   [ RunTime:0.0002s ]
SQL: SHOW COLUMNS FROM `cjt_tag` [ RunTime:0.0029s ]
NOTIC: [8] Undefined index: mapping_order E:\wamp\www\chenjt_website\ThinkPHP\Library\Think\Model\RelationModel.class.php 第 186 行.
NOTIC: [8] Undefined index: mapping_limit E:\wamp\www\chenjt_website\ThinkPHP\Library\Think\Model\RelationModel.class.php 第 187 行.
SQL: SELECT b.* FROM cjt_articletag AS a, cjt_tag AS b WHERE a.tagid = b.tagid AND a. articleid='178' [ RunTime:0.0006s ]
INFO: [ view_parse ] --START--
INFO: [ template_filter ] --START--
INFO: Run Behavior\ContentReplaceBehavior [ RunTime:0.000206s ]
INFO: [ template_filter ] --END-- [ RunTime:0.000338s ]
NOTIC: [8] Undefined index: commentid E:\wamp\www\chenjt_website\Application\Runtime\Cache\Blog\67bc5e4bbe1d0d4e657e44b32b1323b1.php 第 25 行.
INFO: Run Behavior\ParseTemplateBehavior [ RunTime:0.051649s ]
INFO: [ view_parse ] --END-- [ RunTime:0.051755s ]
INFO: [ view_filter ] --START--
INFO: Run Behavior\WriteHtmlCacheBehavior [ RunTime:0.000458s ]
INFO: [ view_filter ] --END-- [ RunTime:0.000542s ]
INFO: [ app_end ] --START--
INFO: Run Behavior\ShowPageTraceBehavior [ RunTime:0.000828s ]
INFO: [ app_end ] --END-- [ RunTime:0.000939s ]

[ 2016-05-28T20:04:19+08:00 ] 127.0.0.1 /Blog/Detail/index/id/176/
INFO: [ app_init ] --START--
INFO: Run Behavior\BuildLiteBehavior [ RunTime:0.000041s ]
INFO: [ app_init ] --END-- [ RunTime:0.000698s ]
INFO: [ app_begin ] --START--
INFO: Run Behavior\ReadHtmlCacheBehavior [ RunTime:0.000946s ]
INFO: [ app_begin ] --END-- [ RunTime:0.001122s ]
SQL: SHOW COLUMNS FROM `cjt_sort` [ RunTime:0.0040s ]
SQL: SELECT * FROM `cjt_sort`  [ RunTime:0.0005s ]
SQL: SHOW COLUMNS FROM `cjt_tag` [ RunTime:0.0036s ]
SQL: SELECT * FROM `cjt_tag`  [ RunTime:0.0004s ]
SQL: SHOW COLUMNS FROM `cjt_article` [ RunTime:0.0051s ]
SQL: UPDATE `cjt_article` SET `readnum`=readnum+1 WHERE `id` = 176 [ RunTime:0.0016s ]
SQL: SHOW COLUMNS FROM `cjt_comment` [ RunTime:0.0041s ]
SQL: SELECT * FROM `cjt_comment` WHERE `articleid` = 176 AND `status` = 1 ORDER BY commenttime DESC  [ RunTime:0.0044s ]
SQL: SELECT * FROM `cjt_article` WHERE ( id<176 ) ORDER BY id DESC LIMIT 1   [ RunTime:0.0006s ]
SQL: SELECT * FROM `cjt_article` WHERE ( id>176 ) ORDER BY id ASC LIMIT 1   [ RunTime:0.0026s ]
SQL: SHOW COLUMNS FROM `cjt_articletag` [ RunTime:0.0035s ]
NOTIC: [2] Illegal string offset 'articleid' E:\wamp\www\chenjt_website\Application\Blog\Controller\DetailController.class.php 第 40 行.
SQL: SELECT * FROM `cjt_article` WHERE `id` = 176 LIMIT 1   [ RunTime:0.0003s ]
SQL: SELECT * FROM `cjt_sort` WHERE ( 1=1 AND sortid='1' ) LIMIT 1   [ RunTime:0.0005s ]
SQL: SHOW COLUMNS FROM `cjt_tag` [ RunTime:0.0051s ]
NOTIC: [8] Undefined index: mapping_order E:\wamp\www\chenjt_website\ThinkPHP\Library\Think\Model\RelationModel.class.php 第 186 行.
NOTIC: [8] Undefined index: mapping_limit E:\wamp\www\chenjt_website\ThinkPHP\Library\Think\Model\RelationModel.class.php 第 187 行.
SQL: SELECT b.* FROM cjt_articletag AS a, cjt_tag AS b WHERE a.tagid = b.tagid AND a. articleid='176' [ RunTime:0.0012s ]
INFO: [ view_parse ] --START--
INFO: [ template_filter ] --START--
INFO: Run Behavior\ContentReplaceBehavior [ RunTime:0.000153s ]
INFO: [ template_filter ] --END-- [ RunTime:0.000263s ]
NOTIC: [8] Undefined index: commentid E:\wamp\www\chenjt_website\Application\Runtime\Cache\Blog\67bc5e4bbe1d0d4e657e44b32b1323b1.php 第 25 行.
INFO: Run Behavior\ParseTemplateBehavior [ RunTime:0.027222s ]
INFO: [ view_parse ] --END-- [ RunTime:0.027360s ]
INFO: [ view_filter ] --START--
INFO: Run Behavior\WriteHtmlCacheBehavior [ RunTime:0.000293s ]
INFO: [ view_filter ] --END-- [ RunTime:0.000371s ]
INFO: [ app_end ] --START--
INFO: Run Behavior\ShowPageTraceBehavior [ RunTime:0.000547s ]
INFO: [ app_end ] --END-- [ RunTime:0.000634s ]

[ 2016-05-28T20:04:23+08:00 ] 127.0.0.1 /Blog/Detail/index/id/178/
INFO: [ app_init ] --START--
INFO: Run Behavior\BuildLiteBehavior [ RunTime:0.000029s ]
INFO: [ app_init ] --END-- [ RunTime:0.000479s ]
INFO: [ app_begin ] --START--
INFO: Run Behavior\ReadHtmlCacheBehavior [ RunTime:0.000604s ]
INFO: [ app_begin ] --END-- [ RunTime:0.000718s ]
SQL: SHOW COLUMNS FROM `cjt_sort` [ RunTime:0.0030s ]
SQL: SELECT * FROM `cjt_sort`  [ RunTime:0.0013s ]
SQL: SHOW COLUMNS FROM `cjt_tag` [ RunTime:0.0052s ]
SQL: SELECT * FROM `cjt_tag`  [ RunTime:0.0005s ]
SQL: SHOW COLUMNS FROM `cjt_article` [ RunTime:0.0041s ]
SQL: UPDATE `cjt_article` SET `readnum`=readnum+1 WHERE `id` = 178 [ RunTime:0.0013s ]
SQL: SHOW COLUMNS FROM `cjt_comment` [ RunTime:0.0051s ]
SQL: SELECT * FROM `cjt_comment` WHERE `articleid` = 178 AND `status` = 1 ORDER BY commenttime DESC  [ RunTime:0.0008s ]
SQL: SELECT * FROM `cjt_article` WHERE ( id<178 ) ORDER BY id DESC LIMIT 1   [ RunTime:0.0018s ]
SQL: SELECT * FROM `cjt_article` WHERE ( id>178 ) ORDER BY id ASC LIMIT 1   [ RunTime:0.0006s ]
SQL: SHOW COLUMNS FROM `cjt_articletag` [ RunTime:0.0029s ]
NOTIC: [2] Illegal string offset 'articleid' E:\wamp\www\chenjt_website\Application\Blog\Controller\DetailController.class.php 第 40 行.
SQL: SELECT * FROM `cjt_article` WHERE `id` = 178 LIMIT 1   [ RunTime:0.0004s ]
SQL: SELECT * FROM `cjt_sort` WHERE ( 1=1 AND sortid='1' ) LIMIT 1   [ RunTime:0.0002s ]
SQL: SHOW COLUMNS FROM `cjt_tag` [ RunTime:0.0035s ]
NOTIC: [8] Undefined index: mapping_order E:\wamp\www\chenjt_website\ThinkPHP\Library\Think\Model\RelationModel.class.php 第 186 行.
NOTIC: [8] Undefined index: mapping_limit E:\wamp\www\chenjt_website\ThinkPHP\Library\Think\Model\RelationModel.class.php 第 187 行.
SQL: SELECT b.* FROM cjt_articletag AS a, cjt_tag AS b WHERE a.tagid = b.tagid AND a. articleid='178' [ RunTime:0.0006s ]
INFO: [ view_parse ] --START--
INFO: [ template_filter ] --START--
INFO: Run Behavior\ContentReplaceBehavior [ RunTime:0.000177s ]
INFO: [ template_filter ] --END-- [ RunTime:0.000285s ]
NOTIC: [8] Undefined index: commentid E:\wamp\www\chenjt_website\Application\Runtime\Cache\Blog\67bc5e4bbe1d0d4e657e44b32b1323b1.php 第 25 行.
INFO: Run Behavior\ParseTemplateBehavior [ RunTime:0.026638s ]
INFO: [ view_parse ] --END-- [ RunTime:0.026798s ]
INFO: [ view_filter ] --START--
INFO: Run Behavior\WriteHtmlCacheBehavior [ RunTime:0.000425s ]
INFO: [ view_filter ] --END-- [ RunTime:0.000561s ]
INFO: [ app_end ] --START--
INFO: Run Behavior\ShowPageTraceBehavior [ RunTime:0.000764s ]
INFO: [ app_end ] --END-- [ RunTime:0.000929s ]

