[ 2016-06-05T00:07:50+08:00 ] 127.0.0.1 /Blog/Detail/index/id/178
INFO: [ app_init ] --START--
INFO: Run Behavior\BuildLiteBehavior [ RunTime:0.000034s ]
INFO: [ app_init ] --END-- [ RunTime:0.000765s ]
INFO: [ app_begin ] --START--
INFO: Run Behavior\ReadHtmlCacheBehavior [ RunTime:0.003124s ]
INFO: [ app_begin ] --END-- [ RunTime:0.003321s ]
SQL: SHOW COLUMNS FROM `cjt_sort` [ RunTime:0.0053s ]
SQL: SELECT * FROM `cjt_sort`  [ RunTime:0.0012s ]
SQL: SHOW COLUMNS FROM `cjt_tag` [ RunTime:0.0051s ]
SQL: SELECT * FROM `cjt_tag`  [ RunTime:0.0007s ]
SQL: SHOW COLUMNS FROM `cjt_article` [ RunTime:0.0055s ]
SQL: SHOW COLUMNS FROM `cjt_comment` [ RunTime:0.0050s ]
SQL: UPDATE `cjt_article` SET `readnum`=readnum+1 WHERE `id` = 178 [ RunTime:0.0017s ]
SQL: SELECT * FROM `cjt_comment` WHERE `articleid` = 178 AND `status` = 1 ORDER BY commenttime DESC  [ RunTime:0.0006s ]
SQL: SELECT COUNT(*) AS tp_count FROM `cjt_comment` WHERE `articleid` = 178 AND `status` = 1 LIMIT 1   [ RunTime:0.0005s ]
SQL: SELECT * FROM `cjt_article` WHERE ( id<178 ) ORDER BY id DESC LIMIT 1   [ RunTime:0.0006s ]
SQL: SELECT * FROM `cjt_article` WHERE ( id>178 ) ORDER BY id ASC LIMIT 1   [ RunTime:0.0007s ]
SQL: SHOW COLUMNS FROM `cjt_articletag` [ RunTime:0.0040s ]
NOTIC: [2] Illegal string offset 'articleid' E:\wamp\www\chenjt_website\Application\Blog\Controller\DetailController.class.php 第 40 行.
SQL: SELECT * FROM `cjt_article` WHERE `id` = 178 LIMIT 1   [ RunTime:0.0006s ]
SQL: SELECT * FROM `cjt_sort` WHERE ( 1=1 AND sortid='1' ) LIMIT 1   [ RunTime:0.0004s ]
SQL: SHOW COLUMNS FROM `cjt_tag` [ RunTime:0.0038s ]
NOTIC: [8] Undefined index: mapping_order E:\wamp\www\chenjt_website\ThinkPHP\Library\Think\Model\RelationModel.class.php 第 186 行.
NOTIC: [8] Undefined index: mapping_limit E:\wamp\www\chenjt_website\ThinkPHP\Library\Think\Model\RelationModel.class.php 第 187 行.
SQL: SELECT b.* FROM cjt_articletag AS a, cjt_tag AS b WHERE a.tagid = b.tagid AND a. articleid='178' [ RunTime:0.0006s ]
INFO: [ view_parse ] --START--
INFO: [ template_filter ] --START--
INFO: Run Behavior\ContentReplaceBehavior [ RunTime:0.000196s ]
INFO: [ template_filter ] --END-- [ RunTime:0.000347s ]
NOTIC: [8] Undefined index: commentid E:\wamp\www\chenjt_website\Application\Runtime\Cache\Blog\67bc5e4bbe1d0d4e657e44b32b1323b1.php 第 25 行.
INFO: Run Behavior\ParseTemplateBehavior [ RunTime:0.029834s ]
INFO: [ view_parse ] --END-- [ RunTime:0.030119s ]
INFO: [ view_filter ] --START--
INFO: Run Behavior\WriteHtmlCacheBehavior [ RunTime:0.000762s ]
INFO: [ view_filter ] --END-- [ RunTime:0.000894s ]
INFO: [ app_end ] --START--
INFO: Run Behavior\ShowPageTraceBehavior [ RunTime:0.000771s ]
INFO: [ app_end ] --END-- [ RunTime:0.000867s ]

