[ 2016-06-07T00:00:19+08:00 ] 127.0.0.1 /Blog
INFO: [ app_init ] --START--
INFO: Run Behavior\BuildLiteBehavior [ RunTime:0.000026s ]
INFO: [ app_init ] --END-- [ RunTime:0.000466s ]
INFO: [ app_begin ] --START--
INFO: Run Behavior\ReadHtmlCacheBehavior [ RunTime:0.000880s ]
INFO: [ app_begin ] --END-- [ RunTime:0.000986s ]
SQL: SHOW COLUMNS FROM `cjt_sort` [ RunTime:0.0024s ]
SQL: SELECT * FROM `cjt_sort`  [ RunTime:0.0003s ]
SQL: SHOW COLUMNS FROM `cjt_tag` [ RunTime:0.0024s ]
SQL: SELECT * FROM `cjt_tag`  [ RunTime:0.0003s ]
SQL: SHOW COLUMNS FROM `cjt_article` [ RunTime:0.0032s ]
SQL: SHOW COLUMNS FROM `cjt_comment` [ RunTime:0.0025s ]
SQL: SELECT COUNT(*) AS tp_count FROM `cjt_article` LIMIT 1   [ RunTime:0.0003s ]
SQL: SELECT * FROM `cjt_article` ORDER BY lastmodifytime DESC LIMIT 0,10   [ RunTime:0.0025s ]
SQL: SELECT * FROM `cjt_sort` WHERE ( 1=1 AND sortid='5' ) LIMIT 1   [ RunTime:0.0003s ]
SQL: SHOW COLUMNS FROM `cjt_tag` [ RunTime:0.0025s ]
NOTIC: [8] Undefined index: mapping_order E:\wamp\www\chenjt_website\ThinkPHP\Library\Think\Model\RelationModel.class.php 第 186 行.
NOTIC: [8] Undefined index: mapping_limit E:\wamp\www\chenjt_website\ThinkPHP\Library\Think\Model\RelationModel.class.php 第 187 行.
SQL: SELECT b.* FROM cjt_articletag AS a, cjt_tag AS b WHERE a.tagid = b.tagid AND a. articleid='3' [ RunTime:0.0003s ]
SQL: SELECT * FROM `cjt_sort` WHERE ( 1=1 AND sortid='1' ) LIMIT 1   [ RunTime:0.0002s ]
NOTIC: [8] Undefined index: mapping_order E:\wamp\www\chenjt_website\ThinkPHP\Library\Think\Model\RelationModel.class.php 第 186 行.
NOTIC: [8] Undefined index: mapping_limit E:\wamp\www\chenjt_website\ThinkPHP\Library\Think\Model\RelationModel.class.php 第 187 行.
SQL: SELECT b.* FROM cjt_articletag AS a, cjt_tag AS b WHERE a.tagid = b.tagid AND a. articleid='2' [ RunTime:0.0002s ]
SQL: SELECT * FROM `cjt_sort` WHERE ( 1=1 AND sortid='3' ) LIMIT 1   [ RunTime:0.0002s ]
NOTIC: [8] Undefined index: mapping_order E:\wamp\www\chenjt_website\ThinkPHP\Library\Think\Model\RelationModel.class.php 第 186 行.
NOTIC: [8] Undefined index: mapping_limit E:\wamp\www\chenjt_website\ThinkPHP\Library\Think\Model\RelationModel.class.php 第 187 行.
SQL: SELECT b.* FROM cjt_articletag AS a, cjt_tag AS b WHERE a.tagid = b.tagid AND a. articleid='4' [ RunTime:0.0003s ]
SQL: SELECT * FROM `cjt_sort` WHERE ( 1=1 AND sortid='2' ) LIMIT 1   [ RunTime:0.0003s ]
NOTIC: [8] Undefined index: mapping_order E:\wamp\www\chenjt_website\ThinkPHP\Library\Think\Model\RelationModel.class.php 第 186 行.
NOTIC: [8] Undefined index: mapping_limit E:\wamp\www\chenjt_website\ThinkPHP\Library\Think\Model\RelationModel.class.php 第 187 行.
SQL: SELECT b.* FROM cjt_articletag AS a, cjt_tag AS b WHERE a.tagid = b.tagid AND a. articleid='5' [ RunTime:0.0002s ]
SQL: SELECT * FROM `cjt_sort` WHERE ( 1=1 AND sortid='4' ) LIMIT 1   [ RunTime:0.0002s ]
NOTIC: [8] Undefined index: mapping_order E:\wamp\www\chenjt_website\ThinkPHP\Library\Think\Model\RelationModel.class.php 第 186 行.
NOTIC: [8] Undefined index: mapping_limit E:\wamp\www\chenjt_website\ThinkPHP\Library\Think\Model\RelationModel.class.php 第 187 行.
SQL: SELECT b.* FROM cjt_articletag AS a, cjt_tag AS b WHERE a.tagid = b.tagid AND a. articleid='6' [ RunTime:0.0002s ]
SQL: SELECT * FROM `cjt_sort` WHERE ( 1=1 AND sortid='6' ) LIMIT 1   [ RunTime:0.0002s ]
NOTIC: [8] Undefined index: mapping_order E:\wamp\www\chenjt_website\ThinkPHP\Library\Think\Model\RelationModel.class.php 第 186 行.
NOTIC: [8] Undefined index: mapping_limit E:\wamp\www\chenjt_website\ThinkPHP\Library\Think\Model\RelationModel.class.php 第 187 行.
SQL: SELECT b.* FROM cjt_articletag AS a, cjt_tag AS b WHERE a.tagid = b.tagid AND a. articleid='7' [ RunTime:0.0002s ]
SQL: SELECT * FROM `cjt_sort` WHERE ( 1=1 AND sortid='6' ) LIMIT 1   [ RunTime:0.0002s ]
NOTIC: [8] Undefined index: mapping_order E:\wamp\www\chenjt_website\ThinkPHP\Library\Think\Model\RelationModel.class.php 第 186 行.
NOTIC: [8] Undefined index: mapping_limit E:\wamp\www\chenjt_website\ThinkPHP\Library\Think\Model\RelationModel.class.php 第 187 行.
SQL: SELECT b.* FROM cjt_articletag AS a, cjt_tag AS b WHERE a.tagid = b.tagid AND a. articleid='13' [ RunTime:0.0002s ]
SQL: SELECT * FROM `cjt_sort` WHERE ( 1=1 AND sortid='6' ) LIMIT 1   [ RunTime:0.0001s ]
NOTIC: [8] Undefined index: mapping_order E:\wamp\www\chenjt_website\ThinkPHP\Library\Think\Model\RelationModel.class.php 第 186 行.
NOTIC: [8] Undefined index: mapping_limit E:\wamp\www\chenjt_website\ThinkPHP\Library\Think\Model\RelationModel.class.php 第 187 行.
SQL: SELECT b.* FROM cjt_articletag AS a, cjt_tag AS b WHERE a.tagid = b.tagid AND a. articleid='8' [ RunTime:0.0002s ]
SQL: SELECT * FROM `cjt_sort` WHERE ( 1=1 AND sortid='6' ) LIMIT 1   [ RunTime:0.0001s ]
NOTIC: [8] Undefined index: mapping_order E:\wamp\www\chenjt_website\ThinkPHP\Library\Think\Model\RelationModel.class.php 第 186 行.
NOTIC: [8] Undefined index: mapping_limit E:\wamp\www\chenjt_website\ThinkPHP\Library\Think\Model\RelationModel.class.php 第 187 行.
SQL: SELECT b.* FROM cjt_articletag AS a, cjt_tag AS b WHERE a.tagid = b.tagid AND a. articleid='9' [ RunTime:0.0002s ]
SQL: SELECT * FROM `cjt_sort` WHERE ( 1=1 AND sortid='1' ) LIMIT 1   [ RunTime:0.0001s ]
NOTIC: [8] Undefined index: mapping_order E:\wamp\www\chenjt_website\ThinkPHP\Library\Think\Model\RelationModel.class.php 第 186 行.
NOTIC: [8] Undefined index: mapping_limit E:\wamp\www\chenjt_website\ThinkPHP\Library\Think\Model\RelationModel.class.php 第 187 行.
SQL: SELECT b.* FROM cjt_articletag AS a, cjt_tag AS b WHERE a.tagid = b.tagid AND a. articleid='12' [ RunTime:0.0003s ]
SQL: SELECT COUNT(*) AS tp_count FROM `cjt_comment` WHERE `articleid` = 3 AND `status` = 1 LIMIT 1   [ RunTime:0.0002s ]
SQL: SELECT COUNT(*) AS tp_count FROM `cjt_comment` WHERE `articleid` = 2 AND `status` = 1 LIMIT 1   [ RunTime:0.0002s ]
SQL: SELECT COUNT(*) AS tp_count FROM `cjt_comment` WHERE `articleid` = 4 AND `status` = 1 LIMIT 1   [ RunTime:0.0001s ]
SQL: SELECT COUNT(*) AS tp_count FROM `cjt_comment` WHERE `articleid` = 5 AND `status` = 1 LIMIT 1   [ RunTime:0.0002s ]
SQL: SELECT COUNT(*) AS tp_count FROM `cjt_comment` WHERE `articleid` = 6 AND `status` = 1 LIMIT 1   [ RunTime:0.0001s ]
SQL: SELECT COUNT(*) AS tp_count FROM `cjt_comment` WHERE `articleid` = 7 AND `status` = 1 LIMIT 1   [ RunTime:0.0002s ]
SQL: SELECT COUNT(*) AS tp_count FROM `cjt_comment` WHERE `articleid` = 13 AND `status` = 1 LIMIT 1   [ RunTime:0.0001s ]
SQL: SELECT COUNT(*) AS tp_count FROM `cjt_comment` WHERE `articleid` = 8 AND `status` = 1 LIMIT 1   [ RunTime:0.0001s ]
SQL: SELECT COUNT(*) AS tp_count FROM `cjt_comment` WHERE `articleid` = 9 AND `status` = 1 LIMIT 1   [ RunTime:0.0002s ]
SQL: SELECT COUNT(*) AS tp_count FROM `cjt_comment` WHERE `articleid` = 12 AND `status` = 1 LIMIT 1   [ RunTime:0.0002s ]
INFO: [ view_parse ] --START--
INFO: [ template_filter ] --START--
INFO: Run Behavior\ContentReplaceBehavior [ RunTime:0.000115s ]
INFO: [ template_filter ] --END-- [ RunTime:0.000216s ]
NOTIC: [2] Illegal string offset 'commentcount1' E:\wamp\www\chenjt_website\Application\Runtime\Cache\Blog\da38aaaeab14a3f431ea394c96895f42.php 第 61 行.
NOTIC: [2] Illegal string offset 'commentcount1' E:\wamp\www\chenjt_website\Application\Runtime\Cache\Blog\da38aaaeab14a3f431ea394c96895f42.php 第 61 行.
NOTIC: [2] Illegal string offset 'commentcount1' E:\wamp\www\chenjt_website\Application\Runtime\Cache\Blog\da38aaaeab14a3f431ea394c96895f42.php 第 61 行.
NOTIC: [2] Illegal string offset 'commentcount1' E:\wamp\www\chenjt_website\Application\Runtime\Cache\Blog\da38aaaeab14a3f431ea394c96895f42.php 第 61 行.
NOTIC: [2] Illegal string offset 'commentcount1' E:\wamp\www\chenjt_website\Application\Runtime\Cache\Blog\da38aaaeab14a3f431ea394c96895f42.php 第 61 行.
NOTIC: [2] Illegal string offset 'commentcount1' E:\wamp\www\chenjt_website\Application\Runtime\Cache\Blog\da38aaaeab14a3f431ea394c96895f42.php 第 61 行.
NOTIC: [2] Illegal string offset 'commentcount1' E:\wamp\www\chenjt_website\Application\Runtime\Cache\Blog\da38aaaeab14a3f431ea394c96895f42.php 第 61 行.
NOTIC: [2] Illegal string offset 'commentcount1' E:\wamp\www\chenjt_website\Application\Runtime\Cache\Blog\da38aaaeab14a3f431ea394c96895f42.php 第 61 行.
NOTIC: [2] Illegal string offset 'commentcount1' E:\wamp\www\chenjt_website\Application\Runtime\Cache\Blog\da38aaaeab14a3f431ea394c96895f42.php 第 61 行.
NOTIC: [2] Illegal string offset 'commentcount1' E:\wamp\www\chenjt_website\Application\Runtime\Cache\Blog\da38aaaeab14a3f431ea394c96895f42.php 第 61 行.
INFO: Run Behavior\ParseTemplateBehavior [ RunTime:0.022171s ]
INFO: [ view_parse ] --END-- [ RunTime:0.022265s ]
INFO: [ view_filter ] --START--
INFO: Run Behavior\WriteHtmlCacheBehavior [ RunTime:0.000564s ]
INFO: [ view_filter ] --END-- [ RunTime:0.000659s ]
INFO: [ app_end ] --START--
INFO: Run Behavior\ShowPageTraceBehavior [ RunTime:0.000702s ]
INFO: [ app_end ] --END-- [ RunTime:0.000780s ]

[ 2016-06-07T00:06:35+08:00 ] 127.0.0.1 /Blog/Detail/index/id/2
INFO: [ app_init ] --START--
INFO: Run Behavior\BuildLiteBehavior [ RunTime:0.000027s ]
INFO: [ app_init ] --END-- [ RunTime:0.000473s ]
INFO: [ app_begin ] --START--
INFO: Run Behavior\ReadHtmlCacheBehavior [ RunTime:0.000765s ]
INFO: [ app_begin ] --END-- [ RunTime:0.000908s ]
SQL: SHOW COLUMNS FROM `cjt_sort` [ RunTime:0.0024s ]
SQL: SELECT * FROM `cjt_sort`  [ RunTime:0.0004s ]
SQL: SHOW COLUMNS FROM `cjt_tag` [ RunTime:0.0035s ]
SQL: SELECT * FROM `cjt_tag`  [ RunTime:0.0004s ]
SQL: SHOW COLUMNS FROM `cjt_article` [ RunTime:0.0033s ]
SQL: SHOW COLUMNS FROM `cjt_comment` [ RunTime:0.0033s ]
SQL: UPDATE `cjt_article` SET `readnum`=readnum+1 WHERE `id` = 2 [ RunTime:0.0023s ]
SQL: SELECT * FROM `cjt_comment` WHERE `articleid` = 2 AND `status` = 1 ORDER BY commenttime DESC  [ RunTime:0.0003s ]
SQL: SELECT COUNT(*) AS tp_count FROM `cjt_comment` WHERE `articleid` = 2 AND `status` = 1 LIMIT 1   [ RunTime:0.0002s ]
SQL: SELECT * FROM `cjt_article` WHERE ( id<2 ) ORDER BY id DESC LIMIT 1   [ RunTime:0.0004s ]
SQL: SELECT * FROM `cjt_article` WHERE ( id>2 ) ORDER BY id ASC LIMIT 1   [ RunTime:0.0019s ]
SQL: SHOW COLUMNS FROM `cjt_articletag` [ RunTime:0.0026s ]
NOTIC: [2] Illegal string offset 'articleid' E:\wamp\www\chenjt_website\Application\Blog\Controller\DetailController.class.php 第 40 行.
SQL: SELECT * FROM `cjt_article` WHERE `id` = 2 LIMIT 1   [ RunTime:0.0005s ]
SQL: SELECT * FROM `cjt_sort` WHERE ( 1=1 AND sortid='1' ) LIMIT 1   [ RunTime:0.0002s ]
SQL: SHOW COLUMNS FROM `cjt_tag` [ RunTime:0.0022s ]
NOTIC: [8] Undefined index: mapping_order E:\wamp\www\chenjt_website\ThinkPHP\Library\Think\Model\RelationModel.class.php 第 186 行.
NOTIC: [8] Undefined index: mapping_limit E:\wamp\www\chenjt_website\ThinkPHP\Library\Think\Model\RelationModel.class.php 第 187 行.
SQL: SELECT b.* FROM cjt_articletag AS a, cjt_tag AS b WHERE a.tagid = b.tagid AND a. articleid='2' [ RunTime:0.0003s ]
INFO: [ view_parse ] --START--
INFO: [ template_filter ] --START--
INFO: Run Behavior\ContentReplaceBehavior [ RunTime:0.000139s ]
INFO: [ template_filter ] --END-- [ RunTime:0.000238s ]
INFO: Run Behavior\ParseTemplateBehavior [ RunTime:0.020567s ]
INFO: [ view_parse ] --END-- [ RunTime:0.020666s ]
INFO: [ view_filter ] --START--
INFO: Run Behavior\WriteHtmlCacheBehavior [ RunTime:0.000474s ]
INFO: [ view_filter ] --END-- [ RunTime:0.000552s ]
INFO: [ app_end ] --START--
INFO: Run Behavior\ShowPageTraceBehavior [ RunTime:0.000743s ]
INFO: [ app_end ] --END-- [ RunTime:0.000825s ]

[ 2016-06-07T00:06:55+08:00 ] 127.0.0.1 /Blog/Detail/index/id/4/
INFO: [ app_init ] --START--
INFO: Run Behavior\BuildLiteBehavior [ RunTime:0.000052s ]
INFO: [ app_init ] --END-- [ RunTime:0.000853s ]
INFO: [ app_begin ] --START--
INFO: Run Behavior\ReadHtmlCacheBehavior [ RunTime:0.000560s ]
INFO: [ app_begin ] --END-- [ RunTime:0.000675s ]
SQL: SHOW COLUMNS FROM `cjt_sort` [ RunTime:0.0059s ]
SQL: SELECT * FROM `cjt_sort`  [ RunTime:0.0005s ]
SQL: SHOW COLUMNS FROM `cjt_tag` [ RunTime:0.0042s ]
SQL: SELECT * FROM `cjt_tag`  [ RunTime:0.0005s ]
SQL: SHOW COLUMNS FROM `cjt_article` [ RunTime:0.0047s ]
SQL: SHOW COLUMNS FROM `cjt_comment` [ RunTime:0.0030s ]
SQL: UPDATE `cjt_article` SET `readnum`=readnum+1 WHERE `id` = 4 [ RunTime:0.0013s ]
SQL: SELECT * FROM `cjt_comment` WHERE `articleid` = 4 AND `status` = 1 ORDER BY commenttime DESC  [ RunTime:0.0003s ]
SQL: SELECT COUNT(*) AS tp_count FROM `cjt_comment` WHERE `articleid` = 4 AND `status` = 1 LIMIT 1   [ RunTime:0.0002s ]
SQL: SELECT * FROM `cjt_article` WHERE ( id<4 ) ORDER BY id DESC LIMIT 1   [ RunTime:0.0006s ]
SQL: SELECT * FROM `cjt_article` WHERE ( id>4 ) ORDER BY id ASC LIMIT 1   [ RunTime:0.0003s ]
SQL: SHOW COLUMNS FROM `cjt_articletag` [ RunTime:0.0038s ]
NOTIC: [2] Illegal string offset 'articleid' E:\wamp\www\chenjt_website\Application\Blog\Controller\DetailController.class.php 第 40 行.
SQL: SELECT * FROM `cjt_article` WHERE `id` = 4 LIMIT 1   [ RunTime:0.0012s ]
SQL: SELECT * FROM `cjt_sort` WHERE ( 1=1 AND sortid='3' ) LIMIT 1   [ RunTime:0.0003s ]
SQL: SHOW COLUMNS FROM `cjt_tag` [ RunTime:0.0023s ]
NOTIC: [8] Undefined index: mapping_order E:\wamp\www\chenjt_website\ThinkPHP\Library\Think\Model\RelationModel.class.php 第 186 行.
NOTIC: [8] Undefined index: mapping_limit E:\wamp\www\chenjt_website\ThinkPHP\Library\Think\Model\RelationModel.class.php 第 187 行.
SQL: SELECT b.* FROM cjt_articletag AS a, cjt_tag AS b WHERE a.tagid = b.tagid AND a. articleid='4' [ RunTime:0.0003s ]
INFO: [ view_parse ] --START--
INFO: [ template_filter ] --START--
INFO: Run Behavior\ContentReplaceBehavior [ RunTime:0.000139s ]
INFO: [ template_filter ] --END-- [ RunTime:0.000247s ]
INFO: Run Behavior\ParseTemplateBehavior [ RunTime:0.021151s ]
INFO: [ view_parse ] --END-- [ RunTime:0.021249s ]
INFO: [ view_filter ] --START--
INFO: Run Behavior\WriteHtmlCacheBehavior [ RunTime:0.000376s ]
INFO: [ view_filter ] --END-- [ RunTime:0.000456s ]
INFO: [ app_end ] --START--
INFO: Run Behavior\ShowPageTraceBehavior [ RunTime:0.000585s ]
INFO: [ app_end ] --END-- [ RunTime:0.000671s ]

[ 2016-06-07T00:07:04+08:00 ] 127.0.0.1 /Blog/Detail/index/id/13/
INFO: [ app_init ] --START--
INFO: Run Behavior\BuildLiteBehavior [ RunTime:0.000040s ]
INFO: [ app_init ] --END-- [ RunTime:0.000469s ]
INFO: [ app_begin ] --START--
INFO: Run Behavior\ReadHtmlCacheBehavior [ RunTime:0.000798s ]
INFO: [ app_begin ] --END-- [ RunTime:0.000921s ]
SQL: SHOW COLUMNS FROM `cjt_sort` [ RunTime:0.0023s ]
SQL: SELECT * FROM `cjt_sort`  [ RunTime:0.0003s ]
SQL: SHOW COLUMNS FROM `cjt_tag` [ RunTime:0.0023s ]
SQL: SELECT * FROM `cjt_tag`  [ RunTime:0.0003s ]
SQL: SHOW COLUMNS FROM `cjt_article` [ RunTime:0.0026s ]
SQL: SHOW COLUMNS FROM `cjt_comment` [ RunTime:0.0024s ]
SQL: UPDATE `cjt_article` SET `readnum`=readnum+1 WHERE `id` = 13 [ RunTime:0.0012s ]
SQL: SELECT * FROM `cjt_comment` WHERE `articleid` = 13 AND `status` = 1 ORDER BY commenttime DESC  [ RunTime:0.0003s ]
SQL: SELECT COUNT(*) AS tp_count FROM `cjt_comment` WHERE `articleid` = 13 AND `status` = 1 LIMIT 1   [ RunTime:0.0002s ]
SQL: SELECT * FROM `cjt_article` WHERE ( id<13 ) ORDER BY id DESC LIMIT 1   [ RunTime:0.0004s ]
SQL: SELECT * FROM `cjt_article` WHERE ( id>13 ) ORDER BY id ASC LIMIT 1   [ RunTime:0.0010s ]
SQL: SHOW COLUMNS FROM `cjt_articletag` [ RunTime:0.0023s ]
NOTIC: [2] Illegal string offset 'articleid' E:\wamp\www\chenjt_website\Application\Blog\Controller\DetailController.class.php 第 40 行.
SQL: SELECT * FROM `cjt_article` WHERE `id` = 13 LIMIT 1   [ RunTime:0.0004s ]
SQL: SELECT * FROM `cjt_sort` WHERE ( 1=1 AND sortid='6' ) LIMIT 1   [ RunTime:0.0003s ]
SQL: SHOW COLUMNS FROM `cjt_tag` [ RunTime:0.0027s ]
NOTIC: [8] Undefined index: mapping_order E:\wamp\www\chenjt_website\ThinkPHP\Library\Think\Model\RelationModel.class.php 第 186 行.
NOTIC: [8] Undefined index: mapping_limit E:\wamp\www\chenjt_website\ThinkPHP\Library\Think\Model\RelationModel.class.php 第 187 行.
SQL: SELECT b.* FROM cjt_articletag AS a, cjt_tag AS b WHERE a.tagid = b.tagid AND a. articleid='13' [ RunTime:0.0003s ]
INFO: [ view_parse ] --START--
INFO: [ template_filter ] --START--
INFO: Run Behavior\ContentReplaceBehavior [ RunTime:0.000152s ]
INFO: [ template_filter ] --END-- [ RunTime:0.000266s ]
INFO: Run Behavior\ParseTemplateBehavior [ RunTime:0.020153s ]
INFO: [ view_parse ] --END-- [ RunTime:0.020256s ]
INFO: [ view_filter ] --START--
INFO: Run Behavior\WriteHtmlCacheBehavior [ RunTime:0.000437s ]
INFO: [ view_filter ] --END-- [ RunTime:0.000518s ]
INFO: [ app_end ] --START--
INFO: Run Behavior\ShowPageTraceBehavior [ RunTime:0.000588s ]
INFO: [ app_end ] --END-- [ RunTime:0.000671s ]

[ 2016-06-07T00:07:18+08:00 ] 127.0.0.1 /Blog
INFO: [ app_init ] --START--
INFO: Run Behavior\BuildLiteBehavior [ RunTime:0.000028s ]
INFO: [ app_init ] --END-- [ RunTime:0.001388s ]
INFO: [ app_begin ] --START--
INFO: Run Behavior\ReadHtmlCacheBehavior [ RunTime:0.004658s ]
INFO: [ app_begin ] --END-- [ RunTime:0.004778s ]
SQL: SHOW COLUMNS FROM `cjt_sort` [ RunTime:0.0023s ]
SQL: SELECT * FROM `cjt_sort`  [ RunTime:0.0002s ]
SQL: SHOW COLUMNS FROM `cjt_tag` [ RunTime:0.0023s ]
SQL: SELECT * FROM `cjt_tag`  [ RunTime:0.0003s ]
SQL: SHOW COLUMNS FROM `cjt_article` [ RunTime:0.0027s ]
SQL: SHOW COLUMNS FROM `cjt_comment` [ RunTime:0.0031s ]
SQL: SELECT COUNT(*) AS tp_count FROM `cjt_article` LIMIT 1   [ RunTime:0.0003s ]
SQL: SELECT * FROM `cjt_article` ORDER BY lastmodifytime DESC LIMIT 0,10   [ RunTime:0.0024s ]
SQL: SELECT * FROM `cjt_sort` WHERE ( 1=1 AND sortid='5' ) LIMIT 1   [ RunTime:0.0002s ]
SQL: SHOW COLUMNS FROM `cjt_tag` [ RunTime:0.0026s ]
NOTIC: [8] Undefined index: mapping_order E:\wamp\www\chenjt_website\ThinkPHP\Library\Think\Model\RelationModel.class.php 第 186 行.
NOTIC: [8] Undefined index: mapping_limit E:\wamp\www\chenjt_website\ThinkPHP\Library\Think\Model\RelationModel.class.php 第 187 行.
SQL: SELECT b.* FROM cjt_articletag AS a, cjt_tag AS b WHERE a.tagid = b.tagid AND a. articleid='3' [ RunTime:0.0005s ]
SQL: SELECT * FROM `cjt_sort` WHERE ( 1=1 AND sortid='1' ) LIMIT 1   [ RunTime:0.0002s ]
NOTIC: [8] Undefined index: mapping_order E:\wamp\www\chenjt_website\ThinkPHP\Library\Think\Model\RelationModel.class.php 第 186 行.
NOTIC: [8] Undefined index: mapping_limit E:\wamp\www\chenjt_website\ThinkPHP\Library\Think\Model\RelationModel.class.php 第 187 行.
SQL: SELECT b.* FROM cjt_articletag AS a, cjt_tag AS b WHERE a.tagid = b.tagid AND a. articleid='2' [ RunTime:0.0002s ]
SQL: SELECT * FROM `cjt_sort` WHERE ( 1=1 AND sortid='3' ) LIMIT 1   [ RunTime:0.0001s ]
NOTIC: [8] Undefined index: mapping_order E:\wamp\www\chenjt_website\ThinkPHP\Library\Think\Model\RelationModel.class.php 第 186 行.
NOTIC: [8] Undefined index: mapping_limit E:\wamp\www\chenjt_website\ThinkPHP\Library\Think\Model\RelationModel.class.php 第 187 行.
SQL: SELECT b.* FROM cjt_articletag AS a, cjt_tag AS b WHERE a.tagid = b.tagid AND a. articleid='4' [ RunTime:0.0002s ]
SQL: SELECT * FROM `cjt_sort` WHERE ( 1=1 AND sortid='2' ) LIMIT 1   [ RunTime:0.0001s ]
NOTIC: [8] Undefined index: mapping_order E:\wamp\www\chenjt_website\ThinkPHP\Library\Think\Model\RelationModel.class.php 第 186 行.
NOTIC: [8] Undefined index: mapping_limit E:\wamp\www\chenjt_website\ThinkPHP\Library\Think\Model\RelationModel.class.php 第 187 行.
SQL: SELECT b.* FROM cjt_articletag AS a, cjt_tag AS b WHERE a.tagid = b.tagid AND a. articleid='5' [ RunTime:0.0003s ]
SQL: SELECT * FROM `cjt_sort` WHERE ( 1=1 AND sortid='4' ) LIMIT 1   [ RunTime:0.0002s ]
NOTIC: [8] Undefined index: mapping_order E:\wamp\www\chenjt_website\ThinkPHP\Library\Think\Model\RelationModel.class.php 第 186 行.
NOTIC: [8] Undefined index: mapping_limit E:\wamp\www\chenjt_website\ThinkPHP\Library\Think\Model\RelationModel.class.php 第 187 行.
SQL: SELECT b.* FROM cjt_articletag AS a, cjt_tag AS b WHERE a.tagid = b.tagid AND a. articleid='6' [ RunTime:0.0002s ]
SQL: SELECT * FROM `cjt_sort` WHERE ( 1=1 AND sortid='6' ) LIMIT 1   [ RunTime:0.0001s ]
NOTIC: [8] Undefined index: mapping_order E:\wamp\www\chenjt_website\ThinkPHP\Library\Think\Model\RelationModel.class.php 第 186 行.
NOTIC: [8] Undefined index: mapping_limit E:\wamp\www\chenjt_website\ThinkPHP\Library\Think\Model\RelationModel.class.php 第 187 行.
SQL: SELECT b.* FROM cjt_articletag AS a, cjt_tag AS b WHERE a.tagid = b.tagid AND a. articleid='7' [ RunTime:0.0002s ]
SQL: SELECT * FROM `cjt_sort` WHERE ( 1=1 AND sortid='6' ) LIMIT 1   [ RunTime:0.0001s ]
NOTIC: [8] Undefined index: mapping_order E:\wamp\www\chenjt_website\ThinkPHP\Library\Think\Model\RelationModel.class.php 第 186 行.
NOTIC: [8] Undefined index: mapping_limit E:\wamp\www\chenjt_website\ThinkPHP\Library\Think\Model\RelationModel.class.php 第 187 行.
SQL: SELECT b.* FROM cjt_articletag AS a, cjt_tag AS b WHERE a.tagid = b.tagid AND a. articleid='13' [ RunTime:0.0002s ]
SQL: SELECT * FROM `cjt_sort` WHERE ( 1=1 AND sortid='6' ) LIMIT 1   [ RunTime:0.0001s ]
NOTIC: [8] Undefined index: mapping_order E:\wamp\www\chenjt_website\ThinkPHP\Library\Think\Model\RelationModel.class.php 第 186 行.
NOTIC: [8] Undefined index: mapping_limit E:\wamp\www\chenjt_website\ThinkPHP\Library\Think\Model\RelationModel.class.php 第 187 行.
SQL: SELECT b.* FROM cjt_articletag AS a, cjt_tag AS b WHERE a.tagid = b.tagid AND a. articleid='8' [ RunTime:0.0002s ]
SQL: SELECT * FROM `cjt_sort` WHERE ( 1=1 AND sortid='6' ) LIMIT 1   [ RunTime:0.0002s ]
NOTIC: [8] Undefined index: mapping_order E:\wamp\www\chenjt_website\ThinkPHP\Library\Think\Model\RelationModel.class.php 第 186 行.
NOTIC: [8] Undefined index: mapping_limit E:\wamp\www\chenjt_website\ThinkPHP\Library\Think\Model\RelationModel.class.php 第 187 行.
SQL: SELECT b.* FROM cjt_articletag AS a, cjt_tag AS b WHERE a.tagid = b.tagid AND a. articleid='9' [ RunTime:0.0002s ]
SQL: SELECT * FROM `cjt_sort` WHERE ( 1=1 AND sortid='1' ) LIMIT 1   [ RunTime:0.0001s ]
NOTIC: [8] Undefined index: mapping_order E:\wamp\www\chenjt_website\ThinkPHP\Library\Think\Model\RelationModel.class.php 第 186 行.
NOTIC: [8] Undefined index: mapping_limit E:\wamp\www\chenjt_website\ThinkPHP\Library\Think\Model\RelationModel.class.php 第 187 行.
SQL: SELECT b.* FROM cjt_articletag AS a, cjt_tag AS b WHERE a.tagid = b.tagid AND a. articleid='12' [ RunTime:0.0002s ]
SQL: SELECT COUNT(*) AS tp_count FROM `cjt_comment` WHERE `articleid` = 3 AND `status` = 1 LIMIT 1   [ RunTime:0.0002s ]
SQL: SELECT COUNT(*) AS tp_count FROM `cjt_comment` WHERE `articleid` = 2 AND `status` = 1 LIMIT 1   [ RunTime:0.0001s ]
SQL: SELECT COUNT(*) AS tp_count FROM `cjt_comment` WHERE `articleid` = 4 AND `status` = 1 LIMIT 1   [ RunTime:0.0001s ]
SQL: SELECT COUNT(*) AS tp_count FROM `cjt_comment` WHERE `articleid` = 5 AND `status` = 1 LIMIT 1   [ RunTime:0.0001s ]
SQL: SELECT COUNT(*) AS tp_count FROM `cjt_comment` WHERE `articleid` = 6 AND `status` = 1 LIMIT 1   [ RunTime:0.0002s ]
SQL: SELECT COUNT(*) AS tp_count FROM `cjt_comment` WHERE `articleid` = 7 AND `status` = 1 LIMIT 1   [ RunTime:0.0002s ]
SQL: SELECT COUNT(*) AS tp_count FROM `cjt_comment` WHERE `articleid` = 13 AND `status` = 1 LIMIT 1   [ RunTime:0.0001s ]
SQL: SELECT COUNT(*) AS tp_count FROM `cjt_comment` WHERE `articleid` = 8 AND `status` = 1 LIMIT 1   [ RunTime:0.0001s ]
SQL: SELECT COUNT(*) AS tp_count FROM `cjt_comment` WHERE `articleid` = 9 AND `status` = 1 LIMIT 1   [ RunTime:0.0001s ]
SQL: SELECT COUNT(*) AS tp_count FROM `cjt_comment` WHERE `articleid` = 12 AND `status` = 1 LIMIT 1   [ RunTime:0.0001s ]
INFO: [ view_parse ] --START--
INFO: [ template_filter ] --START--
INFO: Run Behavior\ContentReplaceBehavior [ RunTime:0.000151s ]
INFO: [ template_filter ] --END-- [ RunTime:0.000275s ]
NOTIC: [2] Illegal string offset 'commentcount1' E:\wamp\www\chenjt_website\Application\Runtime\Cache\Blog\da38aaaeab14a3f431ea394c96895f42.php 第 61 行.
NOTIC: [2] Illegal string offset 'commentcount1' E:\wamp\www\chenjt_website\Application\Runtime\Cache\Blog\da38aaaeab14a3f431ea394c96895f42.php 第 61 行.
NOTIC: [2] Illegal string offset 'commentcount1' E:\wamp\www\chenjt_website\Application\Runtime\Cache\Blog\da38aaaeab14a3f431ea394c96895f42.php 第 61 行.
NOTIC: [2] Illegal string offset 'commentcount1' E:\wamp\www\chenjt_website\Application\Runtime\Cache\Blog\da38aaaeab14a3f431ea394c96895f42.php 第 61 行.
NOTIC: [2] Illegal string offset 'commentcount1' E:\wamp\www\chenjt_website\Application\Runtime\Cache\Blog\da38aaaeab14a3f431ea394c96895f42.php 第 61 行.
NOTIC: [2] Illegal string offset 'commentcount1' E:\wamp\www\chenjt_website\Application\Runtime\Cache\Blog\da38aaaeab14a3f431ea394c96895f42.php 第 61 行.
NOTIC: [2] Illegal string offset 'commentcount1' E:\wamp\www\chenjt_website\Application\Runtime\Cache\Blog\da38aaaeab14a3f431ea394c96895f42.php 第 61 行.
NOTIC: [2] Illegal string offset 'commentcount1' E:\wamp\www\chenjt_website\Application\Runtime\Cache\Blog\da38aaaeab14a3f431ea394c96895f42.php 第 61 行.
NOTIC: [2] Illegal string offset 'commentcount1' E:\wamp\www\chenjt_website\Application\Runtime\Cache\Blog\da38aaaeab14a3f431ea394c96895f42.php 第 61 行.
NOTIC: [2] Illegal string offset 'commentcount1' E:\wamp\www\chenjt_website\Application\Runtime\Cache\Blog\da38aaaeab14a3f431ea394c96895f42.php 第 61 行.
INFO: Run Behavior\ParseTemplateBehavior [ RunTime:0.023523s ]
INFO: [ view_parse ] --END-- [ RunTime:0.023612s ]
INFO: [ view_filter ] --START--
INFO: Run Behavior\WriteHtmlCacheBehavior [ RunTime:0.000504s ]
INFO: [ view_filter ] --END-- [ RunTime:0.000594s ]
INFO: [ app_end ] --START--
INFO: Run Behavior\ShowPageTraceBehavior [ RunTime:0.000619s ]
INFO: [ app_end ] --END-- [ RunTime:0.000702s ]

[ 2016-06-07T00:07:19+08:00 ] 127.0.0.1 /Blog/List/showlistsort/sortid/1
INFO: [ app_init ] --START--
INFO: Run Behavior\BuildLiteBehavior [ RunTime:0.000023s ]
INFO: [ app_init ] --END-- [ RunTime:0.000387s ]
INFO: [ app_begin ] --START--
INFO: Run Behavior\ReadHtmlCacheBehavior [ RunTime:0.000488s ]
INFO: [ app_begin ] --END-- [ RunTime:0.000583s ]
SQL: SHOW COLUMNS FROM `cjt_sort` [ RunTime:0.0031s ]
SQL: SELECT * FROM `cjt_sort`  [ RunTime:0.0005s ]
SQL: SHOW COLUMNS FROM `cjt_tag` [ RunTime:0.0029s ]
SQL: SELECT * FROM `cjt_tag`  [ RunTime:0.0003s ]
SQL: SHOW COLUMNS FROM `cjt_article` [ RunTime:0.0026s ]
SQL: SHOW COLUMNS FROM `cjt_comment` [ RunTime:0.0026s ]
SQL: SELECT COUNT(*) AS tp_count FROM `cjt_article` WHERE `sortid` = 1 LIMIT 1   [ RunTime:0.0003s ]
SQL: SELECT * FROM `cjt_article` WHERE `sortid` = 1 ORDER BY lastmodifytime DESC LIMIT 0,10   [ RunTime:0.0034s ]
SQL: SELECT * FROM `cjt_sort` WHERE ( 1=1 AND sortid='1' ) LIMIT 1   [ RunTime:0.0003s ]
SQL: SHOW COLUMNS FROM `cjt_tag` [ RunTime:0.0025s ]
NOTIC: [8] Undefined index: mapping_order E:\wamp\www\chenjt_website\ThinkPHP\Library\Think\Model\RelationModel.class.php 第 186 行.
NOTIC: [8] Undefined index: mapping_limit E:\wamp\www\chenjt_website\ThinkPHP\Library\Think\Model\RelationModel.class.php 第 187 行.
SQL: SELECT b.* FROM cjt_articletag AS a, cjt_tag AS b WHERE a.tagid = b.tagid AND a. articleid='2' [ RunTime:0.0005s ]
SQL: SELECT * FROM `cjt_sort` WHERE ( 1=1 AND sortid='1' ) LIMIT 1   [ RunTime:0.0003s ]
NOTIC: [8] Undefined index: mapping_order E:\wamp\www\chenjt_website\ThinkPHP\Library\Think\Model\RelationModel.class.php 第 186 行.
NOTIC: [8] Undefined index: mapping_limit E:\wamp\www\chenjt_website\ThinkPHP\Library\Think\Model\RelationModel.class.php 第 187 行.
SQL: SELECT b.* FROM cjt_articletag AS a, cjt_tag AS b WHERE a.tagid = b.tagid AND a. articleid='12' [ RunTime:0.0005s ]
SQL: SELECT * FROM `cjt_sort` WHERE ( 1=1 AND sortid='1' ) LIMIT 1   [ RunTime:0.0003s ]
NOTIC: [8] Undefined index: mapping_order E:\wamp\www\chenjt_website\ThinkPHP\Library\Think\Model\RelationModel.class.php 第 186 行.
NOTIC: [8] Undefined index: mapping_limit E:\wamp\www\chenjt_website\ThinkPHP\Library\Think\Model\RelationModel.class.php 第 187 行.
SQL: SELECT b.* FROM cjt_articletag AS a, cjt_tag AS b WHERE a.tagid = b.tagid AND a. articleid='14' [ RunTime:0.0003s ]
SQL: SELECT * FROM `cjt_sort` WHERE ( 1=1 AND sortid='1' ) LIMIT 1   [ RunTime:0.0002s ]
NOTIC: [8] Undefined index: mapping_order E:\wamp\www\chenjt_website\ThinkPHP\Library\Think\Model\RelationModel.class.php 第 186 行.
NOTIC: [8] Undefined index: mapping_limit E:\wamp\www\chenjt_website\ThinkPHP\Library\Think\Model\RelationModel.class.php 第 187 行.
SQL: SELECT b.* FROM cjt_articletag AS a, cjt_tag AS b WHERE a.tagid = b.tagid AND a. articleid='11' [ RunTime:0.0003s ]
SQL: SELECT * FROM `cjt_sort` WHERE ( 1=1 AND sortid='1' ) LIMIT 1   [ RunTime:0.0003s ]
NOTIC: [8] Undefined index: mapping_order E:\wamp\www\chenjt_website\ThinkPHP\Library\Think\Model\RelationModel.class.php 第 186 行.
NOTIC: [8] Undefined index: mapping_limit E:\wamp\www\chenjt_website\ThinkPHP\Library\Think\Model\RelationModel.class.php 第 187 行.
SQL: SELECT b.* FROM cjt_articletag AS a, cjt_tag AS b WHERE a.tagid = b.tagid AND a. articleid='10' [ RunTime:0.0002s ]
SQL: SELECT COUNT(*) AS tp_count FROM `cjt_comment` WHERE `articleid` = 2 AND `status` = 1 LIMIT 1   [ RunTime:0.0002s ]
SQL: SELECT COUNT(*) AS tp_count FROM `cjt_comment` WHERE `articleid` = 12 AND `status` = 1 LIMIT 1   [ RunTime:0.0004s ]
SQL: SELECT COUNT(*) AS tp_count FROM `cjt_comment` WHERE `articleid` = 14 AND `status` = 1 LIMIT 1   [ RunTime:0.0003s ]
SQL: SELECT COUNT(*) AS tp_count FROM `cjt_comment` WHERE `articleid` = 11 AND `status` = 1 LIMIT 1   [ RunTime:0.0006s ]
SQL: SELECT COUNT(*) AS tp_count FROM `cjt_comment` WHERE `articleid` = 10 AND `status` = 1 LIMIT 1   [ RunTime:0.0003s ]
INFO: [ view_parse ] --START--
INFO: [ template_filter ] --START--
INFO: Run Behavior\ContentReplaceBehavior [ RunTime:0.000131s ]
INFO: [ template_filter ] --END-- [ RunTime:0.000245s ]
NOTIC: [2] Illegal string offset 'commentcount1' E:\wamp\www\chenjt_website\Application\Runtime\Cache\Blog\66a5e3c199b5189ce1ee01d0083958d9.php 第 64 行.
NOTIC: [2] Illegal string offset 'commentcount1' E:\wamp\www\chenjt_website\Application\Runtime\Cache\Blog\66a5e3c199b5189ce1ee01d0083958d9.php 第 64 行.
NOTIC: [2] Illegal string offset 'commentcount1' E:\wamp\www\chenjt_website\Application\Runtime\Cache\Blog\66a5e3c199b5189ce1ee01d0083958d9.php 第 64 行.
NOTIC: [2] Illegal string offset 'commentcount1' E:\wamp\www\chenjt_website\Application\Runtime\Cache\Blog\66a5e3c199b5189ce1ee01d0083958d9.php 第 64 行.
NOTIC: [2] Illegal string offset 'commentcount1' E:\wamp\www\chenjt_website\Application\Runtime\Cache\Blog\66a5e3c199b5189ce1ee01d0083958d9.php 第 64 行.
INFO: Run Behavior\ParseTemplateBehavior [ RunTime:0.021379s ]
INFO: [ view_parse ] --END-- [ RunTime:0.021465s ]
INFO: [ view_filter ] --START--
INFO: Run Behavior\WriteHtmlCacheBehavior [ RunTime:0.000571s ]
INFO: [ view_filter ] --END-- [ RunTime:0.000657s ]
INFO: [ app_end ] --START--
INFO: Run Behavior\ShowPageTraceBehavior [ RunTime:0.000743s ]
INFO: [ app_end ] --END-- [ RunTime:0.000835s ]

[ 2016-06-07T00:08:33+08:00 ] 127.0.0.1 /Blog
INFO: [ app_init ] --START--
INFO: Run Behavior\BuildLiteBehavior [ RunTime:0.000029s ]
INFO: [ app_init ] --END-- [ RunTime:0.000519s ]
INFO: [ app_begin ] --START--
INFO: Run Behavior\ReadHtmlCacheBehavior [ RunTime:0.001121s ]
INFO: [ app_begin ] --END-- [ RunTime:0.001320s ]
SQL: SHOW COLUMNS FROM `cjt_sort` [ RunTime:0.0028s ]
SQL: SELECT * FROM `cjt_sort`  [ RunTime:0.0003s ]
SQL: SHOW COLUMNS FROM `cjt_tag` [ RunTime:0.0029s ]
SQL: SELECT * FROM `cjt_tag`  [ RunTime:0.0003s ]
SQL: SHOW COLUMNS FROM `cjt_article` [ RunTime:0.0028s ]
SQL: SHOW COLUMNS FROM `cjt_comment` [ RunTime:0.0029s ]
SQL: SELECT COUNT(*) AS tp_count FROM `cjt_article` LIMIT 1   [ RunTime:0.0004s ]
SQL: SELECT * FROM `cjt_article` ORDER BY lastmodifytime DESC LIMIT 0,10   [ RunTime:0.0030s ]
SQL: SELECT * FROM `cjt_sort` WHERE ( 1=1 AND sortid='5' ) LIMIT 1   [ RunTime:0.0003s ]
SQL: SHOW COLUMNS FROM `cjt_tag` [ RunTime:0.0025s ]
NOTIC: [8] Undefined index: mapping_order E:\wamp\www\chenjt_website\ThinkPHP\Library\Think\Model\RelationModel.class.php 第 186 行.
NOTIC: [8] Undefined index: mapping_limit E:\wamp\www\chenjt_website\ThinkPHP\Library\Think\Model\RelationModel.class.php 第 187 行.
SQL: SELECT b.* FROM cjt_articletag AS a, cjt_tag AS b WHERE a.tagid = b.tagid AND a. articleid='3' [ RunTime:0.0004s ]
SQL: SELECT * FROM `cjt_sort` WHERE ( 1=1 AND sortid='1' ) LIMIT 1   [ RunTime:0.0002s ]
NOTIC: [8] Undefined index: mapping_order E:\wamp\www\chenjt_website\ThinkPHP\Library\Think\Model\RelationModel.class.php 第 186 行.
NOTIC: [8] Undefined index: mapping_limit E:\wamp\www\chenjt_website\ThinkPHP\Library\Think\Model\RelationModel.class.php 第 187 行.
SQL: SELECT b.* FROM cjt_articletag AS a, cjt_tag AS b WHERE a.tagid = b.tagid AND a. articleid='2' [ RunTime:0.0003s ]
SQL: SELECT * FROM `cjt_sort` WHERE ( 1=1 AND sortid='3' ) LIMIT 1   [ RunTime:0.0004s ]
NOTIC: [8] Undefined index: mapping_order E:\wamp\www\chenjt_website\ThinkPHP\Library\Think\Model\RelationModel.class.php 第 186 行.
NOTIC: [8] Undefined index: mapping_limit E:\wamp\www\chenjt_website\ThinkPHP\Library\Think\Model\RelationModel.class.php 第 187 行.
SQL: SELECT b.* FROM cjt_articletag AS a, cjt_tag AS b WHERE a.tagid = b.tagid AND a. articleid='4' [ RunTime:0.0005s ]
SQL: SELECT * FROM `cjt_sort` WHERE ( 1=1 AND sortid='2' ) LIMIT 1   [ RunTime:0.0004s ]
NOTIC: [8] Undefined index: mapping_order E:\wamp\www\chenjt_website\ThinkPHP\Library\Think\Model\RelationModel.class.php 第 186 行.
NOTIC: [8] Undefined index: mapping_limit E:\wamp\www\chenjt_website\ThinkPHP\Library\Think\Model\RelationModel.class.php 第 187 行.
SQL: SELECT b.* FROM cjt_articletag AS a, cjt_tag AS b WHERE a.tagid = b.tagid AND a. articleid='5' [ RunTime:0.0003s ]
SQL: SELECT * FROM `cjt_sort` WHERE ( 1=1 AND sortid='4' ) LIMIT 1   [ RunTime:0.0002s ]
NOTIC: [8] Undefined index: mapping_order E:\wamp\www\chenjt_website\ThinkPHP\Library\Think\Model\RelationModel.class.php 第 186 行.
NOTIC: [8] Undefined index: mapping_limit E:\wamp\www\chenjt_website\ThinkPHP\Library\Think\Model\RelationModel.class.php 第 187 行.
SQL: SELECT b.* FROM cjt_articletag AS a, cjt_tag AS b WHERE a.tagid = b.tagid AND a. articleid='6' [ RunTime:0.0003s ]
SQL: SELECT * FROM `cjt_sort` WHERE ( 1=1 AND sortid='6' ) LIMIT 1   [ RunTime:0.0002s ]
NOTIC: [8] Undefined index: mapping_order E:\wamp\www\chenjt_website\ThinkPHP\Library\Think\Model\RelationModel.class.php 第 186 行.
NOTIC: [8] Undefined index: mapping_limit E:\wamp\www\chenjt_website\ThinkPHP\Library\Think\Model\RelationModel.class.php 第 187 行.
SQL: SELECT b.* FROM cjt_articletag AS a, cjt_tag AS b WHERE a.tagid = b.tagid AND a. articleid='7' [ RunTime:0.0002s ]
SQL: SELECT * FROM `cjt_sort` WHERE ( 1=1 AND sortid='6' ) LIMIT 1   [ RunTime:0.0002s ]
NOTIC: [8] Undefined index: mapping_order E:\wamp\www\chenjt_website\ThinkPHP\Library\Think\Model\RelationModel.class.php 第 186 行.
NOTIC: [8] Undefined index: mapping_limit E:\wamp\www\chenjt_website\ThinkPHP\Library\Think\Model\RelationModel.class.php 第 187 行.
SQL: SELECT b.* FROM cjt_articletag AS a, cjt_tag AS b WHERE a.tagid = b.tagid AND a. articleid='13' [ RunTime:0.0003s ]
SQL: SELECT * FROM `cjt_sort` WHERE ( 1=1 AND sortid='6' ) LIMIT 1   [ RunTime:0.0002s ]
NOTIC: [8] Undefined index: mapping_order E:\wamp\www\chenjt_website\ThinkPHP\Library\Think\Model\RelationModel.class.php 第 186 行.
NOTIC: [8] Undefined index: mapping_limit E:\wamp\www\chenjt_website\ThinkPHP\Library\Think\Model\RelationModel.class.php 第 187 行.
SQL: SELECT b.* FROM cjt_articletag AS a, cjt_tag AS b WHERE a.tagid = b.tagid AND a. articleid='8' [ RunTime:0.0002s ]
SQL: SELECT * FROM `cjt_sort` WHERE ( 1=1 AND sortid='6' ) LIMIT 1   [ RunTime:0.0002s ]
NOTIC: [8] Undefined index: mapping_order E:\wamp\www\chenjt_website\ThinkPHP\Library\Think\Model\RelationModel.class.php 第 186 行.
NOTIC: [8] Undefined index: mapping_limit E:\wamp\www\chenjt_website\ThinkPHP\Library\Think\Model\RelationModel.class.php 第 187 行.
SQL: SELECT b.* FROM cjt_articletag AS a, cjt_tag AS b WHERE a.tagid = b.tagid AND a. articleid='9' [ RunTime:0.0003s ]
SQL: SELECT * FROM `cjt_sort` WHERE ( 1=1 AND sortid='1' ) LIMIT 1   [ RunTime:0.0002s ]
NOTIC: [8] Undefined index: mapping_order E:\wamp\www\chenjt_website\ThinkPHP\Library\Think\Model\RelationModel.class.php 第 186 行.
NOTIC: [8] Undefined index: mapping_limit E:\wamp\www\chenjt_website\ThinkPHP\Library\Think\Model\RelationModel.class.php 第 187 行.
SQL: SELECT b.* FROM cjt_articletag AS a, cjt_tag AS b WHERE a.tagid = b.tagid AND a. articleid='12' [ RunTime:0.0002s ]
SQL: SELECT COUNT(*) AS tp_count FROM `cjt_comment` WHERE `articleid` = 3 AND `status` = 1 LIMIT 1   [ RunTime:0.0003s ]
SQL: SELECT COUNT(*) AS tp_count FROM `cjt_comment` WHERE `articleid` = 2 AND `status` = 1 LIMIT 1   [ RunTime:0.0002s ]
SQL: SELECT COUNT(*) AS tp_count FROM `cjt_comment` WHERE `articleid` = 4 AND `status` = 1 LIMIT 1   [ RunTime:0.0002s ]
SQL: SELECT COUNT(*) AS tp_count FROM `cjt_comment` WHERE `articleid` = 5 AND `status` = 1 LIMIT 1   [ RunTime:0.0002s ]
SQL: SELECT COUNT(*) AS tp_count FROM `cjt_comment` WHERE `articleid` = 6 AND `status` = 1 LIMIT 1   [ RunTime:0.0002s ]
SQL: SELECT COUNT(*) AS tp_count FROM `cjt_comment` WHERE `articleid` = 7 AND `status` = 1 LIMIT 1   [ RunTime:0.0002s ]
SQL: SELECT COUNT(*) AS tp_count FROM `cjt_comment` WHERE `articleid` = 13 AND `status` = 1 LIMIT 1   [ RunTime:0.0002s ]
SQL: SELECT COUNT(*) AS tp_count FROM `cjt_comment` WHERE `articleid` = 8 AND `status` = 1 LIMIT 1   [ RunTime:0.0003s ]
SQL: SELECT COUNT(*) AS tp_count FROM `cjt_comment` WHERE `articleid` = 9 AND `status` = 1 LIMIT 1   [ RunTime:0.0002s ]
SQL: SELECT COUNT(*) AS tp_count FROM `cjt_comment` WHERE `articleid` = 12 AND `status` = 1 LIMIT 1   [ RunTime:0.0002s ]
INFO: [ view_parse ] --START--
INFO: [ template_filter ] --START--
INFO: Run Behavior\ContentReplaceBehavior [ RunTime:0.000123s ]
INFO: [ template_filter ] --END-- [ RunTime:0.000238s ]
NOTIC: [2] Illegal string offset 'commentcount1' E:\wamp\www\chenjt_website\Application\Runtime\Cache\Blog\da38aaaeab14a3f431ea394c96895f42.php 第 61 行.
NOTIC: [2] Illegal string offset 'commentcount1' E:\wamp\www\chenjt_website\Application\Runtime\Cache\Blog\da38aaaeab14a3f431ea394c96895f42.php 第 61 行.
NOTIC: [2] Illegal string offset 'commentcount1' E:\wamp\www\chenjt_website\Application\Runtime\Cache\Blog\da38aaaeab14a3f431ea394c96895f42.php 第 61 行.
NOTIC: [2] Illegal string offset 'commentcount1' E:\wamp\www\chenjt_website\Application\Runtime\Cache\Blog\da38aaaeab14a3f431ea394c96895f42.php 第 61 行.
NOTIC: [2] Illegal string offset 'commentcount1' E:\wamp\www\chenjt_website\Application\Runtime\Cache\Blog\da38aaaeab14a3f431ea394c96895f42.php 第 61 行.
NOTIC: [2] Illegal string offset 'commentcount1' E:\wamp\www\chenjt_website\Application\Runtime\Cache\Blog\da38aaaeab14a3f431ea394c96895f42.php 第 61 行.
NOTIC: [2] Illegal string offset 'commentcount1' E:\wamp\www\chenjt_website\Application\Runtime\Cache\Blog\da38aaaeab14a3f431ea394c96895f42.php 第 61 行.
NOTIC: [2] Illegal string offset 'commentcount1' E:\wamp\www\chenjt_website\Application\Runtime\Cache\Blog\da38aaaeab14a3f431ea394c96895f42.php 第 61 行.
NOTIC: [2] Illegal string offset 'commentcount1' E:\wamp\www\chenjt_website\Application\Runtime\Cache\Blog\da38aaaeab14a3f431ea394c96895f42.php 第 61 行.
NOTIC: [2] Illegal string offset 'commentcount1' E:\wamp\www\chenjt_website\Application\Runtime\Cache\Blog\da38aaaeab14a3f431ea394c96895f42.php 第 61 行.
INFO: Run Behavior\ParseTemplateBehavior [ RunTime:0.024878s ]
INFO: [ view_parse ] --END-- [ RunTime:0.024975s ]
INFO: [ view_filter ] --START--
INFO: Run Behavior\WriteHtmlCacheBehavior [ RunTime:0.000482s ]
INFO: [ view_filter ] --END-- [ RunTime:0.000563s ]
INFO: [ app_end ] --START--
INFO: Run Behavior\ShowPageTraceBehavior [ RunTime:0.000615s ]
INFO: [ app_end ] --END-- [ RunTime:0.000701s ]

