[ 2016-05-31T01:52:51+08:00 ] 127.0.0.1 /Blog
INFO: [ app_init ] --START--
INFO: Run Behavior\BuildLiteBehavior [ RunTime:0.000041s ]
INFO: [ app_init ] --END-- [ RunTime:0.000752s ]
INFO: [ app_begin ] --START--
INFO: Run Behavior\ReadHtmlCacheBehavior [ RunTime:0.000648s ]
INFO: [ app_begin ] --END-- [ RunTime:0.000756s ]
SQL: SHOW COLUMNS FROM `cjt_sort` [ RunTime:0.1811s ]
SQL: SELECT * FROM `cjt_sort`  [ RunTime:0.0457s ]
SQL: SHOW COLUMNS FROM `cjt_tag` [ RunTime:0.0050s ]
SQL: SELECT * FROM `cjt_tag`  [ RunTime:0.0146s ]
SQL: SHOW COLUMNS FROM `cjt_article` [ RunTime:0.0056s ]
SQL: SELECT COUNT(*) AS tp_count FROM `cjt_article` LIMIT 1   [ RunTime:0.0005s ]
SQL: SELECT * FROM `cjt_article` ORDER BY lastmodifytime DESC LIMIT 0,9   [ RunTime:0.0573s ]
SQL: SELECT * FROM `cjt_sort` WHERE ( 1=1 AND sortid='1' ) LIMIT 1   [ RunTime:0.0234s ]
SQL: SHOW COLUMNS FROM `cjt_tag` [ RunTime:0.0029s ]
NOTIC: [8] Undefined index: mapping_order E:\wamp\www\chenjt_website\ThinkPHP\Library\Think\Model\RelationModel.class.php 第 186 行.
NOTIC: [8] Undefined index: mapping_limit E:\wamp\www\chenjt_website\ThinkPHP\Library\Think\Model\RelationModel.class.php 第 187 行.
SQL: SELECT b.* FROM cjt_articletag AS a, cjt_tag AS b WHERE a.tagid = b.tagid AND a. articleid='178' [ RunTime:0.0007s ]
SQL: SELECT * FROM `cjt_sort` WHERE ( 1=1 AND sortid='1' ) LIMIT 1   [ RunTime:0.0003s ]
NOTIC: [8] Undefined index: mapping_order E:\wamp\www\chenjt_website\ThinkPHP\Library\Think\Model\RelationModel.class.php 第 186 行.
NOTIC: [8] Undefined index: mapping_limit E:\wamp\www\chenjt_website\ThinkPHP\Library\Think\Model\RelationModel.class.php 第 187 行.
SQL: SELECT b.* FROM cjt_articletag AS a, cjt_tag AS b WHERE a.tagid = b.tagid AND a. articleid='176' [ RunTime:0.0004s ]
SQL: SELECT * FROM `cjt_sort` WHERE ( 1=1 AND sortid='10' ) LIMIT 1   [ RunTime:0.0004s ]
NOTIC: [8] Undefined index: mapping_order E:\wamp\www\chenjt_website\ThinkPHP\Library\Think\Model\RelationModel.class.php 第 186 行.
NOTIC: [8] Undefined index: mapping_limit E:\wamp\www\chenjt_website\ThinkPHP\Library\Think\Model\RelationModel.class.php 第 187 行.
SQL: SELECT b.* FROM cjt_articletag AS a, cjt_tag AS b WHERE a.tagid = b.tagid AND a. articleid='175' [ RunTime:0.0004s ]
SQL: SELECT * FROM `cjt_sort` WHERE ( 1=1 AND sortid='1' ) LIMIT 1   [ RunTime:0.0003s ]
NOTIC: [8] Undefined index: mapping_order E:\wamp\www\chenjt_website\ThinkPHP\Library\Think\Model\RelationModel.class.php 第 186 行.
NOTIC: [8] Undefined index: mapping_limit E:\wamp\www\chenjt_website\ThinkPHP\Library\Think\Model\RelationModel.class.php 第 187 行.
SQL: SELECT b.* FROM cjt_articletag AS a, cjt_tag AS b WHERE a.tagid = b.tagid AND a. articleid='163' [ RunTime:0.0003s ]
SQL: SELECT * FROM `cjt_sort` WHERE ( 1=1 AND sortid='1' ) LIMIT 1   [ RunTime:0.0003s ]
NOTIC: [8] Undefined index: mapping_order E:\wamp\www\chenjt_website\ThinkPHP\Library\Think\Model\RelationModel.class.php 第 186 行.
NOTIC: [8] Undefined index: mapping_limit E:\wamp\www\chenjt_website\ThinkPHP\Library\Think\Model\RelationModel.class.php 第 187 行.
SQL: SELECT b.* FROM cjt_articletag AS a, cjt_tag AS b WHERE a.tagid = b.tagid AND a. articleid='174' [ RunTime:0.0003s ]
SQL: SELECT * FROM `cjt_sort` WHERE ( 1=1 AND sortid='10' ) LIMIT 1   [ RunTime:0.0003s ]
NOTIC: [8] Undefined index: mapping_order E:\wamp\www\chenjt_website\ThinkPHP\Library\Think\Model\RelationModel.class.php 第 186 行.
NOTIC: [8] Undefined index: mapping_limit E:\wamp\www\chenjt_website\ThinkPHP\Library\Think\Model\RelationModel.class.php 第 187 行.
SQL: SELECT b.* FROM cjt_articletag AS a, cjt_tag AS b WHERE a.tagid = b.tagid AND a. articleid='171' [ RunTime:0.0004s ]
SQL: SELECT * FROM `cjt_sort` WHERE ( 1=1 AND sortid='12' ) LIMIT 1   [ RunTime:0.0004s ]
NOTIC: [8] Undefined index: mapping_order E:\wamp\www\chenjt_website\ThinkPHP\Library\Think\Model\RelationModel.class.php 第 186 行.
NOTIC: [8] Undefined index: mapping_limit E:\wamp\www\chenjt_website\ThinkPHP\Library\Think\Model\RelationModel.class.php 第 187 行.
SQL: SELECT b.* FROM cjt_articletag AS a, cjt_tag AS b WHERE a.tagid = b.tagid AND a. articleid='173' [ RunTime:0.0003s ]
SQL: SELECT * FROM `cjt_sort` WHERE ( 1=1 AND sortid='10' ) LIMIT 1   [ RunTime:0.0003s ]
NOTIC: [8] Undefined index: mapping_order E:\wamp\www\chenjt_website\ThinkPHP\Library\Think\Model\RelationModel.class.php 第 186 行.
NOTIC: [8] Undefined index: mapping_limit E:\wamp\www\chenjt_website\ThinkPHP\Library\Think\Model\RelationModel.class.php 第 187 行.
SQL: SELECT b.* FROM cjt_articletag AS a, cjt_tag AS b WHERE a.tagid = b.tagid AND a. articleid='172' [ RunTime:0.0003s ]
SQL: SELECT * FROM `cjt_sort` WHERE ( 1=1 AND sortid='1' ) LIMIT 1   [ RunTime:0.0002s ]
NOTIC: [8] Undefined index: mapping_order E:\wamp\www\chenjt_website\ThinkPHP\Library\Think\Model\RelationModel.class.php 第 186 行.
NOTIC: [8] Undefined index: mapping_limit E:\wamp\www\chenjt_website\ThinkPHP\Library\Think\Model\RelationModel.class.php 第 187 行.
SQL: SELECT b.* FROM cjt_articletag AS a, cjt_tag AS b WHERE a.tagid = b.tagid AND a. articleid='170' [ RunTime:0.0003s ]
INFO: [ view_parse ] --START--
INFO: [ template_filter ] --START--
INFO: Run Behavior\ContentReplaceBehavior [ RunTime:0.000115s ]
INFO: [ template_filter ] --END-- [ RunTime:0.000227s ]
INFO: Run Behavior\ParseTemplateBehavior [ RunTime:0.147988s ]
INFO: [ view_parse ] --END-- [ RunTime:0.148149s ]
INFO: [ view_filter ] --START--
INFO: Run Behavior\WriteHtmlCacheBehavior [ RunTime:0.000330s ]
INFO: [ view_filter ] --END-- [ RunTime:0.000403s ]
INFO: [ app_end ] --START--
INFO: Run Behavior\ShowPageTraceBehavior [ RunTime:0.000544s ]
INFO: [ app_end ] --END-- [ RunTime:0.000618s ]

[ 2016-05-31T02:39:52+08:00 ] 127.0.0.1 /Blog
INFO: [ app_init ] --START--
INFO: Run Behavior\BuildLiteBehavior [ RunTime:0.000027s ]
INFO: [ app_init ] --END-- [ RunTime:0.000486s ]
INFO: [ app_begin ] --START--
INFO: Run Behavior\ReadHtmlCacheBehavior [ RunTime:0.000734s ]
INFO: [ app_begin ] --END-- [ RunTime:0.000843s ]
SQL: SHOW COLUMNS FROM `cjt_sort` [ RunTime:0.0045s ]
SQL: SELECT * FROM `cjt_sort`  [ RunTime:0.0004s ]
SQL: SHOW COLUMNS FROM `cjt_tag` [ RunTime:0.0054s ]
SQL: SELECT * FROM `cjt_tag`  [ RunTime:0.0004s ]
SQL: SHOW COLUMNS FROM `cjt_article` [ RunTime:0.0035s ]
SQL: SELECT COUNT(*) AS tp_count FROM `cjt_article` LIMIT 1   [ RunTime:0.0003s ]
SQL: SELECT * FROM `cjt_article` ORDER BY lastmodifytime DESC LIMIT 0,9   [ RunTime:0.0011s ]
SQL: SELECT * FROM `cjt_sort` WHERE ( 1=1 AND sortid='1' ) LIMIT 1   [ RunTime:0.0002s ]
SQL: SHOW COLUMNS FROM `cjt_tag` [ RunTime:0.0050s ]
NOTIC: [8] Undefined index: mapping_order E:\wamp\www\chenjt_website\ThinkPHP\Library\Think\Model\RelationModel.class.php 第 186 行.
NOTIC: [8] Undefined index: mapping_limit E:\wamp\www\chenjt_website\ThinkPHP\Library\Think\Model\RelationModel.class.php 第 187 行.
SQL: SELECT b.* FROM cjt_articletag AS a, cjt_tag AS b WHERE a.tagid = b.tagid AND a. articleid='178' [ RunTime:0.0007s ]
SQL: SELECT * FROM `cjt_sort` WHERE ( 1=1 AND sortid='1' ) LIMIT 1   [ RunTime:0.0002s ]
NOTIC: [8] Undefined index: mapping_order E:\wamp\www\chenjt_website\ThinkPHP\Library\Think\Model\RelationModel.class.php 第 186 行.
NOTIC: [8] Undefined index: mapping_limit E:\wamp\www\chenjt_website\ThinkPHP\Library\Think\Model\RelationModel.class.php 第 187 行.
SQL: SELECT b.* FROM cjt_articletag AS a, cjt_tag AS b WHERE a.tagid = b.tagid AND a. articleid='176' [ RunTime:0.0002s ]
SQL: SELECT * FROM `cjt_sort` WHERE ( 1=1 AND sortid='10' ) LIMIT 1   [ RunTime:0.0002s ]
NOTIC: [8] Undefined index: mapping_order E:\wamp\www\chenjt_website\ThinkPHP\Library\Think\Model\RelationModel.class.php 第 186 行.
NOTIC: [8] Undefined index: mapping_limit E:\wamp\www\chenjt_website\ThinkPHP\Library\Think\Model\RelationModel.class.php 第 187 行.
SQL: SELECT b.* FROM cjt_articletag AS a, cjt_tag AS b WHERE a.tagid = b.tagid AND a. articleid='175' [ RunTime:0.0002s ]
SQL: SELECT * FROM `cjt_sort` WHERE ( 1=1 AND sortid='1' ) LIMIT 1   [ RunTime:0.0002s ]
NOTIC: [8] Undefined index: mapping_order E:\wamp\www\chenjt_website\ThinkPHP\Library\Think\Model\RelationModel.class.php 第 186 行.
NOTIC: [8] Undefined index: mapping_limit E:\wamp\www\chenjt_website\ThinkPHP\Library\Think\Model\RelationModel.class.php 第 187 行.
SQL: SELECT b.* FROM cjt_articletag AS a, cjt_tag AS b WHERE a.tagid = b.tagid AND a. articleid='163' [ RunTime:0.0002s ]
SQL: SELECT * FROM `cjt_sort` WHERE ( 1=1 AND sortid='1' ) LIMIT 1   [ RunTime:0.0002s ]
NOTIC: [8] Undefined index: mapping_order E:\wamp\www\chenjt_website\ThinkPHP\Library\Think\Model\RelationModel.class.php 第 186 行.
NOTIC: [8] Undefined index: mapping_limit E:\wamp\www\chenjt_website\ThinkPHP\Library\Think\Model\RelationModel.class.php 第 187 行.
SQL: SELECT b.* FROM cjt_articletag AS a, cjt_tag AS b WHERE a.tagid = b.tagid AND a. articleid='174' [ RunTime:0.0002s ]
SQL: SELECT * FROM `cjt_sort` WHERE ( 1=1 AND sortid='10' ) LIMIT 1   [ RunTime:0.0002s ]
NOTIC: [8] Undefined index: mapping_order E:\wamp\www\chenjt_website\ThinkPHP\Library\Think\Model\RelationModel.class.php 第 186 行.
NOTIC: [8] Undefined index: mapping_limit E:\wamp\www\chenjt_website\ThinkPHP\Library\Think\Model\RelationModel.class.php 第 187 行.
SQL: SELECT b.* FROM cjt_articletag AS a, cjt_tag AS b WHERE a.tagid = b.tagid AND a. articleid='171' [ RunTime:0.0002s ]
SQL: SELECT * FROM `cjt_sort` WHERE ( 1=1 AND sortid='12' ) LIMIT 1   [ RunTime:0.0002s ]
NOTIC: [8] Undefined index: mapping_order E:\wamp\www\chenjt_website\ThinkPHP\Library\Think\Model\RelationModel.class.php 第 186 行.
NOTIC: [8] Undefined index: mapping_limit E:\wamp\www\chenjt_website\ThinkPHP\Library\Think\Model\RelationModel.class.php 第 187 行.
SQL: SELECT b.* FROM cjt_articletag AS a, cjt_tag AS b WHERE a.tagid = b.tagid AND a. articleid='173' [ RunTime:0.0002s ]
SQL: SELECT * FROM `cjt_sort` WHERE ( 1=1 AND sortid='10' ) LIMIT 1   [ RunTime:0.0002s ]
NOTIC: [8] Undefined index: mapping_order E:\wamp\www\chenjt_website\ThinkPHP\Library\Think\Model\RelationModel.class.php 第 186 行.
NOTIC: [8] Undefined index: mapping_limit E:\wamp\www\chenjt_website\ThinkPHP\Library\Think\Model\RelationModel.class.php 第 187 行.
SQL: SELECT b.* FROM cjt_articletag AS a, cjt_tag AS b WHERE a.tagid = b.tagid AND a. articleid='172' [ RunTime:0.0002s ]
SQL: SELECT * FROM `cjt_sort` WHERE ( 1=1 AND sortid='1' ) LIMIT 1   [ RunTime:0.0002s ]
NOTIC: [8] Undefined index: mapping_order E:\wamp\www\chenjt_website\ThinkPHP\Library\Think\Model\RelationModel.class.php 第 186 行.
NOTIC: [8] Undefined index: mapping_limit E:\wamp\www\chenjt_website\ThinkPHP\Library\Think\Model\RelationModel.class.php 第 187 行.
SQL: SELECT b.* FROM cjt_articletag AS a, cjt_tag AS b WHERE a.tagid = b.tagid AND a. articleid='170' [ RunTime:0.0003s ]
INFO: [ view_parse ] --START--
INFO: [ template_filter ] --START--
INFO: Run Behavior\ContentReplaceBehavior [ RunTime:0.000191s ]
INFO: [ template_filter ] --END-- [ RunTime:0.000413s ]
INFO: Run Behavior\ParseTemplateBehavior [ RunTime:0.021898s ]
INFO: [ view_parse ] --END-- [ RunTime:0.022009s ]
INFO: [ view_filter ] --START--
INFO: Run Behavior\WriteHtmlCacheBehavior [ RunTime:0.000452s ]
INFO: [ view_filter ] --END-- [ RunTime:0.000537s ]
INFO: [ app_end ] --START--
INFO: Run Behavior\ShowPageTraceBehavior [ RunTime:0.000885s ]
INFO: [ app_end ] --END-- [ RunTime:0.000973s ]

