[ 2016-06-15T01:39:18+08:00 ] 127.0.0.1 /Blog
INFO: [ app_init ] --START--
INFO: Run Behavior\BuildLiteBehavior [ RunTime:0.000028s ]
INFO: [ app_init ] --END-- [ RunTime:0.000477s ]
INFO: [ app_begin ] --START--
INFO: Run Behavior\ReadHtmlCacheBehavior [ RunTime:0.136323s ]
INFO: [ app_begin ] --END-- [ RunTime:0.136548s ]
SQL: SHOW COLUMNS FROM `cjt_sort` [ RunTime:0.3194s ]
SQL: SELECT * FROM `cjt_sort`  [ RunTime:0.1030s ]
SQL: SHOW COLUMNS FROM `cjt_tag` [ RunTime:0.0341s ]
SQL: SELECT * FROM `cjt_tag`  [ RunTime:0.0178s ]
SQL: SHOW COLUMNS FROM `cjt_article` [ RunTime:0.0520s ]
SQL: SHOW COLUMNS FROM `cjt_comment` [ RunTime:0.0295s ]
SQL: SELECT COUNT(*) AS tp_count FROM `cjt_article` LIMIT 1   [ RunTime:0.0076s ]
SQL: SELECT * FROM `cjt_article` ORDER BY lastmodifytime DESC LIMIT 0,10   [ RunTime:0.4631s ]
SQL: SELECT * FROM `cjt_sort` WHERE ( 1=1 AND sortid='5' ) LIMIT 1   [ RunTime:0.0446s ]
SQL: SHOW COLUMNS FROM `cjt_tag` [ RunTime:0.0033s ]
NOTIC: [8] Undefined index: mapping_order E:\wamp\www\chenjt_website\ThinkPHP\Library\Think\Model\RelationModel.class.php 第 186 行.
NOTIC: [8] Undefined index: mapping_limit E:\wamp\www\chenjt_website\ThinkPHP\Library\Think\Model\RelationModel.class.php 第 187 行.
SQL: SELECT b.* FROM cjt_articletag AS a, cjt_tag AS b WHERE a.tagid = b.tagid AND a. articleid='3' [ RunTime:0.0494s ]
SQL: SELECT * FROM `cjt_sort` WHERE ( 1=1 AND sortid='1' ) LIMIT 1   [ RunTime:0.1150s ]
NOTIC: [8] Undefined index: mapping_order E:\wamp\www\chenjt_website\ThinkPHP\Library\Think\Model\RelationModel.class.php 第 186 行.
NOTIC: [8] Undefined index: mapping_limit E:\wamp\www\chenjt_website\ThinkPHP\Library\Think\Model\RelationModel.class.php 第 187 行.
SQL: SELECT b.* FROM cjt_articletag AS a, cjt_tag AS b WHERE a.tagid = b.tagid AND a. articleid='2' [ RunTime:0.0085s ]
SQL: SELECT * FROM `cjt_sort` WHERE ( 1=1 AND sortid='3' ) LIMIT 1   [ RunTime:0.0003s ]
NOTIC: [8] Undefined index: mapping_order E:\wamp\www\chenjt_website\ThinkPHP\Library\Think\Model\RelationModel.class.php 第 186 行.
NOTIC: [8] Undefined index: mapping_limit E:\wamp\www\chenjt_website\ThinkPHP\Library\Think\Model\RelationModel.class.php 第 187 行.
SQL: SELECT b.* FROM cjt_articletag AS a, cjt_tag AS b WHERE a.tagid = b.tagid AND a. articleid='4' [ RunTime:0.0291s ]
SQL: SELECT * FROM `cjt_sort` WHERE ( 1=1 AND sortid='2' ) LIMIT 1   [ RunTime:0.0004s ]
NOTIC: [8] Undefined index: mapping_order E:\wamp\www\chenjt_website\ThinkPHP\Library\Think\Model\RelationModel.class.php 第 186 行.
NOTIC: [8] Undefined index: mapping_limit E:\wamp\www\chenjt_website\ThinkPHP\Library\Think\Model\RelationModel.class.php 第 187 行.
SQL: SELECT b.* FROM cjt_articletag AS a, cjt_tag AS b WHERE a.tagid = b.tagid AND a. articleid='5' [ RunTime:0.0004s ]
SQL: SELECT * FROM `cjt_sort` WHERE ( 1=1 AND sortid='4' ) LIMIT 1   [ RunTime:0.0004s ]
NOTIC: [8] Undefined index: mapping_order E:\wamp\www\chenjt_website\ThinkPHP\Library\Think\Model\RelationModel.class.php 第 186 行.
NOTIC: [8] Undefined index: mapping_limit E:\wamp\www\chenjt_website\ThinkPHP\Library\Think\Model\RelationModel.class.php 第 187 行.
SQL: SELECT b.* FROM cjt_articletag AS a, cjt_tag AS b WHERE a.tagid = b.tagid AND a. articleid='6' [ RunTime:0.0003s ]
SQL: SELECT * FROM `cjt_sort` WHERE ( 1=1 AND sortid='6' ) LIMIT 1   [ RunTime:0.0002s ]
NOTIC: [8] Undefined index: mapping_order E:\wamp\www\chenjt_website\ThinkPHP\Library\Think\Model\RelationModel.class.php 第 186 行.
NOTIC: [8] Undefined index: mapping_limit E:\wamp\www\chenjt_website\ThinkPHP\Library\Think\Model\RelationModel.class.php 第 187 行.
SQL: SELECT b.* FROM cjt_articletag AS a, cjt_tag AS b WHERE a.tagid = b.tagid AND a. articleid='7' [ RunTime:0.0013s ]
SQL: SELECT * FROM `cjt_sort` WHERE ( 1=1 AND sortid='6' ) LIMIT 1   [ RunTime:0.0002s ]
NOTIC: [8] Undefined index: mapping_order E:\wamp\www\chenjt_website\ThinkPHP\Library\Think\Model\RelationModel.class.php 第 186 行.
NOTIC: [8] Undefined index: mapping_limit E:\wamp\www\chenjt_website\ThinkPHP\Library\Think\Model\RelationModel.class.php 第 187 行.
SQL: SELECT b.* FROM cjt_articletag AS a, cjt_tag AS b WHERE a.tagid = b.tagid AND a. articleid='13' [ RunTime:0.0002s ]
SQL: SELECT * FROM `cjt_sort` WHERE ( 1=1 AND sortid='6' ) LIMIT 1   [ RunTime:0.0002s ]
NOTIC: [8] Undefined index: mapping_order E:\wamp\www\chenjt_website\ThinkPHP\Library\Think\Model\RelationModel.class.php 第 186 行.
NOTIC: [8] Undefined index: mapping_limit E:\wamp\www\chenjt_website\ThinkPHP\Library\Think\Model\RelationModel.class.php 第 187 行.
SQL: SELECT b.* FROM cjt_articletag AS a, cjt_tag AS b WHERE a.tagid = b.tagid AND a. articleid='8' [ RunTime:0.0002s ]
SQL: SELECT * FROM `cjt_sort` WHERE ( 1=1 AND sortid='6' ) LIMIT 1   [ RunTime:0.0002s ]
NOTIC: [8] Undefined index: mapping_order E:\wamp\www\chenjt_website\ThinkPHP\Library\Think\Model\RelationModel.class.php 第 186 行.
NOTIC: [8] Undefined index: mapping_limit E:\wamp\www\chenjt_website\ThinkPHP\Library\Think\Model\RelationModel.class.php 第 187 行.
SQL: SELECT b.* FROM cjt_articletag AS a, cjt_tag AS b WHERE a.tagid = b.tagid AND a. articleid='9' [ RunTime:0.0002s ]
SQL: SELECT * FROM `cjt_sort` WHERE ( 1=1 AND sortid='1' ) LIMIT 1   [ RunTime:0.0496s ]
NOTIC: [8] Undefined index: mapping_order E:\wamp\www\chenjt_website\ThinkPHP\Library\Think\Model\RelationModel.class.php 第 186 行.
NOTIC: [8] Undefined index: mapping_limit E:\wamp\www\chenjt_website\ThinkPHP\Library\Think\Model\RelationModel.class.php 第 187 行.
SQL: SELECT b.* FROM cjt_articletag AS a, cjt_tag AS b WHERE a.tagid = b.tagid AND a. articleid='12' [ RunTime:0.0004s ]
SQL: SELECT COUNT(*) AS tp_count FROM `cjt_comment` WHERE `articleid` = 3 AND `status` = 1 LIMIT 1   [ RunTime:0.0003s ]
SQL: SELECT COUNT(*) AS tp_count FROM `cjt_comment` WHERE `articleid` = 2 AND `status` = 1 LIMIT 1   [ RunTime:0.0005s ]
SQL: SELECT COUNT(*) AS tp_count FROM `cjt_comment` WHERE `articleid` = 4 AND `status` = 1 LIMIT 1   [ RunTime:0.0005s ]
SQL: SELECT COUNT(*) AS tp_count FROM `cjt_comment` WHERE `articleid` = 5 AND `status` = 1 LIMIT 1   [ RunTime:0.0006s ]
SQL: SELECT COUNT(*) AS tp_count FROM `cjt_comment` WHERE `articleid` = 6 AND `status` = 1 LIMIT 1   [ RunTime:0.0004s ]
SQL: SELECT COUNT(*) AS tp_count FROM `cjt_comment` WHERE `articleid` = 7 AND `status` = 1 LIMIT 1   [ RunTime:0.0004s ]
SQL: SELECT COUNT(*) AS tp_count FROM `cjt_comment` WHERE `articleid` = 13 AND `status` = 1 LIMIT 1   [ RunTime:0.0004s ]
SQL: SELECT COUNT(*) AS tp_count FROM `cjt_comment` WHERE `articleid` = 8 AND `status` = 1 LIMIT 1   [ RunTime:0.0003s ]
SQL: SELECT COUNT(*) AS tp_count FROM `cjt_comment` WHERE `articleid` = 9 AND `status` = 1 LIMIT 1   [ RunTime:0.0003s ]
SQL: SELECT COUNT(*) AS tp_count FROM `cjt_comment` WHERE `articleid` = 12 AND `status` = 1 LIMIT 1   [ RunTime:0.0003s ]
INFO: [ view_parse ] --START--
INFO: [ template_filter ] --START--
INFO: Run Behavior\ContentReplaceBehavior [ RunTime:0.000151s ]
INFO: [ template_filter ] --END-- [ RunTime:0.000263s ]
NOTIC: [8] Undefined variable: keywords E:\wamp\www\chenjt_website\Application\Runtime\Cache\Blog\da38aaaeab14a3f431ea394c96895f42.php 第 31 行.
NOTIC: [2] Illegal string offset 'commentcount1' E:\wamp\www\chenjt_website\Application\Runtime\Cache\Blog\da38aaaeab14a3f431ea394c96895f42.php 第 70 行.
NOTIC: [2] Illegal string offset 'commentcount1' E:\wamp\www\chenjt_website\Application\Runtime\Cache\Blog\da38aaaeab14a3f431ea394c96895f42.php 第 70 行.
NOTIC: [2] Illegal string offset 'commentcount1' E:\wamp\www\chenjt_website\Application\Runtime\Cache\Blog\da38aaaeab14a3f431ea394c96895f42.php 第 70 行.
NOTIC: [2] Illegal string offset 'commentcount1' E:\wamp\www\chenjt_website\Application\Runtime\Cache\Blog\da38aaaeab14a3f431ea394c96895f42.php 第 70 行.
NOTIC: [2] Illegal string offset 'commentcount1' E:\wamp\www\chenjt_website\Application\Runtime\Cache\Blog\da38aaaeab14a3f431ea394c96895f42.php 第 70 行.
NOTIC: [2] Illegal string offset 'commentcount1' E:\wamp\www\chenjt_website\Application\Runtime\Cache\Blog\da38aaaeab14a3f431ea394c96895f42.php 第 70 行.
NOTIC: [2] Illegal string offset 'commentcount1' E:\wamp\www\chenjt_website\Application\Runtime\Cache\Blog\da38aaaeab14a3f431ea394c96895f42.php 第 70 行.
NOTIC: [2] Illegal string offset 'commentcount1' E:\wamp\www\chenjt_website\Application\Runtime\Cache\Blog\da38aaaeab14a3f431ea394c96895f42.php 第 70 行.
NOTIC: [2] Illegal string offset 'commentcount1' E:\wamp\www\chenjt_website\Application\Runtime\Cache\Blog\da38aaaeab14a3f431ea394c96895f42.php 第 70 行.
NOTIC: [2] Illegal string offset 'commentcount1' E:\wamp\www\chenjt_website\Application\Runtime\Cache\Blog\da38aaaeab14a3f431ea394c96895f42.php 第 70 行.
INFO: Run Behavior\ParseTemplateBehavior [ RunTime:0.260562s ]
INFO: [ view_parse ] --END-- [ RunTime:0.260764s ]
INFO: [ view_filter ] --START--
INFO: Run Behavior\WriteHtmlCacheBehavior [ RunTime:0.021287s ]
INFO: [ view_filter ] --END-- [ RunTime:0.021402s ]
INFO: [ app_end ] --START--
INFO: Run Behavior\ShowPageTraceBehavior [ RunTime:0.009471s ]
INFO: [ app_end ] --END-- [ RunTime:0.009596s ]

[ 2016-06-15T01:39:22+08:00 ] 127.0.0.1 /Blog/Index/index/p/2
INFO: [ app_init ] --START--
INFO: Run Behavior\BuildLiteBehavior [ RunTime:0.000028s ]
INFO: [ app_init ] --END-- [ RunTime:0.000487s ]
INFO: [ app_begin ] --START--
INFO: Run Behavior\ReadHtmlCacheBehavior [ RunTime:0.000816s ]
INFO: [ app_begin ] --END-- [ RunTime:0.000957s ]
SQL: SHOW COLUMNS FROM `cjt_sort` [ RunTime:0.0039s ]
SQL: SELECT * FROM `cjt_sort`  [ RunTime:0.0004s ]
SQL: SHOW COLUMNS FROM `cjt_tag` [ RunTime:0.0037s ]
SQL: SELECT * FROM `cjt_tag`  [ RunTime:0.0005s ]
SQL: SHOW COLUMNS FROM `cjt_article` [ RunTime:0.0031s ]
SQL: SHOW COLUMNS FROM `cjt_comment` [ RunTime:0.0029s ]
SQL: SELECT COUNT(*) AS tp_count FROM `cjt_article` LIMIT 1   [ RunTime:0.0003s ]
SQL: SELECT * FROM `cjt_article` ORDER BY lastmodifytime DESC LIMIT 10,10   [ RunTime:0.1267s ]
SQL: SELECT * FROM `cjt_sort` WHERE ( 1=1 AND sortid='6' ) LIMIT 1   [ RunTime:0.0003s ]
SQL: SHOW COLUMNS FROM `cjt_tag` [ RunTime:0.0030s ]
NOTIC: [8] Undefined index: mapping_order E:\wamp\www\chenjt_website\ThinkPHP\Library\Think\Model\RelationModel.class.php 第 186 行.
NOTIC: [8] Undefined index: mapping_limit E:\wamp\www\chenjt_website\ThinkPHP\Library\Think\Model\RelationModel.class.php 第 187 行.
SQL: SELECT b.* FROM cjt_articletag AS a, cjt_tag AS b WHERE a.tagid = b.tagid AND a. articleid='15' [ RunTime:0.0005s ]
SQL: SELECT * FROM `cjt_sort` WHERE ( 1=1 AND sortid='1' ) LIMIT 1   [ RunTime:0.0003s ]
NOTIC: [8] Undefined index: mapping_order E:\wamp\www\chenjt_website\ThinkPHP\Library\Think\Model\RelationModel.class.php 第 186 行.
NOTIC: [8] Undefined index: mapping_limit E:\wamp\www\chenjt_website\ThinkPHP\Library\Think\Model\RelationModel.class.php 第 187 行.
SQL: SELECT b.* FROM cjt_articletag AS a, cjt_tag AS b WHERE a.tagid = b.tagid AND a. articleid='14' [ RunTime:0.0004s ]
SQL: SELECT * FROM `cjt_sort` WHERE ( 1=1 AND sortid='1' ) LIMIT 1   [ RunTime:0.0003s ]
NOTIC: [8] Undefined index: mapping_order E:\wamp\www\chenjt_website\ThinkPHP\Library\Think\Model\RelationModel.class.php 第 186 行.
NOTIC: [8] Undefined index: mapping_limit E:\wamp\www\chenjt_website\ThinkPHP\Library\Think\Model\RelationModel.class.php 第 187 行.
SQL: SELECT b.* FROM cjt_articletag AS a, cjt_tag AS b WHERE a.tagid = b.tagid AND a. articleid='11' [ RunTime:0.0003s ]
SQL: SELECT * FROM `cjt_sort` WHERE ( 1=1 AND sortid='1' ) LIMIT 1   [ RunTime:0.0004s ]
NOTIC: [8] Undefined index: mapping_order E:\wamp\www\chenjt_website\ThinkPHP\Library\Think\Model\RelationModel.class.php 第 186 行.
NOTIC: [8] Undefined index: mapping_limit E:\wamp\www\chenjt_website\ThinkPHP\Library\Think\Model\RelationModel.class.php 第 187 行.
SQL: SELECT b.* FROM cjt_articletag AS a, cjt_tag AS b WHERE a.tagid = b.tagid AND a. articleid='10' [ RunTime:0.0602s ]
SQL: SELECT * FROM `cjt_sort` WHERE ( 1=1 AND sortid='2' ) LIMIT 1   [ RunTime:0.0003s ]
NOTIC: [8] Undefined index: mapping_order E:\wamp\www\chenjt_website\ThinkPHP\Library\Think\Model\RelationModel.class.php 第 186 行.
NOTIC: [8] Undefined index: mapping_limit E:\wamp\www\chenjt_website\ThinkPHP\Library\Think\Model\RelationModel.class.php 第 187 行.
SQL: SELECT b.* FROM cjt_articletag AS a, cjt_tag AS b WHERE a.tagid = b.tagid AND a. articleid='1' [ RunTime:0.0005s ]
SQL: SELECT COUNT(*) AS tp_count FROM `cjt_comment` WHERE `articleid` = 15 AND `status` = 1 LIMIT 1   [ RunTime:0.0006s ]
SQL: SELECT COUNT(*) AS tp_count FROM `cjt_comment` WHERE `articleid` = 14 AND `status` = 1 LIMIT 1   [ RunTime:0.0004s ]
SQL: SELECT COUNT(*) AS tp_count FROM `cjt_comment` WHERE `articleid` = 11 AND `status` = 1 LIMIT 1   [ RunTime:0.0004s ]
SQL: SELECT COUNT(*) AS tp_count FROM `cjt_comment` WHERE `articleid` = 10 AND `status` = 1 LIMIT 1   [ RunTime:0.0003s ]
SQL: SELECT COUNT(*) AS tp_count FROM `cjt_comment` WHERE `articleid` = 1 AND `status` = 1 LIMIT 1   [ RunTime:0.0003s ]
INFO: [ view_parse ] --START--
INFO: [ template_filter ] --START--
INFO: Run Behavior\ContentReplaceBehavior [ RunTime:0.000232s ]
INFO: [ template_filter ] --END-- [ RunTime:0.000450s ]
NOTIC: [8] Undefined variable: keywords E:\wamp\www\chenjt_website\Application\Runtime\Cache\Blog\da38aaaeab14a3f431ea394c96895f42.php 第 31 行.
NOTIC: [2] Illegal string offset 'commentcount1' E:\wamp\www\chenjt_website\Application\Runtime\Cache\Blog\da38aaaeab14a3f431ea394c96895f42.php 第 70 行.
NOTIC: [2] Illegal string offset 'commentcount1' E:\wamp\www\chenjt_website\Application\Runtime\Cache\Blog\da38aaaeab14a3f431ea394c96895f42.php 第 70 行.
NOTIC: [2] Illegal string offset 'commentcount1' E:\wamp\www\chenjt_website\Application\Runtime\Cache\Blog\da38aaaeab14a3f431ea394c96895f42.php 第 70 行.
NOTIC: [2] Illegal string offset 'commentcount1' E:\wamp\www\chenjt_website\Application\Runtime\Cache\Blog\da38aaaeab14a3f431ea394c96895f42.php 第 70 行.
NOTIC: [2] Illegal string offset 'commentcount1' E:\wamp\www\chenjt_website\Application\Runtime\Cache\Blog\da38aaaeab14a3f431ea394c96895f42.php 第 70 行.
INFO: Run Behavior\ParseTemplateBehavior [ RunTime:0.045305s ]
INFO: [ view_parse ] --END-- [ RunTime:0.045454s ]
INFO: [ view_filter ] --START--
INFO: Run Behavior\WriteHtmlCacheBehavior [ RunTime:0.000530s ]
INFO: [ view_filter ] --END-- [ RunTime:0.000654s ]
INFO: [ app_end ] --START--
INFO: Run Behavior\ShowPageTraceBehavior [ RunTime:0.000687s ]
INFO: [ app_end ] --END-- [ RunTime:0.000810s ]

[ 2016-06-15T01:39:25+08:00 ] 127.0.0.1 /Blog/Index/index/p/1
INFO: [ app_init ] --START--
INFO: Run Behavior\BuildLiteBehavior [ RunTime:0.000030s ]
INFO: [ app_init ] --END-- [ RunTime:0.000572s ]
INFO: [ app_begin ] --START--
INFO: Run Behavior\ReadHtmlCacheBehavior [ RunTime:0.000816s ]
INFO: [ app_begin ] --END-- [ RunTime:0.000942s ]
SQL: SHOW COLUMNS FROM `cjt_sort` [ RunTime:0.0031s ]
SQL: SELECT * FROM `cjt_sort`  [ RunTime:0.0004s ]
SQL: SHOW COLUMNS FROM `cjt_tag` [ RunTime:0.0036s ]
SQL: SELECT * FROM `cjt_tag`  [ RunTime:0.0005s ]
SQL: SHOW COLUMNS FROM `cjt_article` [ RunTime:0.0032s ]
SQL: SHOW COLUMNS FROM `cjt_comment` [ RunTime:0.0049s ]
SQL: SELECT COUNT(*) AS tp_count FROM `cjt_article` LIMIT 1   [ RunTime:0.0005s ]
SQL: SELECT * FROM `cjt_article` ORDER BY lastmodifytime DESC LIMIT 0,10   [ RunTime:0.0049s ]
SQL: SELECT * FROM `cjt_sort` WHERE ( 1=1 AND sortid='5' ) LIMIT 1   [ RunTime:0.0005s ]
SQL: SHOW COLUMNS FROM `cjt_tag` [ RunTime:0.0033s ]
NOTIC: [8] Undefined index: mapping_order E:\wamp\www\chenjt_website\ThinkPHP\Library\Think\Model\RelationModel.class.php 第 186 行.
NOTIC: [8] Undefined index: mapping_limit E:\wamp\www\chenjt_website\ThinkPHP\Library\Think\Model\RelationModel.class.php 第 187 行.
SQL: SELECT b.* FROM cjt_articletag AS a, cjt_tag AS b WHERE a.tagid = b.tagid AND a. articleid='3' [ RunTime:0.0007s ]
SQL: SELECT * FROM `cjt_sort` WHERE ( 1=1 AND sortid='1' ) LIMIT 1   [ RunTime:0.0005s ]
NOTIC: [8] Undefined index: mapping_order E:\wamp\www\chenjt_website\ThinkPHP\Library\Think\Model\RelationModel.class.php 第 186 行.
NOTIC: [8] Undefined index: mapping_limit E:\wamp\www\chenjt_website\ThinkPHP\Library\Think\Model\RelationModel.class.php 第 187 行.
SQL: SELECT b.* FROM cjt_articletag AS a, cjt_tag AS b WHERE a.tagid = b.tagid AND a. articleid='2' [ RunTime:0.0005s ]
SQL: SELECT * FROM `cjt_sort` WHERE ( 1=1 AND sortid='3' ) LIMIT 1   [ RunTime:0.0002s ]
NOTIC: [8] Undefined index: mapping_order E:\wamp\www\chenjt_website\ThinkPHP\Library\Think\Model\RelationModel.class.php 第 186 行.
NOTIC: [8] Undefined index: mapping_limit E:\wamp\www\chenjt_website\ThinkPHP\Library\Think\Model\RelationModel.class.php 第 187 行.
SQL: SELECT b.* FROM cjt_articletag AS a, cjt_tag AS b WHERE a.tagid = b.tagid AND a. articleid='4' [ RunTime:0.0003s ]
SQL: SELECT * FROM `cjt_sort` WHERE ( 1=1 AND sortid='2' ) LIMIT 1   [ RunTime:0.0002s ]
NOTIC: [8] Undefined index: mapping_order E:\wamp\www\chenjt_website\ThinkPHP\Library\Think\Model\RelationModel.class.php 第 186 行.
NOTIC: [8] Undefined index: mapping_limit E:\wamp\www\chenjt_website\ThinkPHP\Library\Think\Model\RelationModel.class.php 第 187 行.
SQL: SELECT b.* FROM cjt_articletag AS a, cjt_tag AS b WHERE a.tagid = b.tagid AND a. articleid='5' [ RunTime:0.0003s ]
SQL: SELECT * FROM `cjt_sort` WHERE ( 1=1 AND sortid='4' ) LIMIT 1   [ RunTime:0.0002s ]
NOTIC: [8] Undefined index: mapping_order E:\wamp\www\chenjt_website\ThinkPHP\Library\Think\Model\RelationModel.class.php 第 186 行.
NOTIC: [8] Undefined index: mapping_limit E:\wamp\www\chenjt_website\ThinkPHP\Library\Think\Model\RelationModel.class.php 第 187 行.
SQL: SELECT b.* FROM cjt_articletag AS a, cjt_tag AS b WHERE a.tagid = b.tagid AND a. articleid='6' [ RunTime:0.0002s ]
SQL: SELECT * FROM `cjt_sort` WHERE ( 1=1 AND sortid='6' ) LIMIT 1   [ RunTime:0.0004s ]
NOTIC: [8] Undefined index: mapping_order E:\wamp\www\chenjt_website\ThinkPHP\Library\Think\Model\RelationModel.class.php 第 186 行.
NOTIC: [8] Undefined index: mapping_limit E:\wamp\www\chenjt_website\ThinkPHP\Library\Think\Model\RelationModel.class.php 第 187 行.
SQL: SELECT b.* FROM cjt_articletag AS a, cjt_tag AS b WHERE a.tagid = b.tagid AND a. articleid='7' [ RunTime:0.0004s ]
SQL: SELECT * FROM `cjt_sort` WHERE ( 1=1 AND sortid='6' ) LIMIT 1   [ RunTime:0.0003s ]
NOTIC: [8] Undefined index: mapping_order E:\wamp\www\chenjt_website\ThinkPHP\Library\Think\Model\RelationModel.class.php 第 186 行.
NOTIC: [8] Undefined index: mapping_limit E:\wamp\www\chenjt_website\ThinkPHP\Library\Think\Model\RelationModel.class.php 第 187 行.
SQL: SELECT b.* FROM cjt_articletag AS a, cjt_tag AS b WHERE a.tagid = b.tagid AND a. articleid='13' [ RunTime:0.0003s ]
SQL: SELECT * FROM `cjt_sort` WHERE ( 1=1 AND sortid='6' ) LIMIT 1   [ RunTime:0.0002s ]
NOTIC: [8] Undefined index: mapping_order E:\wamp\www\chenjt_website\ThinkPHP\Library\Think\Model\RelationModel.class.php 第 186 行.
NOTIC: [8] Undefined index: mapping_limit E:\wamp\www\chenjt_website\ThinkPHP\Library\Think\Model\RelationModel.class.php 第 187 行.
SQL: SELECT b.* FROM cjt_articletag AS a, cjt_tag AS b WHERE a.tagid = b.tagid AND a. articleid='8' [ RunTime:0.0003s ]
SQL: SELECT * FROM `cjt_sort` WHERE ( 1=1 AND sortid='6' ) LIMIT 1   [ RunTime:0.0004s ]
NOTIC: [8] Undefined index: mapping_order E:\wamp\www\chenjt_website\ThinkPHP\Library\Think\Model\RelationModel.class.php 第 186 行.
NOTIC: [8] Undefined index: mapping_limit E:\wamp\www\chenjt_website\ThinkPHP\Library\Think\Model\RelationModel.class.php 第 187 行.
SQL: SELECT b.* FROM cjt_articletag AS a, cjt_tag AS b WHERE a.tagid = b.tagid AND a. articleid='9' [ RunTime:0.0005s ]
SQL: SELECT * FROM `cjt_sort` WHERE ( 1=1 AND sortid='1' ) LIMIT 1   [ RunTime:0.0004s ]
NOTIC: [8] Undefined index: mapping_order E:\wamp\www\chenjt_website\ThinkPHP\Library\Think\Model\RelationModel.class.php 第 186 行.
NOTIC: [8] Undefined index: mapping_limit E:\wamp\www\chenjt_website\ThinkPHP\Library\Think\Model\RelationModel.class.php 第 187 行.
SQL: SELECT b.* FROM cjt_articletag AS a, cjt_tag AS b WHERE a.tagid = b.tagid AND a. articleid='12' [ RunTime:0.0005s ]
SQL: SELECT COUNT(*) AS tp_count FROM `cjt_comment` WHERE `articleid` = 3 AND `status` = 1 LIMIT 1   [ RunTime:0.0003s ]
SQL: SELECT COUNT(*) AS tp_count FROM `cjt_comment` WHERE `articleid` = 2 AND `status` = 1 LIMIT 1   [ RunTime:0.0003s ]
SQL: SELECT COUNT(*) AS tp_count FROM `cjt_comment` WHERE `articleid` = 4 AND `status` = 1 LIMIT 1   [ RunTime:0.0003s ]
SQL: SELECT COUNT(*) AS tp_count FROM `cjt_comment` WHERE `articleid` = 5 AND `status` = 1 LIMIT 1   [ RunTime:0.0008s ]
SQL: SELECT COUNT(*) AS tp_count FROM `cjt_comment` WHERE `articleid` = 6 AND `status` = 1 LIMIT 1   [ RunTime:0.0005s ]
SQL: SELECT COUNT(*) AS tp_count FROM `cjt_comment` WHERE `articleid` = 7 AND `status` = 1 LIMIT 1   [ RunTime:0.0003s ]
SQL: SELECT COUNT(*) AS tp_count FROM `cjt_comment` WHERE `articleid` = 13 AND `status` = 1 LIMIT 1   [ RunTime:0.0002s ]
SQL: SELECT COUNT(*) AS tp_count FROM `cjt_comment` WHERE `articleid` = 8 AND `status` = 1 LIMIT 1   [ RunTime:0.0002s ]
SQL: SELECT COUNT(*) AS tp_count FROM `cjt_comment` WHERE `articleid` = 9 AND `status` = 1 LIMIT 1   [ RunTime:0.0002s ]
SQL: SELECT COUNT(*) AS tp_count FROM `cjt_comment` WHERE `articleid` = 12 AND `status` = 1 LIMIT 1   [ RunTime:0.0002s ]
INFO: [ view_parse ] --START--
INFO: [ template_filter ] --START--
INFO: Run Behavior\ContentReplaceBehavior [ RunTime:0.000215s ]
INFO: [ template_filter ] --END-- [ RunTime:0.000440s ]
NOTIC: [8] Undefined variable: keywords E:\wamp\www\chenjt_website\Application\Runtime\Cache\Blog\da38aaaeab14a3f431ea394c96895f42.php 第 31 行.
NOTIC: [2] Illegal string offset 'commentcount1' E:\wamp\www\chenjt_website\Application\Runtime\Cache\Blog\da38aaaeab14a3f431ea394c96895f42.php 第 70 行.
NOTIC: [2] Illegal string offset 'commentcount1' E:\wamp\www\chenjt_website\Application\Runtime\Cache\Blog\da38aaaeab14a3f431ea394c96895f42.php 第 70 行.
NOTIC: [2] Illegal string offset 'commentcount1' E:\wamp\www\chenjt_website\Application\Runtime\Cache\Blog\da38aaaeab14a3f431ea394c96895f42.php 第 70 行.
NOTIC: [2] Illegal string offset 'commentcount1' E:\wamp\www\chenjt_website\Application\Runtime\Cache\Blog\da38aaaeab14a3f431ea394c96895f42.php 第 70 行.
NOTIC: [2] Illegal string offset 'commentcount1' E:\wamp\www\chenjt_website\Application\Runtime\Cache\Blog\da38aaaeab14a3f431ea394c96895f42.php 第 70 行.
NOTIC: [2] Illegal string offset 'commentcount1' E:\wamp\www\chenjt_website\Application\Runtime\Cache\Blog\da38aaaeab14a3f431ea394c96895f42.php 第 70 行.
NOTIC: [2] Illegal string offset 'commentcount1' E:\wamp\www\chenjt_website\Application\Runtime\Cache\Blog\da38aaaeab14a3f431ea394c96895f42.php 第 70 行.
NOTIC: [2] Illegal string offset 'commentcount1' E:\wamp\www\chenjt_website\Application\Runtime\Cache\Blog\da38aaaeab14a3f431ea394c96895f42.php 第 70 行.
NOTIC: [2] Illegal string offset 'commentcount1' E:\wamp\www\chenjt_website\Application\Runtime\Cache\Blog\da38aaaeab14a3f431ea394c96895f42.php 第 70 行.
NOTIC: [2] Illegal string offset 'commentcount1' E:\wamp\www\chenjt_website\Application\Runtime\Cache\Blog\da38aaaeab14a3f431ea394c96895f42.php 第 70 行.
INFO: Run Behavior\ParseTemplateBehavior [ RunTime:0.032856s ]
INFO: [ view_parse ] --END-- [ RunTime:0.032958s ]
INFO: [ view_filter ] --START--
INFO: Run Behavior\WriteHtmlCacheBehavior [ RunTime:0.000584s ]
INFO: [ view_filter ] --END-- [ RunTime:0.000678s ]
INFO: [ app_end ] --START--
INFO: Run Behavior\ShowPageTraceBehavior [ RunTime:0.000693s ]
INFO: [ app_end ] --END-- [ RunTime:0.000783s ]

[ 2016-06-15T01:39:27+08:00 ] 127.0.0.1 /Blog/Detail/index/id/2
INFO: [ app_init ] --START--
INFO: Run Behavior\BuildLiteBehavior [ RunTime:0.000046s ]
INFO: [ app_init ] --END-- [ RunTime:0.001014s ]
INFO: [ app_begin ] --START--
INFO: Run Behavior\ReadHtmlCacheBehavior [ RunTime:0.000812s ]
INFO: [ app_begin ] --END-- [ RunTime:0.000979s ]
SQL: SHOW COLUMNS FROM `cjt_sort` [ RunTime:0.0034s ]
SQL: SELECT * FROM `cjt_sort`  [ RunTime:0.0005s ]
SQL: SHOW COLUMNS FROM `cjt_tag` [ RunTime:0.0036s ]
SQL: SELECT * FROM `cjt_tag`  [ RunTime:0.0003s ]
SQL: SHOW COLUMNS FROM `cjt_article` [ RunTime:0.0034s ]
SQL: SHOW COLUMNS FROM `cjt_comment` [ RunTime:0.0039s ]
SQL: UPDATE `cjt_article` SET `readnum`=readnum+1 WHERE `id` = 2 [ RunTime:0.2760s ]
SQL: SELECT * FROM `cjt_comment` WHERE `articleid` = 2 AND `status` = 1 ORDER BY commenttime DESC  [ RunTime:0.0005s ]
SQL: SELECT COUNT(*) AS tp_count FROM `cjt_comment` WHERE `articleid` = 2 AND `status` = 1 LIMIT 1   [ RunTime:0.0002s ]
SQL: SELECT * FROM `cjt_article` WHERE ( id<2 ) ORDER BY id DESC LIMIT 1   [ RunTime:0.0220s ]
SQL: SELECT * FROM `cjt_article` WHERE ( id>2 ) ORDER BY id ASC LIMIT 1   [ RunTime:0.0009s ]
SQL: SHOW COLUMNS FROM `cjt_articletag` [ RunTime:0.0033s ]
NOTIC: [2] Illegal string offset 'articleid' E:\wamp\www\chenjt_website\Application\Blog\Controller\DetailController.class.php 第 40 行.
SQL: SELECT * FROM `cjt_article` WHERE `id` = 2 LIMIT 1   [ RunTime:0.0009s ]
SQL: SELECT * FROM `cjt_sort` WHERE ( 1=1 AND sortid='1' ) LIMIT 1   [ RunTime:0.0003s ]
SQL: SHOW COLUMNS FROM `cjt_tag` [ RunTime:0.0037s ]
NOTIC: [8] Undefined index: mapping_order E:\wamp\www\chenjt_website\ThinkPHP\Library\Think\Model\RelationModel.class.php 第 186 行.
NOTIC: [8] Undefined index: mapping_limit E:\wamp\www\chenjt_website\ThinkPHP\Library\Think\Model\RelationModel.class.php 第 187 行.
SQL: SELECT b.* FROM cjt_articletag AS a, cjt_tag AS b WHERE a.tagid = b.tagid AND a. articleid='2' [ RunTime:0.0005s ]
INFO: [ view_parse ] --START--
INFO: [ template_filter ] --START--
INFO: Run Behavior\ContentReplaceBehavior [ RunTime:0.000183s ]
INFO: [ template_filter ] --END-- [ RunTime:0.000313s ]
NOTIC: [8] Undefined variable: keywords E:\wamp\www\chenjt_website\Application\Runtime\Cache\Blog\67bc5e4bbe1d0d4e657e44b32b1323b1.php 第 71 行.
INFO: Run Behavior\ParseTemplateBehavior [ RunTime:0.062067s ]
INFO: [ view_parse ] --END-- [ RunTime:0.062187s ]
INFO: [ view_filter ] --START--
INFO: Run Behavior\WriteHtmlCacheBehavior [ RunTime:0.000555s ]
INFO: [ view_filter ] --END-- [ RunTime:0.000649s ]
INFO: [ app_end ] --START--
INFO: Run Behavior\ShowPageTraceBehavior [ RunTime:0.000738s ]
INFO: [ app_end ] --END-- [ RunTime:0.000831s ]

[ 2016-06-15T01:39:29+08:00 ] 127.0.0.1 /Blog/Detail/index/id/3
INFO: [ app_init ] --START--
INFO: Run Behavior\BuildLiteBehavior [ RunTime:0.000048s ]
INFO: [ app_init ] --END-- [ RunTime:0.000870s ]
INFO: [ app_begin ] --START--
INFO: Run Behavior\ReadHtmlCacheBehavior [ RunTime:0.001742s ]
INFO: [ app_begin ] --END-- [ RunTime:0.002335s ]
SQL: SHOW COLUMNS FROM `cjt_sort` [ RunTime:0.0055s ]
SQL: SELECT * FROM `cjt_sort`  [ RunTime:0.0032s ]
SQL: SHOW COLUMNS FROM `cjt_tag` [ RunTime:0.0042s ]
SQL: SELECT * FROM `cjt_tag`  [ RunTime:0.0007s ]
SQL: SHOW COLUMNS FROM `cjt_article` [ RunTime:0.0143s ]
SQL: SHOW COLUMNS FROM `cjt_comment` [ RunTime:0.0046s ]
SQL: UPDATE `cjt_article` SET `readnum`=readnum+1 WHERE `id` = 3 [ RunTime:0.0384s ]
SQL: SELECT * FROM `cjt_comment` WHERE `articleid` = 3 AND `status` = 1 ORDER BY commenttime DESC  [ RunTime:0.0012s ]
SQL: SELECT COUNT(*) AS tp_count FROM `cjt_comment` WHERE `articleid` = 3 AND `status` = 1 LIMIT 1   [ RunTime:0.0009s ]
SQL: SELECT * FROM `cjt_article` WHERE ( id<3 ) ORDER BY id DESC LIMIT 1   [ RunTime:0.0012s ]
SQL: SELECT * FROM `cjt_article` WHERE ( id>3 ) ORDER BY id ASC LIMIT 1   [ RunTime:0.0017s ]
SQL: SHOW COLUMNS FROM `cjt_articletag` [ RunTime:0.0057s ]
NOTIC: [2] Illegal string offset 'articleid' E:\wamp\www\chenjt_website\Application\Blog\Controller\DetailController.class.php 第 40 行.
SQL: SELECT * FROM `cjt_article` WHERE `id` = 3 LIMIT 1   [ RunTime:0.0012s ]
SQL: SELECT * FROM `cjt_sort` WHERE ( 1=1 AND sortid='5' ) LIMIT 1   [ RunTime:0.0004s ]
SQL: SHOW COLUMNS FROM `cjt_tag` [ RunTime:0.0039s ]
NOTIC: [8] Undefined index: mapping_order E:\wamp\www\chenjt_website\ThinkPHP\Library\Think\Model\RelationModel.class.php 第 186 行.
NOTIC: [8] Undefined index: mapping_limit E:\wamp\www\chenjt_website\ThinkPHP\Library\Think\Model\RelationModel.class.php 第 187 行.
SQL: SELECT b.* FROM cjt_articletag AS a, cjt_tag AS b WHERE a.tagid = b.tagid AND a. articleid='3' [ RunTime:0.0016s ]
INFO: [ view_parse ] --START--
INFO: [ template_filter ] --START--
INFO: Run Behavior\ContentReplaceBehavior [ RunTime:0.000268s ]
INFO: [ template_filter ] --END-- [ RunTime:0.000469s ]
NOTIC: [8] Undefined variable: keywords E:\wamp\www\chenjt_website\Application\Runtime\Cache\Blog\67bc5e4bbe1d0d4e657e44b32b1323b1.php 第 71 行.
INFO: Run Behavior\ParseTemplateBehavior [ RunTime:0.048444s ]
INFO: [ view_parse ] --END-- [ RunTime:0.048724s ]
INFO: [ view_filter ] --START--
INFO: Run Behavior\WriteHtmlCacheBehavior [ RunTime:0.001509s ]
INFO: [ view_filter ] --END-- [ RunTime:0.001683s ]
INFO: [ app_end ] --START--
INFO: Run Behavior\ShowPageTraceBehavior [ RunTime:0.005600s ]
INFO: [ app_end ] --END-- [ RunTime:0.005822s ]

[ 2016-06-15T01:39:30+08:00 ] 127.0.0.1 /Blog/Detail/index/id/4
INFO: [ app_init ] --START--
INFO: Run Behavior\BuildLiteBehavior [ RunTime:0.000048s ]
INFO: [ app_init ] --END-- [ RunTime:0.000928s ]
INFO: [ app_begin ] --START--
INFO: Run Behavior\ReadHtmlCacheBehavior [ RunTime:0.001545s ]
INFO: [ app_begin ] --END-- [ RunTime:0.001818s ]
SQL: SHOW COLUMNS FROM `cjt_sort` [ RunTime:0.0051s ]
SQL: SELECT * FROM `cjt_sort`  [ RunTime:0.0005s ]
SQL: SHOW COLUMNS FROM `cjt_tag` [ RunTime:0.0055s ]
SQL: SELECT * FROM `cjt_tag`  [ RunTime:0.0006s ]
SQL: SHOW COLUMNS FROM `cjt_article` [ RunTime:0.0053s ]
SQL: SHOW COLUMNS FROM `cjt_comment` [ RunTime:0.0050s ]
SQL: UPDATE `cjt_article` SET `readnum`=readnum+1 WHERE `id` = 4 [ RunTime:0.4326s ]
SQL: SELECT * FROM `cjt_comment` WHERE `articleid` = 4 AND `status` = 1 ORDER BY commenttime DESC  [ RunTime:0.0004s ]
SQL: SELECT COUNT(*) AS tp_count FROM `cjt_comment` WHERE `articleid` = 4 AND `status` = 1 LIMIT 1   [ RunTime:0.0002s ]
SQL: SELECT * FROM `cjt_article` WHERE ( id<4 ) ORDER BY id DESC LIMIT 1   [ RunTime:0.0007s ]
SQL: SELECT * FROM `cjt_article` WHERE ( id>4 ) ORDER BY id ASC LIMIT 1   [ RunTime:0.0005s ]
SQL: SHOW COLUMNS FROM `cjt_articletag` [ RunTime:0.0029s ]
NOTIC: [2] Illegal string offset 'articleid' E:\wamp\www\chenjt_website\Application\Blog\Controller\DetailController.class.php 第 40 行.
SQL: SELECT * FROM `cjt_article` WHERE `id` = 4 LIMIT 1   [ RunTime:0.0008s ]
SQL: SELECT * FROM `cjt_sort` WHERE ( 1=1 AND sortid='3' ) LIMIT 1   [ RunTime:0.0007s ]
SQL: SHOW COLUMNS FROM `cjt_tag` [ RunTime:0.0036s ]
NOTIC: [8] Undefined index: mapping_order E:\wamp\www\chenjt_website\ThinkPHP\Library\Think\Model\RelationModel.class.php 第 186 行.
NOTIC: [8] Undefined index: mapping_limit E:\wamp\www\chenjt_website\ThinkPHP\Library\Think\Model\RelationModel.class.php 第 187 行.
SQL: SELECT b.* FROM cjt_articletag AS a, cjt_tag AS b WHERE a.tagid = b.tagid AND a. articleid='4' [ RunTime:0.0004s ]
INFO: [ view_parse ] --START--
INFO: [ template_filter ] --START--
INFO: Run Behavior\ContentReplaceBehavior [ RunTime:0.000196s ]
INFO: [ template_filter ] --END-- [ RunTime:0.000314s ]
NOTIC: [8] Undefined variable: keywords E:\wamp\www\chenjt_website\Application\Runtime\Cache\Blog\67bc5e4bbe1d0d4e657e44b32b1323b1.php 第 71 行.
INFO: Run Behavior\ParseTemplateBehavior [ RunTime:0.033082s ]
INFO: [ view_parse ] --END-- [ RunTime:0.033262s ]
INFO: [ view_filter ] --START--
INFO: Run Behavior\WriteHtmlCacheBehavior [ RunTime:0.000986s ]
INFO: [ view_filter ] --END-- [ RunTime:0.001151s ]
INFO: [ app_end ] --START--
INFO: Run Behavior\ShowPageTraceBehavior [ RunTime:0.001452s ]
INFO: [ app_end ] --END-- [ RunTime:0.001604s ]

