[ 2016-06-04T00:17:50+08:00 ] 127.0.0.1 /Blog/Detail/index/id/47
INFO: [ app_init ] --START--
INFO: Run Behavior\BuildLiteBehavior [ RunTime:0.000027s ]
INFO: [ app_init ] --END-- [ RunTime:0.000470s ]
INFO: [ app_begin ] --START--
INFO: Run Behavior\ReadHtmlCacheBehavior [ RunTime:0.000648s ]
INFO: [ app_begin ] --END-- [ RunTime:0.000766s ]
SQL: SHOW COLUMNS FROM `cjt_sort` [ RunTime:0.0034s ]
SQL: SELECT * FROM `cjt_sort`  [ RunTime:0.0005s ]
SQL: SHOW COLUMNS FROM `cjt_tag` [ RunTime:0.0034s ]
SQL: SELECT * FROM `cjt_tag`  [ RunTime:0.0003s ]
SQL: SHOW COLUMNS FROM `cjt_article` [ RunTime:0.0045s ]
SQL: SHOW COLUMNS FROM `cjt_comment` [ RunTime:0.0032s ]
SQL: UPDATE `cjt_article` SET `readnum`=readnum+1 WHERE `id` = 47 [ RunTime:0.0018s ]
SQL: SELECT * FROM `cjt_comment` WHERE `articleid` = 47 AND `status` = 1 ORDER BY commenttime DESC  [ RunTime:0.0006s ]
SQL: SELECT COUNT(*) AS tp_count FROM `cjt_comment` WHERE `articleid` = 47 AND `status` = 1 LIMIT 1   [ RunTime:0.0003s ]
SQL: SELECT * FROM `cjt_article` WHERE ( id<47 ) ORDER BY id DESC LIMIT 1   [ RunTime:0.0004s ]
SQL: SELECT * FROM `cjt_article` WHERE ( id>47 ) ORDER BY id ASC LIMIT 1   [ RunTime:0.0004s ]
SQL: SHOW COLUMNS FROM `cjt_articletag` [ RunTime:0.0056s ]
NOTIC: [2] Illegal string offset 'articleid' E:\wamp\www\chenjt_website\Application\Blog\Controller\DetailController.class.php 第 40 行.
SQL: SELECT * FROM `cjt_article` WHERE `id` = 47 LIMIT 1   [ RunTime:0.0004s ]
SQL: SELECT * FROM `cjt_sort` WHERE ( 1=1 AND sortid='11' ) LIMIT 1   [ RunTime:0.0003s ]
SQL: SHOW COLUMNS FROM `cjt_tag` [ RunTime:0.0039s ]
NOTIC: [8] Undefined index: mapping_order E:\wamp\www\chenjt_website\ThinkPHP\Library\Think\Model\RelationModel.class.php 第 186 行.
NOTIC: [8] Undefined index: mapping_limit E:\wamp\www\chenjt_website\ThinkPHP\Library\Think\Model\RelationModel.class.php 第 187 行.
SQL: SELECT b.* FROM cjt_articletag AS a, cjt_tag AS b WHERE a.tagid = b.tagid AND a. articleid='47' [ RunTime:0.0007s ]
INFO: [ view_parse ] --START--
INFO: [ template_filter ] --START--
INFO: Run Behavior\ContentReplaceBehavior [ RunTime:0.000249s ]
INFO: [ template_filter ] --END-- [ RunTime:0.000471s ]
NOTIC: [8] Undefined index: commentid E:\wamp\www\chenjt_website\Application\Runtime\Cache\Blog\67bc5e4bbe1d0d4e657e44b32b1323b1.php 第 25 行.
INFO: Run Behavior\ParseTemplateBehavior [ RunTime:0.037694s ]
INFO: [ view_parse ] --END-- [ RunTime:0.037867s ]
INFO: [ view_filter ] --START--
INFO: Run Behavior\WriteHtmlCacheBehavior [ RunTime:0.000425s ]
INFO: [ view_filter ] --END-- [ RunTime:0.000557s ]
INFO: [ app_end ] --START--
INFO: Run Behavior\ShowPageTraceBehavior [ RunTime:0.000898s ]
INFO: [ app_end ] --END-- [ RunTime:0.001096s ]

[ 2016-06-04T00:17:53+08:00 ] 127.0.0.1 /Blog/Detail/index/id/47
INFO: [ app_init ] --START--
INFO: Run Behavior\BuildLiteBehavior [ RunTime:0.000030s ]
INFO: [ app_init ] --END-- [ RunTime:0.000483s ]
INFO: [ app_begin ] --START--
INFO: Run Behavior\ReadHtmlCacheBehavior [ RunTime:0.000643s ]
INFO: [ app_begin ] --END-- [ RunTime:0.000810s ]
SQL: SHOW COLUMNS FROM `cjt_sort` [ RunTime:0.0051s ]
SQL: SELECT * FROM `cjt_sort`  [ RunTime:0.0057s ]
SQL: SHOW COLUMNS FROM `cjt_tag` [ RunTime:0.0030s ]
SQL: SELECT * FROM `cjt_tag`  [ RunTime:0.0004s ]
SQL: SHOW COLUMNS FROM `cjt_article` [ RunTime:0.0036s ]
SQL: SHOW COLUMNS FROM `cjt_comment` [ RunTime:0.0029s ]
SQL: UPDATE `cjt_article` SET `readnum`=readnum+1 WHERE `id` = 47 [ RunTime:0.0014s ]
SQL: SELECT * FROM `cjt_comment` WHERE `articleid` = 47 AND `status` = 1 ORDER BY commenttime DESC  [ RunTime:0.0004s ]
SQL: SELECT COUNT(*) AS tp_count FROM `cjt_comment` WHERE `articleid` = 47 AND `status` = 1 LIMIT 1   [ RunTime:0.0004s ]
SQL: SELECT * FROM `cjt_article` WHERE ( id<47 ) ORDER BY id DESC LIMIT 1   [ RunTime:0.0008s ]
SQL: SELECT * FROM `cjt_article` WHERE ( id>47 ) ORDER BY id ASC LIMIT 1   [ RunTime:0.0005s ]
SQL: SHOW COLUMNS FROM `cjt_articletag` [ RunTime:0.0026s ]
NOTIC: [2] Illegal string offset 'articleid' E:\wamp\www\chenjt_website\Application\Blog\Controller\DetailController.class.php 第 40 行.
SQL: SELECT * FROM `cjt_article` WHERE `id` = 47 LIMIT 1   [ RunTime:0.0017s ]
SQL: SELECT * FROM `cjt_sort` WHERE ( 1=1 AND sortid='11' ) LIMIT 1   [ RunTime:0.0004s ]
SQL: SHOW COLUMNS FROM `cjt_tag` [ RunTime:0.0026s ]
NOTIC: [8] Undefined index: mapping_order E:\wamp\www\chenjt_website\ThinkPHP\Library\Think\Model\RelationModel.class.php 第 186 行.
NOTIC: [8] Undefined index: mapping_limit E:\wamp\www\chenjt_website\ThinkPHP\Library\Think\Model\RelationModel.class.php 第 187 行.
SQL: SELECT b.* FROM cjt_articletag AS a, cjt_tag AS b WHERE a.tagid = b.tagid AND a. articleid='47' [ RunTime:0.0004s ]
INFO: [ view_parse ] --START--
INFO: [ template_filter ] --START--
INFO: Run Behavior\ContentReplaceBehavior [ RunTime:0.000172s ]
INFO: [ template_filter ] --END-- [ RunTime:0.000316s ]
NOTIC: [8] Undefined index: commentid E:\wamp\www\chenjt_website\Application\Runtime\Cache\Blog\67bc5e4bbe1d0d4e657e44b32b1323b1.php 第 25 行.
INFO: Run Behavior\ParseTemplateBehavior [ RunTime:0.030299s ]
INFO: [ view_parse ] --END-- [ RunTime:0.030415s ]
INFO: [ view_filter ] --START--
INFO: Run Behavior\WriteHtmlCacheBehavior [ RunTime:0.000234s ]
INFO: [ view_filter ] --END-- [ RunTime:0.000310s ]
INFO: [ app_end ] --START--
INFO: Run Behavior\ShowPageTraceBehavior [ RunTime:0.000573s ]
INFO: [ app_end ] --END-- [ RunTime:0.000649s ]

[ 2016-06-04T00:17:59+08:00 ] 127.0.0.1 /Blog/Detail/index/id/47
INFO: [ app_init ] --START--
INFO: Run Behavior\BuildLiteBehavior [ RunTime:0.000033s ]
INFO: [ app_init ] --END-- [ RunTime:0.000657s ]
INFO: [ app_begin ] --START--
INFO: Run Behavior\ReadHtmlCacheBehavior [ RunTime:0.000924s ]
INFO: [ app_begin ] --END-- [ RunTime:0.001080s ]
SQL: SHOW COLUMNS FROM `cjt_sort` [ RunTime:0.0030s ]
SQL: SELECT * FROM `cjt_sort`  [ RunTime:0.0005s ]
SQL: SHOW COLUMNS FROM `cjt_tag` [ RunTime:0.0026s ]
SQL: SELECT * FROM `cjt_tag`  [ RunTime:0.0003s ]
SQL: SHOW COLUMNS FROM `cjt_article` [ RunTime:0.0030s ]
SQL: SHOW COLUMNS FROM `cjt_comment` [ RunTime:0.0038s ]
SQL: UPDATE `cjt_article` SET `readnum`=readnum+1 WHERE `id` = 47 [ RunTime:0.0034s ]
SQL: SELECT * FROM `cjt_comment` WHERE `articleid` = 47 AND `status` = 1 ORDER BY commenttime DESC  [ RunTime:0.0004s ]
SQL: SELECT COUNT(*) AS tp_count FROM `cjt_comment` WHERE `articleid` = 47 AND `status` = 1 LIMIT 1   [ RunTime:0.0002s ]
SQL: SELECT * FROM `cjt_article` WHERE ( id<47 ) ORDER BY id DESC LIMIT 1   [ RunTime:0.0003s ]
SQL: SELECT * FROM `cjt_article` WHERE ( id>47 ) ORDER BY id ASC LIMIT 1   [ RunTime:0.0003s ]
SQL: SHOW COLUMNS FROM `cjt_articletag` [ RunTime:0.0026s ]
NOTIC: [2] Illegal string offset 'articleid' E:\wamp\www\chenjt_website\Application\Blog\Controller\DetailController.class.php 第 40 行.
SQL: SELECT * FROM `cjt_article` WHERE `id` = 47 LIMIT 1   [ RunTime:0.0007s ]
SQL: SELECT * FROM `cjt_sort` WHERE ( 1=1 AND sortid='11' ) LIMIT 1   [ RunTime:0.0003s ]
SQL: SHOW COLUMNS FROM `cjt_tag` [ RunTime:0.0035s ]
NOTIC: [8] Undefined index: mapping_order E:\wamp\www\chenjt_website\ThinkPHP\Library\Think\Model\RelationModel.class.php 第 186 行.
NOTIC: [8] Undefined index: mapping_limit E:\wamp\www\chenjt_website\ThinkPHP\Library\Think\Model\RelationModel.class.php 第 187 行.
SQL: SELECT b.* FROM cjt_articletag AS a, cjt_tag AS b WHERE a.tagid = b.tagid AND a. articleid='47' [ RunTime:0.0004s ]
INFO: [ view_parse ] --START--
INFO: [ template_filter ] --START--
INFO: Run Behavior\ContentReplaceBehavior [ RunTime:0.000173s ]
INFO: [ template_filter ] --END-- [ RunTime:0.000320s ]
NOTIC: [8] Undefined index: commentid E:\wamp\www\chenjt_website\Application\Runtime\Cache\Blog\67bc5e4bbe1d0d4e657e44b32b1323b1.php 第 25 行.
INFO: Run Behavior\ParseTemplateBehavior [ RunTime:0.029204s ]
INFO: [ view_parse ] --END-- [ RunTime:0.029293s ]
INFO: [ view_filter ] --START--
INFO: Run Behavior\WriteHtmlCacheBehavior [ RunTime:0.000376s ]
INFO: [ view_filter ] --END-- [ RunTime:0.000452s ]
INFO: [ app_end ] --START--
INFO: Run Behavior\ShowPageTraceBehavior [ RunTime:0.000570s ]
INFO: [ app_end ] --END-- [ RunTime:0.000644s ]

